2023-07-14 19:00:31.591 [warning] Via 'product.json#extensionEnabledApiProposals' extension 'ms-vscode.vscode-selfhost-test-provider' wants API proposal 'testContinuousRun' but that proposal DOES NOT EXIST. Likely, the proposal has been finalized (check 'vscode.d.ts') or was abandoned.
2023-07-14 19:00:32.517 [error] [AnbuselvanRocky.bootstrap5-vscode]: Unknown language in `contributes.bootstrap5-vscode.language`. Provided value: blade
2023-07-14 19:00:32.517 [error] [AnbuselvanRocky.bootstrap5-vscode]: Unknown language in `contributes.bootstrap5-vscode.language`. Provided value: ejs
2023-07-14 19:00:32.517 [error] [AnbuselvanRocky.bootstrap5-vscode]: Unknown language in `contributes.bootstrap5-vscode.language`. Provided value: latte
2023-07-14 19:00:32.517 [error] [AnbuselvanRocky.bootstrap5-vscode]: Unknown language in `contributes.bootstrap5-vscode.language`. Provided value: tpl
2023-07-14 19:00:32.517 [error] [AnbuselvanRocky.bootstrap5-vscode]: Unknown language in `contributes.bootstrap5-vscode.language`. Provided value: twig
2023-07-14 19:00:32.517 [error] [AnbuselvanRocky.bootstrap5-vscode]: Unknown language in `contributes.bootstrap5-vscode.language`. Provided value: vue-html
2023-07-14 19:00:32.518 [error] [AnbuselvanRocky.bootstrap5-vscode]: Unknown language in `contributes.bootstrap5-vscode.language`. Provided value: jinja-html
2023-07-14 19:00:32.518 [error] [AnbuselvanRocky.bootstrap5-vscode]: Unknown language in `contributes.bootstrap5-vscode.language`. Provided value: erb
2023-07-14 19:00:32.518 [error] [AnbuselvanRocky.bootstrap5-vscode]: Unknown language in `contributes.bootstrap5-vscode.language`. Provided value: HTML (Eex)
2023-07-14 19:00:32.518 [error] [AnbuselvanRocky.bootstrap5-vscode]: Unknown language in `contributes.bootstrap5-vscode.language`. Provided value: volt
2023-07-14 19:00:32.518 [error] [AnbuselvanRocky.bootstrap5-vscode]: Unknown language in `contributes.bootstrap5-vscode.language`. Provided value: nunjucks
2023-07-14 19:00:32.518 [error] [AnbuselvanRocky.bootstrap5-vscode]: Unknown language in `contributes.bootstrap5-vscode.language`. Provided value: sass
2023-07-14 19:00:32.518 [error] [AnbuselvanRocky.bootstrap5-vscode]: Unknown language in `contributes.bootstrap5-vscode.language`. Provided value: svelte
2023-07-14 19:00:34.678 [info] [perf] Render performance baseline is 38ms
2023-07-14 19:09:07.628 [warning] Via 'product.json#extensionEnabledApiProposals' extension 'ms-vscode.vscode-selfhost-test-provider' wants API proposal 'testContinuousRun' but that proposal DOES NOT EXIST. Likely, the proposal has been finalized (check 'vscode.d.ts') or was abandoned.
2023-07-14 19:09:10.587 [info] [perf] Render performance baseline is 31ms
2023-07-14 19:09:12.109 [error] [AnbuselvanRocky.bootstrap5-vscode]: Unknown language in `contributes.bootstrap5-vscode.language`. Provided value: blade
2023-07-14 19:09:12.109 [error] [AnbuselvanRocky.bootstrap5-vscode]: Unknown language in `contributes.bootstrap5-vscode.language`. Provided value: ejs
2023-07-14 19:09:12.109 [error] [AnbuselvanRocky.bootstrap5-vscode]: Unknown language in `contributes.bootstrap5-vscode.language`. Provided value: latte
2023-07-14 19:09:12.109 [error] [AnbuselvanRocky.bootstrap5-vscode]: Unknown language in `contributes.bootstrap5-vscode.language`. Provided value: tpl
2023-07-14 19:09:12.110 [error] [AnbuselvanRocky.bootstrap5-vscode]: Unknown language in `contributes.bootstrap5-vscode.language`. Provided value: twig
2023-07-14 19:09:12.110 [error] [AnbuselvanRocky.bootstrap5-vscode]: Unknown language in `contributes.bootstrap5-vscode.language`. Provided value: vue-html
2023-07-14 19:09:12.110 [error] [AnbuselvanRocky.bootstrap5-vscode]: Unknown language in `contributes.bootstrap5-vscode.language`. Provided value: jinja-html
2023-07-14 19:09:12.110 [error] [AnbuselvanRocky.bootstrap5-vscode]: Unknown language in `contributes.bootstrap5-vscode.language`. Provided value: erb
2023-07-14 19:09:12.110 [error] [AnbuselvanRocky.bootstrap5-vscode]: Unknown language in `contributes.bootstrap5-vscode.language`. Provided value: HTML (Eex)
2023-07-14 19:09:12.110 [error] [AnbuselvanRocky.bootstrap5-vscode]: Unknown language in `contributes.bootstrap5-vscode.language`. Provided value: volt
2023-07-14 19:09:12.110 [error] [AnbuselvanRocky.bootstrap5-vscode]: Unknown language in `contributes.bootstrap5-vscode.language`. Provided value: nunjucks
2023-07-14 19:09:12.110 [error] [AnbuselvanRocky.bootstrap5-vscode]: Unknown language in `contributes.bootstrap5-vscode.language`. Provided value: sass
2023-07-14 19:09:12.110 [error] [AnbuselvanRocky.bootstrap5-vscode]: Unknown language in `contributes.bootstrap5-vscode.language`. Provided value: svelte
