2023-07-14 19:00:31.877 [info] Added views:workbench.panel.markers.view in workbench.panel.markers
2023-07-14 19:00:31.877 [info] Added views:workbench.panel.output in workbench.panel.output
2023-07-14 19:00:31.877 [info] Added views:terminal in terminal
2023-07-14 19:00:31.877 [info] Added views:outline in workbench.view.explorer
2023-07-14 19:00:31.877 [info] Added views:workbench.scm in workbench.view.scm
2023-07-14 19:00:31.877 [info] Added views:workbench.view.search in workbench.view.search
2023-07-14 19:00:31.877 [info] Added views:timeline in workbench.view.explorer
2023-07-14 19:00:31.877 [info] Added views:workbench.explorer.emptyView in workbench.view.explorer
2023-07-14 19:00:32.140 [info] Added views:pythonEnvironments in workbench.view.extension.package-explorer
2023-07-14 19:00:32.143 [info] Added views:gitlens.views.home,gitlens.views.workspaces,gitlens.views.account in workbench.view.extension.gitlens
2023-07-14 19:00:32.143 [info] Added views:gitlens.views.commitDetails,gitlens.views.lineHistory,gitlens.views.fileHistory,gitlens.views.searchAndCompare in workbench.view.extension.gitlensInspect
2023-07-14 19:00:32.144 [info] Added views:gitlens.views.commits,gitlens.views.branches,gitlens.views.remotes,gitlens.views.stashes,gitlens.views.tags in workbench.view.scm
2023-07-14 19:00:32.145 [info] Added views:pr:github,issues:github in workbench.view.extension.github-pull-requests
2023-07-14 19:00:32.146 [info] Added views:dvc.views.welcome,dvc.views.actions,dvc.views.support in workbench.view.extension.dvc-views
2023-07-14 19:00:32.314 [info] Added views:workbench.debug.welcome in workbench.view.debug
2023-07-14 19:00:32.376 [info] Added views:workbench.panel.repl.view in workbench.panel.repl
2023-07-14 19:00:32.771 [info] Removed views:gitlens.views.searchAndCompare,gitlens.views.fileHistory,gitlens.views.lineHistory,gitlens.views.commitDetails from workbench.view.extension.gitlensInspect
2023-07-14 19:00:32.772 [info] Removed views:gitlens.views.tags,gitlens.views.stashes,gitlens.views.remotes,gitlens.views.branches,gitlens.views.commits from workbench.view.scm
2023-07-14 19:00:33.044 [info] Added views:workbench.view.testing in workbench.view.extension.test
2023-07-14 19:09:07.361 [info] Removed views:workbench.view.testing from workbench.view.extension.test
2023-07-14 19:09:07.831 [info] Added views:workbench.panel.markers.view in workbench.panel.markers
2023-07-14 19:09:07.831 [info] Added views:workbench.panel.output in workbench.panel.output
2023-07-14 19:09:07.831 [info] Added views:terminal in terminal
2023-07-14 19:09:07.831 [info] Added views:outline in workbench.view.explorer
2023-07-14 19:09:07.831 [info] Added views:workbench.scm in workbench.view.scm
2023-07-14 19:09:07.831 [info] Added views:workbench.view.search in workbench.view.search
2023-07-14 19:09:07.831 [info] Added views:timeline in workbench.view.explorer
2023-07-14 19:09:07.831 [info] Added views:workbench.explorer.fileView in workbench.view.explorer
2023-07-14 19:09:08.014 [info] Added views:gitlens.views.home,gitlens.views.workspaces,gitlens.views.account in workbench.view.extension.gitlens
2023-07-14 19:09:08.014 [info] Added views:gitlens.views.commitDetails,gitlens.views.lineHistory,gitlens.views.fileHistory,gitlens.views.searchAndCompare in workbench.view.extension.gitlensInspect
2023-07-14 19:09:08.015 [info] Added views:gitlens.views.commits,gitlens.views.branches,gitlens.views.remotes,gitlens.views.stashes,gitlens.views.tags in workbench.view.scm
2023-07-14 19:09:08.015 [info] Added views:pr:github,issues:github in workbench.view.extension.github-pull-requests
2023-07-14 19:09:08.231 [info] Added views:workbench.debug.variablesView,workbench.debug.watchExpressionsView,workbench.debug.callStackView,workbench.debug.breakPointsView in workbench.view.debug
2023-07-14 19:09:08.255 [info] Added views:workbench.panel.repl.view in workbench.panel.repl
2023-07-14 19:09:08.256 [info] Removed views:workbench.debug.breakPointsView,workbench.debug.callStackView,workbench.debug.watchExpressionsView,workbench.debug.variablesView from workbench.view.debug
2023-07-14 19:09:08.256 [info] Added views:workbench.debug.welcome in workbench.view.debug
2023-07-14 19:09:08.647 [info] Removed views:gitlens.views.workspaces from workbench.view.extension.gitlens
2023-07-14 19:09:08.759 [info] Removed views:gitlens.views.searchAndCompare,gitlens.views.fileHistory,gitlens.views.lineHistory,gitlens.views.commitDetails from workbench.view.extension.gitlensInspect
2023-07-14 19:09:08.760 [info] Removed views:gitlens.views.tags,gitlens.views.stashes,gitlens.views.remotes,gitlens.views.branches,gitlens.views.commits from workbench.view.scm
2023-07-14 19:09:12.012 [info] Added views:gitlens.views.workspaces in workbench.view.extension.gitlens
2023-07-14 19:09:12.126 [info] Added views:pythonEnvironments in workbench.view.extension.package-explorer
2023-07-14 19:09:12.127 [info] Added views:dvc.views.welcome,dvc.views.actions,dvc.views.support in workbench.view.extension.dvc-views
2023-07-14 19:09:12.384 [info] Added views:workbench.view.testing in workbench.view.extension.test
2023-07-14 19:09:32.835 [info] Added views:gitlens.views.graph,gitlens.views.graphDetails in workbench.view.extension.gitlensPanel
2023-07-14 19:09:32.837 [info] Added views:gitlens.views.commitDetails,gitlens.views.lineHistory,gitlens.views.fileHistory,gitlens.views.timeline,gitlens.views.searchAndCompare in workbench.view.extension.gitlensInspect
2023-07-14 19:09:32.838 [info] Added views:gitlens.views.commits,gitlens.views.branches,gitlens.views.remotes,gitlens.views.stashes,gitlens.views.tags,gitlens.views.worktrees in workbench.view.scm
2023-07-14 19:09:33.323 [info] Removed views:issues:github,pr:github from workbench.view.extension.github-pull-requests
2023-07-14 19:09:33.323 [info] Added views:github:login in workbench.view.extension.github-pull-requests
2023-07-14 19:09:33.390 [info] Added views:github:activePullRequest:welcome in workbench.view.extension.github-pull-request
2023-07-14 19:09:33.392 [info] Removed views:github:activePullRequest:welcome from workbench.view.extension.github-pull-request
2023-07-14 19:33:27.565 [info] Removed views:workbench.view.testing from workbench.view.extension.test
