2023-07-14 19:00:32.606 [info] Log level: Info
2023-07-14 19:00:32.606 [info] Validating found git in: "git"
2023-07-14 19:00:32.606 [info] Using git "2.41.0" from "git"
2023-07-14 19:09:12.242 [info] Log level: Info
2023-07-14 19:09:12.242 [info] Validating found git in: "git"
2023-07-14 19:09:12.242 [info] Using git "2.41.0" from "git"
2023-07-14 19:09:12.243 [info] > git rev-parse --show-toplevel [6ms]
2023-07-14 19:09:12.243 [info] fatal: not a git repository (or any of the parent directories): .git
2023-07-14 19:09:33.296 [info] > git rev-parse --show-toplevel [1ms]
2023-07-14 19:09:33.304 [info] > git rev-parse --git-dir --git-common-dir [1ms]
2023-07-14 19:09:33.320 [info] Open repository: /home/diego/projects/dotfiles
2023-07-14 19:09:33.351 [info] > git config --get commit.template [21ms]
2023-07-14 19:09:33.381 [info] > git for-each-ref --format=%(refname)%00%(upstream:short)%00%(objectname)%00%(upstream:track)%00%(upstream:remotename)%00%(upstream:remoteref) refs/heads/master refs/remotes/master [9ms]
2023-07-14 19:09:33.389 [info] > git status -z -uall [1ms]
2023-07-14 19:09:33.400 [info] > git config --get commit.template [1ms]
2023-07-14 19:09:33.415 [info] > git config --local branch.master.github-pr-owner-number [8ms]
2023-07-14 19:09:33.421 [info] > git for-each-ref --format=%(refname)%00%(upstream:short)%00%(objectname)%00%(upstream:track)%00%(upstream:remotename)%00%(upstream:remoteref) refs/heads/master refs/remotes/master [7ms]
2023-07-14 19:09:33.422 [info] > git config --get commit.template [1ms]
2023-07-14 19:09:33.429 [info] > git for-each-ref --format=%(refname)%00%(upstream:short)%00%(objectname)%00%(upstream:track)%00%(upstream:remotename)%00%(upstream:remoteref) refs/heads/master refs/remotes/master [1ms]
2023-07-14 19:09:33.434 [info] > git status -z -uall [0ms]
2023-07-14 19:09:33.840 [info] > git check-ignore -v -z --stdin [1ms]
2023-07-14 19:09:37.869 [info] > git fetch [4549ms]
2023-07-14 19:09:37.870 [info] From https://github.com/Dalvae/dotfiles
 * [new branch]      v3         -> origin/v3
2023-07-14 19:09:37.885 [info] > git config --get commit.template [7ms]
2023-07-14 19:09:37.885 [info] > git for-each-ref --format=%(refname)%00%(upstream:short)%00%(objectname)%00%(upstream:track)%00%(upstream:remotename)%00%(upstream:remoteref) refs/heads/v3 refs/remotes/v3 [1ms]
2023-07-14 19:09:37.931 [info] > git status -z -uall [39ms]
2023-07-14 19:09:37.943 [info] > git config --local branch.v3.github-pr-owner-number [1ms]
2023-07-14 19:09:37.955 [info] > git config --get commit.template [5ms]
2023-07-14 19:09:37.955 [info] > git for-each-ref --format=%(refname)%00%(upstream:short)%00%(objectname)%00%(upstream:track)%00%(upstream:remotename)%00%(upstream:remoteref) refs/heads/v3 refs/remotes/v3 [1ms]
2023-07-14 19:09:37.997 [info] > git status -z -uall [37ms]
2023-07-14 19:09:40.885 [info] > git check-ignore -v -z --stdin [4ms]
2023-07-14 19:09:44.944 [info] > git show --textconv :install-on-arch.sh [7ms]
2023-07-14 19:09:44.945 [info] > git ls-files --stage -- /home/diego/projects/dotfiles/install-on-arch.sh [1ms]
2023-07-14 19:09:44.952 [info] > git cat-file -s 41e5691c37d494177aaf1fe61c2220963a8b1852 [1ms]
2023-07-14 19:12:01.218 [info] > git check-ignore -v -z --stdin [1ms]
2023-07-14 19:12:02.149 [info] > git check-ignore -v -z --stdin [1ms]
2023-07-14 19:12:02.992 [info] > git show --textconv :config/alacritty/alacritty.yml [19ms]
2023-07-14 19:12:02.994 [info] > git ls-files --stage -- /home/diego/projects/dotfiles/config/alacritty/alacritty.yml [3ms]
2023-07-14 19:12:03.014 [info] > git cat-file -s a1ff425639a5958905ea608eaea88ef2013169dd [11ms]
2023-07-14 19:12:10.380 [info] > git check-ignore -v -z --stdin [1ms]
2023-07-14 19:12:11.020 [info] > git show --textconv :config/i3/config [6ms]
2023-07-14 19:12:11.021 [info] > git ls-files --stage -- /home/diego/projects/dotfiles/config/i3/config [1ms]
2023-07-14 19:12:11.027 [info] > git cat-file -s 34e10c0dc2b05302ddb9ba8111af8efbb33cdeff [1ms]
2023-07-14 19:12:38.590 [info] > git fetch [646ms]
2023-07-14 19:12:38.605 [info] > git config --get commit.template [5ms]
2023-07-14 19:12:38.605 [info] > git for-each-ref --format=%(refname)%00%(upstream:short)%00%(objectname)%00%(upstream:track)%00%(upstream:remotename)%00%(upstream:remoteref) refs/heads/v3 refs/remotes/v3 [1ms]
2023-07-14 19:12:38.651 [info] > git status -z -uall [41ms]
2023-07-14 19:12:39.672 [info] > git config --get commit.template [5ms]
2023-07-14 19:12:39.673 [info] > git for-each-ref --format=%(refname)%00%(upstream:short)%00%(objectname)%00%(upstream:track)%00%(upstream:remotename)%00%(upstream:remoteref) refs/heads/v3 refs/remotes/v3 [1ms]
2023-07-14 19:12:39.715 [info] > git status -z -uall [37ms]
2023-07-14 19:12:39.850 [info] > git ls-files --stage -- /home/diego/projects/dotfiles/config/i3/config [61ms]
2023-07-14 19:12:39.920 [info] > git cat-file -s 34e10c0dc2b05302ddb9ba8111af8efbb33cdeff [65ms]
2023-07-14 19:12:39.980 [info] > git show --textconv :config/i3/config [17ms]
2023-07-14 19:14:22.779 [info] > git check-ignore -v -z --stdin [1ms]
2023-07-14 19:14:23.991 [info] > git show --textconv :config/picom/picom.conf [24ms]
2023-07-14 19:14:24.011 [info] > git ls-files --stage -- /home/diego/projects/dotfiles/config/picom/picom.conf [20ms]
2023-07-14 19:14:24.027 [info] > git cat-file -s 106b3b01773acffdcde1d417173577aa72bee9d8 [3ms]
2023-07-14 19:14:33.325 [info] > git config --local branch.v3.github-pr-owner-number [0ms]
2023-07-14 19:14:33.337 [info] > git config --get commit.template [6ms]
2023-07-14 19:14:33.337 [info] > git for-each-ref --format=%(refname)%00%(upstream:short)%00%(objectname)%00%(upstream:track)%00%(upstream:remotename)%00%(upstream:remoteref) refs/heads/v3 refs/remotes/v3 [1ms]
2023-07-14 19:14:33.380 [info] > git status -z -uall [37ms]
2023-07-14 19:14:37.162 [info] > git check-ignore -v -z --stdin [0ms]
2023-07-14 19:14:40.412 [info] > git show --textconv :config/polybar/colors.ini [6ms]
2023-07-14 19:14:40.413 [info] > git ls-files --stage -- /home/diego/projects/dotfiles/config/polybar/colors.ini [1ms]
2023-07-14 19:14:40.419 [info] > git cat-file -s ff116ea5caabc5be922a199805a0a9e5c6079582 [1ms]
2023-07-14 19:14:42.053 [info] > git show --textconv :config/polybar/config.ini [6ms]
2023-07-14 19:14:42.054 [info] > git ls-files --stage -- /home/diego/projects/dotfiles/config/polybar/config.ini [1ms]
2023-07-14 19:14:42.060 [info] > git cat-file -s c031ad3ae1b8cb40fb87d12742b4d6d60d3f89f1 [1ms]
2023-07-14 19:14:43.737 [info] > git show --textconv :config/polybar/launch.sh [5ms]
2023-07-14 19:14:43.738 [info] > git ls-files --stage -- /home/diego/projects/dotfiles/config/polybar/launch.sh [1ms]
2023-07-14 19:14:43.744 [info] > git cat-file -s 8b3a882e3e92d7c7ad7177ace93719c288d6f191 [1ms]
2023-07-14 19:14:45.994 [info] > git show --textconv :config/polybar/uptime.sh [22ms]
2023-07-14 19:14:45.998 [info] > git ls-files --stage -- /home/diego/projects/dotfiles/config/polybar/uptime.sh [4ms]
2023-07-14 19:14:46.035 [info] > git cat-file -s 459abd13d6a72754d3405a235afe38ad26243526 [18ms]
2023-07-14 19:14:47.771 [info] > git show --textconv :config/polybar/launch.sh [6ms]
2023-07-14 19:14:47.772 [info] > git ls-files --stage -- /home/diego/projects/dotfiles/config/polybar/launch.sh [1ms]
2023-07-14 19:14:47.777 [info] > git cat-file -s 8b3a882e3e92d7c7ad7177ace93719c288d6f191 [0ms]
2023-07-14 19:14:51.125 [info] > git check-ignore -v -z --stdin [0ms]
2023-07-14 19:14:51.786 [info] > git show --textconv :config/ranger/rc.conf [27ms]
2023-07-14 19:14:51.788 [info] > git ls-files --stage -- /home/diego/projects/dotfiles/config/ranger/rc.conf [3ms]
2023-07-14 19:14:51.811 [info] > git cat-file -s 67868c2c26170eec843eb5091b3682c7ea38626f [10ms]
2023-07-14 19:14:56.029 [info] > git check-ignore -v -z --stdin [1ms]
2023-07-14 19:14:56.696 [info] > git show --textconv :config/zathura/zathurarc [6ms]
2023-07-14 19:14:56.696 [info] > git ls-files --stage -- /home/diego/projects/dotfiles/config/zathura/zathurarc [1ms]
2023-07-14 19:14:56.702 [info] > git cat-file -s eb929adc09120bc7f55d726b59664767fb1a786e [1ms]
2023-07-14 19:15:09.751 [info] > git check-ignore -v -z --stdin [1ms]
2023-07-14 19:15:10.608 [info] > git check-ignore -v -z --stdin [1ms]
2023-07-14 19:15:39.291 [info] > git fetch [629ms]
2023-07-14 19:15:39.303 [info] > git config --get commit.template [6ms]
2023-07-14 19:15:39.303 [info] > git for-each-ref --format=%(refname)%00%(upstream:short)%00%(objectname)%00%(upstream:track)%00%(upstream:remotename)%00%(upstream:remoteref) refs/heads/v3 refs/remotes/v3 [1ms]
2023-07-14 19:15:39.358 [info] > git status -z -uall [49ms]
2023-07-14 19:15:40.380 [info] > git config --get commit.template [5ms]
2023-07-14 19:15:40.380 [info] > git for-each-ref --format=%(refname)%00%(upstream:short)%00%(objectname)%00%(upstream:track)%00%(upstream:remotename)%00%(upstream:remoteref) refs/heads/v3 refs/remotes/v3 [1ms]
2023-07-14 19:15:40.422 [info] > git status -z -uall [37ms]
2023-07-14 19:15:40.766 [info] > git ls-files --stage -- /home/diego/projects/dotfiles/config/zathura/zathurarc [229ms]
2023-07-14 19:15:40.836 [info] > git cat-file -s eb929adc09120bc7f55d726b59664767fb1a786e [66ms]
2023-07-14 19:15:41.028 [info] > git show --textconv :config/zathura/zathurarc [72ms]
2023-07-14 19:16:06.512 [info] > git check-ignore -v -z --stdin [1ms]
2023-07-14 19:16:07.386 [info] > git check-ignore -v -z --stdin [1ms]
2023-07-14 19:16:08.865 [info] > git show --textconv :scripts/pacman-clear [19ms]
2023-07-14 19:16:08.866 [info] > git ls-files --stage -- /home/diego/projects/dotfiles/scripts/pacman-clear [1ms]
2023-07-14 19:16:08.879 [info] > git cat-file -s ab0623b0008f38b0ebd0e6b7aebd696c0bc43c7b [8ms]
2023-07-14 19:16:14.400 [info] > git show --textconv :scripts/rofi-powermenu [13ms]
2023-07-14 19:16:14.402 [info] > git ls-files --stage -- /home/diego/projects/dotfiles/scripts/rofi-powermenu [2ms]
2023-07-14 19:16:14.422 [info] > git cat-file -s fdacc0bfc4dbbec7be0806d35177cd351d6bd21b [9ms]
2023-07-14 19:16:18.259 [info] > git show --textconv :scripts/rofi-screenshot [6ms]
2023-07-14 19:16:18.260 [info] > git ls-files --stage -- /home/diego/projects/dotfiles/scripts/rofi-screenshot [2ms]
2023-07-14 19:16:18.271 [info] > git cat-file -s 02c43e7170a3b740a814da8dde6af67ffb329ada [1ms]
2023-07-14 19:16:20.588 [info] > git show --textconv :scripts/screenshot [12ms]
2023-07-14 19:16:20.590 [info] > git ls-files --stage -- /home/diego/projects/dotfiles/scripts/screenshot [2ms]
2023-07-14 19:16:20.603 [info] > git cat-file -s 8e5855fa23edca18399d8a296c9ed8938f80255c [2ms]
2023-07-14 19:16:21.773 [info] > git show --textconv :scripts/rofi-bookmarks [44ms]
2023-07-14 19:16:21.774 [info] > git ls-files --stage -- /home/diego/projects/dotfiles/scripts/rofi-bookmarks [22ms]
2023-07-14 19:16:21.800 [info] > git cat-file -s bb0b98bd58d6a0dcdb4c289a840f05855da0165d [9ms]
2023-07-14 19:16:25.038 [info] > git show --textconv :scripts/volume [24ms]
2023-07-14 19:16:25.041 [info] > git ls-files --stage -- /home/diego/projects/dotfiles/scripts/volume [4ms]
2023-07-14 19:16:25.087 [info] > git cat-file -s a1148de1e9498bbef6f3c0a733b5114d2028838e [26ms]
2023-07-14 19:16:36.936 [info] > git show --textconv :scripts/pacman-clear [9ms]
2023-07-14 19:16:36.937 [info] > git ls-files --stage -- /home/diego/projects/dotfiles/scripts/pacman-clear [2ms]
2023-07-14 19:16:36.943 [info] > git cat-file -s ab0623b0008f38b0ebd0e6b7aebd696c0bc43c7b [1ms]
2023-07-14 19:16:37.316 [info] > git show --textconv :scripts/mute [22ms]
2023-07-14 19:16:37.318 [info] > git ls-files --stage -- /home/diego/projects/dotfiles/scripts/mute [3ms]
2023-07-14 19:16:37.342 [info] > git cat-file -s 208c4887325430ca7e1e564ab2a6172b01f25850 [15ms]
2023-07-14 19:16:37.905 [info] > git show --textconv :scripts/font-icons [12ms]
2023-07-14 19:16:37.906 [info] > git ls-files --stage -- /home/diego/projects/dotfiles/scripts/font-icons [2ms]
2023-07-14 19:16:37.927 [info] > git cat-file -s 3e871ca5be5820bb6d57617eb02f401c0cb86270 [13ms]
2023-07-14 19:16:38.499 [info] > git show --textconv :scripts/lock [6ms]
2023-07-14 19:16:38.500 [info] > git ls-files --stage -- /home/diego/projects/dotfiles/scripts/lock [1ms]
2023-07-14 19:16:38.507 [info] > git cat-file -s ff8aa01d901cd3459c85e1f7b26ad92dabe86ba3 [2ms]
2023-07-14 19:16:39.106 [info] > git show --textconv :scripts/brightness_hdmi [84ms]
2023-07-14 19:16:39.106 [info] > git ls-files --stage -- /home/diego/projects/dotfiles/scripts/brightness_hdmi [62ms]
2023-07-14 19:16:39.115 [info] > git cat-file -s 78436c4e1555a1b011bbc5720a369b59e3628aa6 [3ms]
2023-07-14 19:16:39.880 [info] > git show --textconv :scripts/brightness [27ms]
2023-07-14 19:16:39.882 [info] > git ls-files --stage -- /home/diego/projects/dotfiles/scripts/brightness [3ms]
2023-07-14 19:16:39.908 [info] > git cat-file -s ebbfea141b559fbd35f4ff2b571f197be496393d [12ms]
2023-07-14 19:16:40.316 [info] > git show --textconv :scripts/battery [23ms]
2023-07-14 19:16:40.319 [info] > git ls-files --stage -- /home/diego/projects/dotfiles/scripts/battery [4ms]
2023-07-14 19:16:40.357 [info] > git cat-file -s 4862b07bf6e173652440004336e08ec3c27da070 [19ms]
2023-07-14 19:16:46.775 [info] > git check-ignore -v -z --stdin [1ms]
2023-07-14 19:17:08.359 [info] > git config --get commit.template [18ms]
2023-07-14 19:17:08.360 [info] > git for-each-ref --format=%(refname)%00%(upstream:short)%00%(objectname)%00%(upstream:track)%00%(upstream:remotename)%00%(upstream:remoteref) refs/heads/v3 refs/remotes/v3 [3ms]
2023-07-14 19:17:08.429 [info] > git status -z -uall [52ms]
2023-07-14 19:18:54.063 [info] > git check-ignore -v -z --stdin [1ms]
2023-07-14 19:18:56.679 [info] > git config --get commit.template [7ms]
2023-07-14 19:18:56.680 [info] > git for-each-ref --format=%(refname)%00%(upstream:short)%00%(objectname)%00%(upstream:track)%00%(upstream:remotename)%00%(upstream:remoteref) refs/heads/v3 refs/remotes/v3 [1ms]
2023-07-14 19:18:56.718 [info] > git status -z -uall [32ms]
2023-07-14 19:18:57.280 [info] > git fetch [616ms]
2023-07-14 19:18:57.295 [info] > git config --get commit.template [5ms]
2023-07-14 19:18:57.296 [info] > git for-each-ref --format=%(refname)%00%(upstream:short)%00%(objectname)%00%(upstream:track)%00%(upstream:remotename)%00%(upstream:remoteref) refs/heads/v3 refs/remotes/v3 [1ms]
2023-07-14 19:18:57.332 [info] > git status -z -uall [32ms]
2023-07-14 19:19:06.909 [info] > git config --get commit.template [9ms]
2023-07-14 19:19:06.910 [info] > git for-each-ref --format=%(refname)%00%(upstream:short)%00%(objectname)%00%(upstream:track)%00%(upstream:remotename)%00%(upstream:remoteref) refs/heads/v3 refs/remotes/v3 [1ms]
2023-07-14 19:19:06.961 [info] > git status -z -uall [43ms]
2023-07-14 19:19:33.400 [info] > git config --local branch.v3.github-pr-owner-number [1ms]
2023-07-14 19:19:33.410 [info] > git config --get commit.template [5ms]
2023-07-14 19:19:33.411 [info] > git for-each-ref --format=%(refname)%00%(upstream:short)%00%(objectname)%00%(upstream:track)%00%(upstream:remotename)%00%(upstream:remoteref) refs/heads/v3 refs/remotes/v3 [1ms]
2023-07-14 19:19:33.450 [info] > git status -z -uall [35ms]
2023-07-14 19:21:55.848 [info] > git check-ignore -v -z --stdin [1ms]
2023-07-14 19:22:04.525 [info] > git config --get commit.template [8ms]
2023-07-14 19:22:04.525 [info] > git for-each-ref --format=%(refname)%00%(upstream:short)%00%(objectname)%00%(upstream:track)%00%(upstream:remotename)%00%(upstream:remoteref) refs/heads/v3 refs/remotes/v3 [1ms]
2023-07-14 19:22:04.564 [info] > git status -z -uall [33ms]
2023-07-14 19:22:05.133 [info] > git fetch [623ms]
2023-07-14 19:22:05.147 [info] > git config --get commit.template [5ms]
2023-07-14 19:22:05.148 [info] > git for-each-ref --format=%(refname)%00%(upstream:short)%00%(objectname)%00%(upstream:track)%00%(upstream:remotename)%00%(upstream:remoteref) refs/heads/v3 refs/remotes/v3 [1ms]
2023-07-14 19:22:05.185 [info] > git status -z -uall [33ms]
2023-07-14 19:22:09.616 [info] > git config --get commit.template [24ms]
2023-07-14 19:22:09.617 [info] > git for-each-ref --format=%(refname)%00%(upstream:short)%00%(objectname)%00%(upstream:track)%00%(upstream:remotename)%00%(upstream:remoteref) refs/heads/v3 refs/remotes/v3 [4ms]
2023-07-14 19:22:09.690 [info] > git status -z -uall [52ms]
2023-07-14 19:22:10.397 [info] > git show --textconv :install-on-arch.sh [9ms]
2023-07-14 19:22:10.399 [info] > git ls-files --stage -- /home/diego/projects/dotfiles/install-on-arch.sh [1ms]
2023-07-14 19:22:10.408 [info] > git cat-file -s 41e5691c37d494177aaf1fe61c2220963a8b1852 [1ms]
2023-07-14 19:24:33.463 [info] > git config --local branch.v3.github-pr-owner-number [1ms]
2023-07-14 19:24:33.474 [info] > git config --get commit.template [6ms]
2023-07-14 19:24:33.475 [info] > git for-each-ref --format=%(refname)%00%(upstream:short)%00%(objectname)%00%(upstream:track)%00%(upstream:remotename)%00%(upstream:remoteref) refs/heads/v3 refs/remotes/v3 [1ms]
2023-07-14 19:24:33.514 [info] > git status -z -uall [33ms]
2023-07-14 19:25:05.862 [info] > git fetch [651ms]
2023-07-14 19:25:05.906 [info] > git config --get commit.template [24ms]
2023-07-14 19:25:05.908 [info] > git for-each-ref --format=%(refname)%00%(upstream:short)%00%(objectname)%00%(upstream:track)%00%(upstream:remotename)%00%(upstream:remoteref) refs/heads/v3 refs/remotes/v3 [4ms]
2023-07-14 19:25:05.989 [info] > git status -z -uall [58ms]
2023-07-14 19:25:07.056 [info] > git ls-files --stage -- /home/diego/projects/dotfiles/install-on-arch.sh [1ms]
2023-07-14 19:25:07.079 [info] > git cat-file -s 41e5691c37d494177aaf1fe61c2220963a8b1852 [17ms]
2023-07-14 19:25:07.110 [info] > git show --textconv :install-on-arch.sh [17ms]
2023-07-14 19:25:59.050 [info] > git config --get commit.template [5ms]
2023-07-14 19:25:59.051 [info] > git for-each-ref --format=%(refname)%00%(upstream:short)%00%(objectname)%00%(upstream:track)%00%(upstream:remotename)%00%(upstream:remoteref) refs/heads/v3 refs/remotes/v3 [0ms]
2023-07-14 19:25:59.088 [info] > git status -z -uall [33ms]
2023-07-14 19:28:14.927 [info] > git fetch [636ms]
2023-07-14 19:28:14.971 [info] > git config --get commit.template [22ms]
2023-07-14 19:28:14.973 [info] > git for-each-ref --format=%(refname)%00%(upstream:short)%00%(objectname)%00%(upstream:track)%00%(upstream:remotename)%00%(upstream:remoteref) refs/heads/v3 refs/remotes/v3 [4ms]
2023-07-14 19:28:15.048 [info] > git status -z -uall [55ms]
2023-07-14 19:28:16.113 [info] > git ls-files --stage -- /home/diego/projects/dotfiles/install-on-arch.sh [1ms]
2023-07-14 19:28:16.136 [info] > git cat-file -s 41e5691c37d494177aaf1fe61c2220963a8b1852 [16ms]
2023-07-14 19:28:16.171 [info] > git show --textconv :install-on-arch.sh [20ms]
2023-07-14 19:29:33.528 [info] > git config --local branch.v3.github-pr-owner-number [1ms]
2023-07-14 19:29:33.536 [info] > git config --get commit.template [1ms]
2023-07-14 19:29:33.543 [info] > git for-each-ref --format=%(refname)%00%(upstream:short)%00%(objectname)%00%(upstream:track)%00%(upstream:remotename)%00%(upstream:remoteref) refs/heads/v3 refs/remotes/v3 [1ms]
2023-07-14 19:29:33.586 [info] > git status -z -uall [36ms]
2023-07-14 19:31:15.685 [info] > git fetch [626ms]
2023-07-14 19:31:15.699 [info] > git config --get commit.template [5ms]
2023-07-14 19:31:15.700 [info] > git for-each-ref --format=%(refname)%00%(upstream:short)%00%(objectname)%00%(upstream:track)%00%(upstream:remotename)%00%(upstream:remoteref) refs/heads/v3 refs/remotes/v3 [1ms]
2023-07-14 19:31:15.744 [info] > git status -z -uall [39ms]
2023-07-14 19:31:16.768 [info] > git config --get commit.template [5ms]
2023-07-14 19:31:16.769 [info] > git for-each-ref --format=%(refname)%00%(upstream:short)%00%(objectname)%00%(upstream:track)%00%(upstream:remotename)%00%(upstream:remoteref) refs/heads/v3 refs/remotes/v3 [1ms]
2023-07-14 19:31:16.807 [info] > git status -z -uall [32ms]
2023-07-14 19:31:16.869 [info] > git ls-files --stage -- /home/diego/projects/dotfiles/install-on-arch.sh [1ms]
2023-07-14 19:31:16.889 [info] > git cat-file -s 41e5691c37d494177aaf1fe61c2220963a8b1852 [14ms]
2023-07-14 19:31:16.921 [info] > git show --textconv :install-on-arch.sh [18ms]
