2023-07-12 22:51:21.677 [info] Log level: Info
2023-07-12 22:51:21.677 [info] Validating found git in: "git"
2023-07-12 22:51:21.677 [info] Using git "2.41.0" from "git"
2023-07-12 22:51:21.677 [info] > git rev-parse --show-toplevel [7ms]
2023-07-12 22:51:21.677 [info] fatal: not a git repository (or any of the parent directories): .git
2023-07-12 22:51:21.677 [info] > git rev-parse --show-toplevel [1ms]
2023-07-12 22:51:21.677 [info] > git rev-parse --git-dir --git-common-dir [1ms]
2023-07-12 22:51:21.677 [info] Open repository: /home/diego/World of Warcraft 3.3.5a/niwotlk
2023-07-12 22:51:21.677 [info] > git rev-parse --show-toplevel [7ms]
2023-07-12 22:51:21.677 [info] fatal: not a git repository (or any of the parent directories): .git
2023-07-12 22:51:21.677 [info] > git config --get commit.template [7ms]
2023-07-12 22:51:21.677 [info] > git rev-parse --show-toplevel [3ms]
2023-07-12 22:51:21.677 [info] fatal: not a git repository (or any of the parent directories): .git
2023-07-12 22:51:21.677 [info] > git rev-parse --show-toplevel [7ms]
2023-07-12 22:51:21.677 [info] fatal: not a git repository (or any of the parent directories): .git
2023-07-12 22:51:21.677 [info] > git rev-parse --show-toplevel [2ms]
2023-07-12 22:51:21.677 [info] fatal: not a git repository (or any of the parent directories): .git
2023-07-12 22:51:21.677 [info] > git for-each-ref --format=%(refname)%00%(upstream:short)%00%(objectname)%00%(upstream:track)%00%(upstream:remotename)%00%(upstream:remoteref) refs/heads/main refs/remotes/main [14ms]
2023-07-12 22:51:21.677 [info] > git rev-parse --show-toplevel [14ms]
2023-07-12 22:51:21.677 [info] fatal: not a git repository (or any of the parent directories): .git
2023-07-12 22:51:21.677 [info] > git status -z -uall [170ms]
2023-07-12 22:51:21.677 [info] > git rev-parse --show-toplevel [159ms]
2023-07-12 22:51:21.677 [info] fatal: not a git repository (or any of the parent directories): .git
2023-07-12 22:51:21.677 [info] > git rev-parse --show-toplevel [32ms]
2023-07-12 22:51:21.677 [info] fatal: not a git repository (or any of the parent directories): .git
2023-07-12 22:51:21.677 [info] > git config --get commit.template [4ms]
2023-07-12 22:51:21.677 [info] > git rev-parse --show-toplevel [1ms]
2023-07-12 22:51:21.677 [info] fatal: not a git repository (or any of the parent directories): .git
2023-07-12 22:51:21.677 [info] > git rev-parse --show-toplevel [6ms]
2023-07-12 22:51:21.677 [info] fatal: not a git repository (or any of the parent directories): .git
2023-07-12 22:51:21.677 [info] > git for-each-ref --format=%(refname)%00%(upstream:short)%00%(objectname)%00%(upstream:track)%00%(upstream:remotename)%00%(upstream:remoteref) refs/heads/main refs/remotes/main [6ms]
2023-07-12 22:51:21.677 [info] > git rev-parse --show-toplevel [5ms]
2023-07-12 22:51:21.677 [info] fatal: not a git repository (or any of the parent directories): .git
2023-07-12 22:51:21.677 [info] > git status -z -uall [13ms]
2023-07-12 22:51:21.677 [info] > git rev-parse --show-toplevel [26ms]
2023-07-12 22:51:21.677 [info] fatal: not a git repository (or any of the parent directories): .git
2023-07-12 22:51:21.782 [info] > git check-ignore -v -z --stdin [17ms]
2023-07-12 22:51:21.982 [info] > git rev-parse --show-toplevel [24ms]
2023-07-12 22:51:21.982 [info] fatal: not a git repository (or any of the parent directories): .git
2023-07-12 22:51:22.004 [info] > git config --local branch.main.github-pr-owner-number [4ms]
2023-07-12 22:51:22.005 [info] > git rev-parse --show-toplevel [16ms]
2023-07-12 22:51:22.005 [info] fatal: not a git repository (or any of the parent directories): .git
2023-07-12 22:51:22.018 [info] > git config --get commit.template [1ms]
2023-07-12 22:51:22.027 [info] > git for-each-ref --format=%(refname)%00%(upstream:short)%00%(objectname)%00%(upstream:track)%00%(upstream:remotename)%00%(upstream:remoteref) refs/heads/main refs/remotes/main [1ms]
2023-07-12 22:51:22.046 [info] > git status -z -uall [12ms]
2023-07-12 22:51:22.385 [info] > git rev-parse --show-toplevel [1ms]
2023-07-12 22:51:22.385 [info] fatal: not a git repository (or any of the parent directories): .git
2023-07-12 22:51:22.571 [info] > git fetch [1584ms]
2023-07-12 22:51:22.571 [info] From https://github.com/Dalvae/niwotlk
   b9e70d4..4adffdf  main       -> origin/main
2023-07-12 22:51:22.613 [info] > git rev-parse --show-toplevel [2ms]
2023-07-12 22:51:22.613 [info] fatal: not a git repository (or any of the parent directories): .git
2023-07-12 22:51:22.613 [info] > git config --get commit.template [32ms]
2023-07-12 22:51:22.621 [info] > git for-each-ref --format=%(refname)%00%(upstream:short)%00%(objectname)%00%(upstream:track)%00%(upstream:remotename)%00%(upstream:remoteref) refs/heads/main refs/remotes/main [2ms]
2023-07-12 22:51:22.646 [info] > git status -z -uall [16ms]
2023-07-12 22:51:22.676 [info] > git config --local branch.main.github-pr-owner-number [1ms]
2023-07-12 22:51:22.693 [info] > git config --get commit.template [9ms]
2023-07-12 22:51:22.693 [info] > git for-each-ref --format=%(refname)%00%(upstream:short)%00%(objectname)%00%(upstream:track)%00%(upstream:remotename)%00%(upstream:remoteref) refs/heads/main refs/remotes/main [1ms]
2023-07-12 22:51:22.731 [info] > git status -z -uall [30ms]
2023-07-12 22:51:23.697 [info] > git config --get commit.template [30ms]
2023-07-12 22:51:23.721 [info] > git for-each-ref --format=%(refname)%00%(upstream:short)%00%(objectname)%00%(upstream:track)%00%(upstream:remotename)%00%(upstream:remoteref) refs/heads/main refs/remotes/main [8ms]
2023-07-12 22:51:23.747 [info] > git status -z -uall [18ms]
2023-07-12 22:51:23.925 [info] > git rev-parse --show-toplevel [4ms]
2023-07-12 22:51:23.925 [info] fatal: not a git repository (or any of the parent directories): .git
2023-07-12 22:54:40.048 [info] > git fetch [617ms]
2023-07-12 22:54:40.062 [info] > git config --get commit.template [8ms]
2023-07-12 22:54:40.062 [info] > git for-each-ref --format=%(refname)%00%(upstream:short)%00%(objectname)%00%(upstream:track)%00%(upstream:remotename)%00%(upstream:remoteref) refs/heads/main refs/remotes/main [1ms]
2023-07-12 22:54:40.080 [info] > git status -z -uall [12ms]
2023-07-12 22:54:41.140 [info] > git config --get commit.template [10ms]
2023-07-12 22:54:41.141 [info] > git for-each-ref --format=%(refname)%00%(upstream:short)%00%(objectname)%00%(upstream:track)%00%(upstream:remotename)%00%(upstream:remoteref) refs/heads/main refs/remotes/main [2ms]
2023-07-12 22:54:41.156 [info] > git status -z -uall [9ms]
