2023-07-12 22:51:25.834 [info] Getting Manifest... iterative.dvc
2023-07-12 22:51:25.836 [info] Getting Manifest... ms-python.vscode-pylance
2023-07-12 22:51:25.837 [info] Getting Manifest... sumneko.lua
2023-07-12 22:51:25.998 [info] Installing extension: ms-python.vscode-pylance
2023-07-12 22:51:26.065 [info] Installing extension: sumneko.lua
2023-07-12 22:51:26.066 [info] Installing extension: iterative.dvc
2023-07-12 22:51:26.983 [info] Getting Manifest... ms-python.python
2023-07-12 22:51:33.459 [warning] Extension signature verification failed with error 'UnknownError': sumneko.lua
2023-07-12 22:51:34.597 [info] Extracted extension to /home/diego/.vscode/extensions/.cbb4e556-28db-48cc-9cbf-d28badad8d93: sumneko.lua
2023-07-12 22:51:34.601 [info] Renamed to /home/diego/.vscode/extensions/sumneko.lua-3.6.23-linux-x64
2023-07-12 22:51:34.606 [info] Extracting extension completed. sumneko.lua
2023-07-12 22:51:34.614 [info] Extension installed successfully: sumneko.lua
2023-07-12 22:51:34.618 [info] Marked extension as uninstalled sumneko.lua-3.6.22-linux-x64
2023-07-12 22:51:39.046 [warning] Extension signature verification failed with error 'UnknownError': iterative.dvc
2023-07-12 22:51:39.338 [info] Extracted extension to /home/diego/.vscode/extensions/.cbc8d495-ef89-407b-8df1-61435f8eacc5: iterative.dvc
2023-07-12 22:51:39.338 [info] Renamed to /home/diego/.vscode/extensions/iterative.dvc-1.0.17
2023-07-12 22:51:39.338 [info] Extracting extension completed. iterative.dvc
2023-07-12 22:51:39.380 [info] Extension installed successfully: iterative.dvc
2023-07-12 22:51:39.382 [info] Marked extension as uninstalled iterative.dvc-1.0.12
2023-07-12 22:51:39.696 [warning] Extension signature verification failed with error 'UnknownError': ms-python.vscode-pylance
2023-07-12 22:51:41.694 [info] Extracted extension to /home/diego/.vscode/extensions/.477deca6-04fe-48fc-a189-1b879c5f668d: ms-python.vscode-pylance
2023-07-12 22:51:41.701 [info] Renamed to /home/diego/.vscode/extensions/ms-python.vscode-pylance-2023.7.20
2023-07-12 22:51:41.703 [info] Extracting extension completed. ms-python.vscode-pylance
2023-07-12 22:51:41.709 [info] Extension installed successfully: ms-python.vscode-pylance
2023-07-12 22:51:41.712 [info] Marked extension as uninstalled ms-python.vscode-pylance-2023.6.40
