2023-07-14 20:13:23.435 [info] Extension host with pid 42582 started
2023-07-14 20:13:23.469 [info] ExtensionService#_doActivateExtension vscode.git-base, startup: true, activationEvent: '*', root cause: vscode.git
2023-07-14 20:13:23.471 [info] ExtensionService#_doActivateExtension ecmel.vscode-html-css, startup: true, activationEvent: '*'
2023-07-14 20:13:23.487 [info] ExtensionService#_doActivateExtension naumovs.color-highlight, startup: true, activationEvent: '*'
2023-07-14 20:13:23.492 [info] ExtensionService#_doActivateExtension oderwat.indent-rainbow, startup: true, activationEvent: '*'
2023-07-14 20:13:23.493 [info] ExtensionService#_doActivateExtension WallabyJs.quokka-vscode, startup: true, activationEvent: '*'
2023-07-14 20:13:23.606 [info] ExtensionService#_doActivateExtension vscode.git, startup: true, activationEvent: '*'
2023-07-14 20:13:23.619 [info] ExtensionService#_doActivateExtension vscode.github, startup: true, activationEvent: '*'
2023-07-14 20:13:23.704 [info] ExtensionService#_doActivateExtension vscode.github-authentication, startup: false, activationEvent: 'onAuthenticationRequest:github'
2023-07-14 20:13:23.724 [info] Eager extensions activated
2023-07-14 20:13:23.797 [info] ExtensionService#_doActivateExtension vscode.debug-auto-launch, startup: false, activationEvent: 'onStartupFinished'
2023-07-14 20:13:23.800 [info] ExtensionService#_doActivateExtension vscode.merge-conflict, startup: false, activationEvent: 'onStartupFinished'
2023-07-14 20:13:23.805 [info] ExtensionService#_doActivateExtension eamodio.gitlens, startup: false, activationEvent: 'onStartupFinished'
2023-07-14 20:13:23.831 [info] ExtensionService#_doActivateExtension esbenp.prettier-vscode, startup: false, activationEvent: 'onStartupFinished'
2023-07-14 20:13:23.865 [info] ExtensionService#_doActivateExtension formulahendry.code-runner, startup: false, activationEvent: 'onStartupFinished'
2023-07-14 20:13:23.881 [info] ExtensionService#_doActivateExtension iterative.dvc, startup: false, activationEvent: 'onStartupFinished'
2023-07-14 20:13:23.915 [info] ExtensionService#_doActivateExtension ritwickdey.LiveServer, startup: false, activationEvent: 'onStartupFinished'
2023-07-14 20:13:23.920 [info] ExtensionService#_doActivateExtension GitHub.vscode-pull-request-github, startup: false, activationEvent: 'onStartupFinished'
2023-07-14 20:13:24.063 [info] ExtensionService#_doActivateExtension ms-python.python, startup: false, activationEvent: 'api', root cause: iterative.dvc
2023-07-14 20:13:24.114 [info] ExtensionService#_doActivateExtension vscode.microsoft-authentication, startup: false, activationEvent: 'onAuthenticationRequest:microsoft'
2023-07-14 20:13:24.221 [info] ExtensionService#_doActivateExtension ms-python.vscode-pylance, startup: false, activationEvent: 'api', root cause: ms-python.python
2023-07-14 20:13:40.734 [info] ExtensionService#_doActivateExtension vscode.emmet, startup: false, activationEvent: 'onLanguage'
2023-07-14 20:25:42.073 [info] Extension host terminating: renderer closed the MessagePort
2023-07-14 20:25:42.097 [error] Canceled: Canceled
	at new l (/opt/visual-studio-code/resources/app/out/vs/workbench/api/node/extensionHostProcess.js:98:104563)
	at a.O (/opt/visual-studio-code/resources/app/out/vs/workbench/api/node/extensionHostProcess.js:110:11657)
	at H.<computed>.V.charCodeAt.H.<computed> (/opt/visual-studio-code/resources/app/out/vs/workbench/api/node/extensionHostProcess.js:110:8947)
	at e.ExtHostCommands.g (/opt/visual-studio-code/resources/app/out/vs/workbench/api/node/extensionHostProcess.js:98:124729)
	at e.ExtHostCommands.executeCommand (/opt/visual-studio-code/resources/app/out/vs/workbench/api/node/extensionHostProcess.js:98:124105)
	at C.registerCommand.description (/opt/visual-studio-code/resources/app/out/vs/workbench/api/node/extensionHostProcess.js:98:123398)
	at e.ExtHostCommands.h (/opt/visual-studio-code/resources/app/out/vs/workbench/api/node/extensionHostProcess.js:98:125315)
	at e.ExtHostCommands.g (/opt/visual-studio-code/resources/app/out/vs/workbench/api/node/extensionHostProcess.js:98:124205)
	at e.ExtHostCommands.executeCommand (/opt/visual-studio-code/resources/app/out/vs/workbench/api/node/extensionHostProcess.js:98:124105)
	at Object.executeCommand (/opt/visual-studio-code/resources/app/out/vs/workbench/api/node/extensionHostProcess.js:116:24043)
	at g (/home/diego/.vscode/extensions/eamodio.gitlens-14.1.0/dist/gitlens.js:1:940377)
	at c (/home/diego/.vscode/extensions/eamodio.gitlens-14.1.0/dist/gitlens.js:1:945018)
	at ActionRunners._updateContextKeys (/home/diego/.vscode/extensions/eamodio.gitlens-14.1.0/dist/gitlens.js:1:37756)
	at s (/home/diego/.vscode/extensions/eamodio.gitlens-14.1.0/dist/gitlens.js:1:36175)
	at RegisteredActionRunner.unregister (/home/diego/.vscode/extensions/eamodio.gitlens-14.1.0/dist/gitlens.js:1:36319)
	at RegisteredActionRunner.dispose (/home/diego/.vscode/extensions/eamodio.gitlens-14.1.0/dist/gitlens.js:1:34984)
	at ActionRunners.dispose (/home/diego/.vscode/extensions/eamodio.gitlens-14.1.0/dist/gitlens.js:1:35761)
	at /home/diego/.vscode/extensions/eamodio.gitlens-14.1.0/dist/gitlens.js:1:669832
	at Array.forEach (<anonymous>)
	at Object.dispose (/home/diego/.vscode/extensions/eamodio.gitlens-14.1.0/dist/gitlens.js:1:669817)
	at T (/opt/visual-studio-code/resources/app/out/vs/workbench/api/node/extensionHostProcess.js:10:12080)
	at v.Y (/opt/visual-studio-code/resources/app/out/vs/workbench/api/node/extensionHostProcess.js:112:11173)
	at /opt/visual-studio-code/resources/app/out/vs/workbench/api/node/extensionHostProcess.js:112:9157
	at Array.map (<anonymous>)
	at v.R (/opt/visual-studio-code/resources/app/out/vs/workbench/api/node/extensionHostProcess.js:112:9144)
	at v.terminate (/opt/visual-studio-code/resources/app/out/vs/workbench/api/node/extensionHostProcess.js:112:9415)
	at d.terminate (/opt/visual-studio-code/resources/app/out/vs/workbench/api/node/extensionHostProcess.js:116:1544)
	at g (/opt/visual-studio-code/resources/app/out/vs/workbench/api/node/extensionHostProcess.js:126:34439)
	at MessagePortMain.<anonymous> (/opt/visual-studio-code/resources/app/out/vs/workbench/api/node/extensionHostProcess.js:126:30578)
	at MessagePortMain.emit (node:events:513:28)
	at MessagePortMain._internalPort.emit (node:electron/js2c/utility_init:2:367) setContext undefined
2023-07-14 20:25:42.098 [error] Canceled: Canceled
	at new l (/opt/visual-studio-code/resources/app/out/vs/workbench/api/node/extensionHostProcess.js:98:104563)
	at a.O (/opt/visual-studio-code/resources/app/out/vs/workbench/api/node/extensionHostProcess.js:110:11657)
	at H.<computed>.V.charCodeAt.H.<computed> (/opt/visual-studio-code/resources/app/out/vs/workbench/api/node/extensionHostProcess.js:110:8947)
	at e.ExtHostCommands.g (/opt/visual-studio-code/resources/app/out/vs/workbench/api/node/extensionHostProcess.js:98:124729)
	at e.ExtHostCommands.executeCommand (/opt/visual-studio-code/resources/app/out/vs/workbench/api/node/extensionHostProcess.js:98:124105)
	at C.registerCommand.description (/opt/visual-studio-code/resources/app/out/vs/workbench/api/node/extensionHostProcess.js:98:123398)
	at e.ExtHostCommands.h (/opt/visual-studio-code/resources/app/out/vs/workbench/api/node/extensionHostProcess.js:98:125315)
	at e.ExtHostCommands.g (/opt/visual-studio-code/resources/app/out/vs/workbench/api/node/extensionHostProcess.js:98:124205)
	at e.ExtHostCommands.executeCommand (/opt/visual-studio-code/resources/app/out/vs/workbench/api/node/extensionHostProcess.js:98:124105)
	at Object.executeCommand (/opt/visual-studio-code/resources/app/out/vs/workbench/api/node/extensionHostProcess.js:116:24043)
	at g (/home/diego/.vscode/extensions/eamodio.gitlens-14.1.0/dist/gitlens.js:1:940377)
	at c (/home/diego/.vscode/extensions/eamodio.gitlens-14.1.0/dist/gitlens.js:1:945018)
	at ActionRunners._updateContextKeys (/home/diego/.vscode/extensions/eamodio.gitlens-14.1.0/dist/gitlens.js:1:37756)
	at s (/home/diego/.vscode/extensions/eamodio.gitlens-14.1.0/dist/gitlens.js:1:36175)
	at RegisteredActionRunner.unregister (/home/diego/.vscode/extensions/eamodio.gitlens-14.1.0/dist/gitlens.js:1:36319)
	at RegisteredActionRunner.dispose (/home/diego/.vscode/extensions/eamodio.gitlens-14.1.0/dist/gitlens.js:1:34984)
	at ActionRunners.dispose (/home/diego/.vscode/extensions/eamodio.gitlens-14.1.0/dist/gitlens.js:1:35761)
	at /home/diego/.vscode/extensions/eamodio.gitlens-14.1.0/dist/gitlens.js:1:669832
	at Array.forEach (<anonymous>)
	at Object.dispose (/home/diego/.vscode/extensions/eamodio.gitlens-14.1.0/dist/gitlens.js:1:669817)
	at T (/opt/visual-studio-code/resources/app/out/vs/workbench/api/node/extensionHostProcess.js:10:12080)
	at v.Y (/opt/visual-studio-code/resources/app/out/vs/workbench/api/node/extensionHostProcess.js:112:11173)
	at /opt/visual-studio-code/resources/app/out/vs/workbench/api/node/extensionHostProcess.js:112:9157
	at Array.map (<anonymous>)
	at v.R (/opt/visual-studio-code/resources/app/out/vs/workbench/api/node/extensionHostProcess.js:112:9144)
	at v.terminate (/opt/visual-studio-code/resources/app/out/vs/workbench/api/node/extensionHostProcess.js:112:9415)
	at d.terminate (/opt/visual-studio-code/resources/app/out/vs/workbench/api/node/extensionHostProcess.js:116:1544)
	at g (/opt/visual-studio-code/resources/app/out/vs/workbench/api/node/extensionHostProcess.js:126:34439)
	at MessagePortMain.<anonymous> (/opt/visual-studio-code/resources/app/out/vs/workbench/api/node/extensionHostProcess.js:126:30578)
	at MessagePortMain.emit (node:events:513:28)
	at MessagePortMain._internalPort.emit (node:electron/js2c/utility_init:2:367) setContext undefined
2023-07-14 20:25:42.098 [error] Canceled: Canceled
	at new l (/opt/visual-studio-code/resources/app/out/vs/workbench/api/node/extensionHostProcess.js:98:104563)
	at a.O (/opt/visual-studio-code/resources/app/out/vs/workbench/api/node/extensionHostProcess.js:110:11657)
	at H.<computed>.V.charCodeAt.H.<computed> (/opt/visual-studio-code/resources/app/out/vs/workbench/api/node/extensionHostProcess.js:110:8947)
	at e.ExtHostCommands.g (/opt/visual-studio-code/resources/app/out/vs/workbench/api/node/extensionHostProcess.js:98:124729)
	at e.ExtHostCommands.executeCommand (/opt/visual-studio-code/resources/app/out/vs/workbench/api/node/extensionHostProcess.js:98:124105)
	at C.registerCommand.description (/opt/visual-studio-code/resources/app/out/vs/workbench/api/node/extensionHostProcess.js:98:123398)
	at e.ExtHostCommands.h (/opt/visual-studio-code/resources/app/out/vs/workbench/api/node/extensionHostProcess.js:98:125315)
	at e.ExtHostCommands.g (/opt/visual-studio-code/resources/app/out/vs/workbench/api/node/extensionHostProcess.js:98:124205)
	at e.ExtHostCommands.executeCommand (/opt/visual-studio-code/resources/app/out/vs/workbench/api/node/extensionHostProcess.js:98:124105)
	at Object.executeCommand (/opt/visual-studio-code/resources/app/out/vs/workbench/api/node/extensionHostProcess.js:116:24043)
	at g (/home/diego/.vscode/extensions/eamodio.gitlens-14.1.0/dist/gitlens.js:1:940377)
	at c (/home/diego/.vscode/extensions/eamodio.gitlens-14.1.0/dist/gitlens.js:1:945018)
	at ActionRunners._updateContextKeys (/home/diego/.vscode/extensions/eamodio.gitlens-14.1.0/dist/gitlens.js:1:37756)
	at s (/home/diego/.vscode/extensions/eamodio.gitlens-14.1.0/dist/gitlens.js:1:36175)
	at RegisteredActionRunner.unregister (/home/diego/.vscode/extensions/eamodio.gitlens-14.1.0/dist/gitlens.js:1:36319)
	at RegisteredActionRunner.dispose (/home/diego/.vscode/extensions/eamodio.gitlens-14.1.0/dist/gitlens.js:1:34984)
	at Object.dispose (/home/diego/.vscode/extensions/eamodio.gitlens-14.1.0/dist/gitlens.js:1:36416)
	at T (/opt/visual-studio-code/resources/app/out/vs/workbench/api/node/extensionHostProcess.js:10:12080)
	at v.Y (/opt/visual-studio-code/resources/app/out/vs/workbench/api/node/extensionHostProcess.js:112:11173)
	at /opt/visual-studio-code/resources/app/out/vs/workbench/api/node/extensionHostProcess.js:112:9157
	at Array.map (<anonymous>)
	at v.R (/opt/visual-studio-code/resources/app/out/vs/workbench/api/node/extensionHostProcess.js:112:9144)
	at v.terminate (/opt/visual-studio-code/resources/app/out/vs/workbench/api/node/extensionHostProcess.js:112:9415)
	at d.terminate (/opt/visual-studio-code/resources/app/out/vs/workbench/api/node/extensionHostProcess.js:116:1544)
	at g (/opt/visual-studio-code/resources/app/out/vs/workbench/api/node/extensionHostProcess.js:126:34439)
	at MessagePortMain.<anonymous> (/opt/visual-studio-code/resources/app/out/vs/workbench/api/node/extensionHostProcess.js:126:30578)
	at MessagePortMain.emit (node:events:513:28)
	at MessagePortMain._internalPort.emit (node:electron/js2c/utility_init:2:367) setContext undefined
2023-07-14 20:25:42.098 [error] Canceled: Canceled
	at new l (/opt/visual-studio-code/resources/app/out/vs/workbench/api/node/extensionHostProcess.js:98:104563)
	at a.O (/opt/visual-studio-code/resources/app/out/vs/workbench/api/node/extensionHostProcess.js:110:11657)
	at H.<computed>.V.charCodeAt.H.<computed> (/opt/visual-studio-code/resources/app/out/vs/workbench/api/node/extensionHostProcess.js:110:8947)
	at e.ExtHostCommands.g (/opt/visual-studio-code/resources/app/out/vs/workbench/api/node/extensionHostProcess.js:98:124729)
	at e.ExtHostCommands.executeCommand (/opt/visual-studio-code/resources/app/out/vs/workbench/api/node/extensionHostProcess.js:98:124105)
	at C.registerCommand.description (/opt/visual-studio-code/resources/app/out/vs/workbench/api/node/extensionHostProcess.js:98:123398)
	at e.ExtHostCommands.h (/opt/visual-studio-code/resources/app/out/vs/workbench/api/node/extensionHostProcess.js:98:125315)
	at e.ExtHostCommands.g (/opt/visual-studio-code/resources/app/out/vs/workbench/api/node/extensionHostProcess.js:98:124205)
	at e.ExtHostCommands.executeCommand (/opt/visual-studio-code/resources/app/out/vs/workbench/api/node/extensionHostProcess.js:98:124105)
	at Object.executeCommand (/opt/visual-studio-code/resources/app/out/vs/workbench/api/node/extensionHostProcess.js:116:24043)
	at g (/home/diego/.vscode/extensions/eamodio.gitlens-14.1.0/dist/gitlens.js:1:940377)
	at c (/home/diego/.vscode/extensions/eamodio.gitlens-14.1.0/dist/gitlens.js:1:945018)
	at ActionRunners._updateContextKeys (/home/diego/.vscode/extensions/eamodio.gitlens-14.1.0/dist/gitlens.js:1:37756)
	at s (/home/diego/.vscode/extensions/eamodio.gitlens-14.1.0/dist/gitlens.js:1:36175)
	at RegisteredActionRunner.unregister (/home/diego/.vscode/extensions/eamodio.gitlens-14.1.0/dist/gitlens.js:1:36319)
	at RegisteredActionRunner.dispose (/home/diego/.vscode/extensions/eamodio.gitlens-14.1.0/dist/gitlens.js:1:34984)
	at Object.dispose (/home/diego/.vscode/extensions/eamodio.gitlens-14.1.0/dist/gitlens.js:1:36416)
	at T (/opt/visual-studio-code/resources/app/out/vs/workbench/api/node/extensionHostProcess.js:10:12080)
	at v.Y (/opt/visual-studio-code/resources/app/out/vs/workbench/api/node/extensionHostProcess.js:112:11173)
	at /opt/visual-studio-code/resources/app/out/vs/workbench/api/node/extensionHostProcess.js:112:9157
	at Array.map (<anonymous>)
	at v.R (/opt/visual-studio-code/resources/app/out/vs/workbench/api/node/extensionHostProcess.js:112:9144)
	at v.terminate (/opt/visual-studio-code/resources/app/out/vs/workbench/api/node/extensionHostProcess.js:112:9415)
	at d.terminate (/opt/visual-studio-code/resources/app/out/vs/workbench/api/node/extensionHostProcess.js:116:1544)
	at g (/opt/visual-studio-code/resources/app/out/vs/workbench/api/node/extensionHostProcess.js:126:34439)
	at MessagePortMain.<anonymous> (/opt/visual-studio-code/resources/app/out/vs/workbench/api/node/extensionHostProcess.js:126:30578)
	at MessagePortMain.emit (node:events:513:28)
	at MessagePortMain._internalPort.emit (node:electron/js2c/utility_init:2:367) setContext undefined
2023-07-14 20:25:42.098 [error] Canceled: Canceled
	at new l (/opt/visual-studio-code/resources/app/out/vs/workbench/api/node/extensionHostProcess.js:98:104563)
	at a.O (/opt/visual-studio-code/resources/app/out/vs/workbench/api/node/extensionHostProcess.js:110:11657)
	at H.<computed>.V.charCodeAt.H.<computed> (/opt/visual-studio-code/resources/app/out/vs/workbench/api/node/extensionHostProcess.js:110:8947)
	at e.ExtHostCommands.g (/opt/visual-studio-code/resources/app/out/vs/workbench/api/node/extensionHostProcess.js:98:124729)
	at e.ExtHostCommands.executeCommand (/opt/visual-studio-code/resources/app/out/vs/workbench/api/node/extensionHostProcess.js:98:124105)
	at C.registerCommand.description (/opt/visual-studio-code/resources/app/out/vs/workbench/api/node/extensionHostProcess.js:98:123398)
	at e.ExtHostCommands.h (/opt/visual-studio-code/resources/app/out/vs/workbench/api/node/extensionHostProcess.js:98:125315)
	at e.ExtHostCommands.g (/opt/visual-studio-code/resources/app/out/vs/workbench/api/node/extensionHostProcess.js:98:124205)
	at e.ExtHostCommands.executeCommand (/opt/visual-studio-code/resources/app/out/vs/workbench/api/node/extensionHostProcess.js:98:124105)
	at Object.executeCommand (/opt/visual-studio-code/resources/app/out/vs/workbench/api/node/extensionHostProcess.js:116:24043)
	at g (/home/diego/.vscode/extensions/eamodio.gitlens-14.1.0/dist/gitlens.js:1:940377)
	at c (/home/diego/.vscode/extensions/eamodio.gitlens-14.1.0/dist/gitlens.js:1:945018)
	at ActionRunners._updateContextKeys (/home/diego/.vscode/extensions/eamodio.gitlens-14.1.0/dist/gitlens.js:1:37756)
	at s (/home/diego/.vscode/extensions/eamodio.gitlens-14.1.0/dist/gitlens.js:1:36175)
	at RegisteredActionRunner.unregister (/home/diego/.vscode/extensions/eamodio.gitlens-14.1.0/dist/gitlens.js:1:36319)
	at RegisteredActionRunner.dispose (/home/diego/.vscode/extensions/eamodio.gitlens-14.1.0/dist/gitlens.js:1:34984)
	at Object.dispose (/home/diego/.vscode/extensions/eamodio.gitlens-14.1.0/dist/gitlens.js:1:36416)
	at T (/opt/visual-studio-code/resources/app/out/vs/workbench/api/node/extensionHostProcess.js:10:12080)
	at v.Y (/opt/visual-studio-code/resources/app/out/vs/workbench/api/node/extensionHostProcess.js:112:11173)
	at /opt/visual-studio-code/resources/app/out/vs/workbench/api/node/extensionHostProcess.js:112:9157
	at Array.map (<anonymous>)
	at v.R (/opt/visual-studio-code/resources/app/out/vs/workbench/api/node/extensionHostProcess.js:112:9144)
	at v.terminate (/opt/visual-studio-code/resources/app/out/vs/workbench/api/node/extensionHostProcess.js:112:9415)
	at d.terminate (/opt/visual-studio-code/resources/app/out/vs/workbench/api/node/extensionHostProcess.js:116:1544)
	at g (/opt/visual-studio-code/resources/app/out/vs/workbench/api/node/extensionHostProcess.js:126:34439)
	at MessagePortMain.<anonymous> (/opt/visual-studio-code/resources/app/out/vs/workbench/api/node/extensionHostProcess.js:126:30578)
	at MessagePortMain.emit (node:events:513:28)
	at MessagePortMain._internalPort.emit (node:electron/js2c/utility_init:2:367) setContext undefined
2023-07-14 20:25:42.098 [error] Canceled: Canceled
	at new l (/opt/visual-studio-code/resources/app/out/vs/workbench/api/node/extensionHostProcess.js:98:104563)
	at a.O (/opt/visual-studio-code/resources/app/out/vs/workbench/api/node/extensionHostProcess.js:110:11657)
	at H.<computed>.V.charCodeAt.H.<computed> (/opt/visual-studio-code/resources/app/out/vs/workbench/api/node/extensionHostProcess.js:110:8947)
	at e.ExtHostCommands.g (/opt/visual-studio-code/resources/app/out/vs/workbench/api/node/extensionHostProcess.js:98:124729)
	at e.ExtHostCommands.executeCommand (/opt/visual-studio-code/resources/app/out/vs/workbench/api/node/extensionHostProcess.js:98:124105)
	at C.registerCommand.description (/opt/visual-studio-code/resources/app/out/vs/workbench/api/node/extensionHostProcess.js:98:123398)
	at e.ExtHostCommands.h (/opt/visual-studio-code/resources/app/out/vs/workbench/api/node/extensionHostProcess.js:98:125315)
	at e.ExtHostCommands.g (/opt/visual-studio-code/resources/app/out/vs/workbench/api/node/extensionHostProcess.js:98:124205)
	at e.ExtHostCommands.executeCommand (/opt/visual-studio-code/resources/app/out/vs/workbench/api/node/extensionHostProcess.js:98:124105)
	at Object.executeCommand (/opt/visual-studio-code/resources/app/out/vs/workbench/api/node/extensionHostProcess.js:116:24043)
	at Sg.reset (/home/diego/.vscode/extensions/github.vscode-pull-request-github-0.64.0/dist/extension.js:1826:2501)
	at Sg.dispose (/home/diego/.vscode/extensions/github.vscode-pull-request-github-0.64.0/dist/extension.js:1826:2740)
	at T (/opt/visual-studio-code/resources/app/out/vs/workbench/api/node/extensionHostProcess.js:10:12080)
	at v.Y (/opt/visual-studio-code/resources/app/out/vs/workbench/api/node/extensionHostProcess.js:112:11173)
	at /opt/visual-studio-code/resources/app/out/vs/workbench/api/node/extensionHostProcess.js:112:9157
	at Array.map (<anonymous>)
	at v.R (/opt/visual-studio-code/resources/app/out/vs/workbench/api/node/extensionHostProcess.js:112:9144)
	at v.terminate (/opt/visual-studio-code/resources/app/out/vs/workbench/api/node/extensionHostProcess.js:112:9415)
	at d.terminate (/opt/visual-studio-code/resources/app/out/vs/workbench/api/node/extensionHostProcess.js:116:1544)
	at g (/opt/visual-studio-code/resources/app/out/vs/workbench/api/node/extensionHostProcess.js:126:34439)
	at MessagePortMain.<anonymous> (/opt/visual-studio-code/resources/app/out/vs/workbench/api/node/extensionHostProcess.js:126:30578)
	at MessagePortMain.emit (node:events:513:28)
	at MessagePortMain._internalPort.emit (node:electron/js2c/utility_init:2:367) setContext undefined
2023-07-14 20:25:42.098 [error] Canceled: Canceled
	at new l (/opt/visual-studio-code/resources/app/out/vs/workbench/api/node/extensionHostProcess.js:98:104563)
	at a.O (/opt/visual-studio-code/resources/app/out/vs/workbench/api/node/extensionHostProcess.js:110:11657)
	at H.<computed>.V.charCodeAt.H.<computed> (/opt/visual-studio-code/resources/app/out/vs/workbench/api/node/extensionHostProcess.js:110:8947)
	at e.ExtHostCommands.g (/opt/visual-studio-code/resources/app/out/vs/workbench/api/node/extensionHostProcess.js:98:124729)
	at e.ExtHostCommands.executeCommand (/opt/visual-studio-code/resources/app/out/vs/workbench/api/node/extensionHostProcess.js:98:124105)
	at C.registerCommand.description (/opt/visual-studio-code/resources/app/out/vs/workbench/api/node/extensionHostProcess.js:98:123398)
	at e.ExtHostCommands.h (/opt/visual-studio-code/resources/app/out/vs/workbench/api/node/extensionHostProcess.js:98:125315)
	at e.ExtHostCommands.g (/opt/visual-studio-code/resources/app/out/vs/workbench/api/node/extensionHostProcess.js:98:124205)
	at e.ExtHostCommands.executeCommand (/opt/visual-studio-code/resources/app/out/vs/workbench/api/node/extensionHostProcess.js:98:124105)
	at Object.executeCommand (/opt/visual-studio-code/resources/app/out/vs/workbench/api/node/extensionHostProcess.js:116:24043)
	at g (/home/diego/.vscode/extensions/eamodio.gitlens-14.1.0/dist/gitlens.js:1:940377)
	at c (/home/diego/.vscode/extensions/eamodio.gitlens-14.1.0/dist/gitlens.js:1:945018)
	at ActionRunners._updateContextKeys (/home/diego/.vscode/extensions/eamodio.gitlens-14.1.0/dist/gitlens.js:1:37756)
	at s (/home/diego/.vscode/extensions/eamodio.gitlens-14.1.0/dist/gitlens.js:1:36175)
	at RegisteredActionRunner.unregister (/home/diego/.vscode/extensions/eamodio.gitlens-14.1.0/dist/gitlens.js:1:36319)
	at RegisteredActionRunner.dispose (/home/diego/.vscode/extensions/eamodio.gitlens-14.1.0/dist/gitlens.js:1:34984)
	at Object.dispose (/home/diego/.vscode/extensions/eamodio.gitlens-14.1.0/dist/gitlens.js:1:36416)
	at t.<anonymous> (/opt/visual-studio-code/resources/app/out/vs/workbench/api/node/extensionHostProcess.js:96:12369)
	at t.dispose (/opt/visual-studio-code/resources/app/out/vs/workbench/api/node/extensionHostProcess.js:96:12504)
	at Xv.dispose (/home/diego/.vscode/extensions/github.vscode-pull-request-github-0.64.0/dist/extension.js:1793:35323)
	at T (/opt/visual-studio-code/resources/app/out/vs/workbench/api/node/extensionHostProcess.js:10:12080)
	at v.Y (/opt/visual-studio-code/resources/app/out/vs/workbench/api/node/extensionHostProcess.js:112:11173)
	at /opt/visual-studio-code/resources/app/out/vs/workbench/api/node/extensionHostProcess.js:112:9157
	at Array.map (<anonymous>)
	at v.R (/opt/visual-studio-code/resources/app/out/vs/workbench/api/node/extensionHostProcess.js:112:9144)
	at v.terminate (/opt/visual-studio-code/resources/app/out/vs/workbench/api/node/extensionHostProcess.js:112:9415)
	at d.terminate (/opt/visual-studio-code/resources/app/out/vs/workbench/api/node/extensionHostProcess.js:116:1544)
	at g (/opt/visual-studio-code/resources/app/out/vs/workbench/api/node/extensionHostProcess.js:126:34439)
	at MessagePortMain.<anonymous> (/opt/visual-studio-code/resources/app/out/vs/workbench/api/node/extensionHostProcess.js:126:30578)
	at MessagePortMain.emit (node:events:513:28)
	at MessagePortMain._internalPort.emit (node:electron/js2c/utility_init:2:367) setContext undefined
2023-07-14 20:25:42.098 [error] Canceled: Canceled
	at new l (/opt/visual-studio-code/resources/app/out/vs/workbench/api/node/extensionHostProcess.js:98:104563)
	at a.O (/opt/visual-studio-code/resources/app/out/vs/workbench/api/node/extensionHostProcess.js:110:11657)
	at H.<computed>.V.charCodeAt.H.<computed> (/opt/visual-studio-code/resources/app/out/vs/workbench/api/node/extensionHostProcess.js:110:8947)
	at e.ExtHostCommands.g (/opt/visual-studio-code/resources/app/out/vs/workbench/api/node/extensionHostProcess.js:98:124729)
	at e.ExtHostCommands.executeCommand (/opt/visual-studio-code/resources/app/out/vs/workbench/api/node/extensionHostProcess.js:98:124105)
	at C.registerCommand.description (/opt/visual-studio-code/resources/app/out/vs/workbench/api/node/extensionHostProcess.js:98:123398)
	at e.ExtHostCommands.h (/opt/visual-studio-code/resources/app/out/vs/workbench/api/node/extensionHostProcess.js:98:125315)
	at e.ExtHostCommands.g (/opt/visual-studio-code/resources/app/out/vs/workbench/api/node/extensionHostProcess.js:98:124205)
	at e.ExtHostCommands.executeCommand (/opt/visual-studio-code/resources/app/out/vs/workbench/api/node/extensionHostProcess.js:98:124105)
	at Object.executeCommand (/opt/visual-studio-code/resources/app/out/vs/workbench/api/node/extensionHostProcess.js:116:24043)
	at Object.dispose (/home/diego/.vscode/extensions/wallabyjs.quokka-vscode-1.0.547/dist/index.js:6:72755)
	at /home/diego/.vscode/extensions/wallabyjs.quokka-vscode-1.0.547/dist/index.js:6:13143
	at Array.forEach (<anonymous>)
	at t.exports.dispose (/home/diego/.vscode/extensions/wallabyjs.quokka-vscode-1.0.547/dist/index.js:6:13130)
	at P.deactivate (/home/diego/.vscode/extensions/wallabyjs.quokka-vscode-1.0.547/dist/index.js:6:74022)
	at Object.dispose (/home/diego/.vscode/extensions/wallabyjs.quokka-vscode-1.0.547/dist/index.js:6:1096)
	at /home/diego/.vscode/extensions/wallabyjs.quokka-vscode-1.0.547/dist/index.js:6:13143
	at Array.forEach (<anonymous>)
	at t.exports.dispose (/home/diego/.vscode/extensions/wallabyjs.quokka-vscode-1.0.547/dist/index.js:6:13130)
	at h.deactivate (/home/diego/.vscode/extensions/wallabyjs.quokka-vscode-1.0.547/dist/index.js:6:3331)
	at Object.dispose (/home/diego/.vscode/extensions/wallabyjs.quokka-vscode-1.0.547/dist/index.js:6:3406)
	at T (/opt/visual-studio-code/resources/app/out/vs/workbench/api/node/extensionHostProcess.js:10:12080)
	at v.Y (/opt/visual-studio-code/resources/app/out/vs/workbench/api/node/extensionHostProcess.js:112:11173)
	at /opt/visual-studio-code/resources/app/out/vs/workbench/api/node/extensionHostProcess.js:112:9157
	at Array.map (<anonymous>)
	at v.R (/opt/visual-studio-code/resources/app/out/vs/workbench/api/node/extensionHostProcess.js:112:9144)
	at v.terminate (/opt/visual-studio-code/resources/app/out/vs/workbench/api/node/extensionHostProcess.js:112:9415)
	at d.terminate (/opt/visual-studio-code/resources/app/out/vs/workbench/api/node/extensionHostProcess.js:116:1544)
	at g (/opt/visual-studio-code/resources/app/out/vs/workbench/api/node/extensionHostProcess.js:126:34439)
	at MessagePortMain.<anonymous> (/opt/visual-studio-code/resources/app/out/vs/workbench/api/node/extensionHostProcess.js:126:30578)
	at MessagePortMain.emit (node:events:513:28)
	at MessagePortMain._internalPort.emit (node:electron/js2c/utility_init:2:367) setContext undefined
2023-07-14 20:25:42.104 [info] Extension host with pid 42582 exiting with code 0
2023-07-14 20:25:42.910 [info] Extension host with pid 44546 started
2023-07-14 20:25:42.910 [info] Skipping acquiring lock for /home/diego/.config/Code/User/workspaceStorage/3b32d6ed7742462705d10db64611400a.
2023-07-14 20:25:42.983 [info] ExtensionService#_doActivateExtension vscode.git-base, startup: true, activationEvent: '*', root cause: vscode.git
2023-07-14 20:25:42.986 [info] ExtensionService#_doActivateExtension ecmel.vscode-html-css, startup: true, activationEvent: '*'
2023-07-14 20:25:43.007 [info] ExtensionService#_doActivateExtension naumovs.color-highlight, startup: true, activationEvent: '*'
2023-07-14 20:25:43.012 [info] ExtensionService#_doActivateExtension oderwat.indent-rainbow, startup: true, activationEvent: '*'
2023-07-14 20:25:43.014 [info] ExtensionService#_doActivateExtension WallabyJs.quokka-vscode, startup: true, activationEvent: '*'
2023-07-14 20:25:43.135 [info] ExtensionService#_doActivateExtension vscode.git, startup: true, activationEvent: '*'
2023-07-14 20:25:43.148 [info] ExtensionService#_doActivateExtension vscode.github, startup: true, activationEvent: '*'
2023-07-14 20:25:43.190 [info] ExtensionService#_doActivateExtension glenn2223.live-sass, startup: true, activationEvent: 'workspaceContains:**/*.s[ac]ss'
2023-07-14 20:25:43.452 [info] ExtensionService#_doActivateExtension iterative.dvc, startup: true, activationEvent: 'workspaceContains:**/*dvc*'
2023-07-14 20:25:43.499 [info] ExtensionService#_doActivateExtension vscode.github-authentication, startup: false, activationEvent: 'onAuthenticationRequest:github'
2023-07-14 20:25:43.532 [info] Eager extensions activated
2023-07-14 20:25:43.562 [info] ExtensionService#_doActivateExtension ms-python.python, startup: false, activationEvent: 'api', root cause: iterative.dvc
2023-07-14 20:25:43.613 [info] ExtensionService#_doActivateExtension vscode.debug-auto-launch, startup: false, activationEvent: 'onStartupFinished'
2023-07-14 20:25:43.614 [info] ExtensionService#_doActivateExtension vscode.merge-conflict, startup: false, activationEvent: 'onStartupFinished'
2023-07-14 20:25:43.619 [info] ExtensionService#_doActivateExtension eamodio.gitlens, startup: false, activationEvent: 'onStartupFinished'
2023-07-14 20:25:43.644 [info] ExtensionService#_doActivateExtension esbenp.prettier-vscode, startup: false, activationEvent: 'onStartupFinished'
2023-07-14 20:25:43.670 [info] ExtensionService#_doActivateExtension formulahendry.code-runner, startup: false, activationEvent: 'onStartupFinished'
2023-07-14 20:25:43.687 [info] ExtensionService#_doActivateExtension ritwickdey.LiveServer, startup: false, activationEvent: 'onStartupFinished'
2023-07-14 20:25:43.700 [info] ExtensionService#_doActivateExtension GitHub.vscode-pull-request-github, startup: false, activationEvent: 'onStartupFinished'
2023-07-14 20:25:43.962 [info] ExtensionService#_doActivateExtension vscode.microsoft-authentication, startup: false, activationEvent: 'onAuthenticationRequest:microsoft'
2023-07-14 20:25:45.086 [info] ExtensionService#_doActivateExtension ms-python.vscode-pylance, startup: false, activationEvent: 'api', root cause: ms-python.python
2023-07-14 20:25:49.142 [info] ExtensionService#_doActivateExtension vscode.emmet, startup: false, activationEvent: 'onLanguage'
2023-07-14 20:30:36.842 [warning] TextEditor is closed/disposed
2023-07-14 20:30:36.886 [info] ExtensionService#_doActivateExtension vscode.extension-editing, startup: false, activationEvent: 'onLanguage:markdown'
2023-07-14 20:30:36.890 [info] ExtensionService#_doActivateExtension vscode.markdown-language-features, startup: false, activationEvent: 'onLanguage:markdown'
2023-07-14 20:30:37.186 [info] ExtensionService#_doActivateExtension vscode.markdown-math, startup: false, activationEvent: 'api', root cause: vscode.markdown-language-features
2023-07-14 20:30:40.248 [warning] TextEditor is closed/disposed
2023-07-14 20:30:40.260 [info] ExtensionService#_doActivateExtension vscode.media-preview, startup: false, activationEvent: 'onCustomEditor:imagePreview.previewEditor'
2023-07-14 20:30:42.320 [warning] TextEditor is closed/disposed
2023-07-14 20:30:42.924 [warning] TextEditor is closed/disposed
2023-07-14 20:30:48.952 [warning] TextEditor is closed/disposed
2023-07-14 20:31:01.145 [warning] TextEditor is closed/disposed
2023-07-14 20:34:36.442 [warning] TextEditor is closed/disposed
