2023-07-14 19:00:32.083 [info] Using settings sync service https://vscode-sync.trafficmanager.net/
2023-07-14 19:00:32.083 [info] Auto Sync is enabled.
2023-07-14 19:00:32.083 [info] Auto Sync: Suspended until auth token is available.
2023-07-14 19:00:33.197 [info] Auto Sync: Triggered by Interval
2023-07-14 19:00:33.197 [info] Sync started.
2023-07-14 19:00:33.375 [info] Deleting non existing profile from backup /home/diego/.config/Code/User/sync/extensions
2023-07-14 19:00:33.460 [info] Deleting non existing profile from backup /home/diego/.config/Code/User/sync/globalState
2023-07-14 19:00:33.502 [info] Deleting non existing profile from backup /home/diego/.config/Code/User/sync/keybindings
2023-07-14 19:00:33.556 [info] Deleting non existing profile from backup /home/diego/.config/Code/User/sync/profiles
2023-07-14 19:00:33.586 [info] Deleting non existing profile from backup /home/diego/.config/Code/User/sync/settings
2023-07-14 19:00:33.604 [info] Deleting non existing profile from backup /home/diego/.config/Code/User/sync/snippets
2023-07-14 19:00:33.606 [info] Deleting non existing profile from backup /home/diego/.config/Code/User/sync/tasks
2023-07-14 19:00:33.816 [info] Settings: Last sync resource does not exist locally.
2023-07-14 19:00:34.015 [info] Settings: No changes found during synchronizing settings.
2023-07-14 19:00:34.018 [info] Keybindings: Last sync resource does not exist locally.
2023-07-14 19:00:34.169 [info] Keybindings: No changes found during synchronizing keybindings.
2023-07-14 19:00:34.171 [info] Snippets: Last sync resource does not exist locally.
2023-07-14 19:00:34.341 [info] Snippets: No changes found during synchronizing snippets.
2023-07-14 19:00:34.348 [info] Tasks: Last sync resource does not exist locally.
2023-07-14 19:00:34.535 [info] Tasks: No changes found during synchronizing tasks.
2023-07-14 19:00:34.537 [info] GlobalState: Last sync resource does not exist locally.
2023-07-14 19:00:34.891 [info] GlobalState: No changes found during synchronizing ui state.
2023-07-14 19:00:34.895 [info] Extensions: Last sync resource does not exist locally.
2023-07-14 19:00:35.248 [info] Extensions: No changes found during synchronizing extensions.
2023-07-14 19:00:35.260 [info] Profiles: Last sync resource does not exist locally.
2023-07-14 19:00:35.412 [info] Profiles: No changes found during synchronizing profiles.
2023-07-14 19:00:35.416 [info] Sync done. Took 2219ms
2023-07-14 19:05:35.419 [info] Auto Sync: Triggered by Interval
2023-07-14 19:05:35.419 [info] Sync started.
2023-07-14 19:05:35.956 [info] Settings: No changes found during synchronizing settings.
2023-07-14 19:05:35.968 [info] Keybindings: No changes found during synchronizing keybindings.
2023-07-14 19:05:35.975 [info] Snippets: No changes found during synchronizing snippets.
2023-07-14 19:05:35.978 [info] Tasks: No changes found during synchronizing tasks.
2023-07-14 19:05:35.988 [info] GlobalState: No changes found during synchronizing ui state.
2023-07-14 19:05:36.078 [info] Extensions: No changes found during synchronizing extensions.
2023-07-14 19:05:36.080 [info] Profiles: No changes found during synchronizing profiles.
2023-07-14 19:05:36.082 [info] Sync done. Took 664ms
2023-07-14 19:08:26.123 [info] Auto Sync: Triggered by Activity
2023-07-14 19:08:26.123 [info] Sync started.
2023-07-14 19:08:26.685 [info] Settings: No changes found during synchronizing settings.
2023-07-14 19:08:26.688 [info] Keybindings: No changes found during synchronizing keybindings.
2023-07-14 19:08:26.690 [info] Snippets: No changes found during synchronizing snippets.
2023-07-14 19:08:26.691 [info] Tasks: No changes found during synchronizing tasks.
2023-07-14 19:08:26.695 [info] GlobalState: No changes found during synchronizing ui state.
2023-07-14 19:08:26.780 [info] Extensions: No changes found during synchronizing extensions.
2023-07-14 19:08:26.782 [info] Profiles: No changes found during synchronizing profiles.
2023-07-14 19:08:26.783 [info] Sync done. Took 662ms
2023-07-14 19:09:11.157 [info] Auto Sync: Triggered by Activity
2023-07-14 19:09:11.157 [info] Sync started.
2023-07-14 19:09:11.327 [info] Settings: No changes found during synchronizing settings.
2023-07-14 19:09:11.338 [info] Keybindings: No changes found during synchronizing keybindings.
2023-07-14 19:09:11.349 [info] Snippets: No changes found during synchronizing snippets.
2023-07-14 19:09:11.358 [info] Tasks: No changes found during synchronizing tasks.
2023-07-14 19:09:11.862 [info] GlobalState: Updated remote ui state. Updated: workbench.activity.pinnedViewlets2,workbench.statusbar.hidden.
2023-07-14 19:09:11.864 [info] GlobalState: Updated last synchronized ui state
2023-07-14 19:09:11.927 [info] Extensions: No changes found during synchronizing extensions.
2023-07-14 19:09:11.928 [info] Profiles: No changes found during synchronizing profiles.
2023-07-14 19:09:11.929 [info] Sync done. Took 773ms
2023-07-14 19:09:16.189 [info] Auto Sync: Triggered by Activity
2023-07-14 19:09:16.190 [info] Sync started.
2023-07-14 19:09:16.346 [info] Settings: No changes found during synchronizing settings.
2023-07-14 19:09:16.349 [info] Keybindings: No changes found during synchronizing keybindings.
2023-07-14 19:09:16.353 [info] Snippets: No changes found during synchronizing snippets.
2023-07-14 19:09:16.357 [info] Tasks: No changes found during synchronizing tasks.
2023-07-14 19:09:16.882 [info] GlobalState: Updated remote ui state. Updated: workbench.activity.pinnedViewlets2,memento/gettingStartedService.
2023-07-14 19:09:16.890 [info] GlobalState: Updated last synchronized ui state
2023-07-14 19:09:16.995 [info] Extensions: No changes found during synchronizing extensions.
2023-07-14 19:09:16.996 [info] Profiles: No changes found during synchronizing profiles.
2023-07-14 19:09:16.997 [info] Sync done. Took 808ms
2023-07-14 19:09:21.429 [info] Auto Sync: Triggered by Activity
2023-07-14 19:09:21.429 [info] Sync started.
2023-07-14 19:09:21.585 [info] Settings: No changes found during synchronizing settings.
2023-07-14 19:09:21.588 [info] Keybindings: No changes found during synchronizing keybindings.
2023-07-14 19:09:21.590 [info] Snippets: No changes found during synchronizing snippets.
2023-07-14 19:09:21.592 [info] Tasks: No changes found during synchronizing tasks.
2023-07-14 19:09:22.455 [info] GlobalState: Updated remote ui state. Updated: commandPalette.mru.cache,commandPalette.mru.counter.
2023-07-14 19:09:22.463 [info] GlobalState: Updated last synchronized ui state
2023-07-14 19:09:22.552 [info] Extensions: No changes found during synchronizing extensions.
2023-07-14 19:09:22.555 [info] Profiles: No changes found during synchronizing profiles.
2023-07-14 19:09:22.556 [info] Sync done. Took 1128ms
2023-07-14 19:09:35.113 [info] Auto Sync: Triggered by Activity
2023-07-14 19:09:35.113 [info] Sync started.
2023-07-14 19:09:35.282 [info] Settings: No changes found during synchronizing settings.
2023-07-14 19:09:35.295 [info] Keybindings: No changes found during synchronizing keybindings.
2023-07-14 19:09:35.306 [info] Snippets: No changes found during synchronizing snippets.
2023-07-14 19:09:35.314 [info] Tasks: No changes found during synchronizing tasks.
2023-07-14 19:09:35.880 [info] GlobalState: Updated remote ui state. Updated: workbench.activity.pinnedViewlets2,workbench.panel.pinnedPanels.
2023-07-14 19:09:35.888 [info] GlobalState: Updated last synchronized ui state
2023-07-14 19:09:35.997 [info] Extensions: No changes found during synchronizing extensions.
2023-07-14 19:09:35.999 [info] Profiles: No changes found during synchronizing profiles.
2023-07-14 19:09:36.000 [info] Sync done. Took 887ms
2023-07-14 19:09:56.136 [info] Auto Sync: Triggered by Activity
2023-07-14 19:09:56.136 [info] Sync started.
2023-07-14 19:09:56.285 [info] Settings: No changes found during synchronizing settings.
2023-07-14 19:09:56.287 [info] Keybindings: No changes found during synchronizing keybindings.
2023-07-14 19:09:56.290 [info] Snippets: No changes found during synchronizing snippets.
2023-07-14 19:09:56.293 [info] Tasks: No changes found during synchronizing tasks.
2023-07-14 19:09:56.299 [info] GlobalState: No changes found during synchronizing ui state.
2023-07-14 19:09:56.386 [info] Extensions: No changes found during synchronizing extensions.
2023-07-14 19:09:56.387 [info] Profiles: No changes found during synchronizing profiles.
2023-07-14 19:09:56.389 [info] Sync done. Took 253ms
2023-07-14 19:11:43.650 [info] Auto Sync: Triggered by Activity
2023-07-14 19:11:43.650 [info] Sync started.
2023-07-14 19:11:43.809 [info] Settings: No changes found during synchronizing settings.
2023-07-14 19:11:43.814 [info] Keybindings: No changes found during synchronizing keybindings.
2023-07-14 19:11:43.820 [info] Snippets: No changes found during synchronizing snippets.
2023-07-14 19:11:43.824 [info] Tasks: No changes found during synchronizing tasks.
2023-07-14 19:11:43.833 [info] GlobalState: No changes found during synchronizing ui state.
2023-07-14 19:11:43.928 [info] Extensions: No changes found during synchronizing extensions.
2023-07-14 19:11:43.931 [info] Profiles: No changes found during synchronizing profiles.
2023-07-14 19:11:43.933 [info] Sync done. Took 284ms
2023-07-14 19:16:43.934 [info] Auto Sync: Triggered by Interval
2023-07-14 19:16:43.935 [info] Sync started.
2023-07-14 19:16:44.602 [info] Settings: No changes found during synchronizing settings.
2023-07-14 19:16:44.617 [info] Keybindings: No changes found during synchronizing keybindings.
2023-07-14 19:16:44.628 [info] Snippets: No changes found during synchronizing snippets.
2023-07-14 19:16:44.635 [info] Tasks: No changes found during synchronizing tasks.
2023-07-14 19:16:44.643 [info] GlobalState: No changes found during synchronizing ui state.
2023-07-14 19:16:44.745 [info] Extensions: No changes found during synchronizing extensions.
2023-07-14 19:16:44.746 [info] Profiles: No changes found during synchronizing profiles.
2023-07-14 19:16:44.747 [info] Sync done. Took 813ms
2023-07-14 19:17:10.038 [info] Auto Sync: Triggered by Activity
2023-07-14 19:17:10.039 [info] Sync started.
2023-07-14 19:17:10.218 [info] Settings: No changes found during synchronizing settings.
2023-07-14 19:17:10.230 [info] Keybindings: No changes found during synchronizing keybindings.
2023-07-14 19:17:10.240 [info] Snippets: No changes found during synchronizing snippets.
2023-07-14 19:17:10.248 [info] Tasks: No changes found during synchronizing tasks.
2023-07-14 19:17:10.268 [info] GlobalState: No changes found during synchronizing ui state.
2023-07-14 19:17:10.369 [info] Extensions: No changes found during synchronizing extensions.
2023-07-14 19:17:10.370 [info] Profiles: No changes found during synchronizing profiles.
2023-07-14 19:17:10.372 [info] Sync done. Took 335ms
2023-07-14 19:18:59.642 [info] Auto Sync: Triggered by Activity
2023-07-14 19:18:59.642 [info] Sync started.
2023-07-14 19:18:59.802 [info] Settings: No changes found during synchronizing settings.
2023-07-14 19:18:59.805 [info] Keybindings: No changes found during synchronizing keybindings.
2023-07-14 19:18:59.807 [info] Snippets: No changes found during synchronizing snippets.
2023-07-14 19:18:59.809 [info] Tasks: No changes found during synchronizing tasks.
2023-07-14 19:18:59.813 [info] GlobalState: No changes found during synchronizing ui state.
2023-07-14 19:18:59.892 [info] Extensions: No changes found during synchronizing extensions.
2023-07-14 19:18:59.896 [info] Profiles: No changes found during synchronizing profiles.
2023-07-14 19:18:59.897 [info] Sync done. Took 256ms
2023-07-14 19:19:11.443 [info] Auto Sync: Triggered by Activity
2023-07-14 19:19:11.444 [info] Sync started.
2023-07-14 19:19:11.602 [info] Settings: No changes found during synchronizing settings.
2023-07-14 19:19:11.605 [info] Keybindings: No changes found during synchronizing keybindings.
2023-07-14 19:19:11.607 [info] Snippets: No changes found during synchronizing snippets.
2023-07-14 19:19:11.609 [info] Tasks: No changes found during synchronizing tasks.
2023-07-14 19:19:11.618 [info] GlobalState: No changes found during synchronizing ui state.
2023-07-14 19:19:11.708 [info] Extensions: No changes found during synchronizing extensions.
2023-07-14 19:19:11.709 [info] Profiles: No changes found during synchronizing profiles.
2023-07-14 19:19:11.710 [info] Sync done. Took 268ms
2023-07-14 19:20:53.815 [info] Auto Sync: Triggered by Activity
2023-07-14 19:20:53.816 [info] Sync started.
2023-07-14 19:20:53.996 [info] Settings: No changes found during synchronizing settings.
2023-07-14 19:20:54.013 [info] Keybindings: No changes found during synchronizing keybindings.
2023-07-14 19:20:54.021 [info] Snippets: No changes found during synchronizing snippets.
2023-07-14 19:20:54.026 [info] Tasks: No changes found during synchronizing tasks.
2023-07-14 19:20:54.034 [info] GlobalState: No changes found during synchronizing ui state.
2023-07-14 19:20:54.113 [info] Extensions: No changes found during synchronizing extensions.
2023-07-14 19:20:54.115 [info] Profiles: No changes found during synchronizing profiles.
2023-07-14 19:20:54.116 [info] Sync done. Took 302ms
2023-07-14 19:21:43.665 [info] Auto Sync: Triggered by Activity
2023-07-14 19:21:43.666 [info] Sync started.
2023-07-14 19:21:43.848 [info] Settings: No changes found during synchronizing settings.
2023-07-14 19:21:43.860 [info] Keybindings: No changes found during synchronizing keybindings.
2023-07-14 19:21:43.872 [info] Snippets: No changes found during synchronizing snippets.
2023-07-14 19:21:43.881 [info] Tasks: No changes found during synchronizing tasks.
2023-07-14 19:21:43.889 [info] GlobalState: No changes found during synchronizing ui state.
2023-07-14 19:21:43.973 [info] Extensions: No changes found during synchronizing extensions.
2023-07-14 19:21:43.974 [info] Profiles: No changes found during synchronizing profiles.
2023-07-14 19:21:43.976 [info] Sync done. Took 312ms
2023-07-14 19:22:07.496 [info] Auto Sync: Triggered by Activity
2023-07-14 19:22:07.496 [info] Sync started.
2023-07-14 19:22:07.666 [info] Settings: No changes found during synchronizing settings.
2023-07-14 19:22:07.678 [info] Keybindings: No changes found during synchronizing keybindings.
2023-07-14 19:22:07.685 [info] Snippets: No changes found during synchronizing snippets.
2023-07-14 19:22:07.689 [info] Tasks: No changes found during synchronizing tasks.
2023-07-14 19:22:07.696 [info] GlobalState: No changes found during synchronizing ui state.
2023-07-14 19:22:07.776 [info] Extensions: No changes found during synchronizing extensions.
2023-07-14 19:22:07.778 [info] Profiles: No changes found during synchronizing profiles.
2023-07-14 19:22:07.779 [info] Sync done. Took 285ms
2023-07-14 19:22:37.824 [info] Auto Sync: Triggered by Activity
2023-07-14 19:22:37.825 [info] Sync started.
2023-07-14 19:22:37.995 [info] Settings: No changes found during synchronizing settings.
2023-07-14 19:22:38.006 [info] Keybindings: No changes found during synchronizing keybindings.
2023-07-14 19:22:38.018 [info] Snippets: No changes found during synchronizing snippets.
2023-07-14 19:22:38.027 [info] Tasks: No changes found during synchronizing tasks.
2023-07-14 19:22:38.601 [info] GlobalState: Updated remote ui state. Updated: commandPalette.mru.cache,commandPalette.mru.counter.
2023-07-14 19:22:38.605 [info] GlobalState: Updated last synchronized ui state
2023-07-14 19:22:38.710 [info] Extensions: No changes found during synchronizing extensions.
2023-07-14 19:22:38.712 [info] Profiles: No changes found during synchronizing profiles.
2023-07-14 19:22:38.714 [info] Sync done. Took 890ms
2023-07-14 19:23:03.563 [info] Auto Sync: Triggered by Activity
2023-07-14 19:23:03.564 [info] Sync started.
2023-07-14 19:23:03.737 [info] Settings: No changes found during synchronizing settings.
2023-07-14 19:23:03.740 [info] Keybindings: No changes found during synchronizing keybindings.
2023-07-14 19:23:03.742 [info] Snippets: No changes found during synchronizing snippets.
2023-07-14 19:23:03.744 [info] Tasks: No changes found during synchronizing tasks.
2023-07-14 19:23:04.258 [info] GlobalState: Updated remote ui state. Updated: memento/gettingStartedService.
2023-07-14 19:23:04.266 [info] GlobalState: Updated last synchronized ui state
2023-07-14 19:23:04.375 [info] Extensions: No changes found during synchronizing extensions.
2023-07-14 19:23:04.376 [info] Profiles: No changes found during synchronizing profiles.
2023-07-14 19:23:04.377 [info] Sync done. Took 815ms
2023-07-14 19:23:30.490 [info] Auto Sync: Triggered by Activity
2023-07-14 19:23:30.490 [info] Sync started.
2023-07-14 19:23:30.693 [info] Settings: No changes found during synchronizing settings.
2023-07-14 19:23:30.706 [info] Keybindings: No changes found during synchronizing keybindings.
2023-07-14 19:23:30.713 [info] Snippets: No changes found during synchronizing snippets.
2023-07-14 19:23:30.718 [info] Tasks: No changes found during synchronizing tasks.
2023-07-14 19:23:30.725 [info] GlobalState: No changes found during synchronizing ui state.
2023-07-14 19:23:30.819 [info] Extensions: No changes found during synchronizing extensions.
2023-07-14 19:23:30.820 [info] Profiles: No changes found during synchronizing profiles.
2023-07-14 19:23:30.822 [info] Sync done. Took 331ms
2023-07-14 19:23:44.901 [info] Auto Sync: Triggered by Activity
2023-07-14 19:23:44.901 [info] Sync started.
2023-07-14 19:23:45.058 [info] Settings: No changes found during synchronizing settings.
2023-07-14 19:23:45.060 [info] Keybindings: No changes found during synchronizing keybindings.
2023-07-14 19:23:45.063 [info] Snippets: No changes found during synchronizing snippets.
2023-07-14 19:23:45.065 [info] Tasks: No changes found during synchronizing tasks.
2023-07-14 19:23:45.068 [info] GlobalState: No changes found during synchronizing ui state.
2023-07-14 19:23:45.153 [info] Extensions: No changes found during synchronizing extensions.
2023-07-14 19:23:45.155 [info] Profiles: No changes found during synchronizing profiles.
2023-07-14 19:23:45.158 [info] Sync done. Took 257ms
2023-07-14 19:26:30.931 [info] Auto Sync: Triggered by Activity
2023-07-14 19:26:30.931 [info] Sync started.
2023-07-14 19:26:31.372 [info] Settings: No changes found during synchronizing settings.
2023-07-14 19:26:31.376 [info] Keybindings: No changes found during synchronizing keybindings.
2023-07-14 19:26:31.378 [info] Snippets: No changes found during synchronizing snippets.
2023-07-14 19:26:31.381 [info] Tasks: No changes found during synchronizing tasks.
2023-07-14 19:26:31.385 [info] GlobalState: No changes found during synchronizing ui state.
2023-07-14 19:26:31.506 [info] Extensions: No changes found during synchronizing extensions.
2023-07-14 19:26:31.507 [info] Profiles: No changes found during synchronizing profiles.
2023-07-14 19:26:31.509 [info] Sync done. Took 578ms
2023-07-14 19:27:06.304 [info] Auto Sync: Triggered by Activity
2023-07-14 19:27:06.305 [info] Sync started.
2023-07-14 19:27:06.480 [info] Settings: No changes found during synchronizing settings.
2023-07-14 19:27:06.484 [info] Keybindings: No changes found during synchronizing keybindings.
2023-07-14 19:27:06.488 [info] Snippets: No changes found during synchronizing snippets.
2023-07-14 19:27:06.496 [info] Tasks: No changes found during synchronizing tasks.
2023-07-14 19:27:06.503 [info] GlobalState: No changes found during synchronizing ui state.
2023-07-14 19:27:06.591 [info] Extensions: No changes found during synchronizing extensions.
2023-07-14 19:27:06.592 [info] Profiles: No changes found during synchronizing profiles.
2023-07-14 19:27:06.594 [info] Sync done. Took 290ms
2023-07-14 19:28:05.544 [info] Auto Sync: Triggered by Activity
2023-07-14 19:28:05.544 [info] Sync started.
2023-07-14 19:28:05.704 [info] Settings: No changes found during synchronizing settings.
2023-07-14 19:28:05.706 [info] Keybindings: No changes found during synchronizing keybindings.
2023-07-14 19:28:05.708 [info] Snippets: No changes found during synchronizing snippets.
2023-07-14 19:28:05.710 [info] Tasks: No changes found during synchronizing tasks.
2023-07-14 19:28:05.715 [info] GlobalState: No changes found during synchronizing ui state.
2023-07-14 19:28:05.815 [info] Extensions: No changes found during synchronizing extensions.
2023-07-14 19:28:05.817 [info] Profiles: No changes found during synchronizing profiles.
2023-07-14 19:28:05.818 [info] Sync done. Took 274ms
2023-07-14 19:28:17.282 [info] Auto Sync: Triggered by Activity
2023-07-14 19:28:17.283 [info] Sync started.
2023-07-14 19:28:17.466 [info] Settings: No changes found during synchronizing settings.
2023-07-14 19:28:17.468 [info] Keybindings: No changes found during synchronizing keybindings.
2023-07-14 19:28:17.470 [info] Snippets: No changes found during synchronizing snippets.
2023-07-14 19:28:17.473 [info] Tasks: No changes found during synchronizing tasks.
2023-07-14 19:28:17.477 [info] GlobalState: No changes found during synchronizing ui state.
2023-07-14 19:28:17.556 [info] Extensions: No changes found during synchronizing extensions.
2023-07-14 19:28:17.558 [info] Profiles: No changes found during synchronizing profiles.
2023-07-14 19:28:17.559 [info] Sync done. Took 278ms
2023-07-14 19:28:53.523 [info] Auto Sync: Triggered by Activity
2023-07-14 19:28:53.524 [info] Sync started.
2023-07-14 19:28:53.701 [info] Settings: No changes found during synchronizing settings.
2023-07-14 19:28:53.713 [info] Keybindings: No changes found during synchronizing keybindings.
2023-07-14 19:28:53.723 [info] Snippets: No changes found during synchronizing snippets.
2023-07-14 19:28:53.735 [info] Tasks: No changes found during synchronizing tasks.
2023-07-14 19:28:53.754 [info] GlobalState: No changes found during synchronizing ui state.
2023-07-14 19:28:53.856 [info] Extensions: No changes found during synchronizing extensions.
2023-07-14 19:28:53.860 [info] Profiles: No changes found during synchronizing profiles.
2023-07-14 19:28:53.861 [info] Sync done. Took 338ms
2023-07-14 19:29:53.984 [info] Auto Sync: Triggered by Activity
2023-07-14 19:29:53.985 [info] Sync started.
2023-07-14 19:29:54.154 [info] Settings: No changes found during synchronizing settings.
2023-07-14 19:29:54.156 [info] Keybindings: No changes found during synchronizing keybindings.
2023-07-14 19:29:54.158 [info] Snippets: No changes found during synchronizing snippets.
2023-07-14 19:29:54.159 [info] Tasks: No changes found during synchronizing tasks.
2023-07-14 19:29:54.164 [info] GlobalState: No changes found during synchronizing ui state.
2023-07-14 19:29:54.239 [info] Extensions: No changes found during synchronizing extensions.
2023-07-14 19:29:54.241 [info] Profiles: No changes found during synchronizing profiles.
2023-07-14 19:29:54.242 [info] Sync done. Took 259ms
2023-07-14 19:30:08.890 [info] Auto Sync: Triggered by Activity
2023-07-14 19:30:08.890 [info] Sync started.
2023-07-14 19:30:09.065 [info] Settings: No changes found during synchronizing settings.
2023-07-14 19:30:09.067 [info] Keybindings: No changes found during synchronizing keybindings.
2023-07-14 19:30:09.069 [info] Snippets: No changes found during synchronizing snippets.
2023-07-14 19:30:09.071 [info] Tasks: No changes found during synchronizing tasks.
2023-07-14 19:30:09.074 [info] GlobalState: No changes found during synchronizing ui state.
2023-07-14 19:30:09.147 [info] Extensions: No changes found during synchronizing extensions.
2023-07-14 19:30:09.149 [info] Profiles: No changes found during synchronizing profiles.
2023-07-14 19:30:09.150 [info] Sync done. Took 262ms
2023-07-14 19:30:57.093 [info] Auto Sync: Triggered by Activity
2023-07-14 19:30:57.093 [info] Sync started.
2023-07-14 19:30:57.265 [info] Settings: No changes found during synchronizing settings.
2023-07-14 19:30:57.268 [info] Keybindings: No changes found during synchronizing keybindings.
2023-07-14 19:30:57.271 [info] Snippets: No changes found during synchronizing snippets.
2023-07-14 19:30:57.273 [info] Tasks: No changes found during synchronizing tasks.
2023-07-14 19:30:57.277 [info] GlobalState: No changes found during synchronizing ui state.
2023-07-14 19:30:57.359 [info] Extensions: No changes found during synchronizing extensions.
2023-07-14 19:30:57.361 [info] Profiles: No changes found during synchronizing profiles.
2023-07-14 19:30:57.362 [info] Sync done. Took 270ms
2023-07-14 19:33:26.782 [info] Auto Sync: Triggered by Activity
2023-07-14 19:33:26.782 [info] Sync started.
2023-07-14 19:33:27.377 [info] Settings: No changes found during synchronizing settings.
2023-07-14 19:33:27.390 [info] Keybindings: No changes found during synchronizing keybindings.
2023-07-14 19:33:27.400 [info] Snippets: No changes found during synchronizing snippets.
2023-07-14 19:33:27.411 [info] Tasks: No changes found during synchronizing tasks.
2023-07-14 19:33:27.426 [info] GlobalState: No changes found during synchronizing ui state.
2023-07-14 19:33:27.513 [info] Extensions: No changes found during synchronizing extensions.
2023-07-14 19:33:27.515 [info] Profiles: No changes found during synchronizing profiles.
2023-07-14 19:33:27.516 [info] Sync done. Took 735ms
