2023-07-14 19:00:33.055 [info] Experiment 'pythonPromptNewFormatterExt' is active
2023-07-14 19:00:33.055 [info] Experiment 'pythonPromptNewToolsExt' is active
2023-07-14 19:00:33.055 [info] Experiment 'pythonTestAdaptercf' is active
2023-07-14 19:00:33.055 [info] Test server listening.
2023-07-14 19:00:33.056 [info] Python interpreter path: /bin/python
2023-07-14 19:00:33.143 [warning] Retry failed, storage update failed for key PYTHON_GLOBAL_STORAGE_KEYS
2023-07-14 19:00:33.143 [warning] Retry failed, storage update failed for key PYTHON_GLOBAL_STORAGE_KEYS
2023-07-14 19:00:33.164 [warning] Retry failed, storage update failed for key PYTHON_GLOBAL_STORAGE_KEYS
2023-07-14 19:00:33.164 [warning] Retry failed, storage update failed for key PYTHON_GLOBAL_STORAGE_KEYS
2023-07-14 19:00:33.164 [warning] Retry failed, storage update failed for key PYTHON_GLOBAL_STORAGE_KEYS
2023-07-14 19:00:33.164 [warning] Retry failed, storage update failed for key PYTHON_GLOBAL_STORAGE_KEYS
2023-07-14 19:00:34.206 [info] Starting Pylance language server.
2023-07-14 19:09:12.369 [info] Experiment 'pythonPromptNewFormatterExt' is active
2023-07-14 19:09:12.369 [info] Experiment 'pythonPromptNewToolsExt' is active
2023-07-14 19:09:12.369 [info] Experiment 'pythonTestAdaptercf' is active
2023-07-14 19:09:12.388 [info] Test server listening.
2023-07-14 19:09:12.390 [info] Python interpreter path: /bin/python
2023-07-14 19:09:12.398 [warning] Retry failed, storage update failed for key PYTHON_GLOBAL_STORAGE_KEYS
2023-07-14 19:09:12.398 [warning] Retry failed, storage update failed for key PYTHON_GLOBAL_STORAGE_KEYS
2023-07-14 19:09:12.400 [warning] Retry failed, storage update failed for key PYTHON_GLOBAL_STORAGE_KEYS
2023-07-14 19:09:12.400 [warning] Retry failed, storage update failed for key PYTHON_GLOBAL_STORAGE_KEYS
2023-07-14 19:09:12.400 [warning] Retry failed, storage update failed for key PYTHON_GLOBAL_STORAGE_KEYS
2023-07-14 19:09:12.400 [warning] Retry failed, storage update failed for key PYTHON_GLOBAL_STORAGE_KEYS
2023-07-14 19:09:12.400 [warning] Retry failed, storage update failed for key PYTHON_GLOBAL_STORAGE_KEYS
2023-07-14 19:09:12.400 [warning] Retry failed, storage update failed for key PYTHON_GLOBAL_STORAGE_KEYS
2023-07-14 19:09:12.400 [warning] Retry failed, storage update failed for key PYTHON_WORKSPACE_STORAGE_KEYS
2023-07-14 19:09:12.400 [warning] Retry failed, storage update failed for key PYTHON_WORKSPACE_STORAGE_KEYS
2023-07-14 19:09:13.439 [info] Starting Pylance language server.
