2023-07-14 19:00:32.297 [info] Extension host with pid 33074 started
2023-07-14 19:00:32.377 [info] ExtensionService#_doActivateExtension vscode.git-base, startup: true, activationEvent: '*', root cause: vscode.git
2023-07-14 19:00:32.380 [info] ExtensionService#_doActivateExtension ecmel.vscode-html-css, startup: true, activationEvent: '*'
2023-07-14 19:00:32.399 [info] ExtensionService#_doActivateExtension naumovs.color-highlight, startup: true, activationEvent: '*'
2023-07-14 19:00:32.404 [info] ExtensionService#_doActivateExtension oderwat.indent-rainbow, startup: true, activationEvent: '*'
2023-07-14 19:00:32.405 [info] ExtensionService#_doActivateExtension WallabyJs.quokka-vscode, startup: true, activationEvent: '*'
2023-07-14 19:00:32.498 [info] ExtensionService#_doActivateExtension vscode.git, startup: true, activationEvent: '*'
2023-07-14 19:00:32.514 [info] ExtensionService#_doActivateExtension vscode.github, startup: true, activationEvent: '*'
2023-07-14 19:00:32.605 [info] Eager extensions activated
2023-07-14 19:00:32.607 [info] ExtensionService#_doActivateExtension vscode.github-authentication, startup: false, activationEvent: 'onAuthenticationRequest:github'
2023-07-14 19:00:32.638 [info] ExtensionService#_doActivateExtension vscode.debug-auto-launch, startup: false, activationEvent: 'onStartupFinished'
2023-07-14 19:00:32.640 [info] ExtensionService#_doActivateExtension vscode.merge-conflict, startup: false, activationEvent: 'onStartupFinished'
2023-07-14 19:00:32.646 [info] ExtensionService#_doActivateExtension eamodio.gitlens, startup: false, activationEvent: 'onStartupFinished'
2023-07-14 19:00:32.679 [info] ExtensionService#_doActivateExtension esbenp.prettier-vscode, startup: false, activationEvent: 'onStartupFinished'
2023-07-14 19:00:32.708 [info] ExtensionService#_doActivateExtension formulahendry.code-runner, startup: false, activationEvent: 'onStartupFinished'
2023-07-14 19:00:32.721 [info] ExtensionService#_doActivateExtension iterative.dvc, startup: false, activationEvent: 'onStartupFinished'
2023-07-14 19:00:32.750 [info] ExtensionService#_doActivateExtension ritwickdey.LiveServer, startup: false, activationEvent: 'onStartupFinished'
2023-07-14 19:00:32.888 [info] ExtensionService#_doActivateExtension GitHub.vscode-pull-request-github, startup: false, activationEvent: 'onStartupFinished'
2023-07-14 19:00:32.939 [info] ExtensionService#_doActivateExtension ms-python.python, startup: false, activationEvent: 'api', root cause: iterative.dvc
2023-07-14 19:00:33.007 [info] ExtensionService#_doActivateExtension vscode.microsoft-authentication, startup: false, activationEvent: 'onAuthenticationRequest:microsoft'
2023-07-14 19:00:33.067 [info] ExtensionService#_doActivateExtension ms-python.vscode-pylance, startup: false, activationEvent: 'api', root cause: ms-python.python
2023-07-14 19:00:34.009 [info] ExtensionService#_doActivateExtension vscode.json-language-features, startup: false, activationEvent: 'onLanguage:jsonc'
2023-07-14 19:00:34.022 [info] ExtensionService#_doActivateExtension vscode.typescript-language-features, startup: false, activationEvent: 'onLanguage:jsonc'
2023-07-14 19:00:34.033 [info] ExtensionService#_doActivateExtension vscode.emmet, startup: false, activationEvent: 'onLanguage'
2023-07-14 19:09:07.357 [info] Extension host terminating: renderer closed the MessagePort
2023-07-14 19:09:07.383 [error] Canceled: Canceled
	at new l (/opt/visual-studio-code/resources/app/out/vs/workbench/api/node/extensionHostProcess.js:98:104563)
	at a.O (/opt/visual-studio-code/resources/app/out/vs/workbench/api/node/extensionHostProcess.js:110:11657)
	at H.<computed>.V.charCodeAt.H.<computed> (/opt/visual-studio-code/resources/app/out/vs/workbench/api/node/extensionHostProcess.js:110:8947)
	at e.ExtHostCommands.g (/opt/visual-studio-code/resources/app/out/vs/workbench/api/node/extensionHostProcess.js:98:124729)
	at e.ExtHostCommands.executeCommand (/opt/visual-studio-code/resources/app/out/vs/workbench/api/node/extensionHostProcess.js:98:124105)
	at C.registerCommand.description (/opt/visual-studio-code/resources/app/out/vs/workbench/api/node/extensionHostProcess.js:98:123398)
	at e.ExtHostCommands.h (/opt/visual-studio-code/resources/app/out/vs/workbench/api/node/extensionHostProcess.js:98:125315)
	at e.ExtHostCommands.g (/opt/visual-studio-code/resources/app/out/vs/workbench/api/node/extensionHostProcess.js:98:124205)
	at e.ExtHostCommands.executeCommand (/opt/visual-studio-code/resources/app/out/vs/workbench/api/node/extensionHostProcess.js:98:124105)
	at Object.executeCommand (/opt/visual-studio-code/resources/app/out/vs/workbench/api/node/extensionHostProcess.js:116:24043)
	at g (/home/diego/.vscode/extensions/eamodio.gitlens-14.1.0/dist/gitlens.js:1:940377)
	at c (/home/diego/.vscode/extensions/eamodio.gitlens-14.1.0/dist/gitlens.js:1:945018)
	at ActionRunners._updateContextKeys (/home/diego/.vscode/extensions/eamodio.gitlens-14.1.0/dist/gitlens.js:1:37756)
	at s (/home/diego/.vscode/extensions/eamodio.gitlens-14.1.0/dist/gitlens.js:1:36175)
	at RegisteredActionRunner.unregister (/home/diego/.vscode/extensions/eamodio.gitlens-14.1.0/dist/gitlens.js:1:36319)
	at RegisteredActionRunner.dispose (/home/diego/.vscode/extensions/eamodio.gitlens-14.1.0/dist/gitlens.js:1:34984)
	at ActionRunners.dispose (/home/diego/.vscode/extensions/eamodio.gitlens-14.1.0/dist/gitlens.js:1:35761)
	at /home/diego/.vscode/extensions/eamodio.gitlens-14.1.0/dist/gitlens.js:1:669832
	at Array.forEach (<anonymous>)
	at Object.dispose (/home/diego/.vscode/extensions/eamodio.gitlens-14.1.0/dist/gitlens.js:1:669817)
	at T (/opt/visual-studio-code/resources/app/out/vs/workbench/api/node/extensionHostProcess.js:10:12080)
	at v.Y (/opt/visual-studio-code/resources/app/out/vs/workbench/api/node/extensionHostProcess.js:112:11173)
	at /opt/visual-studio-code/resources/app/out/vs/workbench/api/node/extensionHostProcess.js:112:9157
	at Array.map (<anonymous>)
	at v.R (/opt/visual-studio-code/resources/app/out/vs/workbench/api/node/extensionHostProcess.js:112:9144)
	at v.terminate (/opt/visual-studio-code/resources/app/out/vs/workbench/api/node/extensionHostProcess.js:112:9415)
	at d.terminate (/opt/visual-studio-code/resources/app/out/vs/workbench/api/node/extensionHostProcess.js:116:1544)
	at g (/opt/visual-studio-code/resources/app/out/vs/workbench/api/node/extensionHostProcess.js:126:34439)
	at MessagePortMain.<anonymous> (/opt/visual-studio-code/resources/app/out/vs/workbench/api/node/extensionHostProcess.js:126:30578)
	at MessagePortMain.emit (node:events:513:28)
	at MessagePortMain._internalPort.emit (node:electron/js2c/utility_init:2:367) setContext undefined
2023-07-14 19:09:07.383 [error] Canceled: Canceled
	at new l (/opt/visual-studio-code/resources/app/out/vs/workbench/api/node/extensionHostProcess.js:98:104563)
	at a.O (/opt/visual-studio-code/resources/app/out/vs/workbench/api/node/extensionHostProcess.js:110:11657)
	at H.<computed>.V.charCodeAt.H.<computed> (/opt/visual-studio-code/resources/app/out/vs/workbench/api/node/extensionHostProcess.js:110:8947)
	at e.ExtHostCommands.g (/opt/visual-studio-code/resources/app/out/vs/workbench/api/node/extensionHostProcess.js:98:124729)
	at e.ExtHostCommands.executeCommand (/opt/visual-studio-code/resources/app/out/vs/workbench/api/node/extensionHostProcess.js:98:124105)
	at C.registerCommand.description (/opt/visual-studio-code/resources/app/out/vs/workbench/api/node/extensionHostProcess.js:98:123398)
	at e.ExtHostCommands.h (/opt/visual-studio-code/resources/app/out/vs/workbench/api/node/extensionHostProcess.js:98:125315)
	at e.ExtHostCommands.g (/opt/visual-studio-code/resources/app/out/vs/workbench/api/node/extensionHostProcess.js:98:124205)
	at e.ExtHostCommands.executeCommand (/opt/visual-studio-code/resources/app/out/vs/workbench/api/node/extensionHostProcess.js:98:124105)
	at Object.executeCommand (/opt/visual-studio-code/resources/app/out/vs/workbench/api/node/extensionHostProcess.js:116:24043)
	at g (/home/diego/.vscode/extensions/eamodio.gitlens-14.1.0/dist/gitlens.js:1:940377)
	at c (/home/diego/.vscode/extensions/eamodio.gitlens-14.1.0/dist/gitlens.js:1:945018)
	at ActionRunners._updateContextKeys (/home/diego/.vscode/extensions/eamodio.gitlens-14.1.0/dist/gitlens.js:1:37756)
	at s (/home/diego/.vscode/extensions/eamodio.gitlens-14.1.0/dist/gitlens.js:1:36175)
	at RegisteredActionRunner.unregister (/home/diego/.vscode/extensions/eamodio.gitlens-14.1.0/dist/gitlens.js:1:36319)
	at RegisteredActionRunner.dispose (/home/diego/.vscode/extensions/eamodio.gitlens-14.1.0/dist/gitlens.js:1:34984)
	at ActionRunners.dispose (/home/diego/.vscode/extensions/eamodio.gitlens-14.1.0/dist/gitlens.js:1:35761)
	at /home/diego/.vscode/extensions/eamodio.gitlens-14.1.0/dist/gitlens.js:1:669832
	at Array.forEach (<anonymous>)
	at Object.dispose (/home/diego/.vscode/extensions/eamodio.gitlens-14.1.0/dist/gitlens.js:1:669817)
	at T (/opt/visual-studio-code/resources/app/out/vs/workbench/api/node/extensionHostProcess.js:10:12080)
	at v.Y (/opt/visual-studio-code/resources/app/out/vs/workbench/api/node/extensionHostProcess.js:112:11173)
	at /opt/visual-studio-code/resources/app/out/vs/workbench/api/node/extensionHostProcess.js:112:9157
	at Array.map (<anonymous>)
	at v.R (/opt/visual-studio-code/resources/app/out/vs/workbench/api/node/extensionHostProcess.js:112:9144)
	at v.terminate (/opt/visual-studio-code/resources/app/out/vs/workbench/api/node/extensionHostProcess.js:112:9415)
	at d.terminate (/opt/visual-studio-code/resources/app/out/vs/workbench/api/node/extensionHostProcess.js:116:1544)
	at g (/opt/visual-studio-code/resources/app/out/vs/workbench/api/node/extensionHostProcess.js:126:34439)
	at MessagePortMain.<anonymous> (/opt/visual-studio-code/resources/app/out/vs/workbench/api/node/extensionHostProcess.js:126:30578)
	at MessagePortMain.emit (node:events:513:28)
	at MessagePortMain._internalPort.emit (node:electron/js2c/utility_init:2:367) setContext undefined
2023-07-14 19:09:07.384 [error] Canceled: Canceled
	at new l (/opt/visual-studio-code/resources/app/out/vs/workbench/api/node/extensionHostProcess.js:98:104563)
	at a.O (/opt/visual-studio-code/resources/app/out/vs/workbench/api/node/extensionHostProcess.js:110:11657)
	at H.<computed>.V.charCodeAt.H.<computed> (/opt/visual-studio-code/resources/app/out/vs/workbench/api/node/extensionHostProcess.js:110:8947)
	at e.ExtHostCommands.g (/opt/visual-studio-code/resources/app/out/vs/workbench/api/node/extensionHostProcess.js:98:124729)
	at e.ExtHostCommands.executeCommand (/opt/visual-studio-code/resources/app/out/vs/workbench/api/node/extensionHostProcess.js:98:124105)
	at C.registerCommand.description (/opt/visual-studio-code/resources/app/out/vs/workbench/api/node/extensionHostProcess.js:98:123398)
	at e.ExtHostCommands.h (/opt/visual-studio-code/resources/app/out/vs/workbench/api/node/extensionHostProcess.js:98:125315)
	at e.ExtHostCommands.g (/opt/visual-studio-code/resources/app/out/vs/workbench/api/node/extensionHostProcess.js:98:124205)
	at e.ExtHostCommands.executeCommand (/opt/visual-studio-code/resources/app/out/vs/workbench/api/node/extensionHostProcess.js:98:124105)
	at Object.executeCommand (/opt/visual-studio-code/resources/app/out/vs/workbench/api/node/extensionHostProcess.js:116:24043)
	at g (/home/diego/.vscode/extensions/eamodio.gitlens-14.1.0/dist/gitlens.js:1:940377)
	at c (/home/diego/.vscode/extensions/eamodio.gitlens-14.1.0/dist/gitlens.js:1:945018)
	at ActionRunners._updateContextKeys (/home/diego/.vscode/extensions/eamodio.gitlens-14.1.0/dist/gitlens.js:1:37756)
	at s (/home/diego/.vscode/extensions/eamodio.gitlens-14.1.0/dist/gitlens.js:1:36175)
	at RegisteredActionRunner.unregister (/home/diego/.vscode/extensions/eamodio.gitlens-14.1.0/dist/gitlens.js:1:36319)
	at RegisteredActionRunner.dispose (/home/diego/.vscode/extensions/eamodio.gitlens-14.1.0/dist/gitlens.js:1:34984)
	at Object.dispose (/home/diego/.vscode/extensions/eamodio.gitlens-14.1.0/dist/gitlens.js:1:36416)
	at T (/opt/visual-studio-code/resources/app/out/vs/workbench/api/node/extensionHostProcess.js:10:12080)
	at v.Y (/opt/visual-studio-code/resources/app/out/vs/workbench/api/node/extensionHostProcess.js:112:11173)
	at /opt/visual-studio-code/resources/app/out/vs/workbench/api/node/extensionHostProcess.js:112:9157
	at Array.map (<anonymous>)
	at v.R (/opt/visual-studio-code/resources/app/out/vs/workbench/api/node/extensionHostProcess.js:112:9144)
	at v.terminate (/opt/visual-studio-code/resources/app/out/vs/workbench/api/node/extensionHostProcess.js:112:9415)
	at d.terminate (/opt/visual-studio-code/resources/app/out/vs/workbench/api/node/extensionHostProcess.js:116:1544)
	at g (/opt/visual-studio-code/resources/app/out/vs/workbench/api/node/extensionHostProcess.js:126:34439)
	at MessagePortMain.<anonymous> (/opt/visual-studio-code/resources/app/out/vs/workbench/api/node/extensionHostProcess.js:126:30578)
	at MessagePortMain.emit (node:events:513:28)
	at MessagePortMain._internalPort.emit (node:electron/js2c/utility_init:2:367) setContext undefined
2023-07-14 19:09:07.384 [error] Canceled: Canceled
	at new l (/opt/visual-studio-code/resources/app/out/vs/workbench/api/node/extensionHostProcess.js:98:104563)
	at a.O (/opt/visual-studio-code/resources/app/out/vs/workbench/api/node/extensionHostProcess.js:110:11657)
	at H.<computed>.V.charCodeAt.H.<computed> (/opt/visual-studio-code/resources/app/out/vs/workbench/api/node/extensionHostProcess.js:110:8947)
	at e.ExtHostCommands.g (/opt/visual-studio-code/resources/app/out/vs/workbench/api/node/extensionHostProcess.js:98:124729)
	at e.ExtHostCommands.executeCommand (/opt/visual-studio-code/resources/app/out/vs/workbench/api/node/extensionHostProcess.js:98:124105)
	at C.registerCommand.description (/opt/visual-studio-code/resources/app/out/vs/workbench/api/node/extensionHostProcess.js:98:123398)
	at e.ExtHostCommands.h (/opt/visual-studio-code/resources/app/out/vs/workbench/api/node/extensionHostProcess.js:98:125315)
	at e.ExtHostCommands.g (/opt/visual-studio-code/resources/app/out/vs/workbench/api/node/extensionHostProcess.js:98:124205)
	at e.ExtHostCommands.executeCommand (/opt/visual-studio-code/resources/app/out/vs/workbench/api/node/extensionHostProcess.js:98:124105)
	at Object.executeCommand (/opt/visual-studio-code/resources/app/out/vs/workbench/api/node/extensionHostProcess.js:116:24043)
	at g (/home/diego/.vscode/extensions/eamodio.gitlens-14.1.0/dist/gitlens.js:1:940377)
	at c (/home/diego/.vscode/extensions/eamodio.gitlens-14.1.0/dist/gitlens.js:1:945018)
	at ActionRunners._updateContextKeys (/home/diego/.vscode/extensions/eamodio.gitlens-14.1.0/dist/gitlens.js:1:37756)
	at s (/home/diego/.vscode/extensions/eamodio.gitlens-14.1.0/dist/gitlens.js:1:36175)
	at RegisteredActionRunner.unregister (/home/diego/.vscode/extensions/eamodio.gitlens-14.1.0/dist/gitlens.js:1:36319)
	at RegisteredActionRunner.dispose (/home/diego/.vscode/extensions/eamodio.gitlens-14.1.0/dist/gitlens.js:1:34984)
	at Object.dispose (/home/diego/.vscode/extensions/eamodio.gitlens-14.1.0/dist/gitlens.js:1:36416)
	at T (/opt/visual-studio-code/resources/app/out/vs/workbench/api/node/extensionHostProcess.js:10:12080)
	at v.Y (/opt/visual-studio-code/resources/app/out/vs/workbench/api/node/extensionHostProcess.js:112:11173)
	at /opt/visual-studio-code/resources/app/out/vs/workbench/api/node/extensionHostProcess.js:112:9157
	at Array.map (<anonymous>)
	at v.R (/opt/visual-studio-code/resources/app/out/vs/workbench/api/node/extensionHostProcess.js:112:9144)
	at v.terminate (/opt/visual-studio-code/resources/app/out/vs/workbench/api/node/extensionHostProcess.js:112:9415)
	at d.terminate (/opt/visual-studio-code/resources/app/out/vs/workbench/api/node/extensionHostProcess.js:116:1544)
	at g (/opt/visual-studio-code/resources/app/out/vs/workbench/api/node/extensionHostProcess.js:126:34439)
	at MessagePortMain.<anonymous> (/opt/visual-studio-code/resources/app/out/vs/workbench/api/node/extensionHostProcess.js:126:30578)
	at MessagePortMain.emit (node:events:513:28)
	at MessagePortMain._internalPort.emit (node:electron/js2c/utility_init:2:367) setContext undefined
2023-07-14 19:09:07.384 [error] Canceled: Canceled
	at new l (/opt/visual-studio-code/resources/app/out/vs/workbench/api/node/extensionHostProcess.js:98:104563)
	at a.O (/opt/visual-studio-code/resources/app/out/vs/workbench/api/node/extensionHostProcess.js:110:11657)
	at H.<computed>.V.charCodeAt.H.<computed> (/opt/visual-studio-code/resources/app/out/vs/workbench/api/node/extensionHostProcess.js:110:8947)
	at e.ExtHostCommands.g (/opt/visual-studio-code/resources/app/out/vs/workbench/api/node/extensionHostProcess.js:98:124729)
	at e.ExtHostCommands.executeCommand (/opt/visual-studio-code/resources/app/out/vs/workbench/api/node/extensionHostProcess.js:98:124105)
	at C.registerCommand.description (/opt/visual-studio-code/resources/app/out/vs/workbench/api/node/extensionHostProcess.js:98:123398)
	at e.ExtHostCommands.h (/opt/visual-studio-code/resources/app/out/vs/workbench/api/node/extensionHostProcess.js:98:125315)
	at e.ExtHostCommands.g (/opt/visual-studio-code/resources/app/out/vs/workbench/api/node/extensionHostProcess.js:98:124205)
	at e.ExtHostCommands.executeCommand (/opt/visual-studio-code/resources/app/out/vs/workbench/api/node/extensionHostProcess.js:98:124105)
	at Object.executeCommand (/opt/visual-studio-code/resources/app/out/vs/workbench/api/node/extensionHostProcess.js:116:24043)
	at g (/home/diego/.vscode/extensions/eamodio.gitlens-14.1.0/dist/gitlens.js:1:940377)
	at c (/home/diego/.vscode/extensions/eamodio.gitlens-14.1.0/dist/gitlens.js:1:945018)
	at ActionRunners._updateContextKeys (/home/diego/.vscode/extensions/eamodio.gitlens-14.1.0/dist/gitlens.js:1:37756)
	at s (/home/diego/.vscode/extensions/eamodio.gitlens-14.1.0/dist/gitlens.js:1:36175)
	at RegisteredActionRunner.unregister (/home/diego/.vscode/extensions/eamodio.gitlens-14.1.0/dist/gitlens.js:1:36319)
	at RegisteredActionRunner.dispose (/home/diego/.vscode/extensions/eamodio.gitlens-14.1.0/dist/gitlens.js:1:34984)
	at Object.dispose (/home/diego/.vscode/extensions/eamodio.gitlens-14.1.0/dist/gitlens.js:1:36416)
	at T (/opt/visual-studio-code/resources/app/out/vs/workbench/api/node/extensionHostProcess.js:10:12080)
	at v.Y (/opt/visual-studio-code/resources/app/out/vs/workbench/api/node/extensionHostProcess.js:112:11173)
	at /opt/visual-studio-code/resources/app/out/vs/workbench/api/node/extensionHostProcess.js:112:9157
	at Array.map (<anonymous>)
	at v.R (/opt/visual-studio-code/resources/app/out/vs/workbench/api/node/extensionHostProcess.js:112:9144)
	at v.terminate (/opt/visual-studio-code/resources/app/out/vs/workbench/api/node/extensionHostProcess.js:112:9415)
	at d.terminate (/opt/visual-studio-code/resources/app/out/vs/workbench/api/node/extensionHostProcess.js:116:1544)
	at g (/opt/visual-studio-code/resources/app/out/vs/workbench/api/node/extensionHostProcess.js:126:34439)
	at MessagePortMain.<anonymous> (/opt/visual-studio-code/resources/app/out/vs/workbench/api/node/extensionHostProcess.js:126:30578)
	at MessagePortMain.emit (node:events:513:28)
	at MessagePortMain._internalPort.emit (node:electron/js2c/utility_init:2:367) setContext undefined
2023-07-14 19:09:07.384 [error] Canceled: Canceled
	at new l (/opt/visual-studio-code/resources/app/out/vs/workbench/api/node/extensionHostProcess.js:98:104563)
	at a.O (/opt/visual-studio-code/resources/app/out/vs/workbench/api/node/extensionHostProcess.js:110:11657)
	at H.<computed>.V.charCodeAt.H.<computed> (/opt/visual-studio-code/resources/app/out/vs/workbench/api/node/extensionHostProcess.js:110:8947)
	at e.ExtHostCommands.g (/opt/visual-studio-code/resources/app/out/vs/workbench/api/node/extensionHostProcess.js:98:124729)
	at e.ExtHostCommands.executeCommand (/opt/visual-studio-code/resources/app/out/vs/workbench/api/node/extensionHostProcess.js:98:124105)
	at C.registerCommand.description (/opt/visual-studio-code/resources/app/out/vs/workbench/api/node/extensionHostProcess.js:98:123398)
	at e.ExtHostCommands.h (/opt/visual-studio-code/resources/app/out/vs/workbench/api/node/extensionHostProcess.js:98:125315)
	at e.ExtHostCommands.g (/opt/visual-studio-code/resources/app/out/vs/workbench/api/node/extensionHostProcess.js:98:124205)
	at e.ExtHostCommands.executeCommand (/opt/visual-studio-code/resources/app/out/vs/workbench/api/node/extensionHostProcess.js:98:124105)
	at Object.executeCommand (/opt/visual-studio-code/resources/app/out/vs/workbench/api/node/extensionHostProcess.js:116:24043)
	at Sg.reset (/home/diego/.vscode/extensions/github.vscode-pull-request-github-0.64.0/dist/extension.js:1826:2501)
	at Sg.dispose (/home/diego/.vscode/extensions/github.vscode-pull-request-github-0.64.0/dist/extension.js:1826:2740)
	at T (/opt/visual-studio-code/resources/app/out/vs/workbench/api/node/extensionHostProcess.js:10:12080)
	at v.Y (/opt/visual-studio-code/resources/app/out/vs/workbench/api/node/extensionHostProcess.js:112:11173)
	at /opt/visual-studio-code/resources/app/out/vs/workbench/api/node/extensionHostProcess.js:112:9157
	at Array.map (<anonymous>)
	at v.R (/opt/visual-studio-code/resources/app/out/vs/workbench/api/node/extensionHostProcess.js:112:9144)
	at v.terminate (/opt/visual-studio-code/resources/app/out/vs/workbench/api/node/extensionHostProcess.js:112:9415)
	at d.terminate (/opt/visual-studio-code/resources/app/out/vs/workbench/api/node/extensionHostProcess.js:116:1544)
	at g (/opt/visual-studio-code/resources/app/out/vs/workbench/api/node/extensionHostProcess.js:126:34439)
	at MessagePortMain.<anonymous> (/opt/visual-studio-code/resources/app/out/vs/workbench/api/node/extensionHostProcess.js:126:30578)
	at MessagePortMain.emit (node:events:513:28)
	at MessagePortMain._internalPort.emit (node:electron/js2c/utility_init:2:367) setContext undefined
2023-07-14 19:09:07.384 [error] Canceled: Canceled
	at new l (/opt/visual-studio-code/resources/app/out/vs/workbench/api/node/extensionHostProcess.js:98:104563)
	at a.O (/opt/visual-studio-code/resources/app/out/vs/workbench/api/node/extensionHostProcess.js:110:11657)
	at H.<computed>.V.charCodeAt.H.<computed> (/opt/visual-studio-code/resources/app/out/vs/workbench/api/node/extensionHostProcess.js:110:8947)
	at e.ExtHostCommands.g (/opt/visual-studio-code/resources/app/out/vs/workbench/api/node/extensionHostProcess.js:98:124729)
	at e.ExtHostCommands.executeCommand (/opt/visual-studio-code/resources/app/out/vs/workbench/api/node/extensionHostProcess.js:98:124105)
	at C.registerCommand.description (/opt/visual-studio-code/resources/app/out/vs/workbench/api/node/extensionHostProcess.js:98:123398)
	at e.ExtHostCommands.h (/opt/visual-studio-code/resources/app/out/vs/workbench/api/node/extensionHostProcess.js:98:125315)
	at e.ExtHostCommands.g (/opt/visual-studio-code/resources/app/out/vs/workbench/api/node/extensionHostProcess.js:98:124205)
	at e.ExtHostCommands.executeCommand (/opt/visual-studio-code/resources/app/out/vs/workbench/api/node/extensionHostProcess.js:98:124105)
	at Object.executeCommand (/opt/visual-studio-code/resources/app/out/vs/workbench/api/node/extensionHostProcess.js:116:24043)
	at g (/home/diego/.vscode/extensions/eamodio.gitlens-14.1.0/dist/gitlens.js:1:940377)
	at c (/home/diego/.vscode/extensions/eamodio.gitlens-14.1.0/dist/gitlens.js:1:945018)
	at ActionRunners._updateContextKeys (/home/diego/.vscode/extensions/eamodio.gitlens-14.1.0/dist/gitlens.js:1:37756)
	at s (/home/diego/.vscode/extensions/eamodio.gitlens-14.1.0/dist/gitlens.js:1:36175)
	at RegisteredActionRunner.unregister (/home/diego/.vscode/extensions/eamodio.gitlens-14.1.0/dist/gitlens.js:1:36319)
	at RegisteredActionRunner.dispose (/home/diego/.vscode/extensions/eamodio.gitlens-14.1.0/dist/gitlens.js:1:34984)
	at Object.dispose (/home/diego/.vscode/extensions/eamodio.gitlens-14.1.0/dist/gitlens.js:1:36416)
	at t.<anonymous> (/opt/visual-studio-code/resources/app/out/vs/workbench/api/node/extensionHostProcess.js:96:12369)
	at t.dispose (/opt/visual-studio-code/resources/app/out/vs/workbench/api/node/extensionHostProcess.js:96:12504)
	at Xv.dispose (/home/diego/.vscode/extensions/github.vscode-pull-request-github-0.64.0/dist/extension.js:1793:35323)
	at T (/opt/visual-studio-code/resources/app/out/vs/workbench/api/node/extensionHostProcess.js:10:12080)
	at v.Y (/opt/visual-studio-code/resources/app/out/vs/workbench/api/node/extensionHostProcess.js:112:11173)
	at /opt/visual-studio-code/resources/app/out/vs/workbench/api/node/extensionHostProcess.js:112:9157
	at Array.map (<anonymous>)
	at v.R (/opt/visual-studio-code/resources/app/out/vs/workbench/api/node/extensionHostProcess.js:112:9144)
	at v.terminate (/opt/visual-studio-code/resources/app/out/vs/workbench/api/node/extensionHostProcess.js:112:9415)
	at d.terminate (/opt/visual-studio-code/resources/app/out/vs/workbench/api/node/extensionHostProcess.js:116:1544)
	at g (/opt/visual-studio-code/resources/app/out/vs/workbench/api/node/extensionHostProcess.js:126:34439)
	at MessagePortMain.<anonymous> (/opt/visual-studio-code/resources/app/out/vs/workbench/api/node/extensionHostProcess.js:126:30578)
	at MessagePortMain.emit (node:events:513:28)
	at MessagePortMain._internalPort.emit (node:electron/js2c/utility_init:2:367) setContext undefined
2023-07-14 19:09:07.384 [error] Canceled: Canceled
	at new l (/opt/visual-studio-code/resources/app/out/vs/workbench/api/node/extensionHostProcess.js:98:104563)
	at a.O (/opt/visual-studio-code/resources/app/out/vs/workbench/api/node/extensionHostProcess.js:110:11657)
	at H.<computed>.V.charCodeAt.H.<computed> (/opt/visual-studio-code/resources/app/out/vs/workbench/api/node/extensionHostProcess.js:110:8947)
	at e.ExtHostCommands.g (/opt/visual-studio-code/resources/app/out/vs/workbench/api/node/extensionHostProcess.js:98:124729)
	at e.ExtHostCommands.executeCommand (/opt/visual-studio-code/resources/app/out/vs/workbench/api/node/extensionHostProcess.js:98:124105)
	at C.registerCommand.description (/opt/visual-studio-code/resources/app/out/vs/workbench/api/node/extensionHostProcess.js:98:123398)
	at e.ExtHostCommands.h (/opt/visual-studio-code/resources/app/out/vs/workbench/api/node/extensionHostProcess.js:98:125315)
	at e.ExtHostCommands.g (/opt/visual-studio-code/resources/app/out/vs/workbench/api/node/extensionHostProcess.js:98:124205)
	at e.ExtHostCommands.executeCommand (/opt/visual-studio-code/resources/app/out/vs/workbench/api/node/extensionHostProcess.js:98:124105)
	at Object.executeCommand (/opt/visual-studio-code/resources/app/out/vs/workbench/api/node/extensionHostProcess.js:116:24043)
	at Object.dispose (/home/diego/.vscode/extensions/wallabyjs.quokka-vscode-1.0.547/dist/index.js:6:72755)
	at /home/diego/.vscode/extensions/wallabyjs.quokka-vscode-1.0.547/dist/index.js:6:13143
	at Array.forEach (<anonymous>)
	at t.exports.dispose (/home/diego/.vscode/extensions/wallabyjs.quokka-vscode-1.0.547/dist/index.js:6:13130)
	at P.deactivate (/home/diego/.vscode/extensions/wallabyjs.quokka-vscode-1.0.547/dist/index.js:6:74022)
	at Object.dispose (/home/diego/.vscode/extensions/wallabyjs.quokka-vscode-1.0.547/dist/index.js:6:1096)
	at /home/diego/.vscode/extensions/wallabyjs.quokka-vscode-1.0.547/dist/index.js:6:13143
	at Array.forEach (<anonymous>)
	at t.exports.dispose (/home/diego/.vscode/extensions/wallabyjs.quokka-vscode-1.0.547/dist/index.js:6:13130)
	at h.deactivate (/home/diego/.vscode/extensions/wallabyjs.quokka-vscode-1.0.547/dist/index.js:6:3331)
	at Object.dispose (/home/diego/.vscode/extensions/wallabyjs.quokka-vscode-1.0.547/dist/index.js:6:3406)
	at T (/opt/visual-studio-code/resources/app/out/vs/workbench/api/node/extensionHostProcess.js:10:12080)
	at v.Y (/opt/visual-studio-code/resources/app/out/vs/workbench/api/node/extensionHostProcess.js:112:11173)
	at /opt/visual-studio-code/resources/app/out/vs/workbench/api/node/extensionHostProcess.js:112:9157
	at Array.map (<anonymous>)
	at v.R (/opt/visual-studio-code/resources/app/out/vs/workbench/api/node/extensionHostProcess.js:112:9144)
	at v.terminate (/opt/visual-studio-code/resources/app/out/vs/workbench/api/node/extensionHostProcess.js:112:9415)
	at d.terminate (/opt/visual-studio-code/resources/app/out/vs/workbench/api/node/extensionHostProcess.js:116:1544)
	at g (/opt/visual-studio-code/resources/app/out/vs/workbench/api/node/extensionHostProcess.js:126:34439)
	at MessagePortMain.<anonymous> (/opt/visual-studio-code/resources/app/out/vs/workbench/api/node/extensionHostProcess.js:126:30578)
	at MessagePortMain.emit (node:events:513:28)
	at MessagePortMain._internalPort.emit (node:electron/js2c/utility_init:2:367) setContext undefined
2023-07-14 19:09:07.393 [info] Extension host with pid 33074 exiting with code 0
2023-07-14 19:09:08.199 [info] Extension host with pid 33633 started
2023-07-14 19:09:08.199 [info] Skipping acquiring lock for /home/diego/.config/Code/User/workspaceStorage/10586d3f8895f48e5c6a4c5505008184.
2023-07-14 19:09:08.257 [info] ExtensionService#_doActivateExtension vscode.git-base, startup: true, activationEvent: '*'
2023-07-14 19:09:08.260 [info] ExtensionService#_doActivateExtension naumovs.color-highlight, startup: true, activationEvent: '*'
2023-07-14 19:09:08.267 [info] ExtensionService#_doActivateExtension WallabyJs.quokka-vscode, startup: true, activationEvent: '*'
2023-07-14 19:09:08.364 [info] ExtensionService#_doActivateExtension vscode.github, startup: true, activationEvent: '*'
2023-07-14 19:09:08.438 [info] Eager extensions activated
2023-07-14 19:09:08.469 [info] ExtensionService#_doActivateExtension vscode.debug-auto-launch, startup: false, activationEvent: 'onStartupFinished'
2023-07-14 19:09:08.471 [info] ExtensionService#_doActivateExtension vscode.merge-conflict, startup: false, activationEvent: 'onStartupFinished'
2023-07-14 19:09:08.478 [info] ExtensionService#_doActivateExtension eamodio.gitlens, startup: false, activationEvent: 'onStartupFinished'
2023-07-14 19:09:08.503 [info] ExtensionService#_doActivateExtension esbenp.prettier-vscode, startup: false, activationEvent: 'onStartupFinished'
2023-07-14 19:09:08.529 [info] ExtensionService#_doActivateExtension vscode.github-authentication, startup: false, activationEvent: 'onStartupFinished', root cause: GitHub.vscode-pull-request-github
2023-07-14 19:09:08.757 [info] ExtensionService#_doActivateExtension GitHub.vscode-pull-request-github, startup: false, activationEvent: 'onStartupFinished'
2023-07-14 19:09:08.845 [info] ExtensionService#_doActivateExtension vscode.microsoft-authentication, startup: false, activationEvent: 'onAuthenticationRequest:microsoft'
2023-07-14 19:09:12.159 [info] ExtensionService#_doActivateExtension vscode.git, startup: false, activationEvent: 'api', root cause: vscode.github
2023-07-14 19:09:12.192 [info] ExtensionService#_doActivateExtension ecmel.vscode-html-css, startup: false, activationEvent: '*'
2023-07-14 19:09:12.207 [info] ExtensionService#_doActivateExtension formulahendry.code-runner, startup: false, activationEvent: 'onStartupFinished'
2023-07-14 19:09:12.218 [info] ExtensionService#_doActivateExtension oderwat.indent-rainbow, startup: false, activationEvent: '*'
2023-07-14 19:09:12.219 [info] ExtensionService#_doActivateExtension ritwickdey.LiveServer, startup: false, activationEvent: 'onStartupFinished'
2023-07-14 19:09:12.248 [info] ExtensionService#_doActivateExtension iterative.dvc, startup: false, activationEvent: 'onStartupFinished'
2023-07-14 19:09:12.302 [info] ExtensionService#_doActivateExtension ms-python.python, startup: false, activationEvent: 'api', root cause: iterative.dvc
2023-07-14 19:09:12.406 [info] ExtensionService#_doActivateExtension ms-python.vscode-pylance, startup: false, activationEvent: 'api', root cause: ms-python.python
2023-07-14 19:09:17.472 [info] ExtensionService#_doActivateExtension vscode.emmet, startup: false, activationEvent: 'onLanguage'
2023-07-14 19:09:27.804 [info] ExtensionService#_doActivateExtension vscode.npm, startup: false, activationEvent: 'onTerminalQuickFixRequest:ms-vscode.npm-command'
2023-07-14 19:09:28.646 [info] ExtensionService#_doActivateExtension vscode.grunt, startup: false, activationEvent: 'onTaskType:grunt'
2023-07-14 19:09:28.647 [info] ExtensionService#_doActivateExtension vscode.gulp, startup: false, activationEvent: 'onTaskType:gulp'
2023-07-14 19:09:28.649 [info] ExtensionService#_doActivateExtension vscode.jake, startup: false, activationEvent: 'onTaskType:jake'
2023-07-14 19:09:28.650 [info] ExtensionService#_doActivateExtension vscode.typescript-language-features, startup: false, activationEvent: 'onTaskType:typescript'
2023-07-14 19:09:28.661 [info] ExtensionService#_doActivateExtension ms-vscode.live-server, startup: false, activationEvent: 'onTaskType:Live Preview'
2023-07-14 19:12:02.709 [warning] TextEditor is closed/disposed
2023-07-14 19:12:10.762 [warning] TextEditor is closed/disposed
2023-07-14 19:14:23.693 [warning] TextEditor is closed/disposed
2023-07-14 19:14:40.131 [warning] TextEditor is closed/disposed
2023-07-14 19:14:41.810 [warning] TextEditor is closed/disposed
2023-07-14 19:14:43.497 [warning] TextEditor is closed/disposed
2023-07-14 19:14:45.708 [warning] TextEditor is closed/disposed
2023-07-14 19:14:47.499 [warning] TextEditor is closed/disposed
2023-07-14 19:14:51.490 [warning] TextEditor is closed/disposed
2023-07-14 19:14:56.429 [warning] TextEditor is closed/disposed
2023-07-14 19:16:08.597 [warning] TextEditor is closed/disposed
2023-07-14 19:16:14.108 [warning] TextEditor is closed/disposed
2023-07-14 19:16:17.997 [warning] TextEditor is closed/disposed
2023-07-14 19:16:20.336 [warning] TextEditor is closed/disposed
2023-07-14 19:16:21.463 [warning] TextEditor is closed/disposed
2023-07-14 19:16:24.769 [warning] TextEditor is closed/disposed
2023-07-14 19:16:36.656 [warning] TextEditor is closed/disposed
2023-07-14 19:16:37.044 [warning] TextEditor is closed/disposed
2023-07-14 19:16:37.634 [warning] TextEditor is closed/disposed
2023-07-14 19:16:38.252 [warning] TextEditor is closed/disposed
2023-07-14 19:16:38.771 [warning] TextEditor is closed/disposed
2023-07-14 19:16:39.594 [warning] TextEditor is closed/disposed
2023-07-14 19:16:40.043 [warning] TextEditor is closed/disposed
2023-07-14 19:16:47.228 [warning] TextEditor is closed/disposed
2023-07-14 19:16:47.255 [info] ExtensionService#_doActivateExtension vscode.media-preview, startup: false, activationEvent: 'onCustomEditor:imagePreview.previewEditor'
2023-07-14 19:23:01.307 [warning] TextEditor is closed/disposed
2023-07-14 19:23:52.469 [warning] TextEditor is closed/disposed
2023-07-14 19:23:54.376 [warning] TextEditor is closed/disposed
2023-07-14 19:24:59.885 [warning] TextEditor is closed/disposed
2023-07-14 19:26:02.385 [warning] TextEditor is closed/disposed
2023-07-14 19:33:27.555 [info] Extension host terminating: renderer closed the MessagePort
2023-07-14 19:33:27.612 [error] Canceled: Canceled
	at new l (/opt/visual-studio-code/resources/app/out/vs/workbench/api/node/extensionHostProcess.js:98:104563)
	at a.O (/opt/visual-studio-code/resources/app/out/vs/workbench/api/node/extensionHostProcess.js:110:11657)
	at H.<computed>.V.charCodeAt.H.<computed> (/opt/visual-studio-code/resources/app/out/vs/workbench/api/node/extensionHostProcess.js:110:8947)
	at e.ExtHostCommands.g (/opt/visual-studio-code/resources/app/out/vs/workbench/api/node/extensionHostProcess.js:98:124729)
	at e.ExtHostCommands.executeCommand (/opt/visual-studio-code/resources/app/out/vs/workbench/api/node/extensionHostProcess.js:98:124105)
	at C.registerCommand.description (/opt/visual-studio-code/resources/app/out/vs/workbench/api/node/extensionHostProcess.js:98:123398)
	at e.ExtHostCommands.h (/opt/visual-studio-code/resources/app/out/vs/workbench/api/node/extensionHostProcess.js:98:125315)
	at e.ExtHostCommands.g (/opt/visual-studio-code/resources/app/out/vs/workbench/api/node/extensionHostProcess.js:98:124205)
	at e.ExtHostCommands.executeCommand (/opt/visual-studio-code/resources/app/out/vs/workbench/api/node/extensionHostProcess.js:98:124105)
	at Object.executeCommand (/opt/visual-studio-code/resources/app/out/vs/workbench/api/node/extensionHostProcess.js:116:24043)
	at D (/opt/visual-studio-code/resources/app/extensions/git/dist/main.js:2:1259661)
	at v.invoke (/opt/visual-studio-code/resources/app/out/vs/workbench/api/node/extensionHostProcess.js:63:145)
	at h.deliver (/opt/visual-studio-code/resources/app/out/vs/workbench/api/node/extensionHostProcess.js:63:2121)
	at i.fire (/opt/visual-studio-code/resources/app/out/vs/workbench/api/node/extensionHostProcess.js:63:1729)
	at Object.m [as dispose] (/opt/visual-studio-code/resources/app/extensions/git/dist/main.js:2:1274494)
	at /opt/visual-studio-code/resources/app/extensions/git/dist/main.js:2:1278940
	at Array.forEach (<anonymous>)
	at g.dispose (/opt/visual-studio-code/resources/app/extensions/git/dist/main.js:2:1278926)
	at t.<anonymous> (/opt/visual-studio-code/resources/app/out/vs/workbench/api/node/extensionHostProcess.js:96:12369)
	at t.dispose (/opt/visual-studio-code/resources/app/out/vs/workbench/api/node/extensionHostProcess.js:96:12504)
	at t.<anonymous> (/opt/visual-studio-code/resources/app/extensions/git/dist/main.js:2:1261791)
	at t.dispose (/opt/visual-studio-code/resources/app/out/vs/workbench/api/node/extensionHostProcess.js:96:12504)
	at T (/opt/visual-studio-code/resources/app/out/vs/workbench/api/node/extensionHostProcess.js:10:12080)
	at v.Y (/opt/visual-studio-code/resources/app/out/vs/workbench/api/node/extensionHostProcess.js:112:11173)
	at /opt/visual-studio-code/resources/app/out/vs/workbench/api/node/extensionHostProcess.js:112:9157
	at Array.map (<anonymous>)
	at v.R (/opt/visual-studio-code/resources/app/out/vs/workbench/api/node/extensionHostProcess.js:112:9144)
	at v.terminate (/opt/visual-studio-code/resources/app/out/vs/workbench/api/node/extensionHostProcess.js:112:9415)
	at d.terminate (/opt/visual-studio-code/resources/app/out/vs/workbench/api/node/extensionHostProcess.js:116:1544)
	at g (/opt/visual-studio-code/resources/app/out/vs/workbench/api/node/extensionHostProcess.js:126:34439)
	at MessagePortMain.<anonymous> (/opt/visual-studio-code/resources/app/out/vs/workbench/api/node/extensionHostProcess.js:126:30578)
	at MessagePortMain.emit (node:events:513:28)
	at MessagePortMain._internalPort.emit (node:electron/js2c/utility_init:2:367) setContext undefined
2023-07-14 19:33:27.612 [error] Canceled: Canceled
	at new l (/opt/visual-studio-code/resources/app/out/vs/workbench/api/node/extensionHostProcess.js:98:104563)
	at a.O (/opt/visual-studio-code/resources/app/out/vs/workbench/api/node/extensionHostProcess.js:110:11657)
	at H.<computed>.V.charCodeAt.H.<computed> (/opt/visual-studio-code/resources/app/out/vs/workbench/api/node/extensionHostProcess.js:110:8947)
	at e.ExtHostCommands.g (/opt/visual-studio-code/resources/app/out/vs/workbench/api/node/extensionHostProcess.js:98:124729)
	at e.ExtHostCommands.executeCommand (/opt/visual-studio-code/resources/app/out/vs/workbench/api/node/extensionHostProcess.js:98:124105)
	at C.registerCommand.description (/opt/visual-studio-code/resources/app/out/vs/workbench/api/node/extensionHostProcess.js:98:123398)
	at e.ExtHostCommands.h (/opt/visual-studio-code/resources/app/out/vs/workbench/api/node/extensionHostProcess.js:98:125315)
	at e.ExtHostCommands.g (/opt/visual-studio-code/resources/app/out/vs/workbench/api/node/extensionHostProcess.js:98:124205)
	at e.ExtHostCommands.executeCommand (/opt/visual-studio-code/resources/app/out/vs/workbench/api/node/extensionHostProcess.js:98:124105)
	at Object.executeCommand (/opt/visual-studio-code/resources/app/out/vs/workbench/api/node/extensionHostProcess.js:116:24043)
	at e (/home/diego/.vscode/extensions/github.vscode-pull-request-github-0.64.0/dist/extension.js:1680:1339)
	at Object.n [as setContext] (/home/diego/.vscode/extensions/github.vscode-pull-request-github-0.64.0/dist/extension.js:1680:1454)
	at Kc.updateActiveReviewCount (/home/diego/.vscode/extensions/github.vscode-pull-request-github-0.64.0/dist/extension.js:1793:22178)
	at Kc.removeRepo (/home/diego/.vscode/extensions/github.vscode-pull-request-github-0.64.0/dist/extension.js:1793:23255)
	at /home/diego/.vscode/extensions/github.vscode-pull-request-github-0.64.0/dist/extension.js:1839:4079
	at v.invoke (/opt/visual-studio-code/resources/app/out/vs/workbench/api/node/extensionHostProcess.js:63:145)
	at h.deliver (/opt/visual-studio-code/resources/app/out/vs/workbench/api/node/extensionHostProcess.js:63:2121)
	at i.fire (/opt/visual-studio-code/resources/app/out/vs/workbench/api/node/extensionHostProcess.js:63:1729)
	at /home/diego/.vscode/extensions/github.vscode-pull-request-github-0.64.0/dist/extension.js:1649:461548
	at v.invoke (/opt/visual-studio-code/resources/app/out/vs/workbench/api/node/extensionHostProcess.js:63:145)
	at h.deliver (/opt/visual-studio-code/resources/app/out/vs/workbench/api/node/extensionHostProcess.js:63:2121)
	at i.fire (/opt/visual-studio-code/resources/app/out/vs/workbench/api/node/extensionHostProcess.js:63:1729)
	at /home/diego/.vscode/extensions/github.vscode-pull-request-github-0.64.0/dist/extension.js:1793:26725
	at /opt/visual-studio-code/resources/app/extensions/git/dist/main.js:2:1346724
	at v.invoke (/opt/visual-studio-code/resources/app/out/vs/workbench/api/node/extensionHostProcess.js:63:145)
	at h.deliver (/opt/visual-studio-code/resources/app/out/vs/workbench/api/node/extensionHostProcess.js:63:2121)
	at i.fire (/opt/visual-studio-code/resources/app/out/vs/workbench/api/node/extensionHostProcess.js:63:1729)
	at Object.m [as dispose] (/opt/visual-studio-code/resources/app/extensions/git/dist/main.js:2:1274494)
	at /opt/visual-studio-code/resources/app/extensions/git/dist/main.js:2:1278940
	at Array.forEach (<anonymous>)
	at g.dispose (/opt/visual-studio-code/resources/app/extensions/git/dist/main.js:2:1278926)
	at t.<anonymous> (/opt/visual-studio-code/resources/app/out/vs/workbench/api/node/extensionHostProcess.js:96:12369)
	at t.dispose (/opt/visual-studio-code/resources/app/out/vs/workbench/api/node/extensionHostProcess.js:96:12504)
	at t.<anonymous> (/opt/visual-studio-code/resources/app/extensions/git/dist/main.js:2:1261791)
	at t.dispose (/opt/visual-studio-code/resources/app/out/vs/workbench/api/node/extensionHostProcess.js:96:12504)
	at T (/opt/visual-studio-code/resources/app/out/vs/workbench/api/node/extensionHostProcess.js:10:12080)
	at v.Y (/opt/visual-studio-code/resources/app/out/vs/workbench/api/node/extensionHostProcess.js:112:11173)
	at /opt/visual-studio-code/resources/app/out/vs/workbench/api/node/extensionHostProcess.js:112:9157
	at Array.map (<anonymous>)
	at v.R (/opt/visual-studio-code/resources/app/out/vs/workbench/api/node/extensionHostProcess.js:112:9144)
	at v.terminate (/opt/visual-studio-code/resources/app/out/vs/workbench/api/node/extensionHostProcess.js:112:9415)
	at d.terminate (/opt/visual-studio-code/resources/app/out/vs/workbench/api/node/extensionHostProcess.js:116:1544)
	at g (/opt/visual-studio-code/resources/app/out/vs/workbench/api/node/extensionHostProcess.js:126:34439)
	at MessagePortMain.<anonymous> (/opt/visual-studio-code/resources/app/out/vs/workbench/api/node/extensionHostProcess.js:126:30578)
	at MessagePortMain.emit (node:events:513:28)
	at MessagePortMain._internalPort.emit (node:electron/js2c/utility_init:2:367) setContext undefined
2023-07-14 19:33:27.612 [error] Canceled: Canceled
	at new l (/opt/visual-studio-code/resources/app/out/vs/workbench/api/node/extensionHostProcess.js:98:104563)
	at a.O (/opt/visual-studio-code/resources/app/out/vs/workbench/api/node/extensionHostProcess.js:110:11657)
	at H.<computed>.V.charCodeAt.H.<computed> (/opt/visual-studio-code/resources/app/out/vs/workbench/api/node/extensionHostProcess.js:110:8947)
	at e.ExtHostCommands.g (/opt/visual-studio-code/resources/app/out/vs/workbench/api/node/extensionHostProcess.js:98:124729)
	at e.ExtHostCommands.executeCommand (/opt/visual-studio-code/resources/app/out/vs/workbench/api/node/extensionHostProcess.js:98:124105)
	at C.registerCommand.description (/opt/visual-studio-code/resources/app/out/vs/workbench/api/node/extensionHostProcess.js:98:123398)
	at e.ExtHostCommands.h (/opt/visual-studio-code/resources/app/out/vs/workbench/api/node/extensionHostProcess.js:98:125315)
	at e.ExtHostCommands.g (/opt/visual-studio-code/resources/app/out/vs/workbench/api/node/extensionHostProcess.js:98:124205)
	at e.ExtHostCommands.executeCommand (/opt/visual-studio-code/resources/app/out/vs/workbench/api/node/extensionHostProcess.js:98:124105)
	at Object.executeCommand (/opt/visual-studio-code/resources/app/out/vs/workbench/api/node/extensionHostProcess.js:116:24043)
	at g (/home/diego/.vscode/extensions/eamodio.gitlens-14.1.0/dist/gitlens.js:1:940377)
	at c (/home/diego/.vscode/extensions/eamodio.gitlens-14.1.0/dist/gitlens.js:1:945018)
	at ActionRunners._updateContextKeys (/home/diego/.vscode/extensions/eamodio.gitlens-14.1.0/dist/gitlens.js:1:37756)
	at s (/home/diego/.vscode/extensions/eamodio.gitlens-14.1.0/dist/gitlens.js:1:36175)
	at RegisteredActionRunner.unregister (/home/diego/.vscode/extensions/eamodio.gitlens-14.1.0/dist/gitlens.js:1:36319)
	at RegisteredActionRunner.dispose (/home/diego/.vscode/extensions/eamodio.gitlens-14.1.0/dist/gitlens.js:1:34984)
	at ActionRunners.dispose (/home/diego/.vscode/extensions/eamodio.gitlens-14.1.0/dist/gitlens.js:1:35761)
	at /home/diego/.vscode/extensions/eamodio.gitlens-14.1.0/dist/gitlens.js:1:669832
	at Array.forEach (<anonymous>)
	at Object.dispose (/home/diego/.vscode/extensions/eamodio.gitlens-14.1.0/dist/gitlens.js:1:669817)
	at T (/opt/visual-studio-code/resources/app/out/vs/workbench/api/node/extensionHostProcess.js:10:12080)
	at v.Y (/opt/visual-studio-code/resources/app/out/vs/workbench/api/node/extensionHostProcess.js:112:11173)
	at /opt/visual-studio-code/resources/app/out/vs/workbench/api/node/extensionHostProcess.js:112:9157
	at Array.map (<anonymous>)
	at v.R (/opt/visual-studio-code/resources/app/out/vs/workbench/api/node/extensionHostProcess.js:112:9144)
	at v.terminate (/opt/visual-studio-code/resources/app/out/vs/workbench/api/node/extensionHostProcess.js:112:9415)
	at d.terminate (/opt/visual-studio-code/resources/app/out/vs/workbench/api/node/extensionHostProcess.js:116:1544)
	at g (/opt/visual-studio-code/resources/app/out/vs/workbench/api/node/extensionHostProcess.js:126:34439)
	at MessagePortMain.<anonymous> (/opt/visual-studio-code/resources/app/out/vs/workbench/api/node/extensionHostProcess.js:126:30578)
	at MessagePortMain.emit (node:events:513:28)
	at MessagePortMain._internalPort.emit (node:electron/js2c/utility_init:2:367) setContext undefined
2023-07-14 19:33:27.612 [error] Canceled: Canceled
	at new l (/opt/visual-studio-code/resources/app/out/vs/workbench/api/node/extensionHostProcess.js:98:104563)
	at a.O (/opt/visual-studio-code/resources/app/out/vs/workbench/api/node/extensionHostProcess.js:110:11657)
	at H.<computed>.V.charCodeAt.H.<computed> (/opt/visual-studio-code/resources/app/out/vs/workbench/api/node/extensionHostProcess.js:110:8947)
	at e.ExtHostCommands.g (/opt/visual-studio-code/resources/app/out/vs/workbench/api/node/extensionHostProcess.js:98:124729)
	at e.ExtHostCommands.executeCommand (/opt/visual-studio-code/resources/app/out/vs/workbench/api/node/extensionHostProcess.js:98:124105)
	at C.registerCommand.description (/opt/visual-studio-code/resources/app/out/vs/workbench/api/node/extensionHostProcess.js:98:123398)
	at e.ExtHostCommands.h (/opt/visual-studio-code/resources/app/out/vs/workbench/api/node/extensionHostProcess.js:98:125315)
	at e.ExtHostCommands.g (/opt/visual-studio-code/resources/app/out/vs/workbench/api/node/extensionHostProcess.js:98:124205)
	at e.ExtHostCommands.executeCommand (/opt/visual-studio-code/resources/app/out/vs/workbench/api/node/extensionHostProcess.js:98:124105)
	at Object.executeCommand (/opt/visual-studio-code/resources/app/out/vs/workbench/api/node/extensionHostProcess.js:116:24043)
	at g (/home/diego/.vscode/extensions/eamodio.gitlens-14.1.0/dist/gitlens.js:1:940377)
	at c (/home/diego/.vscode/extensions/eamodio.gitlens-14.1.0/dist/gitlens.js:1:945018)
	at ActionRunners._updateContextKeys (/home/diego/.vscode/extensions/eamodio.gitlens-14.1.0/dist/gitlens.js:1:37756)
	at s (/home/diego/.vscode/extensions/eamodio.gitlens-14.1.0/dist/gitlens.js:1:36175)
	at RegisteredActionRunner.unregister (/home/diego/.vscode/extensions/eamodio.gitlens-14.1.0/dist/gitlens.js:1:36319)
	at RegisteredActionRunner.dispose (/home/diego/.vscode/extensions/eamodio.gitlens-14.1.0/dist/gitlens.js:1:34984)
	at ActionRunners.dispose (/home/diego/.vscode/extensions/eamodio.gitlens-14.1.0/dist/gitlens.js:1:35761)
	at /home/diego/.vscode/extensions/eamodio.gitlens-14.1.0/dist/gitlens.js:1:669832
	at Array.forEach (<anonymous>)
	at Object.dispose (/home/diego/.vscode/extensions/eamodio.gitlens-14.1.0/dist/gitlens.js:1:669817)
	at T (/opt/visual-studio-code/resources/app/out/vs/workbench/api/node/extensionHostProcess.js:10:12080)
	at v.Y (/opt/visual-studio-code/resources/app/out/vs/workbench/api/node/extensionHostProcess.js:112:11173)
	at /opt/visual-studio-code/resources/app/out/vs/workbench/api/node/extensionHostProcess.js:112:9157
	at Array.map (<anonymous>)
	at v.R (/opt/visual-studio-code/resources/app/out/vs/workbench/api/node/extensionHostProcess.js:112:9144)
	at v.terminate (/opt/visual-studio-code/resources/app/out/vs/workbench/api/node/extensionHostProcess.js:112:9415)
	at d.terminate (/opt/visual-studio-code/resources/app/out/vs/workbench/api/node/extensionHostProcess.js:116:1544)
	at g (/opt/visual-studio-code/resources/app/out/vs/workbench/api/node/extensionHostProcess.js:126:34439)
	at MessagePortMain.<anonymous> (/opt/visual-studio-code/resources/app/out/vs/workbench/api/node/extensionHostProcess.js:126:30578)
	at MessagePortMain.emit (node:events:513:28)
	at MessagePortMain._internalPort.emit (node:electron/js2c/utility_init:2:367) setContext undefined
2023-07-14 19:33:27.612 [error] Canceled: Canceled
	at new l (/opt/visual-studio-code/resources/app/out/vs/workbench/api/node/extensionHostProcess.js:98:104563)
	at a.O (/opt/visual-studio-code/resources/app/out/vs/workbench/api/node/extensionHostProcess.js:110:11657)
	at H.<computed>.V.charCodeAt.H.<computed> (/opt/visual-studio-code/resources/app/out/vs/workbench/api/node/extensionHostProcess.js:110:8947)
	at e.ExtHostCommands.g (/opt/visual-studio-code/resources/app/out/vs/workbench/api/node/extensionHostProcess.js:98:124729)
	at e.ExtHostCommands.executeCommand (/opt/visual-studio-code/resources/app/out/vs/workbench/api/node/extensionHostProcess.js:98:124105)
	at C.registerCommand.description (/opt/visual-studio-code/resources/app/out/vs/workbench/api/node/extensionHostProcess.js:98:123398)
	at e.ExtHostCommands.h (/opt/visual-studio-code/resources/app/out/vs/workbench/api/node/extensionHostProcess.js:98:125315)
	at e.ExtHostCommands.g (/opt/visual-studio-code/resources/app/out/vs/workbench/api/node/extensionHostProcess.js:98:124205)
	at e.ExtHostCommands.executeCommand (/opt/visual-studio-code/resources/app/out/vs/workbench/api/node/extensionHostProcess.js:98:124105)
	at Object.executeCommand (/opt/visual-studio-code/resources/app/out/vs/workbench/api/node/extensionHostProcess.js:116:24043)
	at g (/home/diego/.vscode/extensions/eamodio.gitlens-14.1.0/dist/gitlens.js:1:940377)
	at c (/home/diego/.vscode/extensions/eamodio.gitlens-14.1.0/dist/gitlens.js:1:945018)
	at ActionRunners._updateContextKeys (/home/diego/.vscode/extensions/eamodio.gitlens-14.1.0/dist/gitlens.js:1:37756)
	at s (/home/diego/.vscode/extensions/eamodio.gitlens-14.1.0/dist/gitlens.js:1:36175)
	at RegisteredActionRunner.unregister (/home/diego/.vscode/extensions/eamodio.gitlens-14.1.0/dist/gitlens.js:1:36319)
	at RegisteredActionRunner.dispose (/home/diego/.vscode/extensions/eamodio.gitlens-14.1.0/dist/gitlens.js:1:34984)
	at Object.dispose (/home/diego/.vscode/extensions/eamodio.gitlens-14.1.0/dist/gitlens.js:1:36416)
	at T (/opt/visual-studio-code/resources/app/out/vs/workbench/api/node/extensionHostProcess.js:10:12080)
	at v.Y (/opt/visual-studio-code/resources/app/out/vs/workbench/api/node/extensionHostProcess.js:112:11173)
	at /opt/visual-studio-code/resources/app/out/vs/workbench/api/node/extensionHostProcess.js:112:9157
	at Array.map (<anonymous>)
	at v.R (/opt/visual-studio-code/resources/app/out/vs/workbench/api/node/extensionHostProcess.js:112:9144)
	at v.terminate (/opt/visual-studio-code/resources/app/out/vs/workbench/api/node/extensionHostProcess.js:112:9415)
	at d.terminate (/opt/visual-studio-code/resources/app/out/vs/workbench/api/node/extensionHostProcess.js:116:1544)
	at g (/opt/visual-studio-code/resources/app/out/vs/workbench/api/node/extensionHostProcess.js:126:34439)
	at MessagePortMain.<anonymous> (/opt/visual-studio-code/resources/app/out/vs/workbench/api/node/extensionHostProcess.js:126:30578)
	at MessagePortMain.emit (node:events:513:28)
	at MessagePortMain._internalPort.emit (node:electron/js2c/utility_init:2:367) setContext undefined
2023-07-14 19:33:27.612 [error] Canceled: Canceled
	at new l (/opt/visual-studio-code/resources/app/out/vs/workbench/api/node/extensionHostProcess.js:98:104563)
	at a.O (/opt/visual-studio-code/resources/app/out/vs/workbench/api/node/extensionHostProcess.js:110:11657)
	at H.<computed>.V.charCodeAt.H.<computed> (/opt/visual-studio-code/resources/app/out/vs/workbench/api/node/extensionHostProcess.js:110:8947)
	at e.ExtHostCommands.g (/opt/visual-studio-code/resources/app/out/vs/workbench/api/node/extensionHostProcess.js:98:124729)
	at e.ExtHostCommands.executeCommand (/opt/visual-studio-code/resources/app/out/vs/workbench/api/node/extensionHostProcess.js:98:124105)
	at C.registerCommand.description (/opt/visual-studio-code/resources/app/out/vs/workbench/api/node/extensionHostProcess.js:98:123398)
	at e.ExtHostCommands.h (/opt/visual-studio-code/resources/app/out/vs/workbench/api/node/extensionHostProcess.js:98:125315)
	at e.ExtHostCommands.g (/opt/visual-studio-code/resources/app/out/vs/workbench/api/node/extensionHostProcess.js:98:124205)
	at e.ExtHostCommands.executeCommand (/opt/visual-studio-code/resources/app/out/vs/workbench/api/node/extensionHostProcess.js:98:124105)
	at Object.executeCommand (/opt/visual-studio-code/resources/app/out/vs/workbench/api/node/extensionHostProcess.js:116:24043)
	at g (/home/diego/.vscode/extensions/eamodio.gitlens-14.1.0/dist/gitlens.js:1:940377)
	at c (/home/diego/.vscode/extensions/eamodio.gitlens-14.1.0/dist/gitlens.js:1:945018)
	at ActionRunners._updateContextKeys (/home/diego/.vscode/extensions/eamodio.gitlens-14.1.0/dist/gitlens.js:1:37756)
	at s (/home/diego/.vscode/extensions/eamodio.gitlens-14.1.0/dist/gitlens.js:1:36175)
	at RegisteredActionRunner.unregister (/home/diego/.vscode/extensions/eamodio.gitlens-14.1.0/dist/gitlens.js:1:36319)
	at RegisteredActionRunner.dispose (/home/diego/.vscode/extensions/eamodio.gitlens-14.1.0/dist/gitlens.js:1:34984)
	at Object.dispose (/home/diego/.vscode/extensions/eamodio.gitlens-14.1.0/dist/gitlens.js:1:36416)
	at T (/opt/visual-studio-code/resources/app/out/vs/workbench/api/node/extensionHostProcess.js:10:12080)
	at v.Y (/opt/visual-studio-code/resources/app/out/vs/workbench/api/node/extensionHostProcess.js:112:11173)
	at /opt/visual-studio-code/resources/app/out/vs/workbench/api/node/extensionHostProcess.js:112:9157
	at Array.map (<anonymous>)
	at v.R (/opt/visual-studio-code/resources/app/out/vs/workbench/api/node/extensionHostProcess.js:112:9144)
	at v.terminate (/opt/visual-studio-code/resources/app/out/vs/workbench/api/node/extensionHostProcess.js:112:9415)
	at d.terminate (/opt/visual-studio-code/resources/app/out/vs/workbench/api/node/extensionHostProcess.js:116:1544)
	at g (/opt/visual-studio-code/resources/app/out/vs/workbench/api/node/extensionHostProcess.js:126:34439)
	at MessagePortMain.<anonymous> (/opt/visual-studio-code/resources/app/out/vs/workbench/api/node/extensionHostProcess.js:126:30578)
	at MessagePortMain.emit (node:events:513:28)
	at MessagePortMain._internalPort.emit (node:electron/js2c/utility_init:2:367) setContext undefined
2023-07-14 19:33:27.612 [error] Canceled: Canceled
	at new l (/opt/visual-studio-code/resources/app/out/vs/workbench/api/node/extensionHostProcess.js:98:104563)
	at a.O (/opt/visual-studio-code/resources/app/out/vs/workbench/api/node/extensionHostProcess.js:110:11657)
	at H.<computed>.V.charCodeAt.H.<computed> (/opt/visual-studio-code/resources/app/out/vs/workbench/api/node/extensionHostProcess.js:110:8947)
	at e.ExtHostCommands.g (/opt/visual-studio-code/resources/app/out/vs/workbench/api/node/extensionHostProcess.js:98:124729)
	at e.ExtHostCommands.executeCommand (/opt/visual-studio-code/resources/app/out/vs/workbench/api/node/extensionHostProcess.js:98:124105)
	at C.registerCommand.description (/opt/visual-studio-code/resources/app/out/vs/workbench/api/node/extensionHostProcess.js:98:123398)
	at e.ExtHostCommands.h (/opt/visual-studio-code/resources/app/out/vs/workbench/api/node/extensionHostProcess.js:98:125315)
	at e.ExtHostCommands.g (/opt/visual-studio-code/resources/app/out/vs/workbench/api/node/extensionHostProcess.js:98:124205)
	at e.ExtHostCommands.executeCommand (/opt/visual-studio-code/resources/app/out/vs/workbench/api/node/extensionHostProcess.js:98:124105)
	at Object.executeCommand (/opt/visual-studio-code/resources/app/out/vs/workbench/api/node/extensionHostProcess.js:116:24043)
	at g (/home/diego/.vscode/extensions/eamodio.gitlens-14.1.0/dist/gitlens.js:1:940377)
	at c (/home/diego/.vscode/extensions/eamodio.gitlens-14.1.0/dist/gitlens.js:1:945018)
	at ActionRunners._updateContextKeys (/home/diego/.vscode/extensions/eamodio.gitlens-14.1.0/dist/gitlens.js:1:37756)
	at s (/home/diego/.vscode/extensions/eamodio.gitlens-14.1.0/dist/gitlens.js:1:36175)
	at RegisteredActionRunner.unregister (/home/diego/.vscode/extensions/eamodio.gitlens-14.1.0/dist/gitlens.js:1:36319)
	at RegisteredActionRunner.dispose (/home/diego/.vscode/extensions/eamodio.gitlens-14.1.0/dist/gitlens.js:1:34984)
	at Object.dispose (/home/diego/.vscode/extensions/eamodio.gitlens-14.1.0/dist/gitlens.js:1:36416)
	at T (/opt/visual-studio-code/resources/app/out/vs/workbench/api/node/extensionHostProcess.js:10:12080)
	at v.Y (/opt/visual-studio-code/resources/app/out/vs/workbench/api/node/extensionHostProcess.js:112:11173)
	at /opt/visual-studio-code/resources/app/out/vs/workbench/api/node/extensionHostProcess.js:112:9157
	at Array.map (<anonymous>)
	at v.R (/opt/visual-studio-code/resources/app/out/vs/workbench/api/node/extensionHostProcess.js:112:9144)
	at v.terminate (/opt/visual-studio-code/resources/app/out/vs/workbench/api/node/extensionHostProcess.js:112:9415)
	at d.terminate (/opt/visual-studio-code/resources/app/out/vs/workbench/api/node/extensionHostProcess.js:116:1544)
	at g (/opt/visual-studio-code/resources/app/out/vs/workbench/api/node/extensionHostProcess.js:126:34439)
	at MessagePortMain.<anonymous> (/opt/visual-studio-code/resources/app/out/vs/workbench/api/node/extensionHostProcess.js:126:30578)
	at MessagePortMain.emit (node:events:513:28)
	at MessagePortMain._internalPort.emit (node:electron/js2c/utility_init:2:367) setContext undefined
2023-07-14 19:33:27.613 [error] Canceled: Canceled
	at new l (/opt/visual-studio-code/resources/app/out/vs/workbench/api/node/extensionHostProcess.js:98:104563)
	at a.O (/opt/visual-studio-code/resources/app/out/vs/workbench/api/node/extensionHostProcess.js:110:11657)
	at H.<computed>.V.charCodeAt.H.<computed> (/opt/visual-studio-code/resources/app/out/vs/workbench/api/node/extensionHostProcess.js:110:8947)
	at e.ExtHostCommands.g (/opt/visual-studio-code/resources/app/out/vs/workbench/api/node/extensionHostProcess.js:98:124729)
	at e.ExtHostCommands.executeCommand (/opt/visual-studio-code/resources/app/out/vs/workbench/api/node/extensionHostProcess.js:98:124105)
	at C.registerCommand.description (/opt/visual-studio-code/resources/app/out/vs/workbench/api/node/extensionHostProcess.js:98:123398)
	at e.ExtHostCommands.h (/opt/visual-studio-code/resources/app/out/vs/workbench/api/node/extensionHostProcess.js:98:125315)
	at e.ExtHostCommands.g (/opt/visual-studio-code/resources/app/out/vs/workbench/api/node/extensionHostProcess.js:98:124205)
	at e.ExtHostCommands.executeCommand (/opt/visual-studio-code/resources/app/out/vs/workbench/api/node/extensionHostProcess.js:98:124105)
	at Object.executeCommand (/opt/visual-studio-code/resources/app/out/vs/workbench/api/node/extensionHostProcess.js:116:24043)
	at Sg.reset (/home/diego/.vscode/extensions/github.vscode-pull-request-github-0.64.0/dist/extension.js:1826:2501)
	at Sg.dispose (/home/diego/.vscode/extensions/github.vscode-pull-request-github-0.64.0/dist/extension.js:1826:2740)
	at T (/opt/visual-studio-code/resources/app/out/vs/workbench/api/node/extensionHostProcess.js:10:12080)
	at v.Y (/opt/visual-studio-code/resources/app/out/vs/workbench/api/node/extensionHostProcess.js:112:11173)
	at /opt/visual-studio-code/resources/app/out/vs/workbench/api/node/extensionHostProcess.js:112:9157
	at Array.map (<anonymous>)
	at v.R (/opt/visual-studio-code/resources/app/out/vs/workbench/api/node/extensionHostProcess.js:112:9144)
	at v.terminate (/opt/visual-studio-code/resources/app/out/vs/workbench/api/node/extensionHostProcess.js:112:9415)
	at d.terminate (/opt/visual-studio-code/resources/app/out/vs/workbench/api/node/extensionHostProcess.js:116:1544)
	at g (/opt/visual-studio-code/resources/app/out/vs/workbench/api/node/extensionHostProcess.js:126:34439)
	at MessagePortMain.<anonymous> (/opt/visual-studio-code/resources/app/out/vs/workbench/api/node/extensionHostProcess.js:126:30578)
	at MessagePortMain.emit (node:events:513:28)
	at MessagePortMain._internalPort.emit (node:electron/js2c/utility_init:2:367) setContext undefined
2023-07-14 19:33:27.613 [error] Canceled: Canceled
	at new l (/opt/visual-studio-code/resources/app/out/vs/workbench/api/node/extensionHostProcess.js:98:104563)
	at a.O (/opt/visual-studio-code/resources/app/out/vs/workbench/api/node/extensionHostProcess.js:110:11657)
	at H.<computed>.V.charCodeAt.H.<computed> (/opt/visual-studio-code/resources/app/out/vs/workbench/api/node/extensionHostProcess.js:110:8947)
	at e.ExtHostCommands.g (/opt/visual-studio-code/resources/app/out/vs/workbench/api/node/extensionHostProcess.js:98:124729)
	at e.ExtHostCommands.executeCommand (/opt/visual-studio-code/resources/app/out/vs/workbench/api/node/extensionHostProcess.js:98:124105)
	at C.registerCommand.description (/opt/visual-studio-code/resources/app/out/vs/workbench/api/node/extensionHostProcess.js:98:123398)
	at e.ExtHostCommands.h (/opt/visual-studio-code/resources/app/out/vs/workbench/api/node/extensionHostProcess.js:98:125315)
	at e.ExtHostCommands.g (/opt/visual-studio-code/resources/app/out/vs/workbench/api/node/extensionHostProcess.js:98:124205)
	at e.ExtHostCommands.executeCommand (/opt/visual-studio-code/resources/app/out/vs/workbench/api/node/extensionHostProcess.js:98:124105)
	at Object.executeCommand (/opt/visual-studio-code/resources/app/out/vs/workbench/api/node/extensionHostProcess.js:116:24043)
	at g (/home/diego/.vscode/extensions/eamodio.gitlens-14.1.0/dist/gitlens.js:1:940377)
	at c (/home/diego/.vscode/extensions/eamodio.gitlens-14.1.0/dist/gitlens.js:1:945018)
	at ActionRunners._updateContextKeys (/home/diego/.vscode/extensions/eamodio.gitlens-14.1.0/dist/gitlens.js:1:37756)
	at s (/home/diego/.vscode/extensions/eamodio.gitlens-14.1.0/dist/gitlens.js:1:36175)
	at RegisteredActionRunner.unregister (/home/diego/.vscode/extensions/eamodio.gitlens-14.1.0/dist/gitlens.js:1:36319)
	at RegisteredActionRunner.dispose (/home/diego/.vscode/extensions/eamodio.gitlens-14.1.0/dist/gitlens.js:1:34984)
	at Object.dispose (/home/diego/.vscode/extensions/eamodio.gitlens-14.1.0/dist/gitlens.js:1:36416)
	at t.<anonymous> (/opt/visual-studio-code/resources/app/out/vs/workbench/api/node/extensionHostProcess.js:96:12369)
	at t.dispose (/opt/visual-studio-code/resources/app/out/vs/workbench/api/node/extensionHostProcess.js:96:12504)
	at Xv.dispose (/home/diego/.vscode/extensions/github.vscode-pull-request-github-0.64.0/dist/extension.js:1793:35323)
	at T (/opt/visual-studio-code/resources/app/out/vs/workbench/api/node/extensionHostProcess.js:10:12080)
	at v.Y (/opt/visual-studio-code/resources/app/out/vs/workbench/api/node/extensionHostProcess.js:112:11173)
	at /opt/visual-studio-code/resources/app/out/vs/workbench/api/node/extensionHostProcess.js:112:9157
	at Array.map (<anonymous>)
	at v.R (/opt/visual-studio-code/resources/app/out/vs/workbench/api/node/extensionHostProcess.js:112:9144)
	at v.terminate (/opt/visual-studio-code/resources/app/out/vs/workbench/api/node/extensionHostProcess.js:112:9415)
	at d.terminate (/opt/visual-studio-code/resources/app/out/vs/workbench/api/node/extensionHostProcess.js:116:1544)
	at g (/opt/visual-studio-code/resources/app/out/vs/workbench/api/node/extensionHostProcess.js:126:34439)
	at MessagePortMain.<anonymous> (/opt/visual-studio-code/resources/app/out/vs/workbench/api/node/extensionHostProcess.js:126:30578)
	at MessagePortMain.emit (node:events:513:28)
	at MessagePortMain._internalPort.emit (node:electron/js2c/utility_init:2:367) setContext undefined
2023-07-14 19:33:27.613 [error] Canceled: Canceled
	at new l (/opt/visual-studio-code/resources/app/out/vs/workbench/api/node/extensionHostProcess.js:98:104563)
	at a.O (/opt/visual-studio-code/resources/app/out/vs/workbench/api/node/extensionHostProcess.js:110:11657)
	at H.<computed>.V.charCodeAt.H.<computed> (/opt/visual-studio-code/resources/app/out/vs/workbench/api/node/extensionHostProcess.js:110:8947)
	at e.ExtHostCommands.g (/opt/visual-studio-code/resources/app/out/vs/workbench/api/node/extensionHostProcess.js:98:124729)
	at e.ExtHostCommands.executeCommand (/opt/visual-studio-code/resources/app/out/vs/workbench/api/node/extensionHostProcess.js:98:124105)
	at C.registerCommand.description (/opt/visual-studio-code/resources/app/out/vs/workbench/api/node/extensionHostProcess.js:98:123398)
	at e.ExtHostCommands.h (/opt/visual-studio-code/resources/app/out/vs/workbench/api/node/extensionHostProcess.js:98:125315)
	at e.ExtHostCommands.g (/opt/visual-studio-code/resources/app/out/vs/workbench/api/node/extensionHostProcess.js:98:124205)
	at e.ExtHostCommands.executeCommand (/opt/visual-studio-code/resources/app/out/vs/workbench/api/node/extensionHostProcess.js:98:124105)
	at Object.executeCommand (/opt/visual-studio-code/resources/app/out/vs/workbench/api/node/extensionHostProcess.js:116:24043)
	at Object.dispose (/home/diego/.vscode/extensions/wallabyjs.quokka-vscode-1.0.547/dist/index.js:6:72755)
	at /home/diego/.vscode/extensions/wallabyjs.quokka-vscode-1.0.547/dist/index.js:6:13143
	at Array.forEach (<anonymous>)
	at t.exports.dispose (/home/diego/.vscode/extensions/wallabyjs.quokka-vscode-1.0.547/dist/index.js:6:13130)
	at P.deactivate (/home/diego/.vscode/extensions/wallabyjs.quokka-vscode-1.0.547/dist/index.js:6:74022)
	at Object.dispose (/home/diego/.vscode/extensions/wallabyjs.quokka-vscode-1.0.547/dist/index.js:6:1096)
	at /home/diego/.vscode/extensions/wallabyjs.quokka-vscode-1.0.547/dist/index.js:6:13143
	at Array.forEach (<anonymous>)
	at t.exports.dispose (/home/diego/.vscode/extensions/wallabyjs.quokka-vscode-1.0.547/dist/index.js:6:13130)
	at h.deactivate (/home/diego/.vscode/extensions/wallabyjs.quokka-vscode-1.0.547/dist/index.js:6:3331)
	at Object.dispose (/home/diego/.vscode/extensions/wallabyjs.quokka-vscode-1.0.547/dist/index.js:6:3406)
	at T (/opt/visual-studio-code/resources/app/out/vs/workbench/api/node/extensionHostProcess.js:10:12080)
	at v.Y (/opt/visual-studio-code/resources/app/out/vs/workbench/api/node/extensionHostProcess.js:112:11173)
	at /opt/visual-studio-code/resources/app/out/vs/workbench/api/node/extensionHostProcess.js:112:9157
	at Array.map (<anonymous>)
	at v.R (/opt/visual-studio-code/resources/app/out/vs/workbench/api/node/extensionHostProcess.js:112:9144)
	at v.terminate (/opt/visual-studio-code/resources/app/out/vs/workbench/api/node/extensionHostProcess.js:112:9415)
	at d.terminate (/opt/visual-studio-code/resources/app/out/vs/workbench/api/node/extensionHostProcess.js:116:1544)
	at g (/opt/visual-studio-code/resources/app/out/vs/workbench/api/node/extensionHostProcess.js:126:34439)
	at MessagePortMain.<anonymous> (/opt/visual-studio-code/resources/app/out/vs/workbench/api/node/extensionHostProcess.js:126:30578)
	at MessagePortMain.emit (node:events:513:28)
	at MessagePortMain._internalPort.emit (node:electron/js2c/utility_init:2:367) setContext undefined
2023-07-14 19:33:27.626 [info] Extension host with pid 33633 exiting with code 0
