2023-07-14 20:13:24.061 [info] Log level: Info
2023-07-14 20:13:24.061 [info] Validating found git in: "git"
2023-07-14 20:13:24.061 [info] Using git "2.41.0" from "git"
2023-07-14 20:13:40.706 [info] > git rev-parse --show-toplevel [5ms]
2023-07-14 20:13:40.706 [info] fatal: not a git repository (or any of the parent directories): .git
2023-07-14 20:20:41.782 [info] > git rev-parse --show-toplevel [1ms]
2023-07-14 20:20:41.782 [info] fatal: not a git repository (or any of the parent directories): .git
2023-07-14 20:25:43.387 [info] Log level: Info
2023-07-14 20:25:43.387 [info] Validating found git in: "git"
2023-07-14 20:25:43.387 [info] Using git "2.41.0" from "git"
2023-07-14 20:25:43.387 [info] > git rev-parse --show-toplevel [26ms]
2023-07-14 20:25:43.387 [info] fatal: not a git repository (or any of the parent directories): .git
2023-07-14 20:25:43.388 [info] > git rev-parse --show-toplevel [1ms]
2023-07-14 20:25:43.388 [info] fatal: not a git repository (or any of the parent directories): .git
2023-07-14 20:25:43.394 [info] > git rev-parse --show-toplevel [0ms]
2023-07-14 20:25:43.394 [info] fatal: not a git repository (or any of the parent directories): .git
2023-07-14 20:25:43.400 [info] > git rev-parse --show-toplevel [1ms]
2023-07-14 20:25:43.400 [info] fatal: not a git repository (or any of the parent directories): .git
2023-07-14 20:25:43.407 [info] > git rev-parse --show-toplevel [1ms]
2023-07-14 20:25:43.407 [info] fatal: not a git repository (or any of the parent directories): .git
2023-07-14 20:25:43.438 [info] > git rev-parse --show-toplevel [24ms]
2023-07-14 20:25:43.438 [info] fatal: not a git repository (or any of the parent directories): .git
2023-07-14 20:25:43.483 [info] > git rev-parse --show-toplevel [39ms]
2023-07-14 20:25:43.483 [info] fatal: not a git repository (or any of the parent directories): .git
2023-07-14 20:25:43.545 [info] > git rev-parse --show-toplevel [58ms]
2023-07-14 20:25:43.545 [info] fatal: not a git repository (or any of the parent directories): .git
2023-07-14 20:25:43.555 [info] > git rev-parse --show-toplevel [5ms]
2023-07-14 20:25:43.555 [info] fatal: not a git repository (or any of the parent directories): .git
2023-07-14 20:25:43.693 [info] > git rev-parse --show-toplevel [132ms]
2023-07-14 20:25:43.693 [info] fatal: not a git repository (or any of the parent directories): .git
2023-07-14 20:25:43.855 [info] > git rev-parse --show-toplevel [156ms]
2023-07-14 20:25:43.855 [info] fatal: not a git repository (or any of the parent directories): .git
2023-07-14 20:25:43.909 [info] > git rev-parse --show-toplevel [44ms]
2023-07-14 20:25:43.909 [info] fatal: not a git repository (or any of the parent directories): .git
2023-07-14 20:25:43.929 [info] > git rev-parse --show-toplevel [13ms]
2023-07-14 20:25:43.929 [info] fatal: not a git repository (or any of the parent directories): .git
2023-07-14 20:25:43.976 [info] > git rev-parse --show-toplevel [41ms]
2023-07-14 20:25:43.976 [info] fatal: not a git repository (or any of the parent directories): .git
2023-07-14 20:25:43.984 [info] > git rev-parse --show-toplevel [2ms]
2023-07-14 20:25:43.984 [info] fatal: not a git repository (or any of the parent directories): .git
2023-07-14 20:25:43.992 [info] > git rev-parse --show-toplevel [2ms]
2023-07-14 20:25:43.992 [info] fatal: not a git repository (or any of the parent directories): .git
2023-07-14 20:25:44.002 [info] > git rev-parse --show-toplevel [2ms]
2023-07-14 20:25:44.002 [info] fatal: not a git repository (or any of the parent directories): .git
2023-07-14 20:25:44.009 [info] > git rev-parse --show-toplevel [1ms]
2023-07-14 20:25:44.009 [info] fatal: not a git repository (or any of the parent directories): .git
2023-07-14 20:25:44.016 [info] > git rev-parse --show-toplevel [1ms]
2023-07-14 20:25:44.016 [info] fatal: not a git repository (or any of the parent directories): .git
2023-07-14 20:25:44.023 [info] > git rev-parse --show-toplevel [1ms]
2023-07-14 20:25:44.023 [info] fatal: not a git repository (or any of the parent directories): .git
2023-07-14 20:25:44.030 [info] > git rev-parse --show-toplevel [1ms]
2023-07-14 20:25:44.030 [info] fatal: not a git repository (or any of the parent directories): .git
2023-07-14 20:25:44.037 [info] > git rev-parse --show-toplevel [1ms]
2023-07-14 20:25:44.037 [info] fatal: not a git repository (or any of the parent directories): .git
2023-07-14 20:25:44.050 [info] > git rev-parse --show-toplevel [6ms]
2023-07-14 20:25:44.050 [info] fatal: not a git repository (or any of the parent directories): .git
2023-07-14 20:25:44.059 [info] > git rev-parse --show-toplevel [2ms]
2023-07-14 20:25:44.059 [info] fatal: not a git repository (or any of the parent directories): .git
2023-07-14 20:25:44.066 [info] > git rev-parse --show-toplevel [1ms]
2023-07-14 20:25:44.066 [info] fatal: not a git repository (or any of the parent directories): .git
2023-07-14 20:25:44.075 [info] > git rev-parse --show-toplevel [0ms]
2023-07-14 20:25:44.075 [info] fatal: not a git repository (or any of the parent directories): .git
2023-07-14 20:25:44.083 [info] > git rev-parse --show-toplevel [1ms]
2023-07-14 20:25:44.083 [info] fatal: not a git repository (or any of the parent directories): .git
2023-07-14 20:25:44.092 [info] > git rev-parse --show-toplevel [1ms]
2023-07-14 20:25:44.092 [info] fatal: not a git repository (or any of the parent directories): .git
2023-07-14 20:25:44.099 [info] > git rev-parse --show-toplevel [1ms]
2023-07-14 20:25:44.099 [info] fatal: not a git repository (or any of the parent directories): .git
2023-07-14 20:25:44.108 [info] > git rev-parse --show-toplevel [1ms]
2023-07-14 20:25:44.108 [info] fatal: not a git repository (or any of the parent directories): .git
2023-07-14 20:25:44.116 [info] > git rev-parse --show-toplevel [1ms]
2023-07-14 20:25:44.116 [info] fatal: not a git repository (or any of the parent directories): .git
2023-07-14 20:25:44.123 [info] > git rev-parse --show-toplevel [1ms]
2023-07-14 20:25:44.123 [info] fatal: not a git repository (or any of the parent directories): .git
2023-07-14 20:25:44.134 [info] > git rev-parse --show-toplevel [4ms]
2023-07-14 20:25:44.134 [info] fatal: not a git repository (or any of the parent directories): .git
2023-07-14 20:25:44.142 [info] > git rev-parse --show-toplevel [2ms]
2023-07-14 20:25:44.142 [info] fatal: not a git repository (or any of the parent directories): .git
2023-07-14 20:25:44.150 [info] > git rev-parse --show-toplevel [1ms]
2023-07-14 20:25:44.150 [info] fatal: not a git repository (or any of the parent directories): .git
2023-07-14 20:25:44.159 [info] > git rev-parse --show-toplevel [1ms]
2023-07-14 20:25:44.159 [info] fatal: not a git repository (or any of the parent directories): .git
2023-07-14 20:25:44.193 [info] > git rev-parse --show-toplevel [26ms]
2023-07-14 20:25:44.193 [info] fatal: not a git repository (or any of the parent directories): .git
2023-07-14 20:25:44.220 [info] > git rev-parse --show-toplevel [19ms]
2023-07-14 20:25:44.220 [info] fatal: not a git repository (or any of the parent directories): .git
2023-07-14 20:25:44.228 [info] > git rev-parse --show-toplevel [2ms]
2023-07-14 20:25:44.228 [info] fatal: not a git repository (or any of the parent directories): .git
2023-07-14 20:25:44.235 [info] > git rev-parse --show-toplevel [1ms]
2023-07-14 20:25:44.235 [info] fatal: not a git repository (or any of the parent directories): .git
2023-07-14 20:25:44.247 [info] > git rev-parse --show-toplevel [5ms]
2023-07-14 20:25:44.247 [info] fatal: not a git repository (or any of the parent directories): .git
2023-07-14 20:25:44.256 [info] > git rev-parse --show-toplevel [3ms]
2023-07-14 20:25:44.256 [info] fatal: not a git repository (or any of the parent directories): .git
2023-07-14 20:25:44.266 [info] > git rev-parse --show-toplevel [4ms]
2023-07-14 20:25:44.266 [info] fatal: not a git repository (or any of the parent directories): .git
2023-07-14 20:25:44.275 [info] > git rev-parse --show-toplevel [2ms]
2023-07-14 20:25:44.275 [info] fatal: not a git repository (or any of the parent directories): .git
2023-07-14 20:25:44.292 [info] > git rev-parse --show-toplevel [11ms]
2023-07-14 20:25:44.293 [info] fatal: not a git repository (or any of the parent directories): .git
2023-07-14 20:25:44.299 [info] > git rev-parse --show-toplevel [1ms]
2023-07-14 20:25:44.299 [info] fatal: not a git repository (or any of the parent directories): .git
2023-07-14 20:25:44.312 [info] > git rev-parse --show-toplevel [8ms]
2023-07-14 20:25:44.312 [info] fatal: not a git repository (or any of the parent directories): .git
2023-07-14 20:25:44.321 [info] > git rev-parse --show-toplevel [2ms]
2023-07-14 20:25:44.321 [info] fatal: not a git repository (or any of the parent directories): .git
2023-07-14 20:25:44.343 [info] > git rev-parse --show-toplevel [15ms]
2023-07-14 20:25:44.343 [info] fatal: not a git repository (or any of the parent directories): .git
2023-07-14 20:25:44.350 [info] > git rev-parse --show-toplevel [1ms]
2023-07-14 20:25:44.350 [info] fatal: not a git repository (or any of the parent directories): .git
2023-07-14 20:25:44.356 [info] > git rev-parse --show-toplevel [1ms]
2023-07-14 20:25:44.356 [info] fatal: not a git repository (or any of the parent directories): .git
2023-07-14 20:25:44.379 [info] > git rev-parse --show-toplevel [16ms]
2023-07-14 20:25:44.379 [info] fatal: not a git repository (or any of the parent directories): .git
2023-07-14 20:25:44.385 [info] > git rev-parse --show-toplevel [1ms]
2023-07-14 20:25:44.385 [info] fatal: not a git repository (or any of the parent directories): .git
2023-07-14 20:25:44.408 [info] > git rev-parse --show-toplevel [18ms]
2023-07-14 20:25:44.408 [info] fatal: not a git repository (or any of the parent directories): .git
2023-07-14 20:25:44.431 [info] > git rev-parse --show-toplevel [17ms]
2023-07-14 20:25:44.431 [info] fatal: not a git repository (or any of the parent directories): .git
2023-07-14 20:25:44.447 [info] > git rev-parse --show-toplevel [11ms]
2023-07-14 20:25:44.447 [info] fatal: not a git repository (or any of the parent directories): .git
2023-07-14 20:25:44.454 [info] > git rev-parse --show-toplevel [2ms]
2023-07-14 20:25:44.462 [info] > git rev-parse --git-dir --git-common-dir [1ms]
2023-07-14 20:25:44.471 [info] Open repository: /home/diego/.config/nvim
2023-07-14 20:25:44.488 [info] > git rev-parse --show-toplevel [8ms]
2023-07-14 20:25:44.496 [info] > git rev-parse --git-dir --git-common-dir [2ms]
2023-07-14 20:25:44.500 [info] Open repository: /home/diego/.config/nvim_1673446313
2023-07-14 20:25:44.508 [info] > git config --get commit.template [20ms]
2023-07-14 20:25:44.516 [info] > git rev-parse --show-toplevel [9ms]
2023-07-14 20:25:44.516 [info] fatal: not a git repository (or any of the parent directories): .git
2023-07-14 20:25:44.533 [info] > git rev-parse --show-toplevel [10ms]
2023-07-14 20:25:44.533 [info] fatal: not a git repository (or any of the parent directories): .git
2023-07-14 20:25:44.539 [info] > git config --get commit.template [24ms]
2023-07-14 20:25:44.541 [info] > git rev-parse --show-toplevel [3ms]
2023-07-14 20:25:44.541 [info] fatal: not a git repository (or any of the parent directories): .git
2023-07-14 20:25:44.548 [info] > git for-each-ref --format=%(refname)%00%(upstream:short)%00%(objectname)%00%(upstream:track)%00%(upstream:remotename)%00%(upstream:remoteref) refs/heads/main refs/remotes/main [16ms]
2023-07-14 20:25:44.562 [info] > git status -z -uall [8ms]
2023-07-14 20:25:44.562 [info] > git rev-parse --show-toplevel [14ms]
2023-07-14 20:25:44.562 [info] fatal: not a git repository (or any of the parent directories): .git
2023-07-14 20:25:44.571 [info] > git rev-parse --show-toplevel [2ms]
2023-07-14 20:25:44.571 [info] fatal: not a git repository (or any of the parent directories): .git
2023-07-14 20:25:44.577 [info] > git for-each-ref --format=%(refname)%00%(upstream:short)%00%(objectname)%00%(upstream:track)%00%(upstream:remotename)%00%(upstream:remoteref) refs/heads/main refs/remotes/main [16ms]
2023-07-14 20:25:44.610 [info] > git status -z -uall [25ms]
2023-07-14 20:25:44.610 [info] > git config --local branch.main.github-pr-owner-number [11ms]
2023-07-14 20:25:44.622 [info] > git rev-parse --show-toplevel [45ms]
2023-07-14 20:25:44.622 [info] fatal: not a git repository (or any of the parent directories): .git
2023-07-14 20:25:44.642 [info] > git rev-parse --show-toplevel [12ms]
2023-07-14 20:25:44.642 [info] fatal: not a git repository (or any of the parent directories): .git
2023-07-14 20:25:44.648 [info] > git config --local branch.main.github-pr-owner-number [26ms]
2023-07-14 20:25:44.648 [info] > git config --get commit.template [41ms]
2023-07-14 20:25:44.659 [info] > git rev-parse --show-toplevel [12ms]
2023-07-14 20:25:44.659 [info] fatal: not a git repository (or any of the parent directories): .git
2023-07-14 20:25:44.665 [info] > git config --get commit.template [24ms]
2023-07-14 20:25:44.665 [info] > git config --get commit.template [29ms]
2023-07-14 20:25:44.672 [info] > git rev-parse --show-toplevel [7ms]
2023-07-14 20:25:44.672 [info] fatal: not a git repository (or any of the parent directories): .git
2023-07-14 20:25:44.678 [info] > git config --get commit.template [23ms]
2023-07-14 20:25:44.692 [info] > git rev-parse --show-toplevel [13ms]
2023-07-14 20:25:44.692 [info] fatal: not a git repository (or any of the parent directories): .git
2023-07-14 20:25:44.698 [info] > git for-each-ref --format=%(refname)%00%(upstream:short)%00%(objectname)%00%(upstream:track)%00%(upstream:remotename)%00%(upstream:remoteref) refs/heads/main refs/remotes/main [27ms]
2023-07-14 20:25:44.722 [info] > git rev-parse --show-toplevel [24ms]
2023-07-14 20:25:44.722 [info] fatal: not a git repository (or any of the parent directories): .git
2023-07-14 20:25:44.729 [info] > git for-each-ref --format=%(refname)%00%(upstream:short)%00%(objectname)%00%(upstream:track)%00%(upstream:remotename)%00%(upstream:remoteref) refs/heads/main refs/remotes/main [39ms]
2023-07-14 20:25:44.729 [info] > git for-each-ref --format=%(refname)%00%(upstream:short)%00%(objectname)%00%(upstream:track)%00%(upstream:remotename)%00%(upstream:remoteref) refs/heads/main refs/remotes/main [44ms]
2023-07-14 20:25:44.748 [info] > git status -z -uall [13ms]
2023-07-14 20:25:44.752 [info] > git rev-parse --show-toplevel [24ms]
2023-07-14 20:25:44.752 [info] fatal: not a git repository (or any of the parent directories): .git
2023-07-14 20:25:44.759 [info] > git for-each-ref --format=%(refname)%00%(upstream:short)%00%(objectname)%00%(upstream:track)%00%(upstream:remotename)%00%(upstream:remoteref) refs/heads/main refs/remotes/main [38ms]
2023-07-14 20:25:44.767 [info] > git rev-parse --show-toplevel [7ms]
2023-07-14 20:25:44.767 [info] fatal: not a git repository (or any of the parent directories): .git
2023-07-14 20:25:44.779 [info] > git status -z -uall [13ms]
2023-07-14 20:25:44.779 [info] > git rev-parse --show-toplevel [7ms]
2023-07-14 20:25:44.779 [info] fatal: not a git repository (or any of the parent directories): .git
2023-07-14 20:25:44.797 [info] > git rev-parse --show-toplevel [12ms]
2023-07-14 20:25:44.797 [info] fatal: not a git repository (or any of the parent directories): .git
2023-07-14 20:25:44.804 [info] > git rev-parse --show-toplevel [1ms]
2023-07-14 20:25:44.804 [info] fatal: not a git repository (or any of the parent directories): .git
2023-07-14 20:25:44.813 [info] > git rev-parse --show-toplevel [2ms]
2023-07-14 20:25:44.820 [info] > git rev-parse --git-dir --git-common-dir [1ms]
2023-07-14 20:25:44.823 [info] Open repository: /home/diego/.config/zathura
2023-07-14 20:25:44.840 [info] > git rev-parse --show-toplevel [8ms]
2023-07-14 20:25:44.840 [info] fatal: not a git repository (or any of the parent directories): .git
2023-07-14 20:25:44.877 [info] > git rev-parse --show-toplevel [30ms]
2023-07-14 20:25:44.877 [info] fatal: not a git repository (or any of the parent directories): .git
2023-07-14 20:25:44.877 [info] > git config --get commit.template [37ms]
2023-07-14 20:25:44.907 [info] > git for-each-ref --format=%(refname)%00%(upstream:short)%00%(objectname)%00%(upstream:track)%00%(upstream:remotename)%00%(upstream:remoteref) refs/heads/master refs/remotes/master [22ms]
2023-07-14 20:25:44.917 [info] > git status -z -uall [3ms]
2023-07-14 20:25:45.460 [info] > git config --local branch.main.github-pr-owner-number [63ms]
2023-07-14 20:25:45.469 [info] > git config --get commit.template [1ms]
2023-07-14 20:25:45.486 [info] > git for-each-ref --format=%(refname)%00%(upstream:short)%00%(objectname)%00%(upstream:track)%00%(upstream:remotename)%00%(upstream:remoteref) refs/heads/main refs/remotes/main [2ms]
2023-07-14 20:25:45.494 [info] > git config --local branch.main.github-pr-owner-number [15ms]
2023-07-14 20:25:45.520 [info] > git status -z -uall [26ms]
2023-07-14 20:25:45.539 [info] > git config --local branch.master.github-pr-owner-number [27ms]
2023-07-14 20:25:45.539 [info] > git config --get commit.template [38ms]
2023-07-14 20:25:45.566 [info] > git config --local branch.master.github-pr-owner-number [17ms]
2023-07-14 20:25:45.577 [info] > git config --get commit.template [12ms]
2023-07-14 20:25:45.577 [info] > git for-each-ref --format=%(refname)%00%(upstream:short)%00%(objectname)%00%(upstream:track)%00%(upstream:remotename)%00%(upstream:remoteref) refs/heads/main refs/remotes/main [20ms]
2023-07-14 20:25:45.587 [info] > git config --get commit.template [11ms]
2023-07-14 20:25:45.604 [info] > git status -z -uall [17ms]
2023-07-14 20:25:45.612 [info] > git for-each-ref --format=%(refname)%00%(upstream:short)%00%(objectname)%00%(upstream:track)%00%(upstream:remotename)%00%(upstream:remoteref) refs/heads/master refs/remotes/master [9ms]
2023-07-14 20:25:45.621 [info] > git for-each-ref --format=%(refname)%00%(upstream:short)%00%(objectname)%00%(upstream:track)%00%(upstream:remotename)%00%(upstream:remoteref) refs/heads/master refs/remotes/master [26ms]
2023-07-14 20:25:45.655 [info] > git status -z -uall [34ms]
2023-07-14 20:25:48.218 [info] > git fetch [646ms]
2023-07-14 20:25:48.239 [info] > git for-each-ref --format=%(refname)%00%(upstream:short)%00%(objectname)%00%(upstream:track)%00%(upstream:remotename)%00%(upstream:remoteref) refs/heads/master refs/remotes/master [1ms]
2023-07-14 20:25:48.239 [info] > git config --get commit.template [11ms]
2023-07-14 20:25:48.257 [info] > git status -z -uall [9ms]
2023-07-14 20:25:49.129 [info] > git rev-parse --show-toplevel [9ms]
2023-07-14 20:25:49.129 [info] fatal: not a git repository (or any of the parent directories): .git
2023-07-14 20:25:49.420 [info] > git config --get commit.template [0ms]
2023-07-14 20:25:49.421 [info] > git fetch [1869ms]
2023-07-14 20:25:49.421 [info] From https://github.com/AstroNvim/AstroNvim
   4ed0efc..43d4581  main        -> origin/main
   8b8ef37..38b976f  gh-pages    -> origin/gh-pages
 * [new branch]      neovim-0.10 -> origin/neovim-0.10
 + 5b2c7c0...e199ce8 nightly     -> origin/nightly  (forced update)
 * [new tag]         v3.32.0     -> v3.32.0
 * [new tag]         v2.11.0     -> v2.11.0
 * [new tag]         v2.11.1     -> v2.11.1
 * [new tag]         v2.11.2     -> v2.11.2
 * [new tag]         v2.11.3     -> v2.11.3
 * [new tag]         v2.11.4     -> v2.11.4
 * [new tag]         v2.11.5     -> v2.11.5
 * [new tag]         v2.11.6     -> v2.11.6
 * [new tag]         v2.11.7     -> v2.11.7
 * [new tag]         v2.11.8     -> v2.11.8
 * [new tag]         v3.0.0      -> v3.0.0
 * [new tag]         v3.0.1      -> v3.0.1
 * [new tag]         v3.0.2      -> v3.0.2
 * [new tag]         v3.0.3      -> v3.0.3
 * [new tag]         v3.1.0      -> v3.1.0
 * [new tag]         v3.1.1      -> v3.1.1
 * [new tag]         v3.10.0     -> v3.10.0
 * [new tag]         v3.10.1     -> v3.10.1
 * [new tag]         v3.10.2     -> v3.10.2
 * [new tag]         v3.10.3     -> v3.10.3
 * [new tag]         v3.11.0     -> v3.11.0
 * [new tag]         v3.11.1     -> v3.11.1
 * [new tag]         v3.11.2     -> v3.11.2
 * [new tag]         v3.11.3     -> v3.11.3
 * [new tag]         v3.11.4     -> v3.11.4
 * [new tag]         v3.11.5     -> v3.11.5
 * [new tag]         v3.12.0     -> v3.12.0
 * [new tag]         v3.12.1     -> v3.12.1
 * [new tag]         v3.13.0     -> v3.13.0
 * [new tag]         v3.13.1     -> v3.13.1
 * [new tag]         v3.13.2     -> v3.13.2
 * [new tag]         v3.14.0     -> v3.14.0
 * [new tag]         v3.15.0     -> v3.15.0
 * [new tag]         v3.15.1     -> v3.15.1
 * [new tag]         v3.15.10    -> v3.15.10
 * [new tag]         v3.15.11    -> v3.15.11
 * [new tag]         v3.15.2     -> v3.15.2
 * [new tag]         v3.15.3     -> v3.15.3
 * [new tag]         v3.15.4     -> v3.15.4
 * [new tag]         v3.15.5     -> v3.15.5
 * [new tag]         v3.15.6     -> v3.15.6
 * [new tag]         v3.15.7     -> v3.15.7
 * [new tag]         v3.15.8     -> v3.15.8
 * [new tag]         v3.15.9     -> v3.15.9
 * [new tag]         v3.16.0     -> v3.16.0
 * [new tag]         v3.16.1     -> v3.16.1
 * [new tag]         v3.16.2     -> v3.16.2
 * [new tag]         v3.17.0     -> v3.17.0
 * [new tag]         v3.18.0     -> v3.18.0
 * [new tag]         v3.18.1     -> v3.18.1
 * [new tag]         v3.19.0     -> v3.19.0
 * [new tag]         v3.19.1     -> v3.19.1
 * [new tag]         v3.2.0      -> v3.2.0
 * [new tag]         v3.2.1      -> v3.2.1
 * [new tag]         v3.20.0     -> v3.20.0
 * [new tag]         v3.21.0     -> v3.21.0
 * [new tag]         v3.22.0     -> v3.22.0
 * [new tag]         v3.22.1     -> v3.22.1
 * [new tag]         v3.23.0     -> v3.23.0
 * [new tag]         v3.23.1     -> v3.23.1
 * [new tag]         v3.24.0     -> v3.24.0
 * [new tag]         v3.24.1     -> v3.24.1
 * [new tag]         v3.25.0     -> v3.25.0
 * [new tag]         v3.26.0     -> v3.26.0
 * [new tag]         v3.27.0     -> v3.27.0
 * [new tag]         v3.27.1     -> v3.27.1
 * [new tag]         v3.28.0     -> v3.28.0
 * [new tag]         v3.28.1     -> v3.28.1
 * [new tag]         v3.28.2     -> v3.28.2
 * [new tag]         v3.28.3     -> v3.28.3
 * [new tag]         v3.29.0     -> v3.29.0
 * [new tag]         v3.29.1     -> v3.29.1
 * [new tag]         v3.29.2     -> v3.29.2
 * [new tag]         v3.29.3     -> v3.29.3
 * [new tag]         v3.29.4     -> v3.29.4
 * [new tag]         v3.29.5     -> v3.29.5
 * [new tag]         v3.3.0      -> v3.3.0
 * [new tag]         v3.3.1      -> v3.3.1
 * [new tag]         v3.3.2      -> v3.3.2
 * [new tag]         v3.30.0     -> v3.30.0
 * [new tag]         v3.30.1     -> v3.30.1
 * [new tag]         v3.30.2     -> v3.30.2
 * [new tag]         v3.30.3     -> v3.30.3
 * [new tag]         v3.30.4     -> v3.30.4
 * [new tag]         v3.30.5     -> v3.30.5
 * [new tag]         v3.30.6     -> v3.30.6
 * [new tag]         v3.30.7     -> v3.30.7
 * [new tag]         v3.31.0     -> v3.31.0
 * [new tag]         v3.31.1     -> v3.31.1
 * [new tag]         v3.31.2     -> v3.31.2
 * [new tag]         v3.4.0      -> v3.4.0
 * [new tag]         v3.4.1      -> v3.4.1
 * [new tag]         v3.4.2      -> v3.4.2
 * [new tag]         v3.4.3      -> v3.4.3
 * [new tag]         v3.5.0      -> v3.5.0
 * [new tag]         v3.5.1      -> v3.5.1
 * [new tag]         v3.5.2      -> v3.5.2
 * [new tag]         v3.5.3      -> v3.5.3
 * [new tag]         v3.5.4      -> v3.5.4
 * [new tag]         v3.6.0      -> v3.6.0
 * [new tag]         v3.6.1      -> v3.6.1
 * [new tag]         v3.7.0      -> v3.7.0
 * [new tag]         v3.7.1      -> v3.7.1
 * [new tag]         v3.7.2      -> v3.7.2
 * [new tag]         v3.8.0      -> v3.8.0
 * [new tag]         v3.9.0      -> v3.9.0
2023-07-14 20:25:49.422 [info] > git fetch [1860ms]
2023-07-14 20:25:49.422 [info] From https://github.com/AstroNvim/AstroNvim
   4ed0efc..43d4581  main        -> origin/main
   8b8ef37..38b976f  gh-pages    -> origin/gh-pages
 * [new branch]      neovim-0.10 -> origin/neovim-0.10
 + 5b2c7c0...e199ce8 nightly     -> origin/nightly  (forced update)
 * [new tag]         v3.32.0     -> v3.32.0
 * [new tag]         v2.11.0     -> v2.11.0
 * [new tag]         v2.11.1     -> v2.11.1
 * [new tag]         v2.11.2     -> v2.11.2
 * [new tag]         v2.11.3     -> v2.11.3
 * [new tag]         v2.11.4     -> v2.11.4
 * [new tag]         v2.11.5     -> v2.11.5
 * [new tag]         v2.11.6     -> v2.11.6
 * [new tag]         v2.11.7     -> v2.11.7
 * [new tag]         v2.11.8     -> v2.11.8
 * [new tag]         v3.0.0      -> v3.0.0
 * [new tag]         v3.0.1      -> v3.0.1
 * [new tag]         v3.0.2      -> v3.0.2
 * [new tag]         v3.0.3      -> v3.0.3
 * [new tag]         v3.1.0      -> v3.1.0
 * [new tag]         v3.1.1      -> v3.1.1
 * [new tag]         v3.10.0     -> v3.10.0
 * [new tag]         v3.10.1     -> v3.10.1
 * [new tag]         v3.10.2     -> v3.10.2
 * [new tag]         v3.10.3     -> v3.10.3
 * [new tag]         v3.11.0     -> v3.11.0
 * [new tag]         v3.11.1     -> v3.11.1
 * [new tag]         v3.11.2     -> v3.11.2
 * [new tag]         v3.11.3     -> v3.11.3
 * [new tag]         v3.11.4     -> v3.11.4
 * [new tag]         v3.11.5     -> v3.11.5
 * [new tag]         v3.12.0     -> v3.12.0
 * [new tag]         v3.12.1     -> v3.12.1
 * [new tag]         v3.13.0     -> v3.13.0
 * [new tag]         v3.13.1     -> v3.13.1
 * [new tag]         v3.13.2     -> v3.13.2
 * [new tag]         v3.14.0     -> v3.14.0
 * [new tag]         v3.15.0     -> v3.15.0
 * [new tag]         v3.15.1     -> v3.15.1
 * [new tag]         v3.15.10    -> v3.15.10
 * [new tag]         v3.15.11    -> v3.15.11
 * [new tag]         v3.15.2     -> v3.15.2
 * [new tag]         v3.15.3     -> v3.15.3
 * [new tag]         v3.15.4     -> v3.15.4
 * [new tag]         v3.15.5     -> v3.15.5
 * [new tag]         v3.15.6     -> v3.15.6
 * [new tag]         v3.15.7     -> v3.15.7
 * [new tag]         v3.15.8     -> v3.15.8
 * [new tag]         v3.15.9     -> v3.15.9
 * [new tag]         v3.16.0     -> v3.16.0
 * [new tag]         v3.16.1     -> v3.16.1
 * [new tag]         v3.16.2     -> v3.16.2
 * [new tag]         v3.17.0     -> v3.17.0
 * [new tag]         v3.18.0     -> v3.18.0
 * [new tag]         v3.18.1     -> v3.18.1
 * [new tag]         v3.19.0     -> v3.19.0
 * [new tag]         v3.19.1     -> v3.19.1
 * [new tag]         v3.2.0      -> v3.2.0
 * [new tag]         v3.2.1      -> v3.2.1
 * [new tag]         v3.20.0     -> v3.20.0
 * [new tag]         v3.21.0     -> v3.21.0
 * [new tag]         v3.22.0     -> v3.22.0
 * [new tag]         v3.22.1     -> v3.22.1
 * [new tag]         v3.23.0     -> v3.23.0
 * [new tag]         v3.23.1     -> v3.23.1
 * [new tag]         v3.24.0     -> v3.24.0
 * [new tag]         v3.24.1     -> v3.24.1
 * [new tag]         v3.25.0     -> v3.25.0
 * [new tag]         v3.26.0     -> v3.26.0
 * [new tag]         v3.27.0     -> v3.27.0
 * [new tag]         v3.27.1     -> v3.27.1
 * [new tag]         v3.28.0     -> v3.28.0
 * [new tag]         v3.28.1     -> v3.28.1
 * [new tag]         v3.28.2     -> v3.28.2
 * [new tag]         v3.28.3     -> v3.28.3
 * [new tag]         v3.29.0     -> v3.29.0
 * [new tag]         v3.29.1     -> v3.29.1
 * [new tag]         v3.29.2     -> v3.29.2
 * [new tag]         v3.29.3     -> v3.29.3
 * [new tag]         v3.29.4     -> v3.29.4
 * [new tag]         v3.29.5     -> v3.29.5
 * [new tag]         v3.3.0      -> v3.3.0
 * [new tag]         v3.3.1      -> v3.3.1
 * [new tag]         v3.3.2      -> v3.3.2
 * [new tag]         v3.30.0     -> v3.30.0
 * [new tag]         v3.30.1     -> v3.30.1
 * [new tag]         v3.30.2     -> v3.30.2
 * [new tag]         v3.30.3     -> v3.30.3
 * [new tag]         v3.30.4     -> v3.30.4
 * [new tag]         v3.30.5     -> v3.30.5
 * [new tag]         v3.30.6     -> v3.30.6
 * [new tag]         v3.30.7     -> v3.30.7
 * [new tag]         v3.31.0     -> v3.31.0
 * [new tag]         v3.31.1     -> v3.31.1
 * [new tag]         v3.31.2     -> v3.31.2
 * [new tag]         v3.4.0      -> v3.4.0
 * [new tag]         v3.4.1      -> v3.4.1
 * [new tag]         v3.4.2      -> v3.4.2
 * [new tag]         v3.4.3      -> v3.4.3
 * [new tag]         v3.5.0      -> v3.5.0
 * [new tag]         v3.5.1      -> v3.5.1
 * [new tag]         v3.5.2      -> v3.5.2
 * [new tag]         v3.5.3      -> v3.5.3
 * [new tag]         v3.5.4      -> v3.5.4
 * [new tag]         v3.6.0      -> v3.6.0
 * [new tag]         v3.6.1      -> v3.6.1
 * [new tag]         v3.7.0      -> v3.7.0
 * [new tag]         v3.7.1      -> v3.7.1
 * [new tag]         v3.7.2      -> v3.7.2
 * [new tag]         v3.8.0      -> v3.8.0
 * [new tag]         v3.9.0      -> v3.9.0
2023-07-14 20:25:49.449 [info] > git config --get commit.template [8ms]
2023-07-14 20:25:49.449 [info] > git for-each-ref --format=%(refname)%00%(upstream:short)%00%(objectname)%00%(upstream:track)%00%(upstream:remotename)%00%(upstream:remoteref) refs/heads/master refs/remotes/master [16ms]
2023-07-14 20:25:49.458 [info] > git config --get commit.template [9ms]
2023-07-14 20:25:49.475 [info] > git status -z -uall [18ms]
2023-07-14 20:25:49.476 [info] > git for-each-ref --format=%(refname)%00%(upstream:short)%00%(objectname)%00%(upstream:track)%00%(upstream:remotename)%00%(upstream:remoteref) refs/heads/main refs/remotes/main [10ms]
2023-07-14 20:25:49.485 [info] > git for-each-ref --format=%(refname)%00%(upstream:short)%00%(objectname)%00%(upstream:track)%00%(upstream:remotename)%00%(upstream:remoteref) refs/heads/main refs/remotes/main [11ms]
2023-07-14 20:25:49.494 [info] > git status -z -uall [9ms]
2023-07-14 20:25:49.498 [info] > git status -z -uall [5ms]
2023-07-14 20:25:49.594 [info] > git config --local branch.main.github-pr-owner-number [8ms]
2023-07-14 20:25:49.594 [info] > git config --local branch.main.github-pr-owner-number [76ms]
2023-07-14 20:25:49.632 [info] > git config --get commit.template [11ms]
2023-07-14 20:25:49.632 [info] > git config --get commit.template [18ms]
2023-07-14 20:25:49.728 [info] > git for-each-ref --format=%(refname)%00%(upstream:short)%00%(objectname)%00%(upstream:track)%00%(upstream:remotename)%00%(upstream:remoteref) refs/heads/main refs/remotes/main [79ms]
2023-07-14 20:25:49.736 [info] > git for-each-ref --format=%(refname)%00%(upstream:short)%00%(objectname)%00%(upstream:track)%00%(upstream:remotename)%00%(upstream:remoteref) refs/heads/main refs/remotes/main [95ms]
2023-07-14 20:25:49.746 [info] > git status -z -uall [10ms]
2023-07-14 20:25:49.756 [info] > git status -z -uall [11ms]
2023-07-14 20:26:58.099 [info] > git rev-parse --show-toplevel [6ms]
2023-07-14 20:26:58.099 [info] fatal: not a git repository (or any of the parent directories): .git
2023-07-14 20:27:48.749 [info] > git rev-parse --show-toplevel [2ms]
2023-07-14 20:27:48.749 [info] fatal: not a git repository (or any of the parent directories): .git
2023-07-14 20:27:57.360 [info] > git check-ignore -v -z --stdin [8ms]
2023-07-14 20:27:57.361 [info] > git check-ignore -v -z --stdin [2ms]
2023-07-14 20:28:17.590 [info] > git check-ignore -v -z --stdin [1ms]
2023-07-14 20:28:19.131 [info] > git check-ignore -v -z --stdin [1ms]
2023-07-14 20:28:29.819 [info] > git rev-parse --show-toplevel [3ms]
2023-07-14 20:28:29.819 [info] fatal: not a git repository (or any of the parent directories): .git
2023-07-14 20:28:50.930 [info] > git fetch [645ms]
2023-07-14 20:28:50.960 [info] > git fetch [665ms]
2023-07-14 20:28:50.983 [info] > git config --get commit.template [24ms]
2023-07-14 20:28:50.995 [info] > git fetch [692ms]
2023-07-14 20:28:51.007 [info] > git config --get commit.template [25ms]
2023-07-14 20:28:51.018 [info] > git for-each-ref --format=%(refname)%00%(upstream:short)%00%(objectname)%00%(upstream:track)%00%(upstream:remotename)%00%(upstream:remoteref) refs/heads/master refs/remotes/master [24ms]
2023-07-14 20:28:51.028 [info] > git for-each-ref --format=%(refname)%00%(upstream:short)%00%(objectname)%00%(upstream:track)%00%(upstream:remotename)%00%(upstream:remoteref) refs/heads/main refs/remotes/main [9ms]
2023-07-14 20:28:51.035 [info] > git config --get commit.template [29ms]
2023-07-14 20:28:51.043 [info] > git status -z -uall [16ms]
2023-07-14 20:28:51.044 [info] > git status -z -uall [10ms]
2023-07-14 20:28:51.048 [info] > git for-each-ref --format=%(refname)%00%(upstream:short)%00%(objectname)%00%(upstream:track)%00%(upstream:remotename)%00%(upstream:remoteref) refs/heads/main refs/remotes/main [6ms]
2023-07-14 20:28:51.058 [info] > git status -z -uall [2ms]
2023-07-14 20:28:53.456 [info] > git config --get commit.template [8ms]
2023-07-14 20:28:53.456 [info] > git config --get commit.template [16ms]
2023-07-14 20:28:53.457 [info] > git config --get commit.template [2ms]
2023-07-14 20:28:53.478 [info] > git for-each-ref --format=%(refname)%00%(upstream:short)%00%(objectname)%00%(upstream:track)%00%(upstream:remotename)%00%(upstream:remoteref) refs/heads/main refs/remotes/main [8ms]
2023-07-14 20:28:53.485 [info] > git for-each-ref --format=%(refname)%00%(upstream:short)%00%(objectname)%00%(upstream:track)%00%(upstream:remotename)%00%(upstream:remoteref) refs/heads/main refs/remotes/main [22ms]
2023-07-14 20:28:53.492 [info] > git status -z -uall [7ms]
2023-07-14 20:28:53.494 [info] > git for-each-ref --format=%(refname)%00%(upstream:short)%00%(objectname)%00%(upstream:track)%00%(upstream:remotename)%00%(upstream:remoteref) refs/heads/master refs/remotes/master [17ms]
2023-07-14 20:28:53.502 [info] > git status -z -uall [10ms]
2023-07-14 20:28:53.507 [info] > git status -z -uall [6ms]
2023-07-14 20:29:03.105 [info] > git rev-parse --show-toplevel [3ms]
2023-07-14 20:29:03.105 [info] fatal: not a git repository (or any of the parent directories): .git
2023-07-14 20:29:16.392 [info] > git check-ignore -v -z --stdin [2ms]
2023-07-14 20:29:41.479 [info] > git check-ignore -v -z --stdin [1ms]
2023-07-14 20:29:50.577 [info] > git show --textconv :zathurarc [6ms]
2023-07-14 20:29:50.578 [info] > git ls-files --stage -- /home/diego/.config/zathura/zathurarc [1ms]
2023-07-14 20:29:50.585 [info] > git cat-file -s 75bcf836faf96762f2a2754e5d255c13c207c74b [1ms]
2023-07-14 20:30:35.414 [info] > git check-ignore -v -z --stdin [0ms]
2023-07-14 20:30:37.177 [info] > git show --textconv :INSTALL.md [8ms]
2023-07-14 20:30:37.178 [info] > git ls-files --stage -- /home/diego/.config/zathura/INSTALL.md [1ms]
2023-07-14 20:30:37.191 [info] > git cat-file -s 2c6dc4b62cfa067169135efcc9d2b8c9a19b27db [6ms]
2023-07-14 20:30:41.380 [info] > git show --textconv :README.md [7ms]
2023-07-14 20:30:41.380 [info] > git ls-files --stage -- /home/diego/.config/zathura/README.md [1ms]
2023-07-14 20:30:41.387 [info] > git cat-file -s 2d353b7e53f3f517b80781e54746c6474c20a56d [1ms]
2023-07-14 20:30:42.638 [info] > git show --textconv :zathurarc [36ms]
2023-07-14 20:30:42.638 [info] > git ls-files --stage -- /home/diego/.config/zathura/zathurarc [16ms]
2023-07-14 20:30:42.654 [info] > git cat-file -s 75bcf836faf96762f2a2754e5d255c13c207c74b [4ms]
2023-07-14 20:30:44.492 [info] > git config --local branch.main.github-pr-owner-number [1ms]
2023-07-14 20:30:44.510 [info] > git for-each-ref --format=%(refname)%00%(upstream:short)%00%(objectname)%00%(upstream:track)%00%(upstream:remotename)%00%(upstream:remoteref) refs/heads/main refs/remotes/main [7ms]
2023-07-14 20:30:44.510 [info] > git config --get commit.template [12ms]
2023-07-14 20:30:44.516 [info] > git config --local branch.main.github-pr-owner-number [7ms]
2023-07-14 20:30:44.522 [info] > git status -z -uall [7ms]
2023-07-14 20:30:44.527 [info] > git config --get commit.template [5ms]
2023-07-14 20:30:44.537 [info] > git for-each-ref --format=%(refname)%00%(upstream:short)%00%(objectname)%00%(upstream:track)%00%(upstream:remotename)%00%(upstream:remoteref) refs/heads/main refs/remotes/main [3ms]
2023-07-14 20:30:44.545 [info] > git status -z -uall [1ms]
2023-07-14 20:30:44.852 [info] > git config --local branch.master.github-pr-owner-number [3ms]
2023-07-14 20:30:44.879 [info] > git config --get commit.template [7ms]
2023-07-14 20:30:44.879 [info] > git for-each-ref --format=%(refname)%00%(upstream:short)%00%(objectname)%00%(upstream:track)%00%(upstream:remotename)%00%(upstream:remoteref) refs/heads/master refs/remotes/master [1ms]
2023-07-14 20:30:44.886 [info] > git status -z -uall [1ms]
2023-07-14 20:30:48.550 [info] > git show --textconv :README.md [48ms]
2023-07-14 20:30:48.550 [info] > git ls-files --stage -- /home/diego/.config/zathura/README.md [24ms]
2023-07-14 20:30:48.567 [info] > git cat-file -s 2d353b7e53f3f517b80781e54746c6474c20a56d [2ms]
2023-07-14 20:30:50.866 [info] > git show --textconv :INSTALL.md [7ms]
2023-07-14 20:30:50.866 [info] > git ls-files --stage -- /home/diego/.config/zathura/INSTALL.md [1ms]
2023-07-14 20:30:50.873 [info] > git cat-file -s 2c6dc4b62cfa067169135efcc9d2b8c9a19b27db [1ms]
2023-07-14 20:31:02.381 [info] > git config --get commit.template [2ms]
2023-07-14 20:31:02.389 [info] > git for-each-ref --format=%(refname)%00%(upstream:short)%00%(objectname)%00%(upstream:track)%00%(upstream:remotename)%00%(upstream:remoteref) refs/heads/master refs/remotes/master [1ms]
2023-07-14 20:31:02.397 [info] > git status -z -uall [1ms]
2023-07-14 20:31:02.735 [info] > git show --textconv :zathurarc [12ms]
2023-07-14 20:31:02.737 [info] > git ls-files --stage -- /home/diego/.config/zathura/zathurarc [2ms]
2023-07-14 20:31:02.751 [info] > git cat-file -s 75bcf836faf96762f2a2754e5d255c13c207c74b [2ms]
2023-07-14 20:31:51.683 [info] > git fetch [611ms]
2023-07-14 20:31:51.690 [info] > git fetch [627ms]
2023-07-14 20:31:51.697 [info] > git config --get commit.template [7ms]
2023-07-14 20:31:51.705 [info] > git config --get commit.template [8ms]
2023-07-14 20:31:51.712 [info] > git for-each-ref --format=%(refname)%00%(upstream:short)%00%(objectname)%00%(upstream:track)%00%(upstream:remotename)%00%(upstream:remoteref) refs/heads/main refs/remotes/main [8ms]
2023-07-14 20:31:51.720 [info] > git for-each-ref --format=%(refname)%00%(upstream:short)%00%(objectname)%00%(upstream:track)%00%(upstream:remotename)%00%(upstream:remoteref) refs/heads/main refs/remotes/main [8ms]
2023-07-14 20:31:51.729 [info] > git status -z -uall [9ms]
2023-07-14 20:31:51.732 [info] > git status -z -uall [4ms]
2023-07-14 20:31:51.735 [info] > git fetch [679ms]
2023-07-14 20:31:51.744 [info] > git config --get commit.template [1ms]
2023-07-14 20:31:51.751 [info] > git for-each-ref --format=%(refname)%00%(upstream:short)%00%(objectname)%00%(upstream:track)%00%(upstream:remotename)%00%(upstream:remoteref) refs/heads/master refs/remotes/master [1ms]
2023-07-14 20:31:51.758 [info] > git status -z -uall [1ms]
2023-07-14 20:31:52.773 [info] > git config --get commit.template [8ms]
2023-07-14 20:31:52.776 [info] > git for-each-ref --format=%(refname)%00%(upstream:short)%00%(objectname)%00%(upstream:track)%00%(upstream:remotename)%00%(upstream:remoteref) refs/heads/main refs/remotes/main [4ms]
2023-07-14 20:31:52.784 [info] > git status -z -uall [2ms]
2023-07-14 20:31:52.915 [info] > git config --get commit.template [6ms]
2023-07-14 20:31:52.915 [info] > git config --get commit.template [1ms]
2023-07-14 20:31:52.927 [info] > git for-each-ref --format=%(refname)%00%(upstream:short)%00%(objectname)%00%(upstream:track)%00%(upstream:remotename)%00%(upstream:remoteref) refs/heads/main refs/remotes/main [6ms]
2023-07-14 20:31:52.933 [info] > git for-each-ref --format=%(refname)%00%(upstream:short)%00%(objectname)%00%(upstream:track)%00%(upstream:remotename)%00%(upstream:remoteref) refs/heads/master refs/remotes/master [7ms]
2023-07-14 20:31:52.939 [info] > git status -z -uall [6ms]
2023-07-14 20:31:52.941 [info] > git status -z -uall [3ms]
2023-07-14 20:31:53.109 [info] > git ls-files --stage -- /home/diego/.config/zathura/zathurarc [60ms]
2023-07-14 20:31:53.207 [info] > git cat-file -s 75bcf836faf96762f2a2754e5d255c13c207c74b [91ms]
2023-07-14 20:31:53.291 [info] > git show --textconv :zathurarc [30ms]
2023-07-14 20:32:30.894 [info] > git config --get commit.template [10ms]
2023-07-14 20:32:30.894 [info] > git for-each-ref --format=%(refname)%00%(upstream:short)%00%(objectname)%00%(upstream:track)%00%(upstream:remotename)%00%(upstream:remoteref) refs/heads/master refs/remotes/master [1ms]
2023-07-14 20:32:30.904 [info] > git status -z -uall [1ms]
2023-07-14 20:34:36.492 [info] > git rev-parse --show-toplevel [4ms]
2023-07-14 20:34:36.492 [info] fatal: not a git repository (or any of the parent directories): .git
2023-07-14 20:34:52.376 [info] > git fetch [634ms]
2023-07-14 20:34:52.384 [info] > git fetch [635ms]
2023-07-14 20:34:52.390 [info] > git config --get commit.template [7ms]
2023-07-14 20:34:52.396 [info] > git config --get commit.template [6ms]
2023-07-14 20:34:52.402 [info] > git for-each-ref --format=%(refname)%00%(upstream:short)%00%(objectname)%00%(upstream:track)%00%(upstream:remotename)%00%(upstream:remoteref) refs/heads/main refs/remotes/main [7ms]
2023-07-14 20:34:52.408 [info] > git for-each-ref --format=%(refname)%00%(upstream:short)%00%(objectname)%00%(upstream:track)%00%(upstream:remotename)%00%(upstream:remoteref) refs/heads/main refs/remotes/main [7ms]
2023-07-14 20:34:52.414 [info] > git status -z -uall [6ms]
2023-07-14 20:34:52.417 [info] > git status -z -uall [3ms]
2023-07-14 20:34:52.420 [info] > git fetch [653ms]
2023-07-14 20:34:52.434 [info] > git config --get commit.template [2ms]
2023-07-14 20:34:52.445 [info] > git for-each-ref --format=%(refname)%00%(upstream:short)%00%(objectname)%00%(upstream:track)%00%(upstream:remotename)%00%(upstream:remoteref) refs/heads/master refs/remotes/master [1ms]
2023-07-14 20:34:52.454 [info] > git status -z -uall [1ms]
2023-07-14 20:34:53.467 [info] > git config --get commit.template [6ms]
2023-07-14 20:34:53.471 [info] > git for-each-ref --format=%(refname)%00%(upstream:short)%00%(objectname)%00%(upstream:track)%00%(upstream:remotename)%00%(upstream:remoteref) refs/heads/main refs/remotes/main [4ms]
2023-07-14 20:34:53.479 [info] > git status -z -uall [2ms]
2023-07-14 20:34:53.609 [info] > git config --get commit.template [7ms]
2023-07-14 20:34:53.624 [info] > git config --get commit.template [15ms]
2023-07-14 20:34:53.624 [info] > git for-each-ref --format=%(refname)%00%(upstream:short)%00%(objectname)%00%(upstream:track)%00%(upstream:remotename)%00%(upstream:remoteref) refs/heads/main refs/remotes/main [8ms]
2023-07-14 20:34:53.631 [info] > git for-each-ref --format=%(refname)%00%(upstream:short)%00%(objectname)%00%(upstream:track)%00%(upstream:remotename)%00%(upstream:remoteref) refs/heads/master refs/remotes/master [8ms]
2023-07-14 20:34:53.639 [info] > git status -z -uall [8ms]
2023-07-14 20:34:53.642 [info] > git status -z -uall [4ms]
2023-07-14 20:34:53.799 [info] > git ls-files --stage -- /home/diego/.config/zathura/zathurarc [80ms]
2023-07-14 20:34:53.850 [info] > git cat-file -s 75bcf836faf96762f2a2754e5d255c13c207c74b [45ms]
2023-07-14 20:34:53.950 [info] > git show --textconv :zathurarc [46ms]
2023-07-14 20:35:44.536 [info] > git config --local branch.main.github-pr-owner-number [0ms]
2023-07-14 20:35:44.556 [info] > git for-each-ref --format=%(refname)%00%(upstream:short)%00%(objectname)%00%(upstream:track)%00%(upstream:remotename)%00%(upstream:remoteref) refs/heads/main refs/remotes/main [7ms]
2023-07-14 20:35:44.556 [info] > git config --get commit.template [13ms]
2023-07-14 20:35:44.563 [info] > git config --local branch.main.github-pr-owner-number [7ms]
2023-07-14 20:35:44.570 [info] > git status -z -uall [8ms]
2023-07-14 20:35:44.573 [info] > git config --get commit.template [3ms]
2023-07-14 20:35:44.584 [info] > git for-each-ref --format=%(refname)%00%(upstream:short)%00%(objectname)%00%(upstream:track)%00%(upstream:remotename)%00%(upstream:remoteref) refs/heads/main refs/remotes/main [4ms]
2023-07-14 20:35:44.593 [info] > git status -z -uall [2ms]
2023-07-14 20:35:44.916 [info] > git config --local branch.master.github-pr-owner-number [4ms]
2023-07-14 20:35:44.931 [info] > git config --get commit.template [5ms]
2023-07-14 20:35:44.932 [info] > git for-each-ref --format=%(refname)%00%(upstream:short)%00%(objectname)%00%(upstream:track)%00%(upstream:remotename)%00%(upstream:remoteref) refs/heads/master refs/remotes/master [1ms]
2023-07-14 20:35:44.939 [info] > git status -z -uall [1ms]
2023-07-14 20:36:53.883 [info] > git rev-parse --show-toplevel [0ms]
2023-07-14 20:36:53.883 [info] fatal: not a git repository (or any of the parent directories): .git
2023-07-14 20:36:54.505 [info] > git check-ignore -v -z --stdin [0ms]
2023-07-14 20:36:55.953 [info] > git check-ignore -v -z --stdin [1ms]
2023-07-14 20:36:59.685 [info] > git rev-parse --show-toplevel [1ms]
2023-07-14 20:36:59.685 [info] fatal: not a git repository (or any of the parent directories): .git
2023-07-14 20:37:01.217 [info] > git rev-parse --show-toplevel [0ms]
2023-07-14 20:37:01.217 [info] fatal: not a git repository (or any of the parent directories): .git
2023-07-14 20:37:01.690 [info] > git check-ignore -v -z --stdin [6ms]
2023-07-14 20:37:01.690 [info] > git check-ignore -v -z --stdin [1ms]
2023-07-14 20:37:13.205 [info] > git for-each-ref --sort -committerdate --format %(refname) %(objectname) %(*objectname) [1ms]
2023-07-14 20:37:53.082 [info] > git fetch [625ms]
2023-07-14 20:37:53.091 [info] > git fetch [650ms]
2023-07-14 20:37:53.099 [info] > git config --get commit.template [9ms]
2023-07-14 20:37:53.107 [info] > git fetch [643ms]
2023-07-14 20:37:53.108 [info] > git config --get commit.template [9ms]
2023-07-14 20:37:53.123 [info] > git for-each-ref --format=%(refname)%00%(upstream:short)%00%(objectname)%00%(upstream:track)%00%(upstream:remotename)%00%(upstream:remoteref) refs/heads/main refs/remotes/main [8ms]
2023-07-14 20:37:53.130 [info] > git for-each-ref --format=%(refname)%00%(upstream:short)%00%(objectname)%00%(upstream:track)%00%(upstream:remotename)%00%(upstream:remoteref) refs/heads/main refs/remotes/main [23ms]
2023-07-14 20:37:53.138 [info] > git status -z -uall [8ms]
2023-07-14 20:37:53.140 [info] > git config --get commit.template [17ms]
2023-07-14 20:37:53.149 [info] > git status -z -uall [12ms]
2023-07-14 20:37:53.152 [info] > git for-each-ref --format=%(refname)%00%(upstream:short)%00%(objectname)%00%(upstream:track)%00%(upstream:remotename)%00%(upstream:remoteref) refs/heads/master refs/remotes/master [4ms]
2023-07-14 20:37:53.162 [info] > git status -z -uall [2ms]
2023-07-14 20:37:54.180 [info] > git config --get commit.template [7ms]
2023-07-14 20:37:54.183 [info] > git for-each-ref --format=%(refname)%00%(upstream:short)%00%(objectname)%00%(upstream:track)%00%(upstream:remotename)%00%(upstream:remoteref) refs/heads/main refs/remotes/main [4ms]
2023-07-14 20:37:54.191 [info] > git status -z -uall [2ms]
2023-07-14 20:37:54.346 [info] > git config --get commit.template [5ms]
2023-07-14 20:37:54.347 [info] > git config --get commit.template [1ms]
2023-07-14 20:37:54.358 [info] > git for-each-ref --format=%(refname)%00%(upstream:short)%00%(objectname)%00%(upstream:track)%00%(upstream:remotename)%00%(upstream:remoteref) refs/heads/main refs/remotes/main [6ms]
2023-07-14 20:37:54.363 [info] > git for-each-ref --format=%(refname)%00%(upstream:short)%00%(objectname)%00%(upstream:track)%00%(upstream:remotename)%00%(upstream:remoteref) refs/heads/master refs/remotes/master [6ms]
2023-07-14 20:37:54.369 [info] > git status -z -uall [6ms]
2023-07-14 20:37:54.372 [info] > git status -z -uall [3ms]
2023-07-14 20:37:54.522 [info] > git ls-files --stage -- /home/diego/.config/zathura/zathurarc [67ms]
2023-07-14 20:37:54.550 [info] > git cat-file -s 75bcf836faf96762f2a2754e5d255c13c207c74b [17ms]
2023-07-14 20:37:54.587 [info] > git show --textconv :zathurarc [20ms]
