2023-07-14 19:00:33.003 [info] Reading sessions from keychain...
2023-07-14 19:00:33.003 [info] Getting sessions for all scopes...
2023-07-14 19:00:33.003 [info] Got stored sessions!
2023-07-14 19:00:33.003 [info] Got 1 verified sessions.
2023-07-14 19:00:33.003 [info] Got 1 sessions for ...
2023-07-14 19:00:33.003 [info] Getting sessions for user:email...
2023-07-14 19:00:33.003 [info] Got 1 sessions for user:email...
2023-07-14 19:00:33.003 [info] Getting sessions for all scopes...
2023-07-14 19:00:33.003 [info] Got 1 sessions for ...
2023-07-14 19:00:33.003 [info] Getting sessions for all scopes...
2023-07-14 19:00:33.003 [info] Got 1 sessions for ...
2023-07-14 19:00:33.059 [info] Getting sessions for read:user,repo,user:email,workflow...
2023-07-14 19:00:33.059 [info] Got 0 sessions for read:user,repo,user:email,workflow...
2023-07-14 19:00:33.142 [info] Getting sessions for all scopes...
2023-07-14 19:00:33.142 [info] Got 1 sessions for ...
2023-07-14 19:00:33.162 [info] Getting sessions for read:user,repo,user:email...
2023-07-14 19:00:33.162 [info] Got 0 sessions for read:user,repo,user:email...
2023-07-14 19:00:34.614 [info] Getting user info...
2023-07-14 19:00:35.041 [info] Got account info!
2023-07-14 19:09:08.785 [info] Reading sessions from keychain...
2023-07-14 19:09:08.785 [info] Getting sessions for all scopes...
2023-07-14 19:09:08.785 [info] Getting sessions for user:email...
2023-07-14 19:09:08.785 [info] Got stored sessions!
2023-07-14 19:09:08.785 [info] Got 1 verified sessions.
2023-07-14 19:09:08.785 [info] Got 1 sessions for ...
2023-07-14 19:09:08.785 [info] Got 1 sessions for user:email...
2023-07-14 19:09:08.857 [info] Getting sessions for read:user,repo,user:email,workflow...
2023-07-14 19:09:08.857 [info] Got 0 sessions for read:user,repo,user:email,workflow...
2023-07-14 19:09:08.862 [info] Getting sessions for all scopes...
2023-07-14 19:09:08.862 [info] Got 1 sessions for ...
2023-07-14 19:09:08.868 [info] Getting sessions for read:user,repo,user:email...
2023-07-14 19:09:08.868 [info] Got 0 sessions for read:user,repo,user:email...
2023-07-14 19:09:08.880 [info] Getting sessions for all scopes...
2023-07-14 19:09:08.880 [info] Got 1 sessions for ...
2023-07-14 19:09:10.600 [info] Getting user info...
2023-07-14 19:09:11.013 [info] Got account info!
2023-07-14 19:09:32.902 [info] Getting sessions for read:user,repo,user:email...
2023-07-14 19:09:32.902 [info] Got 0 sessions for read:user,repo,user:email...
2023-07-14 19:09:45.011 [info] Getting sessions for read:user,repo,user:email...
2023-07-14 19:09:45.011 [info] Got 0 sessions for read:user,repo,user:email...
