2023-07-05 14:12:01.013 [warning] /home/diego/.ssh/config: ENOENT: no such file or directory, open '/home/diego/.ssh/config'
2023-07-05 14:12:01.134 [info] Looking for git repository
2023-07-05 14:12:01.134 [info] Found 0 repositories during activation
2023-07-05 14:12:01.134 [info] Git repository found, initializing review manager and pr tree view.
2023-07-05 14:12:01.135 [info] Registering git provider
2023-07-05 14:13:29.482 [warning] /home/diego/.ssh/config: ENOENT: no such file or directory, open '/home/diego/.ssh/config'
2023-07-05 14:13:29.512 [info] Looking for git repository
2023-07-05 14:13:29.512 [info] Found 0 repositories during activation
2023-07-05 14:13:29.512 [info] Git repository found, initializing review manager and pr tree view.
2023-07-05 14:13:34.144 [info] Registering git provider
2023-07-05 14:13:34.369 [info] Git initialization state changed: state=initialized
2023-07-05 14:14:35.597 [info] Repository file:///home/diego/World%20of%20Warcraft%203.3.5a/niwotlk has been opened
2023-07-05 14:14:35.597 [info] Review> Validate state in progress
2023-07-05 14:14:35.597 [info] Review> Validating state...
2023-07-05 14:14:35.598 [warning] No remotes found. The following remotes are missing: origin, upstream
2023-07-05 14:14:35.598 [info] No GitHub remotes found for folder /home/diego/World of Warcraft 3.3.5a/niwotlk
2023-07-05 14:14:35.667 [info] Review> Queuing additional validate state
2023-07-05 14:14:35.667 [info] Repo state for file:///home/diego/World%20of%20Warcraft%203.3.5a/niwotlk changed.
2023-07-05 14:14:35.667 [info] Repo file:///home/diego/World%20of%20Warcraft%203.3.5a/niwotlk has already been setup.
2023-07-05 14:14:35.692 [info] Review> Validating state...
2023-07-05 14:14:35.703 [info] Found GitHub remote for folder /home/diego/World of Warcraft 3.3.5a/niwotlk
2023-07-05 14:14:35.751 [info] Review> no matching pull request metadata found for current branch main
2023-07-05 14:14:35.751 [info] Review> No matching pull request metadata found on GitHub for current branch main
