2023-07-14 16:53:00.631 [info] Added views:workbench.panel.markers.view in workbench.panel.markers
2023-07-14 16:53:00.631 [info] Added views:workbench.panel.output in workbench.panel.output
2023-07-14 16:53:00.631 [info] Added views:terminal in terminal
2023-07-14 16:53:00.631 [info] Added views:outline in workbench.view.explorer
2023-07-14 16:53:00.631 [info] Added views:workbench.scm in workbench.view.scm
2023-07-14 16:53:00.631 [info] Added views:workbench.view.search in workbench.view.search
2023-07-14 16:53:00.631 [info] Added views:timeline in workbench.view.explorer
2023-07-14 16:53:00.631 [info] Added views:workbench.explorer.emptyView in workbench.view.explorer
2023-07-14 16:53:00.816 [info] Added views:pythonEnvironments in workbench.view.extension.package-explorer
2023-07-14 16:53:00.816 [info] Added views:gitlens.views.home,gitlens.views.workspaces,gitlens.views.account in workbench.view.extension.gitlens
2023-07-14 16:53:00.817 [info] Added views:gitlens.views.commitDetails,gitlens.views.lineHistory,gitlens.views.fileHistory,gitlens.views.searchAndCompare in workbench.view.extension.gitlensInspect
2023-07-14 16:53:00.818 [info] Added views:gitlens.views.commits,gitlens.views.branches,gitlens.views.remotes,gitlens.views.stashes,gitlens.views.tags in workbench.view.scm
2023-07-14 16:53:00.818 [info] Added views:pr:github,issues:github in workbench.view.extension.github-pull-requests
2023-07-14 16:53:00.820 [info] Added views:dvc.views.welcome,dvc.views.actions,dvc.views.support in workbench.view.extension.dvc-views
2023-07-14 16:53:00.991 [info] Added views:workbench.debug.variablesView,workbench.debug.watchExpressionsView,workbench.debug.callStackView,workbench.debug.breakPointsView in workbench.view.debug
2023-07-14 16:53:01.003 [info] Added views:workbench.panel.repl.view in workbench.panel.repl
2023-07-14 16:53:01.004 [info] Removed views:workbench.debug.breakPointsView,workbench.debug.callStackView,workbench.debug.watchExpressionsView,workbench.debug.variablesView from workbench.view.debug
2023-07-14 16:53:01.005 [info] Added views:workbench.debug.welcome in workbench.view.debug
2023-07-14 16:53:01.503 [info] Removed views:gitlens.views.searchAndCompare,gitlens.views.fileHistory,gitlens.views.lineHistory,gitlens.views.commitDetails from workbench.view.extension.gitlensInspect
2023-07-14 16:53:01.504 [info] Removed views:gitlens.views.tags,gitlens.views.stashes,gitlens.views.remotes,gitlens.views.branches,gitlens.views.commits from workbench.view.scm
2023-07-14 16:53:01.747 [info] Added views:workbench.view.testing in workbench.view.extension.test
2023-07-14 16:53:28.811 [info] Removed views:workbench.view.testing from workbench.view.extension.test
