2023-07-14 20:13:22.947 [warning] Via 'product.json#extensionEnabledApiProposals' extension 'ms-vscode.vscode-selfhost-test-provider' wants API proposal 'testContinuousRun' but that proposal DOES NOT EXIST. Likely, the proposal has been finalized (check 'vscode.d.ts') or was abandoned.
2023-07-14 20:13:23.540 [error] [AnbuselvanRocky.bootstrap5-vscode]: Unknown language in `contributes.bootstrap5-vscode.language`. Provided value: blade
2023-07-14 20:13:23.540 [error] [AnbuselvanRocky.bootstrap5-vscode]: Unknown language in `contributes.bootstrap5-vscode.language`. Provided value: ejs
2023-07-14 20:13:23.540 [error] [AnbuselvanRocky.bootstrap5-vscode]: Unknown language in `contributes.bootstrap5-vscode.language`. Provided value: latte
2023-07-14 20:13:23.541 [error] [AnbuselvanRocky.bootstrap5-vscode]: Unknown language in `contributes.bootstrap5-vscode.language`. Provided value: tpl
2023-07-14 20:13:23.541 [error] [AnbuselvanRocky.bootstrap5-vscode]: Unknown language in `contributes.bootstrap5-vscode.language`. Provided value: twig
2023-07-14 20:13:23.541 [error] [AnbuselvanRocky.bootstrap5-vscode]: Unknown language in `contributes.bootstrap5-vscode.language`. Provided value: vue-html
2023-07-14 20:13:23.541 [error] [AnbuselvanRocky.bootstrap5-vscode]: Unknown language in `contributes.bootstrap5-vscode.language`. Provided value: jinja-html
2023-07-14 20:13:23.541 [error] [AnbuselvanRocky.bootstrap5-vscode]: Unknown language in `contributes.bootstrap5-vscode.language`. Provided value: erb
2023-07-14 20:13:23.542 [error] [AnbuselvanRocky.bootstrap5-vscode]: Unknown language in `contributes.bootstrap5-vscode.language`. Provided value: HTML (Eex)
2023-07-14 20:13:23.542 [error] [AnbuselvanRocky.bootstrap5-vscode]: Unknown language in `contributes.bootstrap5-vscode.language`. Provided value: volt
2023-07-14 20:13:23.542 [error] [AnbuselvanRocky.bootstrap5-vscode]: Unknown language in `contributes.bootstrap5-vscode.language`. Provided value: nunjucks
2023-07-14 20:13:23.542 [error] [AnbuselvanRocky.bootstrap5-vscode]: Unknown language in `contributes.bootstrap5-vscode.language`. Provided value: sass
2023-07-14 20:13:23.542 [error] [AnbuselvanRocky.bootstrap5-vscode]: Unknown language in `contributes.bootstrap5-vscode.language`. Provided value: svelte
2023-07-14 20:13:25.908 [info] [perf] Render performance baseline is 53ms
2023-07-14 20:25:42.349 [warning] Via 'product.json#extensionEnabledApiProposals' extension 'ms-vscode.vscode-selfhost-test-provider' wants API proposal 'testContinuousRun' but that proposal DOES NOT EXIST. Likely, the proposal has been finalized (check 'vscode.d.ts') or was abandoned.
2023-07-14 20:25:43.124 [error] [AnbuselvanRocky.bootstrap5-vscode]: Unknown language in `contributes.bootstrap5-vscode.language`. Provided value: blade
2023-07-14 20:25:43.124 [error] [AnbuselvanRocky.bootstrap5-vscode]: Unknown language in `contributes.bootstrap5-vscode.language`. Provided value: ejs
2023-07-14 20:25:43.125 [error] [AnbuselvanRocky.bootstrap5-vscode]: Unknown language in `contributes.bootstrap5-vscode.language`. Provided value: latte
2023-07-14 20:25:43.125 [error] [AnbuselvanRocky.bootstrap5-vscode]: Unknown language in `contributes.bootstrap5-vscode.language`. Provided value: tpl
2023-07-14 20:25:43.125 [error] [AnbuselvanRocky.bootstrap5-vscode]: Unknown language in `contributes.bootstrap5-vscode.language`. Provided value: twig
2023-07-14 20:25:43.125 [error] [AnbuselvanRocky.bootstrap5-vscode]: Unknown language in `contributes.bootstrap5-vscode.language`. Provided value: vue-html
2023-07-14 20:25:43.126 [error] [AnbuselvanRocky.bootstrap5-vscode]: Unknown language in `contributes.bootstrap5-vscode.language`. Provided value: jinja-html
2023-07-14 20:25:43.126 [error] [AnbuselvanRocky.bootstrap5-vscode]: Unknown language in `contributes.bootstrap5-vscode.language`. Provided value: erb
2023-07-14 20:25:43.126 [error] [AnbuselvanRocky.bootstrap5-vscode]: Unknown language in `contributes.bootstrap5-vscode.language`. Provided value: HTML (Eex)
2023-07-14 20:25:43.127 [error] [AnbuselvanRocky.bootstrap5-vscode]: Unknown language in `contributes.bootstrap5-vscode.language`. Provided value: volt
2023-07-14 20:25:43.127 [error] [AnbuselvanRocky.bootstrap5-vscode]: Unknown language in `contributes.bootstrap5-vscode.language`. Provided value: nunjucks
2023-07-14 20:25:43.127 [error] [AnbuselvanRocky.bootstrap5-vscode]: Unknown language in `contributes.bootstrap5-vscode.language`. Provided value: sass
2023-07-14 20:25:43.127 [error] [AnbuselvanRocky.bootstrap5-vscode]: Unknown language in `contributes.bootstrap5-vscode.language`. Provided value: svelte
2023-07-14 20:25:45.288 [info] [perf] Render performance baseline is 31ms
2023-07-14 20:35:01.380 [warning] Settings pattern "security.*" doesn't match any settings
2023-07-14 20:35:01.381 [warning] SettingsEditor2: Settings not included in settingsLayout.ts: interactiveEditor.editMode, accessibility.verbosity.diff-editor, accessibility.verbosity.terminal
