2023-07-14 20:13:23.106 [info] Added views:workbench.panel.markers.view in workbench.panel.markers
2023-07-14 20:13:23.106 [info] Added views:workbench.panel.output in workbench.panel.output
2023-07-14 20:13:23.106 [info] Added views:terminal in terminal
2023-07-14 20:13:23.106 [info] Added views:outline in workbench.view.explorer
2023-07-14 20:13:23.106 [info] Added views:workbench.scm in workbench.view.scm
2023-07-14 20:13:23.106 [info] Added views:workbench.view.search in workbench.view.search
2023-07-14 20:13:23.106 [info] Added views:timeline in workbench.view.explorer
2023-07-14 20:13:23.106 [info] Added views:workbench.explorer.emptyView in workbench.view.explorer
2023-07-14 20:13:23.292 [info] Added views:pythonEnvironments in workbench.view.extension.package-explorer
2023-07-14 20:13:23.292 [info] Added views:gitlens.views.home,gitlens.views.workspaces,gitlens.views.account in workbench.view.extension.gitlens
2023-07-14 20:13:23.292 [info] Added views:gitlens.views.commitDetails,gitlens.views.lineHistory,gitlens.views.fileHistory,gitlens.views.searchAndCompare in workbench.view.extension.gitlensInspect
2023-07-14 20:13:23.293 [info] Added views:gitlens.views.commits,gitlens.views.branches,gitlens.views.remotes,gitlens.views.stashes,gitlens.views.tags in workbench.view.scm
2023-07-14 20:13:23.293 [info] Added views:pr:github,issues:github in workbench.view.extension.github-pull-requests
2023-07-14 20:13:23.294 [info] Added views:dvc.views.welcome,dvc.views.actions,dvc.views.support in workbench.view.extension.dvc-views
2023-07-14 20:13:23.451 [info] Added views:workbench.debug.variablesView,workbench.debug.watchExpressionsView,workbench.debug.callStackView,workbench.debug.breakPointsView in workbench.view.debug
2023-07-14 20:13:23.467 [info] Added views:workbench.panel.repl.view in workbench.panel.repl
2023-07-14 20:13:23.468 [info] Removed views:workbench.debug.breakPointsView,workbench.debug.callStackView,workbench.debug.watchExpressionsView,workbench.debug.variablesView from workbench.view.debug
2023-07-14 20:13:23.468 [info] Added views:workbench.debug.welcome in workbench.view.debug
2023-07-14 20:13:23.981 [info] Removed views:gitlens.views.searchAndCompare,gitlens.views.fileHistory,gitlens.views.lineHistory,gitlens.views.commitDetails from workbench.view.extension.gitlensInspect
2023-07-14 20:13:23.982 [info] Removed views:gitlens.views.tags,gitlens.views.stashes,gitlens.views.remotes,gitlens.views.branches,gitlens.views.commits from workbench.view.scm
2023-07-14 20:13:24.186 [info] Added views:workbench.view.testing in workbench.view.extension.test
2023-07-14 20:25:42.080 [info] Removed views:workbench.view.testing from workbench.view.extension.test
2023-07-14 20:25:42.539 [info] Added views:workbench.panel.markers.view in workbench.panel.markers
2023-07-14 20:25:42.539 [info] Added views:workbench.panel.output in workbench.panel.output
2023-07-14 20:25:42.539 [info] Added views:terminal in terminal
2023-07-14 20:25:42.539 [info] Added views:outline in workbench.view.explorer
2023-07-14 20:25:42.539 [info] Added views:workbench.scm in workbench.view.scm
2023-07-14 20:25:42.539 [info] Added views:workbench.view.search in workbench.view.search
2023-07-14 20:25:42.539 [info] Added views:timeline in workbench.view.explorer
2023-07-14 20:25:42.539 [info] Added views:workbench.explorer.fileView in workbench.view.explorer
2023-07-14 20:25:42.793 [info] Added views:pythonEnvironments in workbench.view.extension.package-explorer
2023-07-14 20:25:42.794 [info] Added views:gitlens.views.home,gitlens.views.workspaces,gitlens.views.account in workbench.view.extension.gitlens
2023-07-14 20:25:42.794 [info] Added views:gitlens.views.commitDetails,gitlens.views.lineHistory,gitlens.views.fileHistory,gitlens.views.searchAndCompare in workbench.view.extension.gitlensInspect
2023-07-14 20:25:42.795 [info] Added views:gitlens.views.commits,gitlens.views.branches,gitlens.views.remotes,gitlens.views.stashes,gitlens.views.tags in workbench.view.scm
2023-07-14 20:25:42.796 [info] Added views:pr:github,issues:github in workbench.view.extension.github-pull-requests
2023-07-14 20:25:42.796 [info] Added views:dvc.views.welcome,dvc.views.actions,dvc.views.support in workbench.view.extension.dvc-views
2023-07-14 20:25:42.946 [info] Added views:workbench.debug.variablesView,workbench.debug.watchExpressionsView,workbench.debug.callStackView,workbench.debug.breakPointsView in workbench.view.debug
2023-07-14 20:25:42.980 [info] Added views:workbench.panel.repl.view in workbench.panel.repl
2023-07-14 20:25:42.982 [info] Removed views:workbench.debug.breakPointsView,workbench.debug.callStackView,workbench.debug.watchExpressionsView,workbench.debug.variablesView from workbench.view.debug
2023-07-14 20:25:42.982 [info] Added views:workbench.debug.welcome in workbench.view.debug
2023-07-14 20:25:43.990 [info] Added views:workbench.view.testing in workbench.view.extension.test
2023-07-14 20:25:44.275 [info] Added views:gitlens.views.graph,gitlens.views.graphDetails in workbench.view.extension.gitlensPanel
2023-07-14 20:25:44.276 [info] Added views:gitlens.views.timeline in workbench.view.extension.gitlensInspect
2023-07-14 20:25:44.277 [info] Added views:gitlens.views.worktrees in workbench.view.scm
2023-07-14 20:25:44.542 [info] Added views:github:activePullRequest:welcome in workbench.view.extension.github-pull-request
2023-07-14 20:25:44.544 [info] Removed views:github:activePullRequest:welcome from workbench.view.extension.github-pull-request
2023-07-14 20:25:44.853 [info] Added views:workbench.panel.comments in workbench.panel.comments
2023-07-14 20:36:50.951 [info] Added views:workbench.views.extensions.installed,workbench.views.extensions.popular,extensions.recommendedList in workbench.view.extensions
2023-07-14 20:36:50.966 [info] Removed views:workbench.views.extensions.popular from workbench.view.extensions
