2023-07-05 14:12:00.600 [info] Reading sessions from keychain...
2023-07-05 14:12:00.600 [info] Getting sessions for all scopes...
2023-07-05 14:12:00.600 [info] Getting sessions for all scopes...
2023-07-05 14:12:00.600 [info] Getting sessions for user:email...
2023-07-05 14:12:00.600 [info] Got stored sessions!
2023-07-05 14:12:00.600 [info] Got 1 verified sessions.
2023-07-05 14:12:00.600 [info] Got 1 sessions for ...
2023-07-05 14:12:00.600 [info] Got 1 sessions for ...
2023-07-05 14:12:00.600 [info] Got 1 sessions for user:email...
2023-07-05 14:12:01.021 [info] Getting sessions for all scopes...
2023-07-05 14:12:01.021 [info] Got 1 sessions for ...
2023-07-05 14:12:01.052 [info] Getting sessions for read:user,repo,user:email,workflow...
2023-07-05 14:12:01.052 [info] Got 0 sessions for read:user,repo,user:email,workflow...
2023-07-05 14:12:01.127 [info] Getting sessions for read:user,repo,user:email...
2023-07-05 14:12:01.127 [info] Got 0 sessions for read:user,repo,user:email...
2023-07-05 14:12:02.094 [info] Getting user info...
2023-07-05 14:12:02.515 [info] Got account info!
2023-07-05 14:13:29.482 [info] Reading sessions from keychain...
2023-07-05 14:13:29.482 [info] Getting sessions for all scopes...
2023-07-05 14:13:29.482 [info] Getting sessions for user:email...
2023-07-05 14:13:29.482 [info] Got stored sessions!
2023-07-05 14:13:29.482 [info] Got 1 verified sessions.
2023-07-05 14:13:29.482 [info] Got 1 sessions for ...
2023-07-05 14:13:29.482 [info] Got 1 sessions for user:email...
2023-07-05 14:13:29.497 [info] Getting sessions for read:user,repo,user:email,workflow...
2023-07-05 14:13:29.497 [info] Got 0 sessions for read:user,repo,user:email,workflow...
2023-07-05 14:13:29.506 [info] Getting sessions for read:user,repo,user:email...
2023-07-05 14:13:29.506 [info] Got 0 sessions for read:user,repo,user:email...
2023-07-05 14:13:29.537 [info] Getting sessions for all scopes...
2023-07-05 14:13:29.537 [info] Got 1 sessions for ...
2023-07-05 14:13:31.065 [info] Getting user info...
2023-07-05 14:13:31.521 [info] Got account info!
2023-07-05 14:14:35.711 [info] Getting sessions for read:user,repo,user:email...
2023-07-05 14:14:35.711 [info] Got 0 sessions for read:user,repo,user:email...
