2023-07-05 14:12:01.092 [info] Experiment 'pythonPromptNewFormatterExt' is active
2023-07-05 14:12:01.092 [info] Experiment 'pythonPromptNewToolsExt' is active
2023-07-05 14:12:01.093 [info] Test server listening.
2023-07-05 14:12:01.103 [info] Python interpreter path: /bin/python
2023-07-05 14:12:01.128 [warning] Retry failed, storage update failed for key PYTHON_GLOBAL_STORAGE_KEYS
2023-07-05 14:12:01.128 [warning] Retry failed, storage update failed for key PYTHON_GLOBAL_STORAGE_KEYS
2023-07-05 14:12:01.135 [warning] Retry failed, storage update failed for key PYTHON_GLOBAL_STORAGE_KEYS
2023-07-05 14:12:01.135 [warning] Retry failed, storage update failed for key PYTHON_GLOBAL_STORAGE_KEYS
2023-07-05 14:12:01.135 [warning] Retry failed, storage update failed for key PYTHON_GLOBAL_STORAGE_KEYS
2023-07-05 14:12:01.135 [warning] Retry failed, storage update failed for key PYTHON_GLOBAL_STORAGE_KEYS
2023-07-05 14:12:01.135 [warning] Retry failed, storage update failed for key PYTHON_GLOBAL_STORAGE_KEYS
2023-07-05 14:12:01.418 [warning] Retry failed, storage update failed for key PYTHON_GLOBAL_STORAGE_KEYS
2023-07-05 14:12:02.463 [info] Starting Pylance language server.
2023-07-05 14:13:34.341 [info] Experiment 'pythonPromptNewFormatterExt' is active
2023-07-05 14:13:34.341 [info] Experiment 'pythonPromptNewToolsExt' is active
2023-07-05 14:13:34.341 [info] Test server listening.
2023-07-05 14:13:34.369 [warning] Retry failed, storage update failed for key PYTHON_GLOBAL_STORAGE_KEYS
2023-07-05 14:13:34.369 [warning] Retry failed, storage update failed for key PYTHON_GLOBAL_STORAGE_KEYS
2023-07-05 14:13:34.370 [warning] Retry failed, storage update failed for key PYTHON_GLOBAL_STORAGE_KEYS
2023-07-05 14:13:34.370 [warning] Retry failed, storage update failed for key PYTHON_GLOBAL_STORAGE_KEYS
2023-07-05 14:13:34.370 [warning] Retry failed, storage update failed for key PYTHON_GLOBAL_STORAGE_KEYS
2023-07-05 14:13:34.370 [warning] Retry failed, storage update failed for key PYTHON_GLOBAL_STORAGE_KEYS
2023-07-05 14:13:34.370 [warning] Retry failed, storage update failed for key PYTHON_GLOBAL_STORAGE_KEYS
2023-07-05 14:13:34.371 [warning] Retry failed, storage update failed for key PYTHON_WORKSPACE_STORAGE_KEYS
2023-07-05 14:13:34.371 [warning] Retry failed, storage update failed for key PYTHON_WORKSPACE_STORAGE_KEYS
2023-07-05 14:13:34.371 [warning] Retry failed, storage update failed for key PYTHON_WORKSPACE_STORAGE_KEYS
2023-07-05 14:13:34.381 [info] Python interpreter path: /bin/python
2023-07-05 14:13:34.449 [warning] Retry failed, storage update failed for key PYTHON_GLOBAL_STORAGE_KEYS
2023-07-05 14:13:35.414 [info] Starting Pylance language server.
