2023-07-05 14:12:00.638 [info] Log level: Info
2023-07-05 14:12:00.638 [info] Validating found git in: "git"
2023-07-05 14:12:00.638 [info] Using git "2.41.0" from "git"
2023-07-05 14:12:00.641 [info] > git rev-parse --show-toplevel [10ms]
2023-07-05 14:12:00.641 [info] fatal: not a git repository (or any parent up to mount point /mnt)
Stopping at filesystem boundary (GIT_DISCOVERY_ACROSS_FILESYSTEM not set).
2023-07-05 14:12:00.815 [info] > git rev-parse --show-toplevel [167ms]
2023-07-05 14:12:00.815 [info] fatal: not a git repository (or any parent up to mount point /mnt)
Stopping at filesystem boundary (GIT_DISCOVERY_ACROSS_FILESYSTEM not set).
2023-07-05 14:13:28.106 [info] > git rev-parse --show-toplevel [3ms]
2023-07-05 14:13:28.106 [info] fatal: not a git repository (or any parent up to mount point /mnt)
Stopping at filesystem boundary (GIT_DISCOVERY_ACROSS_FILESYSTEM not set).
2023-07-05 14:13:34.146 [info] Log level: Info
2023-07-05 14:13:34.146 [info] Validating found git in: "git"
2023-07-05 14:13:34.146 [info] Using git "2.41.0" from "git"
2023-07-05 14:13:34.147 [info] > git rev-parse --show-toplevel [3ms]
2023-07-05 14:13:34.147 [info] fatal: not a git repository (or any of the parent directories): .git
2023-07-05 14:13:34.158 [info] > git rev-parse --show-toplevel [6ms]
2023-07-05 14:13:34.158 [info] fatal: not a git repository (or any of the parent directories): .git
2023-07-05 14:13:34.193 [info] > git rev-parse --show-toplevel [29ms]
2023-07-05 14:13:34.193 [info] fatal: not a git repository (or any of the parent directories): .git
2023-07-05 14:13:34.226 [info] > git rev-parse --show-toplevel [28ms]
2023-07-05 14:13:34.227 [info] fatal: not a git repository (or any of the parent directories): .git
2023-07-05 14:13:34.281 [info] > git rev-parse --show-toplevel [47ms]
2023-07-05 14:13:34.281 [info] fatal: not a git repository (or any of the parent directories): .git
2023-07-05 14:13:34.309 [info] > git rev-parse --show-toplevel [23ms]
2023-07-05 14:13:34.309 [info] fatal: not a git repository (or any of the parent directories): .git
2023-07-05 14:13:34.316 [info] > git rev-parse --show-toplevel [1ms]
2023-07-05 14:13:34.317 [info] fatal: not a git repository (or any of the parent directories): .git
2023-07-05 14:13:34.344 [info] > git rev-parse --show-toplevel [22ms]
2023-07-05 14:13:34.344 [info] fatal: not a git repository (or any of the parent directories): .git
2023-07-05 14:13:34.355 [info] > git rev-parse --show-toplevel [5ms]
2023-07-05 14:13:34.355 [info] fatal: not a git repository (or any of the parent directories): .git
2023-07-05 14:13:34.362 [info] > git rev-parse --show-toplevel [1ms]
2023-07-05 14:13:34.362 [info] fatal: not a git repository (or any of the parent directories): .git
2023-07-05 14:13:34.368 [info] > git rev-parse --show-toplevel [1ms]
2023-07-05 14:13:34.368 [info] fatal: not a git repository (or any of the parent directories): .git
2023-07-05 14:14:35.574 [info] > git rev-parse --show-toplevel [7ms]
2023-07-05 14:14:35.580 [info] > git rev-parse --git-dir --git-common-dir [1ms]
2023-07-05 14:14:35.597 [info] Open repository: /home/diego/World of Warcraft 3.3.5a/niwotlk
2023-07-05 14:14:35.607 [info] > git config --get commit.template [2ms]
2023-07-05 14:14:35.622 [info] > git for-each-ref --format=%(refname)%00%(upstream:short)%00%(objectname)%00%(upstream:track)%00%(upstream:remotename)%00%(upstream:remoteref) refs/heads/main refs/remotes/main [3ms]
2023-07-05 14:14:35.655 [info] > git status -z -uall [26ms]
2023-07-05 14:14:35.690 [info] > git config --get commit.template [14ms]
2023-07-05 14:14:35.712 [info] > git for-each-ref --format=%(refname)%00%(upstream:short)%00%(objectname)%00%(upstream:track)%00%(upstream:remotename)%00%(upstream:remoteref) refs/heads/main refs/remotes/main [9ms]
2023-07-05 14:14:35.720 [info] > git config --local branch.main.github-pr-owner-number [9ms]
2023-07-05 14:14:35.728 [info] > git status -z -uall [7ms] (cancelled)
2023-07-05 14:14:35.729 [info] > git config --get commit.template [2ms]
2023-07-05 14:14:35.735 [info] > git for-each-ref --format=%(refname)%00%(upstream:short)%00%(objectname)%00%(upstream:track)%00%(upstream:remotename)%00%(upstream:remoteref) refs/heads/main refs/remotes/main [1ms]
2023-07-05 14:14:35.749 [info] > git status -z -uall [10ms]
2023-07-05 14:14:35.921 [info] > git show --textconv :License [7ms]
2023-07-05 14:14:35.922 [info] > git ls-files --stage -- /home/diego/World of Warcraft 3.3.5a/niwotlk/License [1ms]
2023-07-05 14:14:35.928 [info] > git cat-file -s f288702d2fa16d3cdf0035b15a9fcbc552cd88e7 [1ms]
2023-07-05 14:14:36.186 [info] > git check-ignore -v -z --stdin [43ms]
2023-07-05 14:14:36.261 [info] > git fetch [664ms]
2023-07-05 14:14:36.268 [info] > git config --get commit.template [1ms]
2023-07-05 14:14:36.274 [info] > git for-each-ref --format=%(refname)%00%(upstream:short)%00%(objectname)%00%(upstream:track)%00%(upstream:remotename)%00%(upstream:remoteref) refs/heads/main refs/remotes/main [1ms]
2023-07-05 14:14:36.289 [info] > git status -z -uall [9ms]
2023-07-05 14:14:44.873 [info] > git check-ignore -v -z --stdin [1ms]
2023-07-05 14:14:46.595 [info] > git check-ignore -v -z --stdin [3ms]
2023-07-05 14:14:48.392 [info] > git check-ignore -v -z --stdin [0ms]
2023-07-05 14:14:49.565 [info] > git check-ignore -v -z --stdin [0ms]
2023-07-05 14:16:54.565 [info] > git config --get commit.template [8ms]
2023-07-05 14:16:54.565 [info] > git for-each-ref --format=%(refname)%00%(upstream:short)%00%(objectname)%00%(upstream:track)%00%(upstream:remotename)%00%(upstream:remoteref) refs/heads/main refs/remotes/main [1ms]
2023-07-05 14:16:54.583 [info] > git status -z -uall [10ms]
2023-07-05 14:17:00.674 [info] > git config --get commit.template [1ms]
2023-07-05 14:17:00.681 [info] > git for-each-ref --format=%(refname)%00%(upstream:short)%00%(objectname)%00%(upstream:track)%00%(upstream:remotename)%00%(upstream:remoteref) refs/heads/main refs/remotes/main [1ms]
2023-07-05 14:17:00.705 [info] > git status -z -uall [16ms]
2023-07-05 14:19:35.597 [info] > git config --local branch.main.github-pr-owner-number [1ms]
2023-07-05 14:19:35.608 [info] > git config --get commit.template [5ms]
2023-07-05 14:19:35.609 [info] > git for-each-ref --format=%(refname)%00%(upstream:short)%00%(objectname)%00%(upstream:track)%00%(upstream:remotename)%00%(upstream:remoteref) refs/heads/main refs/remotes/main [0ms]
2023-07-05 14:19:35.624 [info] > git status -z -uall [10ms]
2023-07-05 14:24:05.950 [info] > git config --get commit.template [8ms]
2023-07-05 14:24:05.950 [info] > git for-each-ref --format=%(refname)%00%(upstream:short)%00%(objectname)%00%(upstream:track)%00%(upstream:remotename)%00%(upstream:remoteref) refs/heads/main refs/remotes/main [1ms]
2023-07-05 14:24:05.967 [info] > git status -z -uall [11ms]
2023-07-05 14:24:06.597 [info] > git fetch [663ms]
2023-07-05 14:24:06.607 [info] > git config --get commit.template [1ms]
2023-07-05 14:24:06.615 [info] > git for-each-ref --format=%(refname)%00%(upstream:short)%00%(objectname)%00%(upstream:track)%00%(upstream:remotename)%00%(upstream:remoteref) refs/heads/main refs/remotes/main [1ms]
2023-07-05 14:24:06.630 [info] > git status -z -uall [9ms]
2023-07-05 14:24:35.643 [info] > git config --local branch.main.github-pr-owner-number [2ms]
2023-07-05 14:24:35.663 [info] > git config --get commit.template [8ms]
2023-07-05 14:24:35.664 [info] > git for-each-ref --format=%(refname)%00%(upstream:short)%00%(objectname)%00%(upstream:track)%00%(upstream:remotename)%00%(upstream:remoteref) refs/heads/main refs/remotes/main [2ms]
2023-07-05 14:24:35.680 [info] > git status -z -uall [10ms]
2023-07-05 14:27:01.681 [info] > git config --get commit.template [7ms]
2023-07-05 14:27:01.682 [info] > git for-each-ref --format=%(refname)%00%(upstream:short)%00%(objectname)%00%(upstream:track)%00%(upstream:remotename)%00%(upstream:remoteref) refs/heads/main refs/remotes/main [1ms]
2023-07-05 14:27:01.699 [info] > git status -z -uall [10ms]
2023-07-05 14:27:08.033 [info] > git config --get commit.template [8ms]
2023-07-05 14:27:08.033 [info] > git for-each-ref --format=%(refname)%00%(upstream:short)%00%(objectname)%00%(upstream:track)%00%(upstream:remotename)%00%(upstream:remoteref) refs/heads/main refs/remotes/main [1ms]
2023-07-05 14:27:08.050 [info] > git status -z -uall [10ms]
2023-07-05 14:27:08.650 [info] > git fetch [634ms]
2023-07-05 14:27:08.660 [info] > git config --get commit.template [3ms]
2023-07-05 14:27:08.671 [info] > git for-each-ref --format=%(refname)%00%(upstream:short)%00%(objectname)%00%(upstream:track)%00%(upstream:remotename)%00%(upstream:remoteref) refs/heads/main refs/remotes/main [2ms]
2023-07-05 14:27:08.689 [info] > git status -z -uall [11ms]
2023-07-05 14:27:20.206 [info] > git config --get commit.template [10ms]
2023-07-05 14:27:20.207 [info] > git for-each-ref --format=%(refname)%00%(upstream:short)%00%(objectname)%00%(upstream:track)%00%(upstream:remotename)%00%(upstream:remoteref) refs/heads/main refs/remotes/main [1ms]
2023-07-05 14:27:20.225 [info] > git status -z -uall [11ms]
