2023-07-14 19:33:34.908 [info] Reading sessions from keychain...
2023-07-14 19:33:34.908 [info] Getting sessions for all scopes...
2023-07-14 19:33:34.908 [info] Got stored sessions!
2023-07-14 19:33:34.908 [info] Got 1 verified sessions.
2023-07-14 19:33:34.908 [info] Got 1 sessions for ...
2023-07-14 19:33:35.183 [info] Getting sessions for all scopes...
2023-07-14 19:33:35.183 [info] Got 1 sessions for ...
2023-07-14 19:33:35.185 [info] Getting sessions for read:user,repo,user:email...
2023-07-14 19:33:35.185 [info] Got 0 sessions for read:user,repo,user:email...
2023-07-14 19:33:35.185 [info] Getting sessions for read:user,repo,user:email,workflow...
2023-07-14 19:33:35.185 [info] Got 0 sessions for read:user,repo,user:email,workflow...
2023-07-14 19:33:35.216 [info] Getting sessions for read:user,repo,user:email...
2023-07-14 19:33:35.216 [info] Got 0 sessions for read:user,repo,user:email...
2023-07-14 19:33:35.403 [info] Getting sessions for user:email...
2023-07-14 19:33:35.403 [info] Got 1 sessions for user:email...
2023-07-14 19:33:35.542 [info] Getting sessions for all scopes...
2023-07-14 19:33:35.542 [info] Got 1 sessions for ...
2023-07-14 19:33:36.433 [info] Getting user info...
2023-07-14 19:33:36.886 [info] Got account info!
2023-07-14 20:05:07.748 [info] Getting sessions for read:user,repo,user:email,workflow...
2023-07-14 20:05:07.749 [info] Got 0 sessions for read:user,repo,user:email,workflow...
2023-07-14 20:05:07.752 [info] Getting sessions for read:user,repo,user:email...
2023-07-14 20:05:07.752 [info] Got 0 sessions for read:user,repo,user:email...
2023-07-14 20:05:07.754 [info] Getting sessions for read:user,repo,user:email,workflow...
2023-07-14 20:05:07.754 [info] Got 0 sessions for read:user,repo,user:email,workflow...
2023-07-14 20:05:09.026 [info] Logging in for the following scopes: read:user repo user:email workflow
2023-07-14 20:05:09.027 [info] Trying without local server... (read:user repo user:email workflow)
2023-07-14 20:05:20.630 [info] Exchanging code for token...
2023-07-14 20:05:22.044 [info] Token exchange success!
2023-07-14 20:05:22.049 [info] Getting user info...
2023-07-14 20:05:22.548 [info] Got account info!
2023-07-14 20:05:22.549 [info] Storing 2 sessions...
2023-07-14 20:05:22.556 [info] Reading sessions from keychain...
2023-07-14 20:05:22.556 [info] Stored 2 sessions!
2023-07-14 20:05:22.556 [info] Login success!
2023-07-14 20:05:22.559 [info] Getting sessions for user:email...
2023-07-14 20:05:22.619 [info] Got stored sessions!
2023-07-14 20:05:22.619 [info] Got 2 verified sessions.
2023-07-14 20:05:22.619 [info] Got 1 sessions for user:email...
2023-07-14 20:05:22.619 [info] Getting sessions for read:user,repo,user:email...
2023-07-14 20:05:22.619 [info] Got 0 sessions for read:user,repo,user:email...
2023-07-14 20:11:03.438 [info] Getting sessions for read:user,repo,user:email...
2023-07-14 20:11:03.438 [info] Got 0 sessions for read:user,repo,user:email...
2023-07-14 20:12:33.464 [info] Getting sessions for read:user,repo,user:email...
2023-07-14 20:12:33.464 [info] Got 0 sessions for read:user,repo,user:email...
2023-07-14 20:25:47.384 [info] Getting sessions for read:user,repo,user:email...
2023-07-14 20:25:47.384 [info] Got 0 sessions for read:user,repo,user:email...
2023-07-14 20:28:26.629 [info] Getting sessions for read:user,repo,user:email...
2023-07-14 20:28:26.629 [info] Got 0 sessions for read:user,repo,user:email...
