2023-07-05 14:11:58.670 [info] Added views:workbench.panel.markers.view in workbench.panel.markers
2023-07-05 14:11:58.670 [info] Added views:workbench.panel.output in workbench.panel.output
2023-07-05 14:11:58.670 [info] Added views:terminal in terminal
2023-07-05 14:11:58.670 [info] Added views:outline in workbench.view.explorer
2023-07-05 14:11:58.670 [info] Added views:workbench.scm in workbench.view.scm
2023-07-05 14:11:58.670 [info] Added views:workbench.view.search in workbench.view.search
2023-07-05 14:11:58.670 [info] Added views:timeline in workbench.view.explorer
2023-07-05 14:11:58.670 [info] Added views:workbench.explorer.fileView in workbench.view.explorer
2023-07-05 14:11:58.901 [info] Added views:pythonEnvironments in workbench.view.extension.package-explorer
2023-07-05 14:11:58.901 [info] Added views:gitlens.views.home,gitlens.views.workspaces,gitlens.views.account in workbench.view.extension.gitlens
2023-07-05 14:11:58.902 [info] Added views:gitlens.views.commitDetails,gitlens.views.lineHistory,gitlens.views.fileHistory,gitlens.views.searchAndCompare in workbench.view.extension.gitlensInspect
2023-07-05 14:11:58.902 [info] Added views:gitlens.views.commits,gitlens.views.branches,gitlens.views.remotes,gitlens.views.stashes,gitlens.views.tags in workbench.view.scm
2023-07-05 14:11:58.902 [info] Added views:pr:github,issues:github in workbench.view.extension.github-pull-requests
2023-07-05 14:11:58.903 [info] Added views:dvc.views.welcome,dvc.views.actions,dvc.views.support in workbench.view.extension.dvc-views
2023-07-05 14:11:59.153 [info] Added views:workbench.debug.welcome in workbench.view.debug
2023-07-05 14:11:59.229 [info] Added views:workbench.panel.repl.view in workbench.panel.repl
2023-07-05 14:12:00.823 [info] Removed views:gitlens.views.searchAndCompare,gitlens.views.fileHistory,gitlens.views.lineHistory,gitlens.views.commitDetails from workbench.view.extension.gitlensInspect
2023-07-05 14:12:00.824 [info] Removed views:gitlens.views.tags,gitlens.views.stashes,gitlens.views.remotes,gitlens.views.branches,gitlens.views.commits from workbench.view.scm
2023-07-05 14:12:01.388 [info] Added views:workbench.view.testing in workbench.view.extension.test
2023-07-05 14:13:28.146 [info] Removed views:workbench.view.testing from workbench.view.extension.test
2023-07-05 14:13:28.609 [info] Added views:workbench.panel.markers.view in workbench.panel.markers
2023-07-05 14:13:28.609 [info] Added views:workbench.panel.output in workbench.panel.output
2023-07-05 14:13:28.609 [info] Added views:terminal in terminal
2023-07-05 14:13:28.609 [info] Added views:outline in workbench.view.explorer
2023-07-05 14:13:28.609 [info] Added views:workbench.scm in workbench.view.scm
2023-07-05 14:13:28.610 [info] Added views:workbench.view.search in workbench.view.search
2023-07-05 14:13:28.610 [info] Added views:timeline in workbench.view.explorer
2023-07-05 14:13:28.610 [info] Added views:workbench.explorer.fileView in workbench.view.explorer
2023-07-05 14:13:28.860 [info] Added views:gitlens.views.home,gitlens.views.workspaces,gitlens.views.account in workbench.view.extension.gitlens
2023-07-05 14:13:28.861 [info] Added views:gitlens.views.commitDetails,gitlens.views.lineHistory,gitlens.views.fileHistory,gitlens.views.searchAndCompare in workbench.view.extension.gitlensInspect
2023-07-05 14:13:28.861 [info] Added views:gitlens.views.commits,gitlens.views.branches,gitlens.views.remotes,gitlens.views.stashes,gitlens.views.tags in workbench.view.scm
2023-07-05 14:13:28.862 [info] Added views:pr:github,issues:github in workbench.view.extension.github-pull-requests
2023-07-05 14:13:29.010 [info] Added views:workbench.debug.variablesView,workbench.debug.watchExpressionsView,workbench.debug.callStackView,workbench.debug.breakPointsView in workbench.view.debug
2023-07-05 14:13:29.028 [info] Added views:workbench.panel.repl.view in workbench.panel.repl
2023-07-05 14:13:29.029 [info] Removed views:workbench.debug.breakPointsView,workbench.debug.callStackView,workbench.debug.watchExpressionsView,workbench.debug.variablesView from workbench.view.debug
2023-07-05 14:13:29.030 [info] Added views:workbench.debug.welcome in workbench.view.debug
2023-07-05 14:13:29.375 [info] Removed views:gitlens.views.workspaces from workbench.view.extension.gitlens
2023-07-05 14:13:29.450 [info] Removed views:gitlens.views.searchAndCompare,gitlens.views.fileHistory,gitlens.views.lineHistory,gitlens.views.commitDetails from workbench.view.extension.gitlensInspect
2023-07-05 14:13:29.451 [info] Removed views:gitlens.views.tags,gitlens.views.stashes,gitlens.views.remotes,gitlens.views.branches,gitlens.views.commits from workbench.view.scm
2023-07-05 14:13:33.919 [info] Added views:gitlens.views.workspaces in workbench.view.extension.gitlens
2023-07-05 14:13:34.025 [info] Added views:pythonEnvironments in workbench.view.extension.package-explorer
2023-07-05 14:13:34.027 [info] Added views:dvc.views.welcome,dvc.views.actions,dvc.views.support in workbench.view.extension.dvc-views
2023-07-05 14:13:34.336 [info] Added views:workbench.view.testing in workbench.view.extension.test
2023-07-05 14:14:35.610 [info] Removed views:issues:github,pr:github from workbench.view.extension.github-pull-requests
2023-07-05 14:14:35.610 [info] Added views:github:login in workbench.view.extension.github-pull-requests
2023-07-05 14:14:35.641 [info] Added views:gitlens.views.graph,gitlens.views.graphDetails in workbench.view.extension.gitlensPanel
2023-07-05 14:14:35.644 [info] Added views:gitlens.views.commitDetails,gitlens.views.lineHistory,gitlens.views.fileHistory,gitlens.views.timeline,gitlens.views.searchAndCompare in workbench.view.extension.gitlensInspect
2023-07-05 14:14:35.645 [info] Added views:gitlens.views.commits,gitlens.views.branches,gitlens.views.remotes,gitlens.views.stashes,gitlens.views.tags,gitlens.views.worktrees in workbench.view.scm
2023-07-05 14:14:35.676 [info] Added views:github:activePullRequest:welcome in workbench.view.extension.github-pull-request
2023-07-05 14:14:35.677 [info] Removed views:github:activePullRequest:welcome from workbench.view.extension.github-pull-request
2023-07-05 14:27:41.633 [info] Removed views:workbench.view.testing from workbench.view.extension.test
