2023-07-12 22:51:19.915 [info] Added views:workbench.panel.markers.view in workbench.panel.markers
2023-07-12 22:51:19.915 [info] Added views:workbench.panel.output in workbench.panel.output
2023-07-12 22:51:19.915 [info] Added views:terminal in terminal
2023-07-12 22:51:19.915 [info] Added views:outline in workbench.view.explorer
2023-07-12 22:51:19.915 [info] Added views:workbench.scm in workbench.view.scm
2023-07-12 22:51:19.915 [info] Added views:workbench.view.search in workbench.view.search
2023-07-12 22:51:19.915 [info] Added views:timeline in workbench.view.explorer
2023-07-12 22:51:19.915 [info] Added views:workbench.explorer.fileView in workbench.view.explorer
2023-07-12 22:51:20.169 [info] Added views:workbench.debug.welcome in workbench.view.debug
2023-07-12 22:51:20.338 [info] Added views:pythonEnvironments in workbench.view.extension.package-explorer
2023-07-12 22:51:20.338 [info] Added views:gitlens.views.home,gitlens.views.workspaces,gitlens.views.account in workbench.view.extension.gitlens
2023-07-12 22:51:20.339 [info] Added views:gitlens.views.commitDetails,gitlens.views.lineHistory,gitlens.views.fileHistory,gitlens.views.searchAndCompare in workbench.view.extension.gitlensInspect
2023-07-12 22:51:20.339 [info] Added views:gitlens.views.commits,gitlens.views.branches,gitlens.views.remotes,gitlens.views.stashes,gitlens.views.tags in workbench.view.scm
2023-07-12 22:51:20.340 [info] Added views:pr:github,issues:github in workbench.view.extension.github-pull-requests
2023-07-12 22:51:20.341 [info] Added views:dvc.views.welcome,dvc.views.actions,dvc.views.support in workbench.view.extension.dvc-views
2023-07-12 22:51:20.576 [info] Added views:workbench.panel.repl.view in workbench.panel.repl
2023-07-12 22:51:21.717 [info] Added views:workbench.view.testing in workbench.view.extension.test
2023-07-12 22:51:21.954 [info] Added views:github:activePullRequest:welcome in workbench.view.extension.github-pull-request
2023-07-12 22:51:22.111 [info] Removed views:issues:github,pr:github from workbench.view.extension.github-pull-requests
2023-07-12 22:51:22.112 [info] Added views:github:login in workbench.view.extension.github-pull-requests
2023-07-12 22:51:22.200 [info] Removed views:github:activePullRequest:welcome from workbench.view.extension.github-pull-request
2023-07-12 22:51:22.325 [info] Added views:gitlens.views.graph,gitlens.views.graphDetails in workbench.view.extension.gitlensPanel
2023-07-12 22:51:22.326 [info] Added views:gitlens.views.timeline in workbench.view.extension.gitlensInspect
2023-07-12 22:51:22.328 [info] Added views:gitlens.views.worktrees in workbench.view.scm
