2023-07-14 20:13:24.061 [info] Reading sessions from keychain...
2023-07-14 20:13:24.061 [info] Getting sessions for all scopes...
2023-07-14 20:13:24.061 [info] Getting sessions for user:email...
2023-07-14 20:13:24.061 [info] Got stored sessions!
2023-07-14 20:13:24.061 [info] Got 2 verified sessions.
2023-07-14 20:13:24.061 [info] Got 2 sessions for ...
2023-07-14 20:13:24.061 [info] Got 1 sessions for user:email...
2023-07-14 20:13:24.061 [info] Getting sessions for all scopes...
2023-07-14 20:13:24.061 [info] Got 2 sessions for ...
2023-07-14 20:13:24.109 [info] Getting sessions for all scopes...
2023-07-14 20:13:24.109 [info] Got 2 sessions for ...
2023-07-14 20:13:24.153 [info] Getting sessions for read:user,repo,user:email,workflow...
2023-07-14 20:13:24.153 [info] Got 1 sessions for read:user,repo,user:email,workflow...
2023-07-14 20:13:24.220 [info] Getting sessions for all scopes...
2023-07-14 20:13:24.220 [info] Got 2 sessions for ...
2023-07-14 20:13:25.492 [info] Getting user info...
2023-07-14 20:13:25.890 [info] Got account info!
2023-07-14 20:25:43.903 [info] Reading sessions from keychain...
2023-07-14 20:25:43.903 [info] Getting sessions for all scopes...
2023-07-14 20:25:43.903 [info] Got stored sessions!
2023-07-14 20:25:43.903 [info] Got 2 verified sessions.
2023-07-14 20:25:43.903 [info] Got 2 sessions for ...
2023-07-14 20:25:43.903 [info] Getting sessions for user:email...
2023-07-14 20:25:43.903 [info] Got 1 sessions for user:email...
2023-07-14 20:25:43.903 [info] Getting sessions for all scopes...
2023-07-14 20:25:43.903 [info] Got 2 sessions for ...
2023-07-14 20:25:43.903 [info] Getting sessions for all scopes...
2023-07-14 20:25:43.903 [info] Got 2 sessions for ...
2023-07-14 20:25:44.090 [info] Getting sessions for read:user,repo,user:email,workflow...
2023-07-14 20:25:44.090 [info] Got 1 sessions for read:user,repo,user:email,workflow...
2023-07-14 20:25:44.227 [info] Getting sessions for all scopes...
2023-07-14 20:25:44.227 [info] Got 2 sessions for ...
2023-07-14 20:25:44.454 [info] Getting sessions for read:user,repo,user:email...
2023-07-14 20:25:44.454 [info] Got 0 sessions for read:user,repo,user:email...
2023-07-14 20:25:44.539 [info] Getting sessions for read:user,repo,user:email...
2023-07-14 20:25:44.539 [info] Got 0 sessions for read:user,repo,user:email...
2023-07-14 20:25:44.679 [info] Getting sessions for read:user,repo,user:email...
2023-07-14 20:25:44.679 [info] Got 0 sessions for read:user,repo,user:email...
2023-07-14 20:25:45.340 [info] Getting user info...
2023-07-14 20:25:45.780 [info] Got account info!
