2023-07-14 19:33:33.840 [info] Using settings sync service https://vscode-sync.trafficmanager.net/
2023-07-14 19:33:33.840 [info] Auto Sync is enabled.
2023-07-14 19:33:33.840 [info] Auto Sync: Suspended until auth token is available.
2023-07-14 19:33:33.934 [info] Deleting non existing profile from backup /home/diego/.config/Code/User/sync/extensions
2023-07-14 19:33:33.937 [info] Deleting non existing profile from backup /home/diego/.config/Code/User/sync/globalState
2023-07-14 19:33:33.938 [info] Deleting non existing profile from backup /home/diego/.config/Code/User/sync/keybindings
2023-07-14 19:33:33.941 [info] Deleting non existing profile from backup /home/diego/.config/Code/User/sync/profiles
2023-07-14 19:33:33.942 [info] Deleting non existing profile from backup /home/diego/.config/Code/User/sync/settings
2023-07-14 19:33:33.944 [info] Deleting non existing profile from backup /home/diego/.config/Code/User/sync/snippets
2023-07-14 19:33:33.985 [info] Deleting non existing profile from backup /home/diego/.config/Code/User/sync/tasks
2023-07-14 19:33:35.522 [info] Auto Sync: Triggered by Interval
2023-07-14 19:33:35.522 [info] Sync started.
2023-07-14 19:33:36.121 [info] Settings: Last sync resource does not exist locally.
2023-07-14 19:33:36.389 [info] Settings: No changes found during synchronizing settings.
2023-07-14 19:33:36.391 [info] Keybindings: Last sync resource does not exist locally.
2023-07-14 19:33:36.547 [info] Keybindings: No changes found during synchronizing keybindings.
2023-07-14 19:33:36.549 [info] Snippets: Last sync resource does not exist locally.
2023-07-14 19:33:36.701 [info] Snippets: No changes found during synchronizing snippets.
2023-07-14 19:33:36.702 [info] Tasks: Last sync resource does not exist locally.
2023-07-14 19:33:36.904 [info] Tasks: No changes found during synchronizing tasks.
2023-07-14 19:33:36.938 [info] GlobalState: Last sync resource does not exist locally.
2023-07-14 19:33:37.736 [info] GlobalState: Updated remote ui state. Updated: workbench.activity.pinnedViewlets2.
2023-07-14 19:33:37.738 [info] GlobalState: Updated last synchronized ui state
2023-07-14 19:33:37.740 [info] Extensions: Last sync resource does not exist locally.
2023-07-14 19:33:38.004 [info] Extensions: No changes found during synchronizing extensions.
2023-07-14 19:33:38.005 [info] Profiles: Last sync resource does not exist locally.
2023-07-14 19:33:38.173 [info] Profiles: No changes found during synchronizing profiles.
2023-07-14 19:33:38.180 [info] Sync done. Took 2657ms
2023-07-14 19:38:12.286 [info] Auto Sync: Triggered by Activity
2023-07-14 19:38:12.286 [info] Sync started.
2023-07-14 19:38:12.731 [info] Settings: No changes found during synchronizing settings.
2023-07-14 19:38:12.734 [info] Keybindings: No changes found during synchronizing keybindings.
2023-07-14 19:38:12.737 [info] Snippets: No changes found during synchronizing snippets.
2023-07-14 19:38:12.740 [info] Tasks: No changes found during synchronizing tasks.
2023-07-14 19:38:12.744 [info] GlobalState: No changes found during synchronizing ui state.
2023-07-14 19:38:12.837 [info] Extensions: No changes found during synchronizing extensions.
2023-07-14 19:38:12.840 [info] Profiles: No changes found during synchronizing profiles.
2023-07-14 19:38:12.841 [info] Sync done. Took 556ms
2023-07-14 19:41:19.927 [info] Auto Sync: Triggered by Activity
2023-07-14 19:41:19.927 [info] Sync started.
2023-07-14 19:41:20.383 [info] Settings: No changes found during synchronizing settings.
2023-07-14 19:41:20.391 [info] Keybindings: No changes found during synchronizing keybindings.
2023-07-14 19:41:20.395 [info] Snippets: No changes found during synchronizing snippets.
2023-07-14 19:41:20.400 [info] Tasks: No changes found during synchronizing tasks.
2023-07-14 19:41:20.408 [info] GlobalState: No changes found during synchronizing ui state.
2023-07-14 19:41:20.502 [info] Extensions: No changes found during synchronizing extensions.
2023-07-14 19:41:20.504 [info] Profiles: No changes found during synchronizing profiles.
2023-07-14 19:41:20.505 [info] Sync done. Took 579ms
2023-07-14 19:41:52.234 [info] Auto Sync: Triggered by Activity
2023-07-14 19:41:52.234 [info] Sync started.
2023-07-14 19:41:52.381 [info] Settings: No changes found during synchronizing settings.
2023-07-14 19:41:52.385 [info] Keybindings: No changes found during synchronizing keybindings.
2023-07-14 19:41:52.388 [info] Snippets: No changes found during synchronizing snippets.
2023-07-14 19:41:52.390 [info] Tasks: No changes found during synchronizing tasks.
2023-07-14 19:41:52.395 [info] GlobalState: No changes found during synchronizing ui state.
2023-07-14 19:41:52.486 [info] Extensions: No changes found during synchronizing extensions.
2023-07-14 19:41:52.488 [info] Profiles: No changes found during synchronizing profiles.
2023-07-14 19:41:52.490 [info] Sync done. Took 256ms
2023-07-14 19:42:06.768 [info] Auto Sync: Triggered by Activity
2023-07-14 19:42:06.768 [info] Sync started.
2023-07-14 19:42:06.931 [info] Settings: No changes found during synchronizing settings.
2023-07-14 19:42:06.947 [info] Keybindings: No changes found during synchronizing keybindings.
2023-07-14 19:42:06.955 [info] Snippets: No changes found during synchronizing snippets.
2023-07-14 19:42:06.959 [info] Tasks: No changes found during synchronizing tasks.
2023-07-14 19:42:07.764 [info] GlobalState: Updated remote ui state. Updated: commandPalette.mru.cache,commandPalette.mru.counter.
2023-07-14 19:42:07.770 [info] GlobalState: Updated last synchronized ui state
2023-07-14 19:42:07.903 [info] Extensions: No changes found during synchronizing extensions.
2023-07-14 19:42:07.904 [info] Profiles: No changes found during synchronizing profiles.
2023-07-14 19:42:07.906 [info] Sync done. Took 1138ms
2023-07-14 19:44:33.598 [info] Auto Sync: Triggered by Activity
2023-07-14 19:44:33.598 [info] Sync started.
2023-07-14 19:44:34.170 [info] Settings: No changes found during synchronizing settings.
2023-07-14 19:44:34.174 [info] Keybindings: No changes found during synchronizing keybindings.
2023-07-14 19:44:34.177 [info] Snippets: No changes found during synchronizing snippets.
2023-07-14 19:44:34.179 [info] Tasks: No changes found during synchronizing tasks.
2023-07-14 19:44:34.185 [info] GlobalState: No changes found during synchronizing ui state.
2023-07-14 19:44:34.311 [info] Extensions: No changes found during synchronizing extensions.
2023-07-14 19:44:34.316 [info] Profiles: No changes found during synchronizing profiles.
2023-07-14 19:44:34.318 [info] Sync done. Took 720ms
2023-07-14 19:47:05.362 [info] Auto Sync: Triggered by Activity
2023-07-14 19:47:05.362 [info] Sync started.
2023-07-14 19:47:05.828 [info] Settings: No changes found during synchronizing settings.
2023-07-14 19:47:05.839 [info] Keybindings: No changes found during synchronizing keybindings.
2023-07-14 19:47:05.844 [info] Snippets: No changes found during synchronizing snippets.
2023-07-14 19:47:05.849 [info] Tasks: No changes found during synchronizing tasks.
2023-07-14 19:47:05.855 [info] GlobalState: No changes found during synchronizing ui state.
2023-07-14 19:47:05.943 [info] Extensions: No changes found during synchronizing extensions.
2023-07-14 19:47:05.944 [info] Profiles: No changes found during synchronizing profiles.
2023-07-14 19:47:05.945 [info] Sync done. Took 585ms
2023-07-14 19:49:22.159 [info] Auto Sync: Triggered by Activity
2023-07-14 19:49:22.160 [info] Sync started.
2023-07-14 19:49:22.798 [info] Settings: No changes found during synchronizing settings.
2023-07-14 19:49:22.810 [info] Keybindings: No changes found during synchronizing keybindings.
2023-07-14 19:49:22.818 [info] Snippets: No changes found during synchronizing snippets.
2023-07-14 19:49:22.823 [info] Tasks: No changes found during synchronizing tasks.
2023-07-14 19:49:23.351 [info] GlobalState: Updated remote ui state. Updated: commandPalette.mru.cache,commandPalette.mru.counter.
2023-07-14 19:49:23.360 [info] GlobalState: Updated last synchronized ui state
2023-07-14 19:49:23.482 [info] Extensions: No changes found during synchronizing extensions.
2023-07-14 19:49:23.483 [info] Profiles: No changes found during synchronizing profiles.
2023-07-14 19:49:23.485 [info] Sync done. Took 1326ms
2023-07-14 19:49:34.548 [info] Auto Sync: Triggered by Activity
2023-07-14 19:49:34.549 [info] Sync started.
2023-07-14 19:49:34.713 [info] Settings: No changes found during synchronizing settings.
2023-07-14 19:49:34.727 [info] Keybindings: No changes found during synchronizing keybindings.
2023-07-14 19:49:34.738 [info] Snippets: No changes found during synchronizing snippets.
2023-07-14 19:49:34.746 [info] Tasks: No changes found during synchronizing tasks.
2023-07-14 19:49:34.765 [info] GlobalState: No changes found during synchronizing ui state.
2023-07-14 19:49:34.853 [info] Extensions: No changes found during synchronizing extensions.
2023-07-14 19:49:34.855 [info] Profiles: No changes found during synchronizing profiles.
2023-07-14 19:49:34.856 [info] Sync done. Took 309ms
2023-07-14 19:49:46.508 [info] Auto Sync: Triggered by Activity
2023-07-14 19:49:46.509 [info] Sync started.
2023-07-14 19:49:46.684 [info] Settings: No changes found during synchronizing settings.
2023-07-14 19:49:46.698 [info] Keybindings: No changes found during synchronizing keybindings.
2023-07-14 19:49:46.709 [info] Snippets: No changes found during synchronizing snippets.
2023-07-14 19:49:46.716 [info] Tasks: No changes found during synchronizing tasks.
2023-07-14 19:49:46.728 [info] GlobalState: No changes found during synchronizing ui state.
2023-07-14 19:49:46.810 [info] Extensions: No changes found during synchronizing extensions.
2023-07-14 19:49:46.812 [info] Profiles: No changes found during synchronizing profiles.
2023-07-14 19:49:46.813 [info] Sync done. Took 306ms
2023-07-14 19:50:43.794 [info] Auto Sync: Triggered by Activity
2023-07-14 19:50:43.794 [info] Sync started.
2023-07-14 19:50:43.955 [info] Settings: No changes found during synchronizing settings.
2023-07-14 19:50:43.965 [info] Keybindings: No changes found during synchronizing keybindings.
2023-07-14 19:50:43.975 [info] Snippets: No changes found during synchronizing snippets.
2023-07-14 19:50:43.983 [info] Tasks: No changes found during synchronizing tasks.
2023-07-14 19:50:43.992 [info] GlobalState: No changes found during synchronizing ui state.
2023-07-14 19:50:44.074 [info] Extensions: No changes found during synchronizing extensions.
2023-07-14 19:50:44.075 [info] Profiles: No changes found during synchronizing profiles.
2023-07-14 19:50:44.076 [info] Sync done. Took 283ms
2023-07-14 19:51:11.897 [info] Auto Sync: Triggered by Activity
2023-07-14 19:51:11.898 [info] Sync started.
2023-07-14 19:51:12.063 [info] Settings: No changes found during synchronizing settings.
2023-07-14 19:51:12.074 [info] Keybindings: No changes found during synchronizing keybindings.
2023-07-14 19:51:12.084 [info] Snippets: No changes found during synchronizing snippets.
2023-07-14 19:51:12.092 [info] Tasks: No changes found during synchronizing tasks.
2023-07-14 19:51:12.108 [info] GlobalState: No changes found during synchronizing ui state.
2023-07-14 19:51:12.197 [info] Extensions: No changes found during synchronizing extensions.
2023-07-14 19:51:12.198 [info] Profiles: No changes found during synchronizing profiles.
2023-07-14 19:51:12.199 [info] Sync done. Took 303ms
2023-07-14 19:51:23.895 [info] Auto Sync: Triggered by Activity
2023-07-14 19:51:23.896 [info] Sync started.
2023-07-14 19:51:24.052 [info] Settings: No changes found during synchronizing settings.
2023-07-14 19:51:24.054 [info] Keybindings: No changes found during synchronizing keybindings.
2023-07-14 19:51:24.056 [info] Snippets: No changes found during synchronizing snippets.
2023-07-14 19:51:24.060 [info] Tasks: No changes found during synchronizing tasks.
2023-07-14 19:51:24.066 [info] GlobalState: No changes found during synchronizing ui state.
2023-07-14 19:51:24.144 [info] Extensions: No changes found during synchronizing extensions.
2023-07-14 19:51:24.146 [info] Profiles: No changes found during synchronizing profiles.
2023-07-14 19:51:24.147 [info] Sync done. Took 253ms
2023-07-14 19:51:29.732 [info] Auto Sync: Triggered by Activity
2023-07-14 19:51:29.733 [info] Sync started.
2023-07-14 19:51:30.140 [info] Settings: Updated remote settings
2023-07-14 19:51:30.155 [info] Settings: Updated last synchronized settings
2023-07-14 19:51:30.166 [info] Keybindings: No changes found during synchronizing keybindings.
2023-07-14 19:51:30.174 [info] Snippets: No changes found during synchronizing snippets.
2023-07-14 19:51:30.179 [info] Tasks: No changes found during synchronizing tasks.
2023-07-14 19:51:30.186 [info] GlobalState: No changes found during synchronizing ui state.
2023-07-14 19:51:30.267 [info] Extensions: No changes found during synchronizing extensions.
2023-07-14 19:51:30.269 [info] Profiles: No changes found during synchronizing profiles.
2023-07-14 19:51:30.270 [info] Sync done. Took 539ms
2023-07-14 19:51:48.049 [info] Auto Sync: Triggered by Activity
2023-07-14 19:51:48.050 [info] Sync started.
2023-07-14 19:51:48.218 [info] Settings: No changes found during synchronizing settings.
2023-07-14 19:51:48.223 [info] Keybindings: No changes found during synchronizing keybindings.
2023-07-14 19:51:48.225 [info] Snippets: No changes found during synchronizing snippets.
2023-07-14 19:51:48.227 [info] Tasks: No changes found during synchronizing tasks.
2023-07-14 19:51:48.231 [info] GlobalState: No changes found during synchronizing ui state.
2023-07-14 19:51:48.312 [info] Extensions: No changes found during synchronizing extensions.
2023-07-14 19:51:48.314 [info] Profiles: No changes found during synchronizing profiles.
2023-07-14 19:51:48.315 [info] Sync done. Took 266ms
2023-07-14 19:52:37.648 [info] Auto Sync: Triggered by Activity
2023-07-14 19:52:37.648 [info] Sync started.
2023-07-14 19:52:37.824 [info] Settings: No changes found during synchronizing settings.
2023-07-14 19:52:37.826 [info] Keybindings: No changes found during synchronizing keybindings.
2023-07-14 19:52:37.829 [info] Snippets: No changes found during synchronizing snippets.
2023-07-14 19:52:37.831 [info] Tasks: No changes found during synchronizing tasks.
2023-07-14 19:52:37.835 [info] GlobalState: No changes found during synchronizing ui state.
2023-07-14 19:52:37.924 [info] Extensions: No changes found during synchronizing extensions.
2023-07-14 19:52:37.926 [info] Profiles: No changes found during synchronizing profiles.
2023-07-14 19:52:37.927 [info] Sync done. Took 281ms
2023-07-14 19:54:08.192 [info] Auto Sync: Triggered by Activity
2023-07-14 19:54:08.193 [info] Sync started.
2023-07-14 19:54:08.357 [info] Settings: No changes found during synchronizing settings.
2023-07-14 19:54:08.360 [info] Keybindings: No changes found during synchronizing keybindings.
2023-07-14 19:54:08.362 [info] Snippets: No changes found during synchronizing snippets.
2023-07-14 19:54:08.363 [info] Tasks: No changes found during synchronizing tasks.
2023-07-14 19:54:08.367 [info] GlobalState: No changes found during synchronizing ui state.
2023-07-14 19:54:08.452 [info] Extensions: No changes found during synchronizing extensions.
2023-07-14 19:54:08.453 [info] Profiles: No changes found during synchronizing profiles.
2023-07-14 19:54:08.455 [info] Sync done. Took 263ms
2023-07-14 19:54:29.617 [info] Auto Sync: Triggered by Activity
2023-07-14 19:54:29.617 [info] Sync started.
2023-07-14 19:54:29.786 [info] Settings: No changes found during synchronizing settings.
2023-07-14 19:54:29.796 [info] Keybindings: No changes found during synchronizing keybindings.
2023-07-14 19:54:29.804 [info] Snippets: No changes found during synchronizing snippets.
2023-07-14 19:54:29.805 [info] Tasks: No changes found during synchronizing tasks.
2023-07-14 19:54:29.809 [info] GlobalState: No changes found during synchronizing ui state.
2023-07-14 19:54:29.890 [info] Extensions: No changes found during synchronizing extensions.
2023-07-14 19:54:29.891 [info] Profiles: No changes found during synchronizing profiles.
2023-07-14 19:54:29.892 [info] Sync done. Took 277ms
2023-07-14 19:54:55.918 [info] Auto Sync: Triggered by Activity
2023-07-14 19:54:55.918 [info] Sync started.
2023-07-14 19:54:56.098 [info] Settings: No changes found during synchronizing settings.
2023-07-14 19:54:56.100 [info] Keybindings: No changes found during synchronizing keybindings.
2023-07-14 19:54:56.102 [info] Snippets: No changes found during synchronizing snippets.
2023-07-14 19:54:56.104 [info] Tasks: No changes found during synchronizing tasks.
2023-07-14 19:54:56.108 [info] GlobalState: No changes found during synchronizing ui state.
2023-07-14 19:54:56.180 [info] Extensions: No changes found during synchronizing extensions.
2023-07-14 19:54:56.182 [info] Profiles: No changes found during synchronizing profiles.
2023-07-14 19:54:56.183 [info] Sync done. Took 267ms
2023-07-14 19:55:24.050 [info] Auto Sync: Triggered by Activity
2023-07-14 19:55:24.050 [info] Sync started.
2023-07-14 19:55:24.215 [info] Settings: No changes found during synchronizing settings.
2023-07-14 19:55:24.227 [info] Keybindings: No changes found during synchronizing keybindings.
2023-07-14 19:55:24.238 [info] Snippets: No changes found during synchronizing snippets.
2023-07-14 19:55:24.250 [info] Tasks: No changes found during synchronizing tasks.
2023-07-14 19:55:24.268 [info] GlobalState: No changes found during synchronizing ui state.
2023-07-14 19:55:24.356 [info] Extensions: No changes found during synchronizing extensions.
2023-07-14 19:55:24.358 [info] Profiles: No changes found during synchronizing profiles.
2023-07-14 19:55:24.359 [info] Sync done. Took 310ms
2023-07-14 19:56:50.239 [info] Auto Sync: Triggered by Activity
2023-07-14 19:56:50.240 [info] Sync started.
2023-07-14 19:56:50.403 [info] Settings: No changes found during synchronizing settings.
2023-07-14 19:56:50.407 [info] Keybindings: No changes found during synchronizing keybindings.
2023-07-14 19:56:50.409 [info] Snippets: No changes found during synchronizing snippets.
2023-07-14 19:56:50.411 [info] Tasks: No changes found during synchronizing tasks.
2023-07-14 19:56:50.415 [info] GlobalState: No changes found during synchronizing ui state.
2023-07-14 19:56:50.488 [info] Extensions: No changes found during synchronizing extensions.
2023-07-14 19:56:50.489 [info] Profiles: No changes found during synchronizing profiles.
2023-07-14 19:56:50.491 [info] Sync done. Took 252ms
2023-07-14 19:57:08.643 [info] Auto Sync: Triggered by Activity
2023-07-14 19:57:08.644 [info] Sync started.
2023-07-14 19:57:08.809 [info] Settings: No changes found during synchronizing settings.
2023-07-14 19:57:08.811 [info] Keybindings: No changes found during synchronizing keybindings.
2023-07-14 19:57:08.814 [info] Snippets: No changes found during synchronizing snippets.
2023-07-14 19:57:08.815 [info] Tasks: No changes found during synchronizing tasks.
2023-07-14 19:57:08.820 [info] GlobalState: No changes found during synchronizing ui state.
2023-07-14 19:57:08.902 [info] Extensions: No changes found during synchronizing extensions.
2023-07-14 19:57:08.903 [info] Profiles: No changes found during synchronizing profiles.
2023-07-14 19:57:08.905 [info] Sync done. Took 262ms
2023-07-14 19:57:31.139 [info] Auto Sync: Triggered by Activity
2023-07-14 19:57:31.139 [info] Sync started.
2023-07-14 19:57:31.294 [info] Settings: No changes found during synchronizing settings.
2023-07-14 19:57:31.297 [info] Keybindings: No changes found during synchronizing keybindings.
2023-07-14 19:57:31.299 [info] Snippets: No changes found during synchronizing snippets.
2023-07-14 19:57:31.301 [info] Tasks: No changes found during synchronizing tasks.
2023-07-14 19:57:31.305 [info] GlobalState: No changes found during synchronizing ui state.
2023-07-14 19:57:31.380 [info] Extensions: No changes found during synchronizing extensions.
2023-07-14 19:57:31.381 [info] Profiles: No changes found during synchronizing profiles.
2023-07-14 19:57:31.382 [info] Sync done. Took 245ms
2023-07-14 19:58:22.723 [info] Auto Sync: Triggered by Activity
2023-07-14 19:58:22.723 [info] Sync started.
2023-07-14 19:58:22.885 [info] Settings: No changes found during synchronizing settings.
2023-07-14 19:58:22.888 [info] Keybindings: No changes found during synchronizing keybindings.
2023-07-14 19:58:22.890 [info] Snippets: No changes found during synchronizing snippets.
2023-07-14 19:58:22.892 [info] Tasks: No changes found during synchronizing tasks.
2023-07-14 19:58:22.896 [info] GlobalState: No changes found during synchronizing ui state.
2023-07-14 19:58:22.976 [info] Extensions: No changes found during synchronizing extensions.
2023-07-14 19:58:22.978 [info] Profiles: No changes found during synchronizing profiles.
2023-07-14 19:58:22.979 [info] Sync done. Took 257ms
2023-07-14 19:59:30.160 [info] Auto Sync: Triggered by Activity
2023-07-14 19:59:30.160 [info] Sync started.
2023-07-14 19:59:30.328 [info] Settings: No changes found during synchronizing settings.
2023-07-14 19:59:30.331 [info] Keybindings: No changes found during synchronizing keybindings.
2023-07-14 19:59:30.333 [info] Snippets: No changes found during synchronizing snippets.
2023-07-14 19:59:30.335 [info] Tasks: No changes found during synchronizing tasks.
2023-07-14 19:59:30.338 [info] GlobalState: No changes found during synchronizing ui state.
2023-07-14 19:59:30.425 [info] Extensions: No changes found during synchronizing extensions.
2023-07-14 19:59:30.427 [info] Profiles: No changes found during synchronizing profiles.
2023-07-14 19:59:30.428 [info] Sync done. Took 270ms
2023-07-14 20:03:40.532 [info] Auto Sync: Triggered by Activity
2023-07-14 20:03:40.532 [info] Sync started.
2023-07-14 20:03:40.991 [info] Settings: No changes found during synchronizing settings.
2023-07-14 20:03:40.994 [info] Keybindings: No changes found during synchronizing keybindings.
2023-07-14 20:03:40.996 [info] Snippets: No changes found during synchronizing snippets.
2023-07-14 20:03:40.998 [info] Tasks: No changes found during synchronizing tasks.
2023-07-14 20:03:41.002 [info] GlobalState: No changes found during synchronizing ui state.
2023-07-14 20:03:41.092 [info] Extensions: No changes found during synchronizing extensions.
2023-07-14 20:03:41.094 [info] Profiles: No changes found during synchronizing profiles.
2023-07-14 20:03:41.095 [info] Sync done. Took 565ms
2023-07-14 20:04:00.213 [info] Auto Sync: Triggered by Activity
2023-07-14 20:04:00.214 [info] Sync started.
2023-07-14 20:04:00.396 [info] Settings: No changes found during synchronizing settings.
2023-07-14 20:04:00.407 [info] Keybindings: No changes found during synchronizing keybindings.
2023-07-14 20:04:00.416 [info] Snippets: No changes found during synchronizing snippets.
2023-07-14 20:04:00.420 [info] Tasks: No changes found during synchronizing tasks.
2023-07-14 20:04:00.430 [info] GlobalState: No changes found during synchronizing ui state.
2023-07-14 20:04:00.509 [info] Extensions: No changes found during synchronizing extensions.
2023-07-14 20:04:00.510 [info] Profiles: No changes found during synchronizing profiles.
2023-07-14 20:04:00.511 [info] Sync done. Took 299ms
2023-07-14 20:05:12.024 [info] Auto Sync: Triggered by Activity
2023-07-14 20:05:12.025 [info] Sync started.
2023-07-14 20:05:12.205 [info] Settings: No changes found during synchronizing settings.
2023-07-14 20:05:12.218 [info] Keybindings: No changes found during synchronizing keybindings.
2023-07-14 20:05:12.225 [info] Snippets: No changes found during synchronizing snippets.
2023-07-14 20:05:12.229 [info] Tasks: No changes found during synchronizing tasks.
2023-07-14 20:05:12.236 [info] GlobalState: No changes found during synchronizing ui state.
2023-07-14 20:05:12.321 [info] Extensions: No changes found during synchronizing extensions.
2023-07-14 20:05:12.322 [info] Profiles: No changes found during synchronizing profiles.
2023-07-14 20:05:12.323 [info] Sync done. Took 300ms
2023-07-14 20:05:25.977 [info] Auto Sync: Triggered by Activity
2023-07-14 20:05:25.977 [info] Sync started.
2023-07-14 20:05:26.146 [info] Settings: No changes found during synchronizing settings.
2023-07-14 20:05:26.149 [info] Keybindings: No changes found during synchronizing keybindings.
2023-07-14 20:05:26.151 [info] Snippets: No changes found during synchronizing snippets.
2023-07-14 20:05:26.152 [info] Tasks: No changes found during synchronizing tasks.
2023-07-14 20:05:26.649 [info] GlobalState: Updated remote ui state. Updated: workbench.panel.pinnedPanels.
2023-07-14 20:05:26.655 [info] GlobalState: Updated last synchronized ui state
2023-07-14 20:05:26.762 [info] Extensions: No changes found during synchronizing extensions.
2023-07-14 20:05:26.763 [info] Profiles: No changes found during synchronizing profiles.
2023-07-14 20:05:26.765 [info] Sync done. Took 789ms
2023-07-14 20:07:31.838 [info] Auto Sync: Triggered by Activity
2023-07-14 20:07:31.839 [info] Sync started.
2023-07-14 20:07:32.001 [info] Settings: No changes found during synchronizing settings.
2023-07-14 20:07:32.006 [info] Keybindings: No changes found during synchronizing keybindings.
2023-07-14 20:07:32.010 [info] Snippets: No changes found during synchronizing snippets.
2023-07-14 20:07:32.013 [info] Tasks: No changes found during synchronizing tasks.
2023-07-14 20:07:32.518 [info] GlobalState: Updated remote ui state. Updated: workbench.activity.pinnedViewlets2.
2023-07-14 20:07:32.520 [info] GlobalState: Updated last synchronized ui state
2023-07-14 20:07:32.594 [info] Extensions: No changes found during synchronizing extensions.
2023-07-14 20:07:32.595 [info] Profiles: No changes found during synchronizing profiles.
2023-07-14 20:07:32.597 [info] Sync done. Took 759ms
2023-07-14 20:07:46.906 [info] Auto Sync: Triggered by Activity
2023-07-14 20:07:46.906 [info] Sync started.
2023-07-14 20:07:47.083 [info] Settings: No changes found during synchronizing settings.
2023-07-14 20:07:47.097 [info] Keybindings: No changes found during synchronizing keybindings.
2023-07-14 20:07:47.108 [info] Snippets: No changes found during synchronizing snippets.
2023-07-14 20:07:47.116 [info] Tasks: No changes found during synchronizing tasks.
2023-07-14 20:07:47.126 [info] GlobalState: No changes found during synchronizing ui state.
2023-07-14 20:07:47.209 [info] Extensions: No changes found during synchronizing extensions.
2023-07-14 20:07:47.212 [info] Profiles: No changes found during synchronizing profiles.
2023-07-14 20:07:47.214 [info] Sync done. Took 309ms
2023-07-14 20:08:22.146 [info] Auto Sync: Triggered by Activity
2023-07-14 20:08:22.147 [info] Sync started.
2023-07-14 20:08:22.317 [info] Settings: No changes found during synchronizing settings.
2023-07-14 20:08:22.320 [info] Keybindings: No changes found during synchronizing keybindings.
2023-07-14 20:08:22.322 [info] Snippets: No changes found during synchronizing snippets.
2023-07-14 20:08:22.323 [info] Tasks: No changes found during synchronizing tasks.
2023-07-14 20:08:22.327 [info] GlobalState: No changes found during synchronizing ui state.
2023-07-14 20:08:22.403 [info] Extensions: No changes found during synchronizing extensions.
2023-07-14 20:08:22.406 [info] Profiles: No changes found during synchronizing profiles.
2023-07-14 20:08:22.408 [info] Sync done. Took 263ms
2023-07-14 20:08:54.815 [info] Auto Sync: Triggered by Activity
2023-07-14 20:08:54.816 [info] Sync started.
2023-07-14 20:08:55.002 [info] Settings: No changes found during synchronizing settings.
2023-07-14 20:08:55.017 [info] Keybindings: No changes found during synchronizing keybindings.
2023-07-14 20:08:55.026 [info] Snippets: No changes found during synchronizing snippets.
2023-07-14 20:08:55.033 [info] Tasks: No changes found during synchronizing tasks.
2023-07-14 20:08:55.039 [info] GlobalState: No changes found during synchronizing ui state.
2023-07-14 20:08:55.127 [info] Extensions: No changes found during synchronizing extensions.
2023-07-14 20:08:55.129 [info] Profiles: No changes found during synchronizing profiles.
2023-07-14 20:08:55.130 [info] Sync done. Took 316ms
2023-07-14 20:10:19.592 [info] Auto Sync: Triggered by Activity
2023-07-14 20:10:19.592 [info] Sync started.
2023-07-14 20:10:19.758 [info] Settings: No changes found during synchronizing settings.
2023-07-14 20:10:19.770 [info] Keybindings: No changes found during synchronizing keybindings.
2023-07-14 20:10:19.779 [info] Snippets: No changes found during synchronizing snippets.
2023-07-14 20:10:19.791 [info] Tasks: No changes found during synchronizing tasks.
2023-07-14 20:10:19.803 [info] GlobalState: No changes found during synchronizing ui state.
2023-07-14 20:10:19.912 [info] Extensions: No changes found during synchronizing extensions.
2023-07-14 20:10:19.913 [info] Profiles: No changes found during synchronizing profiles.
2023-07-14 20:10:19.914 [info] Sync done. Took 323ms
2023-07-14 20:11:16.767 [info] Auto Sync: Triggered by Activity
2023-07-14 20:11:16.767 [info] Sync started.
2023-07-14 20:11:16.939 [info] Settings: No changes found during synchronizing settings.
2023-07-14 20:11:16.942 [info] Keybindings: No changes found during synchronizing keybindings.
2023-07-14 20:11:16.945 [info] Snippets: No changes found during synchronizing snippets.
2023-07-14 20:11:16.946 [info] Tasks: No changes found during synchronizing tasks.
2023-07-14 20:11:16.950 [info] GlobalState: No changes found during synchronizing ui state.
2023-07-14 20:11:17.024 [info] Extensions: No changes found during synchronizing extensions.
2023-07-14 20:11:17.026 [info] Profiles: No changes found during synchronizing profiles.
2023-07-14 20:11:17.027 [info] Sync done. Took 261ms
2023-07-14 20:12:18.257 [info] Auto Sync: Triggered by Activity
2023-07-14 20:12:18.258 [info] Sync started.
2023-07-14 20:12:18.415 [info] Settings: No changes found during synchronizing settings.
2023-07-14 20:12:18.425 [info] Keybindings: No changes found during synchronizing keybindings.
2023-07-14 20:12:18.433 [info] Snippets: No changes found during synchronizing snippets.
2023-07-14 20:12:18.441 [info] Tasks: No changes found during synchronizing tasks.
2023-07-14 20:12:18.455 [info] GlobalState: No changes found during synchronizing ui state.
2023-07-14 20:12:18.554 [info] Extensions: No changes found during synchronizing extensions.
2023-07-14 20:12:18.555 [info] Profiles: No changes found during synchronizing profiles.
2023-07-14 20:12:18.556 [info] Sync done. Took 300ms
2023-07-14 20:13:19.862 [info] Auto Sync: Triggered by Activity
2023-07-14 20:13:19.863 [info] Sync started.
2023-07-14 20:13:20.033 [info] Settings: No changes found during synchronizing settings.
2023-07-14 20:13:20.035 [info] Keybindings: No changes found during synchronizing keybindings.
2023-07-14 20:13:20.037 [info] Snippets: No changes found during synchronizing snippets.
2023-07-14 20:13:20.040 [info] Tasks: No changes found during synchronizing tasks.
2023-07-14 20:13:20.044 [info] GlobalState: No changes found during synchronizing ui state.
2023-07-14 20:13:20.116 [info] Extensions: No changes found during synchronizing extensions.
2023-07-14 20:13:20.117 [info] Profiles: No changes found during synchronizing profiles.
2023-07-14 20:13:20.119 [info] Sync done. Took 261ms
2023-07-14 20:13:26.469 [info] Auto Sync: Triggered by Activity
2023-07-14 20:13:26.469 [info] Sync started.
2023-07-14 20:13:26.640 [info] Settings: No changes found during synchronizing settings.
2023-07-14 20:13:26.651 [info] Keybindings: No changes found during synchronizing keybindings.
2023-07-14 20:13:26.663 [info] Snippets: No changes found during synchronizing snippets.
2023-07-14 20:13:26.674 [info] Tasks: No changes found during synchronizing tasks.
2023-07-14 20:13:27.183 [info] GlobalState: Updated remote ui state. Updated: workbench.activity.pinnedViewlets2,workbench.panel.pinnedPanels,workbench.statusbar.hidden.
2023-07-14 20:13:27.186 [info] GlobalState: Updated last synchronized ui state
2023-07-14 20:13:27.240 [info] Extensions: No changes found during synchronizing extensions.
2023-07-14 20:13:27.241 [info] Profiles: No changes found during synchronizing profiles.
2023-07-14 20:13:27.243 [info] Sync done. Took 774ms
2023-07-14 20:13:43.609 [info] Auto Sync: Triggered by Activity
2023-07-14 20:13:43.609 [info] Sync started.
2023-07-14 20:13:43.782 [info] Settings: No changes found during synchronizing settings.
2023-07-14 20:13:43.788 [info] Keybindings: No changes found during synchronizing keybindings.
2023-07-14 20:13:43.791 [info] Snippets: No changes found during synchronizing snippets.
2023-07-14 20:13:43.794 [info] Tasks: No changes found during synchronizing tasks.
2023-07-14 20:13:43.799 [info] GlobalState: No changes found during synchronizing ui state.
2023-07-14 20:13:43.893 [info] Extensions: No changes found during synchronizing extensions.
2023-07-14 20:13:43.895 [info] Profiles: No changes found during synchronizing profiles.
2023-07-14 20:13:43.896 [info] Sync done. Took 288ms
2023-07-14 20:14:04.359 [info] Auto Sync: Triggered by Activity
2023-07-14 20:14:04.359 [info] Sync started.
2023-07-14 20:14:04.521 [info] Settings: No changes found during synchronizing settings.
2023-07-14 20:14:04.524 [info] Keybindings: No changes found during synchronizing keybindings.
2023-07-14 20:14:04.527 [info] Snippets: No changes found during synchronizing snippets.
2023-07-14 20:14:04.529 [info] Tasks: No changes found during synchronizing tasks.
2023-07-14 20:14:04.533 [info] GlobalState: No changes found during synchronizing ui state.
2023-07-14 20:14:04.615 [info] Extensions: No changes found during synchronizing extensions.
2023-07-14 20:14:04.617 [info] Profiles: No changes found during synchronizing profiles.
2023-07-14 20:14:04.620 [info] Sync done. Took 261ms
2023-07-14 20:14:10.330 [info] Auto Sync: Triggered by Activity
2023-07-14 20:14:10.331 [info] Sync started.
2023-07-14 20:14:10.518 [info] Settings: No changes found during synchronizing settings.
2023-07-14 20:14:10.529 [info] Keybindings: No changes found during synchronizing keybindings.
2023-07-14 20:14:10.535 [info] Snippets: No changes found during synchronizing snippets.
2023-07-14 20:14:10.538 [info] Tasks: No changes found during synchronizing tasks.
2023-07-14 20:14:11.287 [info] GlobalState: Updated remote ui state. Updated: workbench.panel.pinnedPanels.
2023-07-14 20:14:11.293 [info] GlobalState: Updated last synchronized ui state
2023-07-14 20:14:11.426 [info] Extensions: No changes found during synchronizing extensions.
2023-07-14 20:14:11.428 [info] Profiles: No changes found during synchronizing profiles.
2023-07-14 20:14:11.429 [info] Sync done. Took 1100ms
2023-07-14 20:15:04.178 [info] Auto Sync: Triggered by Activity
2023-07-14 20:15:04.178 [info] Sync started.
2023-07-14 20:15:04.356 [info] Settings: No changes found during synchronizing settings.
2023-07-14 20:15:04.361 [info] Keybindings: No changes found during synchronizing keybindings.
2023-07-14 20:15:04.364 [info] Snippets: No changes found during synchronizing snippets.
2023-07-14 20:15:04.367 [info] Tasks: No changes found during synchronizing tasks.
2023-07-14 20:15:04.371 [info] GlobalState: No changes found during synchronizing ui state.
2023-07-14 20:15:04.469 [info] Extensions: No changes found during synchronizing extensions.
2023-07-14 20:15:04.471 [info] Profiles: No changes found during synchronizing profiles.
2023-07-14 20:15:04.472 [info] Sync done. Took 296ms
2023-07-14 20:17:04.419 [info] Auto Sync: Triggered by Activity
2023-07-14 20:17:04.419 [info] Sync started.
2023-07-14 20:17:04.597 [info] Settings: No changes found during synchronizing settings.
2023-07-14 20:17:04.600 [info] Keybindings: No changes found during synchronizing keybindings.
2023-07-14 20:17:04.602 [info] Snippets: No changes found during synchronizing snippets.
2023-07-14 20:17:04.605 [info] Tasks: No changes found during synchronizing tasks.
2023-07-14 20:17:04.608 [info] GlobalState: No changes found during synchronizing ui state.
2023-07-14 20:17:04.692 [info] Extensions: No changes found during synchronizing extensions.
2023-07-14 20:17:04.693 [info] Profiles: No changes found during synchronizing profiles.
2023-07-14 20:17:04.695 [info] Sync done. Took 277ms
2023-07-14 20:17:40.460 [info] Auto Sync: Triggered by Activity
2023-07-14 20:17:40.460 [info] Sync started.
2023-07-14 20:17:40.617 [info] Settings: No changes found during synchronizing settings.
2023-07-14 20:17:40.620 [info] Keybindings: No changes found during synchronizing keybindings.
2023-07-14 20:17:40.622 [info] Snippets: No changes found during synchronizing snippets.
2023-07-14 20:17:40.624 [info] Tasks: No changes found during synchronizing tasks.
2023-07-14 20:17:40.629 [info] GlobalState: No changes found during synchronizing ui state.
2023-07-14 20:17:40.717 [info] Extensions: No changes found during synchronizing extensions.
2023-07-14 20:17:40.718 [info] Profiles: No changes found during synchronizing profiles.
2023-07-14 20:17:40.720 [info] Sync done. Took 261ms
2023-07-14 20:17:54.752 [info] Auto Sync: Triggered by Activity
2023-07-14 20:17:54.752 [info] Sync started.
2023-07-14 20:17:54.945 [info] Settings: No changes found during synchronizing settings.
2023-07-14 20:17:54.952 [info] Keybindings: No changes found during synchronizing keybindings.
2023-07-14 20:17:54.956 [info] Snippets: No changes found during synchronizing snippets.
2023-07-14 20:17:54.961 [info] Tasks: No changes found during synchronizing tasks.
2023-07-14 20:17:54.967 [info] GlobalState: No changes found during synchronizing ui state.
2023-07-14 20:17:55.063 [info] Extensions: No changes found during synchronizing extensions.
2023-07-14 20:17:55.065 [info] Profiles: No changes found during synchronizing profiles.
2023-07-14 20:17:55.066 [info] Sync done. Took 316ms
2023-07-14 20:18:18.868 [info] Auto Sync: Triggered by Activity
2023-07-14 20:18:18.869 [info] Sync started.
2023-07-14 20:18:19.040 [info] Settings: No changes found during synchronizing settings.
2023-07-14 20:18:19.053 [info] Keybindings: No changes found during synchronizing keybindings.
2023-07-14 20:18:19.055 [info] Snippets: No changes found during synchronizing snippets.
2023-07-14 20:18:19.056 [info] Tasks: No changes found during synchronizing tasks.
2023-07-14 20:18:19.060 [info] GlobalState: No changes found during synchronizing ui state.
2023-07-14 20:18:19.135 [info] Extensions: No changes found during synchronizing extensions.
2023-07-14 20:18:19.137 [info] Profiles: No changes found during synchronizing profiles.
2023-07-14 20:18:19.138 [info] Sync done. Took 271ms
2023-07-14 20:20:13.354 [info] Auto Sync: Triggered by Activity
2023-07-14 20:20:13.354 [info] Sync started.
2023-07-14 20:20:13.545 [info] Settings: No changes found during synchronizing settings.
2023-07-14 20:20:13.556 [info] Keybindings: No changes found during synchronizing keybindings.
2023-07-14 20:20:13.558 [info] Snippets: No changes found during synchronizing snippets.
2023-07-14 20:20:13.560 [info] Tasks: No changes found during synchronizing tasks.
2023-07-14 20:20:13.564 [info] GlobalState: No changes found during synchronizing ui state.
2023-07-14 20:20:13.646 [info] Extensions: No changes found during synchronizing extensions.
2023-07-14 20:20:13.648 [info] Profiles: No changes found during synchronizing profiles.
2023-07-14 20:20:13.649 [info] Sync done. Took 297ms
2023-07-14 20:20:46.159 [info] Auto Sync: Triggered by Activity
2023-07-14 20:20:46.160 [info] Sync started.
2023-07-14 20:20:46.330 [info] Settings: No changes found during synchronizing settings.
2023-07-14 20:20:46.332 [info] Keybindings: No changes found during synchronizing keybindings.
2023-07-14 20:20:46.334 [info] Snippets: No changes found during synchronizing snippets.
2023-07-14 20:20:46.336 [info] Tasks: No changes found during synchronizing tasks.
2023-07-14 20:20:46.340 [info] GlobalState: No changes found during synchronizing ui state.
2023-07-14 20:20:46.419 [info] Extensions: No changes found during synchronizing extensions.
2023-07-14 20:20:46.420 [info] Profiles: No changes found during synchronizing profiles.
2023-07-14 20:20:46.422 [info] Sync done. Took 264ms
2023-07-14 20:20:59.122 [info] Auto Sync: Triggered by Activity
2023-07-14 20:20:59.123 [info] Sync started.
2023-07-14 20:20:59.302 [info] Settings: No changes found during synchronizing settings.
2023-07-14 20:20:59.304 [info] Keybindings: No changes found during synchronizing keybindings.
2023-07-14 20:20:59.306 [info] Snippets: No changes found during synchronizing snippets.
2023-07-14 20:20:59.308 [info] Tasks: No changes found during synchronizing tasks.
2023-07-14 20:20:59.312 [info] GlobalState: No changes found during synchronizing ui state.
2023-07-14 20:20:59.393 [info] Extensions: No changes found during synchronizing extensions.
2023-07-14 20:20:59.395 [info] Profiles: No changes found during synchronizing profiles.
2023-07-14 20:20:59.396 [info] Sync done. Took 275ms
2023-07-14 20:21:13.592 [info] Auto Sync: Triggered by Activity
2023-07-14 20:21:13.593 [info] Sync started.
2023-07-14 20:21:13.765 [info] Settings: No changes found during synchronizing settings.
2023-07-14 20:21:13.776 [info] Keybindings: No changes found during synchronizing keybindings.
2023-07-14 20:21:13.787 [info] Snippets: No changes found during synchronizing snippets.
2023-07-14 20:21:13.798 [info] Tasks: No changes found during synchronizing tasks.
2023-07-14 20:21:13.818 [info] GlobalState: No changes found during synchronizing ui state.
2023-07-14 20:21:13.917 [info] Extensions: No changes found during synchronizing extensions.
2023-07-14 20:21:13.919 [info] Profiles: No changes found during synchronizing profiles.
2023-07-14 20:21:13.920 [info] Sync done. Took 329ms
2023-07-14 20:21:25.346 [info] Auto Sync: Triggered by Activity
2023-07-14 20:21:25.347 [info] Sync started.
2023-07-14 20:21:25.518 [info] Settings: No changes found during synchronizing settings.
2023-07-14 20:21:25.522 [info] Keybindings: No changes found during synchronizing keybindings.
2023-07-14 20:21:25.524 [info] Snippets: No changes found during synchronizing snippets.
2023-07-14 20:21:25.526 [info] Tasks: No changes found during synchronizing tasks.
2023-07-14 20:21:25.530 [info] GlobalState: No changes found during synchronizing ui state.
2023-07-14 20:21:25.598 [info] Extensions: No changes found during synchronizing extensions.
2023-07-14 20:21:25.601 [info] Profiles: No changes found during synchronizing profiles.
2023-07-14 20:21:25.603 [info] Sync done. Took 257ms
2023-07-14 20:21:47.398 [info] Auto Sync: Triggered by Activity
2023-07-14 20:21:47.399 [info] Sync started.
2023-07-14 20:21:47.566 [info] Settings: No changes found during synchronizing settings.
2023-07-14 20:21:47.569 [info] Keybindings: No changes found during synchronizing keybindings.
2023-07-14 20:21:47.572 [info] Snippets: No changes found during synchronizing snippets.
2023-07-14 20:21:47.574 [info] Tasks: No changes found during synchronizing tasks.
2023-07-14 20:21:47.578 [info] GlobalState: No changes found during synchronizing ui state.
2023-07-14 20:21:47.671 [info] Extensions: No changes found during synchronizing extensions.
2023-07-14 20:21:47.673 [info] Profiles: No changes found during synchronizing profiles.
2023-07-14 20:21:47.674 [info] Sync done. Took 277ms
2023-07-14 20:21:59.547 [info] Auto Sync: Triggered by Activity
2023-07-14 20:21:59.548 [info] Sync started.
2023-07-14 20:21:59.713 [info] Settings: No changes found during synchronizing settings.
2023-07-14 20:21:59.715 [info] Keybindings: No changes found during synchronizing keybindings.
2023-07-14 20:21:59.718 [info] Snippets: No changes found during synchronizing snippets.
2023-07-14 20:21:59.719 [info] Tasks: No changes found during synchronizing tasks.
2023-07-14 20:21:59.723 [info] GlobalState: No changes found during synchronizing ui state.
2023-07-14 20:21:59.805 [info] Extensions: No changes found during synchronizing extensions.
2023-07-14 20:21:59.806 [info] Profiles: No changes found during synchronizing profiles.
2023-07-14 20:21:59.808 [info] Sync done. Took 261ms
2023-07-14 20:22:35.197 [info] Auto Sync: Triggered by Activity
2023-07-14 20:22:35.198 [info] Sync started.
2023-07-14 20:22:35.366 [info] Settings: No changes found during synchronizing settings.
2023-07-14 20:22:35.377 [info] Keybindings: No changes found during synchronizing keybindings.
2023-07-14 20:22:35.389 [info] Snippets: No changes found during synchronizing snippets.
2023-07-14 20:22:35.396 [info] Tasks: No changes found during synchronizing tasks.
2023-07-14 20:22:35.412 [info] GlobalState: No changes found during synchronizing ui state.
2023-07-14 20:22:35.513 [info] Extensions: No changes found during synchronizing extensions.
2023-07-14 20:22:35.516 [info] Profiles: No changes found during synchronizing profiles.
2023-07-14 20:22:35.518 [info] Sync done. Took 322ms
2023-07-14 20:23:18.658 [info] Auto Sync: Triggered by Activity
2023-07-14 20:23:18.658 [info] Sync started.
2023-07-14 20:23:18.826 [info] Settings: No changes found during synchronizing settings.
2023-07-14 20:23:18.832 [info] Keybindings: No changes found during synchronizing keybindings.
2023-07-14 20:23:18.838 [info] Snippets: No changes found during synchronizing snippets.
2023-07-14 20:23:18.841 [info] Tasks: No changes found during synchronizing tasks.
2023-07-14 20:23:18.848 [info] GlobalState: No changes found during synchronizing ui state.
2023-07-14 20:23:18.951 [info] Extensions: No changes found during synchronizing extensions.
2023-07-14 20:23:18.953 [info] Profiles: No changes found during synchronizing profiles.
2023-07-14 20:23:18.954 [info] Sync done. Took 297ms
2023-07-14 20:24:10.183 [info] Auto Sync: Triggered by Activity
2023-07-14 20:24:10.183 [info] Sync started.
2023-07-14 20:24:10.358 [info] Settings: No changes found during synchronizing settings.
2023-07-14 20:24:10.360 [info] Keybindings: No changes found during synchronizing keybindings.
2023-07-14 20:24:10.363 [info] Snippets: No changes found during synchronizing snippets.
2023-07-14 20:24:10.364 [info] Tasks: No changes found during synchronizing tasks.
2023-07-14 20:24:10.368 [info] GlobalState: No changes found during synchronizing ui state.
2023-07-14 20:24:10.451 [info] Extensions: No changes found during synchronizing extensions.
2023-07-14 20:24:10.452 [info] Profiles: No changes found during synchronizing profiles.
2023-07-14 20:24:10.454 [info] Sync done. Took 272ms
2023-07-14 20:24:37.195 [info] Auto Sync: Triggered by Activity
2023-07-14 20:24:37.195 [info] Sync started.
2023-07-14 20:24:37.362 [info] Settings: No changes found during synchronizing settings.
2023-07-14 20:24:37.374 [info] Keybindings: No changes found during synchronizing keybindings.
2023-07-14 20:24:37.386 [info] Snippets: No changes found during synchronizing snippets.
2023-07-14 20:24:37.394 [info] Tasks: No changes found during synchronizing tasks.
2023-07-14 20:24:37.404 [info] GlobalState: No changes found during synchronizing ui state.
2023-07-14 20:24:37.483 [info] Extensions: No changes found during synchronizing extensions.
2023-07-14 20:24:37.487 [info] Profiles: No changes found during synchronizing profiles.
2023-07-14 20:24:37.489 [info] Sync done. Took 295ms
2023-07-14 20:25:30.434 [info] Auto Sync: Triggered by Activity
2023-07-14 20:25:30.435 [info] Sync started.
2023-07-14 20:25:30.602 [info] Settings: No changes found during synchronizing settings.
2023-07-14 20:25:30.604 [info] Keybindings: No changes found during synchronizing keybindings.
2023-07-14 20:25:30.607 [info] Snippets: No changes found during synchronizing snippets.
2023-07-14 20:25:30.609 [info] Tasks: No changes found during synchronizing tasks.
2023-07-14 20:25:30.613 [info] GlobalState: No changes found during synchronizing ui state.
2023-07-14 20:25:30.690 [info] Extensions: No changes found during synchronizing extensions.
2023-07-14 20:25:30.691 [info] Profiles: No changes found during synchronizing profiles.
2023-07-14 20:25:30.693 [info] Sync done. Took 259ms
2023-07-14 20:25:47.163 [info] Auto Sync: Triggered by Activity
2023-07-14 20:25:47.163 [info] Sync started.
2023-07-14 20:25:47.316 [info] Settings: No changes found during synchronizing settings.
2023-07-14 20:25:47.319 [info] Keybindings: No changes found during synchronizing keybindings.
2023-07-14 20:25:47.322 [info] Snippets: No changes found during synchronizing snippets.
2023-07-14 20:25:47.325 [info] Tasks: No changes found during synchronizing tasks.
2023-07-14 20:25:48.173 [info] GlobalState: Updated remote ui state. Updated: workbench.activity.pinnedViewlets2,workbench.statusbar.hidden.
2023-07-14 20:25:48.176 [info] GlobalState: Updated last synchronized ui state
2023-07-14 20:25:48.269 [info] Extensions: No changes found during synchronizing extensions.
2023-07-14 20:25:48.270 [info] Profiles: No changes found during synchronizing profiles.
2023-07-14 20:25:48.272 [info] Sync done. Took 1109ms
2023-07-14 20:26:00.355 [info] Auto Sync: Triggered by Activity
2023-07-14 20:26:00.356 [info] Sync started.
2023-07-14 20:26:00.528 [info] Settings: No changes found during synchronizing settings.
2023-07-14 20:26:00.530 [info] Keybindings: No changes found during synchronizing keybindings.
2023-07-14 20:26:00.532 [info] Snippets: No changes found during synchronizing snippets.
2023-07-14 20:26:00.535 [info] Tasks: No changes found during synchronizing tasks.
2023-07-14 20:26:00.538 [info] GlobalState: No changes found during synchronizing ui state.
2023-07-14 20:26:00.633 [info] Extensions: No changes found during synchronizing extensions.
2023-07-14 20:26:00.634 [info] Profiles: No changes found during synchronizing profiles.
2023-07-14 20:26:00.636 [info] Sync done. Took 281ms
2023-07-14 20:26:16.068 [info] Auto Sync: Triggered by Activity
2023-07-14 20:26:16.069 [info] Sync started.
2023-07-14 20:26:16.240 [info] Settings: No changes found during synchronizing settings.
2023-07-14 20:26:16.244 [info] Keybindings: No changes found during synchronizing keybindings.
2023-07-14 20:26:16.246 [info] Snippets: No changes found during synchronizing snippets.
2023-07-14 20:26:16.248 [info] Tasks: No changes found during synchronizing tasks.
2023-07-14 20:26:16.252 [info] GlobalState: No changes found during synchronizing ui state.
2023-07-14 20:26:16.338 [info] Extensions: No changes found during synchronizing extensions.
2023-07-14 20:26:16.339 [info] Profiles: No changes found during synchronizing profiles.
2023-07-14 20:26:16.341 [info] Sync done. Took 273ms
2023-07-14 20:26:27.597 [info] Auto Sync: Triggered by Activity
2023-07-14 20:26:27.597 [info] Sync started.
2023-07-14 20:26:27.770 [info] Settings: No changes found during synchronizing settings.
2023-07-14 20:26:27.781 [info] Keybindings: No changes found during synchronizing keybindings.
2023-07-14 20:26:27.792 [info] Snippets: No changes found during synchronizing snippets.
2023-07-14 20:26:27.800 [info] Tasks: No changes found during synchronizing tasks.
2023-07-14 20:26:27.811 [info] GlobalState: No changes found during synchronizing ui state.
2023-07-14 20:26:27.895 [info] Extensions: No changes found during synchronizing extensions.
2023-07-14 20:26:27.898 [info] Profiles: No changes found during synchronizing profiles.
2023-07-14 20:26:27.900 [info] Sync done. Took 302ms
2023-07-14 20:26:51.597 [info] Auto Sync: Triggered by Activity
2023-07-14 20:26:51.597 [info] Sync started.
2023-07-14 20:26:51.761 [info] Settings: No changes found during synchronizing settings.
2023-07-14 20:26:51.764 [info] Keybindings: No changes found during synchronizing keybindings.
2023-07-14 20:26:51.766 [info] Snippets: No changes found during synchronizing snippets.
2023-07-14 20:26:51.768 [info] Tasks: No changes found during synchronizing tasks.
2023-07-14 20:26:51.773 [info] GlobalState: No changes found during synchronizing ui state.
2023-07-14 20:26:51.866 [info] Extensions: No changes found during synchronizing extensions.
2023-07-14 20:26:51.869 [info] Profiles: No changes found during synchronizing profiles.
2023-07-14 20:26:51.871 [info] Sync done. Took 275ms
2023-07-14 20:27:05.838 [info] Auto Sync: Triggered by Activity
2023-07-14 20:27:05.839 [info] Sync started.
2023-07-14 20:27:06.009 [info] Settings: No changes found during synchronizing settings.
2023-07-14 20:27:06.012 [info] Keybindings: No changes found during synchronizing keybindings.
2023-07-14 20:27:06.014 [info] Snippets: No changes found during synchronizing snippets.
2023-07-14 20:27:06.016 [info] Tasks: No changes found during synchronizing tasks.
2023-07-14 20:27:06.020 [info] GlobalState: No changes found during synchronizing ui state.
2023-07-14 20:27:06.109 [info] Extensions: No changes found during synchronizing extensions.
2023-07-14 20:27:06.111 [info] Profiles: No changes found during synchronizing profiles.
2023-07-14 20:27:06.112 [info] Sync done. Took 275ms
2023-07-14 20:27:23.721 [info] Auto Sync: Triggered by Activity
2023-07-14 20:27:23.722 [info] Sync started.
2023-07-14 20:27:23.883 [info] Settings: No changes found during synchronizing settings.
2023-07-14 20:27:23.886 [info] Keybindings: No changes found during synchronizing keybindings.
2023-07-14 20:27:23.888 [info] Snippets: No changes found during synchronizing snippets.
2023-07-14 20:27:23.890 [info] Tasks: No changes found during synchronizing tasks.
2023-07-14 20:27:23.895 [info] GlobalState: No changes found during synchronizing ui state.
2023-07-14 20:27:23.972 [info] Extensions: No changes found during synchronizing extensions.
2023-07-14 20:27:23.977 [info] Profiles: No changes found during synchronizing profiles.
2023-07-14 20:27:23.979 [info] Sync done. Took 258ms
2023-07-14 20:27:40.541 [info] Auto Sync: Triggered by Activity
2023-07-14 20:27:40.542 [info] Sync started.
2023-07-14 20:27:40.719 [info] Settings: No changes found during synchronizing settings.
2023-07-14 20:27:40.722 [info] Keybindings: No changes found during synchronizing keybindings.
2023-07-14 20:27:40.724 [info] Snippets: No changes found during synchronizing snippets.
2023-07-14 20:27:40.726 [info] Tasks: No changes found during synchronizing tasks.
2023-07-14 20:27:40.730 [info] GlobalState: No changes found during synchronizing ui state.
2023-07-14 20:27:40.811 [info] Extensions: No changes found during synchronizing extensions.
2023-07-14 20:27:40.813 [info] Profiles: No changes found during synchronizing profiles.
2023-07-14 20:27:40.815 [info] Sync done. Took 274ms
2023-07-14 20:28:27.947 [info] Auto Sync: Triggered by Activity
2023-07-14 20:28:27.948 [info] Sync started.
2023-07-14 20:28:28.121 [info] Settings: No changes found during synchronizing settings.
2023-07-14 20:28:28.127 [info] Keybindings: No changes found during synchronizing keybindings.
2023-07-14 20:28:28.130 [info] Snippets: No changes found during synchronizing snippets.
2023-07-14 20:28:28.132 [info] Tasks: No changes found during synchronizing tasks.
2023-07-14 20:28:28.138 [info] GlobalState: No changes found during synchronizing ui state.
2023-07-14 20:28:28.224 [info] Extensions: No changes found during synchronizing extensions.
2023-07-14 20:28:28.225 [info] Profiles: No changes found during synchronizing profiles.
2023-07-14 20:28:28.226 [info] Sync done. Took 280ms
2023-07-14 20:28:49.201 [info] Auto Sync: Triggered by Activity
2023-07-14 20:28:49.201 [info] Sync started.
2023-07-14 20:28:49.373 [info] Settings: No changes found during synchronizing settings.
2023-07-14 20:28:49.383 [info] Keybindings: No changes found during synchronizing keybindings.
2023-07-14 20:28:49.395 [info] Snippets: No changes found during synchronizing snippets.
2023-07-14 20:28:49.403 [info] Tasks: No changes found during synchronizing tasks.
2023-07-14 20:28:49.416 [info] GlobalState: No changes found during synchronizing ui state.
2023-07-14 20:28:49.523 [info] Extensions: No changes found during synchronizing extensions.
2023-07-14 20:28:49.525 [info] Profiles: No changes found during synchronizing profiles.
2023-07-14 20:28:49.526 [info] Sync done. Took 327ms
2023-07-14 20:29:02.775 [info] Auto Sync: Triggered by Activity
2023-07-14 20:29:02.776 [info] Sync started.
2023-07-14 20:29:02.931 [info] Settings: No changes found during synchronizing settings.
2023-07-14 20:29:02.933 [info] Keybindings: No changes found during synchronizing keybindings.
2023-07-14 20:29:02.938 [info] Snippets: No changes found during synchronizing snippets.
2023-07-14 20:29:02.939 [info] Tasks: No changes found during synchronizing tasks.
2023-07-14 20:29:02.943 [info] GlobalState: No changes found during synchronizing ui state.
2023-07-14 20:29:03.029 [info] Extensions: No changes found during synchronizing extensions.
2023-07-14 20:29:03.030 [info] Profiles: No changes found during synchronizing profiles.
2023-07-14 20:29:03.031 [info] Sync done. Took 257ms
2023-07-14 20:29:32.239 [info] Auto Sync: Triggered by Activity
2023-07-14 20:29:32.239 [info] Sync started.
2023-07-14 20:29:32.413 [info] Settings: No changes found during synchronizing settings.
2023-07-14 20:29:32.423 [info] Keybindings: No changes found during synchronizing keybindings.
2023-07-14 20:29:32.425 [info] Snippets: No changes found during synchronizing snippets.
2023-07-14 20:29:32.429 [info] Tasks: No changes found during synchronizing tasks.
2023-07-14 20:29:32.432 [info] GlobalState: No changes found during synchronizing ui state.
2023-07-14 20:29:32.507 [info] Extensions: No changes found during synchronizing extensions.
2023-07-14 20:29:32.509 [info] Profiles: No changes found during synchronizing profiles.
2023-07-14 20:29:32.510 [info] Sync done. Took 273ms
2023-07-14 20:29:56.192 [info] Auto Sync: Triggered by Activity
2023-07-14 20:29:56.192 [info] Sync started.
2023-07-14 20:29:56.362 [info] Settings: No changes found during synchronizing settings.
2023-07-14 20:29:56.376 [info] Keybindings: No changes found during synchronizing keybindings.
2023-07-14 20:29:56.387 [info] Snippets: No changes found during synchronizing snippets.
2023-07-14 20:29:56.394 [info] Tasks: No changes found during synchronizing tasks.
2023-07-14 20:29:56.402 [info] GlobalState: No changes found during synchronizing ui state.
2023-07-14 20:29:56.486 [info] Extensions: No changes found during synchronizing extensions.
2023-07-14 20:29:56.491 [info] Profiles: No changes found during synchronizing profiles.
2023-07-14 20:29:56.493 [info] Sync done. Took 302ms
2023-07-14 20:30:08.007 [info] Auto Sync: Triggered by Activity
2023-07-14 20:30:08.007 [info] Sync started.
2023-07-14 20:30:08.186 [info] Settings: No changes found during synchronizing settings.
2023-07-14 20:30:08.189 [info] Keybindings: No changes found during synchronizing keybindings.
2023-07-14 20:30:08.191 [info] Snippets: No changes found during synchronizing snippets.
2023-07-14 20:30:08.193 [info] Tasks: No changes found during synchronizing tasks.
2023-07-14 20:30:08.196 [info] GlobalState: No changes found during synchronizing ui state.
2023-07-14 20:30:08.268 [info] Extensions: No changes found during synchronizing extensions.
2023-07-14 20:30:08.271 [info] Profiles: No changes found during synchronizing profiles.
2023-07-14 20:30:08.272 [info] Sync done. Took 266ms
2023-07-14 20:30:24.190 [info] Auto Sync: Triggered by Activity
2023-07-14 20:30:24.190 [info] Sync started.
2023-07-14 20:30:24.350 [info] Settings: No changes found during synchronizing settings.
2023-07-14 20:30:24.352 [info] Keybindings: No changes found during synchronizing keybindings.
2023-07-14 20:30:24.355 [info] Snippets: No changes found during synchronizing snippets.
2023-07-14 20:30:24.357 [info] Tasks: No changes found during synchronizing tasks.
2023-07-14 20:30:24.361 [info] GlobalState: No changes found during synchronizing ui state.
2023-07-14 20:30:24.435 [info] Extensions: No changes found during synchronizing extensions.
2023-07-14 20:30:24.437 [info] Profiles: No changes found during synchronizing profiles.
2023-07-14 20:30:24.439 [info] Sync done. Took 249ms
2023-07-14 20:31:04.016 [info] Auto Sync: Triggered by Activity
2023-07-14 20:31:04.017 [info] Sync started.
2023-07-14 20:31:04.185 [info] Settings: No changes found during synchronizing settings.
2023-07-14 20:31:04.197 [info] Keybindings: No changes found during synchronizing keybindings.
2023-07-14 20:31:04.208 [info] Snippets: No changes found during synchronizing snippets.
2023-07-14 20:31:04.216 [info] Tasks: No changes found during synchronizing tasks.
2023-07-14 20:31:04.225 [info] GlobalState: No changes found during synchronizing ui state.
2023-07-14 20:31:04.314 [info] Extensions: No changes found during synchronizing extensions.
2023-07-14 20:31:04.315 [info] Profiles: No changes found during synchronizing profiles.
2023-07-14 20:31:04.317 [info] Sync done. Took 300ms
2023-07-14 20:31:59.253 [info] Auto Sync: Triggered by Activity
2023-07-14 20:31:59.254 [info] Sync started.
2023-07-14 20:31:59.416 [info] Settings: No changes found during synchronizing settings.
2023-07-14 20:31:59.419 [info] Keybindings: No changes found during synchronizing keybindings.
2023-07-14 20:31:59.424 [info] Snippets: No changes found during synchronizing snippets.
2023-07-14 20:31:59.427 [info] Tasks: No changes found during synchronizing tasks.
2023-07-14 20:31:59.438 [info] GlobalState: No changes found during synchronizing ui state.
2023-07-14 20:31:59.529 [info] Extensions: No changes found during synchronizing extensions.
2023-07-14 20:31:59.530 [info] Profiles: No changes found during synchronizing profiles.
2023-07-14 20:31:59.531 [info] Sync done. Took 279ms
2023-07-14 20:32:14.965 [info] Auto Sync: Triggered by Activity
2023-07-14 20:32:14.965 [info] Sync started.
2023-07-14 20:32:15.138 [info] Settings: No changes found during synchronizing settings.
2023-07-14 20:32:15.141 [info] Keybindings: No changes found during synchronizing keybindings.
2023-07-14 20:32:15.144 [info] Snippets: No changes found during synchronizing snippets.
2023-07-14 20:32:15.147 [info] Tasks: No changes found during synchronizing tasks.
2023-07-14 20:32:15.152 [info] GlobalState: No changes found during synchronizing ui state.
2023-07-14 20:32:15.238 [info] Extensions: No changes found during synchronizing extensions.
2023-07-14 20:32:15.239 [info] Profiles: No changes found during synchronizing profiles.
2023-07-14 20:32:15.241 [info] Sync done. Took 276ms
2023-07-14 20:32:30.052 [info] Auto Sync: Triggered by Activity
2023-07-14 20:32:30.052 [info] Sync started.
2023-07-14 20:32:30.213 [info] Settings: No changes found during synchronizing settings.
2023-07-14 20:32:30.216 [info] Keybindings: No changes found during synchronizing keybindings.
2023-07-14 20:32:30.219 [info] Snippets: No changes found during synchronizing snippets.
2023-07-14 20:32:30.222 [info] Tasks: No changes found during synchronizing tasks.
2023-07-14 20:32:30.226 [info] GlobalState: No changes found during synchronizing ui state.
2023-07-14 20:32:30.320 [info] Extensions: No changes found during synchronizing extensions.
2023-07-14 20:32:30.322 [info] Profiles: No changes found during synchronizing profiles.
2023-07-14 20:32:30.323 [info] Sync done. Took 272ms
2023-07-14 20:32:57.202 [info] Auto Sync: Triggered by Activity
2023-07-14 20:32:57.203 [info] Sync started.
2023-07-14 20:32:57.377 [info] Settings: No changes found during synchronizing settings.
2023-07-14 20:32:57.388 [info] Keybindings: No changes found during synchronizing keybindings.
2023-07-14 20:32:57.398 [info] Snippets: No changes found during synchronizing snippets.
2023-07-14 20:32:57.404 [info] Tasks: No changes found during synchronizing tasks.
2023-07-14 20:32:57.412 [info] GlobalState: No changes found during synchronizing ui state.
2023-07-14 20:32:57.490 [info] Extensions: No changes found during synchronizing extensions.
2023-07-14 20:32:57.491 [info] Profiles: No changes found during synchronizing profiles.
2023-07-14 20:32:57.493 [info] Sync done. Took 291ms
2023-07-14 20:34:23.625 [info] Auto Sync: Triggered by Activity
2023-07-14 20:34:23.625 [info] Sync started.
2023-07-14 20:34:23.789 [info] Settings: No changes found during synchronizing settings.
2023-07-14 20:34:23.800 [info] Keybindings: No changes found during synchronizing keybindings.
2023-07-14 20:34:23.810 [info] Snippets: No changes found during synchronizing snippets.
2023-07-14 20:34:23.817 [info] Tasks: No changes found during synchronizing tasks.
2023-07-14 20:34:23.827 [info] GlobalState: No changes found during synchronizing ui state.
2023-07-14 20:34:23.913 [info] Extensions: No changes found during synchronizing extensions.
2023-07-14 20:34:23.914 [info] Profiles: No changes found during synchronizing profiles.
2023-07-14 20:34:23.916 [info] Sync done. Took 291ms
2023-07-14 20:34:38.443 [info] Auto Sync: Triggered by Activity
2023-07-14 20:34:38.443 [info] Sync started.
2023-07-14 20:34:38.612 [info] Settings: No changes found during synchronizing settings.
2023-07-14 20:34:38.617 [info] Keybindings: No changes found during synchronizing keybindings.
2023-07-14 20:34:38.619 [info] Snippets: No changes found during synchronizing snippets.
2023-07-14 20:34:38.621 [info] Tasks: No changes found during synchronizing tasks.
2023-07-14 20:34:38.624 [info] GlobalState: No changes found during synchronizing ui state.
2023-07-14 20:34:38.697 [info] Extensions: No changes found during synchronizing extensions.
2023-07-14 20:34:38.699 [info] Profiles: No changes found during synchronizing profiles.
2023-07-14 20:34:38.700 [info] Sync done. Took 258ms
2023-07-14 20:34:58.700 [info] Auto Sync: Triggered by Activity
2023-07-14 20:34:58.700 [info] Sync started.
2023-07-14 20:34:58.874 [info] Settings: No changes found during synchronizing settings.
2023-07-14 20:34:58.876 [info] Keybindings: No changes found during synchronizing keybindings.
2023-07-14 20:34:58.878 [info] Snippets: No changes found during synchronizing snippets.
2023-07-14 20:34:58.880 [info] Tasks: No changes found during synchronizing tasks.
2023-07-14 20:34:58.884 [info] GlobalState: No changes found during synchronizing ui state.
2023-07-14 20:34:58.955 [info] Extensions: No changes found during synchronizing extensions.
2023-07-14 20:34:58.957 [info] Profiles: No changes found during synchronizing profiles.
2023-07-14 20:34:58.958 [info] Sync done. Took 259ms
2023-07-14 20:35:03.889 [info] Auto Sync: Triggered by Activity
2023-07-14 20:35:03.890 [info] Sync started.
2023-07-14 20:35:04.059 [info] Settings: No changes found during synchronizing settings.
2023-07-14 20:35:04.061 [info] Keybindings: No changes found during synchronizing keybindings.
2023-07-14 20:35:04.064 [info] Snippets: No changes found during synchronizing snippets.
2023-07-14 20:35:04.066 [info] Tasks: No changes found during synchronizing tasks.
2023-07-14 20:35:04.579 [info] GlobalState: Updated remote ui state. Updated: memento/gettingStartedService.
2023-07-14 20:35:04.587 [info] GlobalState: Updated last synchronized ui state
2023-07-14 20:35:04.661 [info] Extensions: No changes found during synchronizing extensions.
2023-07-14 20:35:04.663 [info] Profiles: No changes found during synchronizing profiles.
2023-07-14 20:35:04.664 [info] Sync done. Took 776ms
2023-07-14 20:36:46.017 [info] Auto Sync: Triggered by Activity
2023-07-14 20:36:46.018 [info] Sync started.
2023-07-14 20:36:46.196 [info] Settings: No changes found during synchronizing settings.
2023-07-14 20:36:46.205 [info] Keybindings: No changes found during synchronizing keybindings.
2023-07-14 20:36:46.207 [info] Snippets: No changes found during synchronizing snippets.
2023-07-14 20:36:46.209 [info] Tasks: No changes found during synchronizing tasks.
2023-07-14 20:36:46.213 [info] GlobalState: No changes found during synchronizing ui state.
2023-07-14 20:36:46.296 [info] Extensions: No changes found during synchronizing extensions.
2023-07-14 20:36:46.298 [info] Profiles: No changes found during synchronizing profiles.
2023-07-14 20:36:46.299 [info] Sync done. Took 283ms
2023-07-14 20:37:46.134 [info] Auto Sync: Triggered by Activity
2023-07-14 20:37:46.135 [info] Sync started.
2023-07-14 20:37:46.314 [info] Settings: No changes found during synchronizing settings.
2023-07-14 20:37:46.324 [info] Keybindings: No changes found during synchronizing keybindings.
2023-07-14 20:37:46.341 [info] Snippets: No changes found during synchronizing snippets.
2023-07-14 20:37:46.347 [info] Tasks: No changes found during synchronizing tasks.
2023-07-14 20:37:46.353 [info] GlobalState: No changes found during synchronizing ui state.
2023-07-14 20:37:46.425 [info] Extensions: No changes found during synchronizing extensions.
2023-07-14 20:37:46.428 [info] Profiles: No changes found during synchronizing profiles.
2023-07-14 20:37:46.430 [info] Sync done. Took 297ms
