2023-07-14 19:33:33.483 [info] Added views:workbench.panel.markers.view in workbench.panel.markers
2023-07-14 19:33:33.483 [info] Added views:workbench.panel.output in workbench.panel.output
2023-07-14 19:33:33.483 [info] Added views:terminal in terminal
2023-07-14 19:33:33.483 [info] Added views:outline in workbench.view.explorer
2023-07-14 19:33:33.483 [info] Added views:workbench.scm in workbench.view.scm
2023-07-14 19:33:33.483 [info] Added views:workbench.view.search in workbench.view.search
2023-07-14 19:33:33.483 [info] Added views:timeline in workbench.view.explorer
2023-07-14 19:33:33.483 [info] Added views:workbench.explorer.fileView in workbench.view.explorer
2023-07-14 19:33:33.830 [info] Added views:pythonEnvironments in workbench.view.extension.package-explorer
2023-07-14 19:33:33.830 [info] Added views:gitlens.views.home,gitlens.views.workspaces,gitlens.views.account in workbench.view.extension.gitlens
2023-07-14 19:33:33.831 [info] Added views:gitlens.views.commitDetails,gitlens.views.lineHistory,gitlens.views.fileHistory,gitlens.views.searchAndCompare in workbench.view.extension.gitlensInspect
2023-07-14 19:33:33.831 [info] Added views:gitlens.views.commits,gitlens.views.branches,gitlens.views.remotes,gitlens.views.stashes,gitlens.views.tags in workbench.view.scm
2023-07-14 19:33:33.832 [info] Added views:pr:github,issues:github in workbench.view.extension.github-pull-requests
2023-07-14 19:33:33.833 [info] Added views:dvc.views.welcome,dvc.views.actions,dvc.views.support in workbench.view.extension.dvc-views
2023-07-14 19:33:33.904 [info] Added views:workbench.debug.welcome in workbench.view.debug
2023-07-14 19:33:34.154 [info] Added views:workbench.panel.repl.view in workbench.panel.repl
2023-07-14 19:33:35.183 [info] Added views:workbench.view.testing in workbench.view.extension.test
2023-07-14 19:33:35.272 [info] Removed views:issues:github,pr:github from workbench.view.extension.github-pull-requests
2023-07-14 19:33:35.272 [info] Added views:github:login in workbench.view.extension.github-pull-requests
2023-07-14 19:33:35.397 [info] Added views:github:activePullRequest:welcome in workbench.view.extension.github-pull-request
2023-07-14 19:33:35.515 [info] Added views:gitlens.views.graph,gitlens.views.graphDetails in workbench.view.extension.gitlensPanel
2023-07-14 19:33:35.515 [info] Added views:gitlens.views.timeline in workbench.view.extension.gitlensInspect
2023-07-14 19:33:35.516 [info] Added views:gitlens.views.worktrees in workbench.view.scm
2023-07-14 19:33:35.540 [info] Removed views:github:activePullRequest:welcome from workbench.view.extension.github-pull-request
2023-07-14 20:05:22.626 [info] Removed views:github:login from workbench.view.extension.github-pull-requests
2023-07-14 20:05:22.651 [info] Added views:pr:github,issues:github in workbench.view.extension.github-pull-requests
2023-07-14 20:05:22.691 [info] Added views:workbench.panel.comments in workbench.panel.comments
2023-07-14 20:07:29.539 [info] Added views:github:createPullRequest,github:compareChanges in workbench.view.extension.github-pull-request
