2023-07-14 16:54:00.930 [info] Added views:workbench.panel.markers.view in workbench.panel.markers
2023-07-14 16:54:00.930 [info] Added views:workbench.panel.output in workbench.panel.output
2023-07-14 16:54:00.930 [info] Added views:terminal in terminal
2023-07-14 16:54:00.930 [info] Added views:outline in workbench.view.explorer
2023-07-14 16:54:00.930 [info] Added views:workbench.scm in workbench.view.scm
2023-07-14 16:54:00.930 [info] Added views:workbench.view.search in workbench.view.search
2023-07-14 16:54:00.930 [info] Added views:timeline in workbench.view.explorer
2023-07-14 16:54:00.930 [info] Added views:workbench.explorer.emptyView in workbench.view.explorer
2023-07-14 16:54:01.174 [info] Added views:pythonEnvironments in workbench.view.extension.package-explorer
2023-07-14 16:54:01.174 [info] Added views:gitlens.views.home,gitlens.views.workspaces,gitlens.views.account in workbench.view.extension.gitlens
2023-07-14 16:54:01.175 [info] Added views:gitlens.views.commitDetails,gitlens.views.lineHistory,gitlens.views.fileHistory,gitlens.views.searchAndCompare in workbench.view.extension.gitlensInspect
2023-07-14 16:54:01.176 [info] Added views:gitlens.views.commits,gitlens.views.branches,gitlens.views.remotes,gitlens.views.stashes,gitlens.views.tags in workbench.view.scm
2023-07-14 16:54:01.181 [info] Added views:pr:github,issues:github in workbench.view.extension.github-pull-requests
2023-07-14 16:54:01.182 [info] Added views:dvc.views.welcome,dvc.views.actions,dvc.views.support in workbench.view.extension.dvc-views
2023-07-14 16:54:01.361 [info] Added views:workbench.debug.welcome in workbench.view.debug
2023-07-14 16:54:01.429 [info] Added views:workbench.panel.repl.view in workbench.panel.repl
2023-07-14 16:54:01.802 [info] Removed views:gitlens.views.searchAndCompare,gitlens.views.fileHistory,gitlens.views.lineHistory,gitlens.views.commitDetails from workbench.view.extension.gitlensInspect
2023-07-14 16:54:01.803 [info] Removed views:gitlens.views.tags,gitlens.views.stashes,gitlens.views.remotes,gitlens.views.branches,gitlens.views.commits from workbench.view.scm
2023-07-14 16:54:02.064 [info] Added views:workbench.view.testing in workbench.view.extension.test
2023-07-14 18:35:12.079 [info] Removed views:workbench.view.testing from workbench.view.extension.test
