[version: 1.0.12, 2023-07-13T02:51:23.195Z, pid: 3181] > /bin/python -m dvc root - INITIALIZED
[version: 1.0.12, 2023-07-13T02:51:23.223Z, pid: 3181] > /bin/python -m dvc root - FAILED with code 1 (39ms)
/bin/python: No module named dvc

[version: 1.0.12, 2023-07-13T02:51:23.239Z, pid: 3183] > git rev-parse --show-toplevel - INITIALIZED
[version: 1.0.12, 2023-07-13T02:51:23.257Z, pid: 3184] > /bin/python -m dvc --version - INITIALIZED
[version: 1.0.12, 2023-07-13T02:51:23.282Z, pid: 3183] > git rev-parse --show-toplevel - FAILED with code 128 (56ms)
fatal: not a git repository (or any of the parent directories): .git

[version: 1.0.12, 2023-07-13T02:51:23.314Z, pid: 3184] > /bin/python -m dvc --version - FAILED with code 1 (72ms)
/bin/python: No module named dvc

[version: 1.0.12, 2023-07-13T02:51:23.323Z, pid: 0] > dvc --version - INITIALIZED
[version: 1.0.12, 2023-07-13T02:51:23.328Z, pid: 0] > dvc --version - FAILED (14ms)
Command failed with ENOENT: dvc --version
spawn dvc ENOENT
[version: 1.0.12, 2023-07-13T02:51:23.339Z, pid: 3188] > git rev-parse --show-toplevel - INITIALIZED
[version: 1.0.12, 2023-07-13T02:51:23.348Z, pid: 3188] > git rev-parse --show-toplevel - FAILED with code 128 (18ms)
fatal: not a git repository (or any of the parent directories): .git

[version: 1.0.12, 2023-07-13T02:51:23.399Z, pid: 3190] > git rev-parse --show-toplevel - INITIALIZED
[version: 1.0.12, 2023-07-13T02:51:23.400Z, pid: 3190] > git rev-parse --show-toplevel - FAILED with code 128 (10ms)
fatal: not a git repository (or any of the parent directories): .git

[version: 1.0.12, 2023-07-13T02:51:28.341Z, pid: 3266] > /bin/python -m dvc --version - INITIALIZED
[version: 1.0.12, 2023-07-13T02:51:28.355Z, pid: 3266] > /bin/python -m dvc --version - FAILED with code 1 (24ms)
/bin/python: No module named dvc

[version: 1.0.12, 2023-07-13T02:51:28.363Z, pid: 0] > dvc --version - INITIALIZED
[version: 1.0.12, 2023-07-13T02:51:28.364Z, pid: 0] > dvc --version - FAILED (8ms)
Command failed with ENOENT: dvc --version
spawn dvc ENOENT
[version: 1.0.12, 2023-07-13T02:51:33.371Z, pid: 3277] > /bin/python -m dvc --version - INITIALIZED
[version: 1.0.12, 2023-07-13T02:51:33.387Z, pid: 3277] > /bin/python -m dvc --version - FAILED with code 1 (22ms)
/bin/python: No module named dvc

[version: 1.0.12, 2023-07-13T02:51:33.395Z, pid: 0] > dvc --version - INITIALIZED
[version: 1.0.12, 2023-07-13T02:51:33.397Z, pid: 0] > dvc --version - FAILED (10ms)
Command failed with ENOENT: dvc --version
spawn dvc ENOENT
[version: 1.0.12, 2023-07-13T02:51:38.402Z, pid: 3281] > /bin/python -m dvc --version - INITIALIZED
[version: 1.0.12, 2023-07-13T02:51:38.417Z, pid: 3281] > /bin/python -m dvc --version - FAILED with code 1 (20ms)
/bin/python: No module named dvc

[version: 1.0.12, 2023-07-13T02:51:38.424Z, pid: 0] > dvc --version - INITIALIZED
[version: 1.0.12, 2023-07-13T02:51:38.426Z, pid: 0] > dvc --version - FAILED (9ms)
Command failed with ENOENT: dvc --version
spawn dvc ENOENT
[version: 1.0.12, 2023-07-13T02:51:43.439Z, pid: 3288] > /bin/python -m dvc --version - INITIALIZED
[version: 1.0.12, 2023-07-13T02:51:43.472Z, pid: 3288] > /bin/python -m dvc --version - FAILED with code 1 (44ms)
/bin/python: No module named dvc

[version: 1.0.12, 2023-07-13T02:51:43.480Z, pid: 0] > dvc --version - INITIALIZED
[version: 1.0.12, 2023-07-13T02:51:43.482Z, pid: 0] > dvc --version - FAILED (9ms)
Command failed with ENOENT: dvc --version
spawn dvc ENOENT
[version: 1.0.12, 2023-07-13T02:51:48.488Z, pid: 3293] > /bin/python -m dvc --version - INITIALIZED
[version: 1.0.12, 2023-07-13T02:51:48.502Z, pid: 3293] > /bin/python -m dvc --version - FAILED with code 1 (19ms)
/bin/python: No module named dvc

[version: 1.0.12, 2023-07-13T02:51:48.509Z, pid: 0] > dvc --version - INITIALIZED
[version: 1.0.12, 2023-07-13T02:51:48.511Z, pid: 0] > dvc --version - FAILED (9ms)
Command failed with ENOENT: dvc --version
spawn dvc ENOENT
[version: 1.0.12, 2023-07-13T02:51:53.520Z, pid: 3295] > /bin/python -m dvc --version - INITIALIZED
[version: 1.0.12, 2023-07-13T02:51:53.544Z, pid: 3295] > /bin/python -m dvc --version - FAILED with code 1 (32ms)
/bin/python: No module named dvc

[version: 1.0.12, 2023-07-13T02:51:53.553Z, pid: 0] > dvc --version - INITIALIZED
[version: 1.0.12, 2023-07-13T02:51:53.555Z, pid: 0] > dvc --version - FAILED (10ms)
Command failed with ENOENT: dvc --version
spawn dvc ENOENT
[version: 1.0.12, 2023-07-13T02:51:58.563Z, pid: 3297] > /bin/python -m dvc --version - INITIALIZED
[version: 1.0.12, 2023-07-13T02:51:58.577Z, pid: 3297] > /bin/python -m dvc --version - FAILED with code 1 (20ms)
/bin/python: No module named dvc

[version: 1.0.12, 2023-07-13T02:51:58.583Z, pid: 0] > dvc --version - INITIALIZED
[version: 1.0.12, 2023-07-13T02:51:58.584Z, pid: 0] > dvc --version - FAILED (6ms)
Command failed with ENOENT: dvc --version
spawn dvc ENOENT
[version: 1.0.12, 2023-07-13T02:52:03.594Z, pid: 3299] > /bin/python -m dvc --version - INITIALIZED
[version: 1.0.12, 2023-07-13T02:52:03.607Z, pid: 3299] > /bin/python -m dvc --version - FAILED with code 1 (20ms)
/bin/python: No module named dvc

[version: 1.0.12, 2023-07-13T02:52:03.614Z, pid: 0] > dvc --version - INITIALIZED
[version: 1.0.12, 2023-07-13T02:52:03.615Z, pid: 0] > dvc --version - FAILED (7ms)
Command failed with ENOENT: dvc --version
spawn dvc ENOENT
[version: 1.0.12, 2023-07-13T02:52:08.631Z, pid: 3301] > /bin/python -m dvc --version - INITIALIZED
[version: 1.0.12, 2023-07-13T02:52:08.659Z, pid: 3301] > /bin/python -m dvc --version - FAILED with code 1 (41ms)
/bin/python: No module named dvc

[version: 1.0.12, 2023-07-13T02:52:08.666Z, pid: 0] > dvc --version - INITIALIZED
[version: 1.0.12, 2023-07-13T02:52:08.667Z, pid: 0] > dvc --version - FAILED (7ms)
Command failed with ENOENT: dvc --version
spawn dvc ENOENT
[version: 1.0.12, 2023-07-13T02:52:13.676Z, pid: 3303] > /bin/python -m dvc --version - INITIALIZED
[version: 1.0.12, 2023-07-13T02:52:13.690Z, pid: 3303] > /bin/python -m dvc --version - FAILED with code 1 (22ms)
/bin/python: No module named dvc

[version: 1.0.12, 2023-07-13T02:52:13.697Z, pid: 0] > dvc --version - INITIALIZED
[version: 1.0.12, 2023-07-13T02:52:13.699Z, pid: 0] > dvc --version - FAILED (8ms)
Command failed with ENOENT: dvc --version
spawn dvc ENOENT
[version: 1.0.12, 2023-07-13T02:52:18.713Z, pid: 3307] > /bin/python -m dvc --version - INITIALIZED
[version: 1.0.12, 2023-07-13T02:52:18.728Z, pid: 3307] > /bin/python -m dvc --version - FAILED with code 1 (27ms)
/bin/python: No module named dvc

[version: 1.0.12, 2023-07-13T02:52:18.734Z, pid: 0] > dvc --version - INITIALIZED
[version: 1.0.12, 2023-07-13T02:52:18.735Z, pid: 0] > dvc --version - FAILED (6ms)
Command failed with ENOENT: dvc --version
spawn dvc ENOENT
[version: 1.0.12, 2023-07-13T02:52:23.745Z, pid: 3319] > /bin/python -m dvc --version - INITIALIZED
[version: 1.0.12, 2023-07-13T02:52:23.759Z, pid: 3319] > /bin/python -m dvc --version - FAILED with code 1 (23ms)
/bin/python: No module named dvc

[version: 1.0.12, 2023-07-13T02:52:23.765Z, pid: 0] > dvc --version - INITIALIZED
[version: 1.0.12, 2023-07-13T02:52:23.769Z, pid: 0] > dvc --version - FAILED (9ms)
Command failed with ENOENT: dvc --version
spawn dvc ENOENT
[version: 1.0.12, 2023-07-13T02:52:28.779Z, pid: 3333] > /bin/python -m dvc --version - INITIALIZED
[version: 1.0.12, 2023-07-13T02:52:28.794Z, pid: 3333] > /bin/python -m dvc --version - FAILED with code 1 (24ms)
/bin/python: No module named dvc

[version: 1.0.12, 2023-07-13T02:52:28.799Z, pid: 0] > dvc --version - INITIALIZED
[version: 1.0.12, 2023-07-13T02:52:28.800Z, pid: 0] > dvc --version - FAILED (6ms)
Command failed with ENOENT: dvc --version
spawn dvc ENOENT
[version: 1.0.12, 2023-07-13T02:52:33.809Z, pid: 3335] > /bin/python -m dvc --version - INITIALIZED
[version: 1.0.12, 2023-07-13T02:52:33.823Z, pid: 3335] > /bin/python -m dvc --version - FAILED with code 1 (22ms)
/bin/python: No module named dvc

[version: 1.0.12, 2023-07-13T02:52:33.830Z, pid: 0] > dvc --version - INITIALIZED
[version: 1.0.12, 2023-07-13T02:52:33.831Z, pid: 0] > dvc --version - FAILED (7ms)
Command failed with ENOENT: dvc --version
spawn dvc ENOENT
[version: 1.0.12, 2023-07-13T02:52:38.842Z, pid: 3337] > /bin/python -m dvc --version - INITIALIZED
[version: 1.0.12, 2023-07-13T02:52:38.857Z, pid: 3337] > /bin/python -m dvc --version - FAILED with code 1 (24ms)
/bin/python: No module named dvc

[version: 1.0.12, 2023-07-13T02:52:38.863Z, pid: 0] > dvc --version - INITIALIZED
[version: 1.0.12, 2023-07-13T02:52:38.865Z, pid: 0] > dvc --version - FAILED (7ms)
Command failed with ENOENT: dvc --version
spawn dvc ENOENT
[version: 1.0.12, 2023-07-13T02:52:43.874Z, pid: 3341] > /bin/python -m dvc --version - INITIALIZED
[version: 1.0.12, 2023-07-13T02:52:43.889Z, pid: 3341] > /bin/python -m dvc --version - FAILED with code 1 (23ms)
/bin/python: No module named dvc

[version: 1.0.12, 2023-07-13T02:52:43.897Z, pid: 0] > dvc --version - INITIALIZED
[version: 1.0.12, 2023-07-13T02:52:43.898Z, pid: 0] > dvc --version - FAILED (8ms)
Command failed with ENOENT: dvc --version
spawn dvc ENOENT
[version: 1.0.12, 2023-07-13T02:52:48.911Z, pid: 3346] > /bin/python -m dvc --version - INITIALIZED
[version: 1.0.12, 2023-07-13T02:52:48.925Z, pid: 3346] > /bin/python -m dvc --version - FAILED with code 1 (24ms)
/bin/python: No module named dvc

[version: 1.0.12, 2023-07-13T02:52:48.931Z, pid: 0] > dvc --version - INITIALIZED
[version: 1.0.12, 2023-07-13T02:52:48.933Z, pid: 0] > dvc --version - FAILED (7ms)
Command failed with ENOENT: dvc --version
spawn dvc ENOENT
[version: 1.0.12, 2023-07-13T02:52:53.943Z, pid: 3357] > /bin/python -m dvc --version - INITIALIZED
[version: 1.0.12, 2023-07-13T02:52:53.958Z, pid: 3357] > /bin/python -m dvc --version - FAILED with code 1 (24ms)
/bin/python: No module named dvc

[version: 1.0.12, 2023-07-13T02:52:53.964Z, pid: 0] > dvc --version - INITIALIZED
[version: 1.0.12, 2023-07-13T02:52:53.966Z, pid: 0] > dvc --version - FAILED (8ms)
Command failed with ENOENT: dvc --version
spawn dvc ENOENT
[version: 1.0.12, 2023-07-13T02:52:58.975Z, pid: 3359] > /bin/python -m dvc --version - INITIALIZED
[version: 1.0.12, 2023-07-13T02:52:58.990Z, pid: 3359] > /bin/python -m dvc --version - FAILED with code 1 (23ms)
/bin/python: No module named dvc

[version: 1.0.12, 2023-07-13T02:52:58.997Z, pid: 0] > dvc --version - INITIALIZED
[version: 1.0.12, 2023-07-13T02:52:58.998Z, pid: 0] > dvc --version - FAILED (8ms)
Command failed with ENOENT: dvc --version
spawn dvc ENOENT
[version: 1.0.12, 2023-07-13T02:53:04.013Z, pid: 3366] > /bin/python -m dvc --version - INITIALIZED
[version: 1.0.12, 2023-07-13T02:53:04.043Z, pid: 3366] > /bin/python -m dvc --version - FAILED with code 1 (43ms)
/bin/python: No module named dvc

[version: 1.0.12, 2023-07-13T02:53:04.049Z, pid: 0] > dvc --version - INITIALIZED
[version: 1.0.12, 2023-07-13T02:53:04.051Z, pid: 0] > dvc --version - FAILED (8ms)
Command failed with ENOENT: dvc --version
spawn dvc ENOENT
[version: 1.0.12, 2023-07-13T02:53:09.062Z, pid: 3368] > /bin/python -m dvc --version - INITIALIZED
[version: 1.0.12, 2023-07-13T02:53:09.077Z, pid: 3368] > /bin/python -m dvc --version - FAILED with code 1 (24ms)
/bin/python: No module named dvc

[version: 1.0.12, 2023-07-13T02:53:09.083Z, pid: 0] > dvc --version - INITIALIZED
[version: 1.0.12, 2023-07-13T02:53:09.084Z, pid: 0] > dvc --version - FAILED (6ms)
Command failed with ENOENT: dvc --version
spawn dvc ENOENT
[version: 1.0.12, 2023-07-13T02:53:14.099Z, pid: 3375] > /bin/python -m dvc --version - INITIALIZED
[version: 1.0.12, 2023-07-13T02:53:14.112Z, pid: 3375] > /bin/python -m dvc --version - FAILED with code 1 (26ms)
/bin/python: No module named dvc

[version: 1.0.12, 2023-07-13T02:53:14.117Z, pid: 0] > dvc --version - INITIALIZED
[version: 1.0.12, 2023-07-13T02:53:14.119Z, pid: 0] > dvc --version - FAILED (6ms)
Command failed with ENOENT: dvc --version
spawn dvc ENOENT
[version: 1.0.12, 2023-07-13T02:53:19.129Z, pid: 3379] > /bin/python -m dvc --version - INITIALIZED
[version: 1.0.12, 2023-07-13T02:53:19.144Z, pid: 3379] > /bin/python -m dvc --version - FAILED with code 1 (23ms)
/bin/python: No module named dvc

[version: 1.0.12, 2023-07-13T02:53:19.149Z, pid: 0] > dvc --version - INITIALIZED
[version: 1.0.12, 2023-07-13T02:53:19.150Z, pid: 0] > dvc --version - FAILED (6ms)
Command failed with ENOENT: dvc --version
spawn dvc ENOENT
[version: 1.0.12, 2023-07-13T02:53:24.163Z, pid: 3396] > /bin/python -m dvc --version - INITIALIZED
[version: 1.0.12, 2023-07-13T02:53:24.177Z, pid: 3396] > /bin/python -m dvc --version - FAILED with code 1 (25ms)
/bin/python: No module named dvc

[version: 1.0.12, 2023-07-13T02:53:24.183Z, pid: 0] > dvc --version - INITIALIZED
[version: 1.0.12, 2023-07-13T02:53:24.184Z, pid: 0] > dvc --version - FAILED (6ms)
Command failed with ENOENT: dvc --version
spawn dvc ENOENT
[version: 1.0.12, 2023-07-13T02:53:29.191Z, pid: 3401] > /bin/python -m dvc --version - INITIALIZED
[version: 1.0.12, 2023-07-13T02:53:29.206Z, pid: 3401] > /bin/python -m dvc --version - FAILED with code 1 (21ms)
/bin/python: No module named dvc

[version: 1.0.12, 2023-07-13T02:53:29.214Z, pid: 0] > dvc --version - INITIALIZED
[version: 1.0.12, 2023-07-13T02:53:29.216Z, pid: 0] > dvc --version - FAILED (9ms)
Command failed with ENOENT: dvc --version
spawn dvc ENOENT
[version: 1.0.12, 2023-07-13T02:53:34.229Z, pid: 3404] > /bin/python -m dvc --version - INITIALIZED
[version: 1.0.12, 2023-07-13T02:53:34.261Z, pid: 3404] > /bin/python -m dvc --version - FAILED with code 1 (44ms)
/bin/python: No module named dvc

[version: 1.0.12, 2023-07-13T02:53:34.270Z, pid: 0] > dvc --version - INITIALIZED
[version: 1.0.12, 2023-07-13T02:53:34.272Z, pid: 0] > dvc --version - FAILED (10ms)
Command failed with ENOENT: dvc --version
spawn dvc ENOENT
[version: 1.0.12, 2023-07-13T02:53:39.280Z, pid: 3406] > /bin/python -m dvc --version - INITIALIZED
[version: 1.0.12, 2023-07-13T02:53:39.294Z, pid: 3406] > /bin/python -m dvc --version - FAILED with code 1 (20ms)
/bin/python: No module named dvc

[version: 1.0.12, 2023-07-13T02:53:39.300Z, pid: 0] > dvc --version - INITIALIZED
[version: 1.0.12, 2023-07-13T02:53:39.301Z, pid: 0] > dvc --version - FAILED (6ms)
Command failed with ENOENT: dvc --version
spawn dvc ENOENT
[version: 1.0.12, 2023-07-13T02:53:44.312Z, pid: 3408] > /bin/python -m dvc --version - INITIALIZED
[version: 1.0.12, 2023-07-13T02:53:44.332Z, pid: 3408] > /bin/python -m dvc --version - FAILED with code 1 (28ms)
/bin/python: No module named dvc

[version: 1.0.12, 2023-07-13T02:53:44.340Z, pid: 0] > dvc --version - INITIALIZED
[version: 1.0.12, 2023-07-13T02:53:44.341Z, pid: 0] > dvc --version - FAILED (8ms)
Command failed with ENOENT: dvc --version
spawn dvc ENOENT
[version: 1.0.12, 2023-07-13T02:53:49.354Z, pid: 3412] > /bin/python -m dvc --version - INITIALIZED
[version: 1.0.12, 2023-07-13T02:53:49.368Z, pid: 3412] > /bin/python -m dvc --version - FAILED with code 1 (25ms)
/bin/python: No module named dvc

[version: 1.0.12, 2023-07-13T02:53:49.375Z, pid: 0] > dvc --version - INITIALIZED
[version: 1.0.12, 2023-07-13T02:53:49.377Z, pid: 0] > dvc --version - FAILED (9ms)
Command failed with ENOENT: dvc --version
spawn dvc ENOENT
[version: 1.0.12, 2023-07-13T02:53:54.386Z, pid: 3430] > /bin/python -m dvc --version - INITIALIZED
[version: 1.0.12, 2023-07-13T02:53:54.400Z, pid: 3430] > /bin/python -m dvc --version - FAILED with code 1 (21ms)
/bin/python: No module named dvc

[version: 1.0.12, 2023-07-13T02:53:54.407Z, pid: 0] > dvc --version - INITIALIZED
[version: 1.0.12, 2023-07-13T02:53:54.409Z, pid: 0] > dvc --version - FAILED (8ms)
Command failed with ENOENT: dvc --version
spawn dvc ENOENT
[version: 1.0.12, 2023-07-13T02:53:59.416Z, pid: 3432] > /bin/python -m dvc --version - INITIALIZED
[version: 1.0.12, 2023-07-13T02:53:59.433Z, pid: 3432] > /bin/python -m dvc --version - FAILED with code 1 (23ms)
/bin/python: No module named dvc

[version: 1.0.12, 2023-07-13T02:53:59.440Z, pid: 0] > dvc --version - INITIALIZED
[version: 1.0.12, 2023-07-13T02:53:59.442Z, pid: 0] > dvc --version - FAILED (8ms)
Command failed with ENOENT: dvc --version
spawn dvc ENOENT
[version: 1.0.12, 2023-07-13T02:54:04.449Z, pid: 3434] > /bin/python -m dvc --version - INITIALIZED
[version: 1.0.12, 2023-07-13T02:54:04.464Z, pid: 3434] > /bin/python -m dvc --version - FAILED with code 1 (21ms)
/bin/python: No module named dvc

[version: 1.0.12, 2023-07-13T02:54:04.469Z, pid: 0] > dvc --version - INITIALIZED
[version: 1.0.12, 2023-07-13T02:54:04.470Z, pid: 0] > dvc --version - FAILED (6ms)
Command failed with ENOENT: dvc --version
spawn dvc ENOENT
[version: 1.0.12, 2023-07-13T02:54:09.478Z, pid: 3437] > /bin/python -m dvc --version - INITIALIZED
[version: 1.0.12, 2023-07-13T02:54:09.492Z, pid: 3437] > /bin/python -m dvc --version - FAILED with code 1 (20ms)
/bin/python: No module named dvc

[version: 1.0.12, 2023-07-13T02:54:09.498Z, pid: 0] > dvc --version - INITIALIZED
[version: 1.0.12, 2023-07-13T02:54:09.499Z, pid: 0] > dvc --version - FAILED (6ms)
Command failed with ENOENT: dvc --version
spawn dvc ENOENT
[version: 1.0.12, 2023-07-13T02:54:14.507Z, pid: 3439] > /bin/python -m dvc --version - INITIALIZED
[version: 1.0.12, 2023-07-13T02:54:14.525Z, pid: 3439] > /bin/python -m dvc --version - FAILED with code 1 (24ms)
/bin/python: No module named dvc

[version: 1.0.12, 2023-07-13T02:54:14.532Z, pid: 0] > dvc --version - INITIALIZED
[version: 1.0.12, 2023-07-13T02:54:14.534Z, pid: 0] > dvc --version - FAILED (8ms)
Command failed with ENOENT: dvc --version
spawn dvc ENOENT
[version: 1.0.12, 2023-07-13T02:54:19.541Z, pid: 3446] > /bin/python -m dvc --version - INITIALIZED
[version: 1.0.12, 2023-07-13T02:54:19.557Z, pid: 3446] > /bin/python -m dvc --version - FAILED with code 1 (22ms)
/bin/python: No module named dvc

[version: 1.0.12, 2023-07-13T02:54:19.564Z, pid: 0] > dvc --version - INITIALIZED
[version: 1.0.12, 2023-07-13T02:54:19.565Z, pid: 0] > dvc --version - FAILED (8ms)
Command failed with ENOENT: dvc --version
spawn dvc ENOENT
[version: 1.0.12, 2023-07-13T02:54:24.575Z, pid: 3462] > /bin/python -m dvc --version - INITIALIZED
[version: 1.0.12, 2023-07-13T02:54:24.590Z, pid: 3462] > /bin/python -m dvc --version - FAILED with code 1 (23ms)
/bin/python: No module named dvc

[version: 1.0.12, 2023-07-13T02:54:24.597Z, pid: 0] > dvc --version - INITIALIZED
[version: 1.0.12, 2023-07-13T02:54:24.599Z, pid: 0] > dvc --version - FAILED (8ms)
Command failed with ENOENT: dvc --version
spawn dvc ENOENT
[version: 1.0.12, 2023-07-13T02:54:29.608Z, pid: 3464] > /bin/python -m dvc --version - INITIALIZED
[version: 1.0.12, 2023-07-13T02:54:29.623Z, pid: 3464] > /bin/python -m dvc --version - FAILED with code 1 (23ms)
/bin/python: No module named dvc

[version: 1.0.12, 2023-07-13T02:54:29.631Z, pid: 0] > dvc --version - INITIALIZED
[version: 1.0.12, 2023-07-13T02:54:29.632Z, pid: 0] > dvc --version - FAILED (8ms)
Command failed with ENOENT: dvc --version
spawn dvc ENOENT
[version: 1.0.12, 2023-07-13T02:54:34.643Z, pid: 3467] > /bin/python -m dvc --version - INITIALIZED
[version: 1.0.12, 2023-07-13T02:54:34.659Z, pid: 3467] > /bin/python -m dvc --version - FAILED with code 1 (24ms)
/bin/python: No module named dvc

[version: 1.0.12, 2023-07-13T02:54:34.665Z, pid: 0] > dvc --version - INITIALIZED
[version: 1.0.12, 2023-07-13T02:54:34.667Z, pid: 0] > dvc --version - FAILED (8ms)
Command failed with ENOENT: dvc --version
spawn dvc ENOENT
[version: 1.0.12, 2023-07-13T02:54:39.675Z, pid: 3476] > /bin/python -m dvc --version - INITIALIZED
[version: 1.0.12, 2023-07-13T02:54:39.690Z, pid: 3476] > /bin/python -m dvc --version - FAILED with code 1 (22ms)
/bin/python: No module named dvc

[version: 1.0.12, 2023-07-13T02:54:39.697Z, pid: 0] > dvc --version - INITIALIZED
[version: 1.0.12, 2023-07-13T02:54:39.698Z, pid: 0] > dvc --version - FAILED (7ms)
Command failed with ENOENT: dvc --version
spawn dvc ENOENT
[version: 1.0.12, 2023-07-13T02:54:44.712Z, pid: 3486] > /bin/python -m dvc --version - INITIALIZED
[version: 1.0.12, 2023-07-13T02:54:44.726Z, pid: 3486] > /bin/python -m dvc --version - FAILED with code 1 (26ms)
/bin/python: No module named dvc

[version: 1.0.12, 2023-07-13T02:54:44.732Z, pid: 0] > dvc --version - INITIALIZED
[version: 1.0.12, 2023-07-13T02:54:44.733Z, pid: 0] > dvc --version - FAILED (6ms)
Command failed with ENOENT: dvc --version
spawn dvc ENOENT
[version: 1.0.12, 2023-07-13T02:54:49.746Z, pid: 3490] > /bin/python -m dvc --version - INITIALIZED
[version: 1.0.12, 2023-07-13T02:54:49.761Z, pid: 3490] > /bin/python -m dvc --version - FAILED with code 1 (27ms)
/bin/python: No module named dvc

[version: 1.0.12, 2023-07-13T02:54:49.767Z, pid: 0] > dvc --version - INITIALIZED
[version: 1.0.12, 2023-07-13T02:54:49.768Z, pid: 0] > dvc --version - FAILED (6ms)
Command failed with ENOENT: dvc --version
spawn dvc ENOENT
[version: 1.0.12, 2023-07-13T02:54:54.782Z, pid: 3492] > /bin/python -m dvc --version - INITIALIZED
[version: 1.0.12, 2023-07-13T02:54:54.796Z, pid: 3492] > /bin/python -m dvc --version - FAILED with code 1 (25ms)
/bin/python: No module named dvc

[version: 1.0.12, 2023-07-13T02:54:54.802Z, pid: 0] > dvc --version - INITIALIZED
[version: 1.0.12, 2023-07-13T02:54:54.803Z, pid: 0] > dvc --version - FAILED (6ms)
Command failed with ENOENT: dvc --version
spawn dvc ENOENT
[version: 1.0.12, 2023-07-13T02:54:59.816Z, pid: 3496] > /bin/python -m dvc --version - INITIALIZED
[version: 1.0.12, 2023-07-13T02:54:59.830Z, pid: 3496] > /bin/python -m dvc --version - FAILED with code 1 (24ms)
/bin/python: No module named dvc

[version: 1.0.12, 2023-07-13T02:54:59.835Z, pid: 0] > dvc --version - INITIALIZED
[version: 1.0.12, 2023-07-13T02:54:59.838Z, pid: 0] > dvc --version - FAILED (8ms)
Command failed with ENOENT: dvc --version
spawn dvc ENOENT
[version: 1.0.12, 2023-07-13T02:55:04.848Z, pid: 3507] > /bin/python -m dvc --version - INITIALIZED
[version: 1.0.12, 2023-07-13T02:55:04.864Z, pid: 3507] > /bin/python -m dvc --version - FAILED with code 1 (24ms)
/bin/python: No module named dvc

[version: 1.0.12, 2023-07-13T02:55:04.870Z, pid: 0] > dvc --version - INITIALIZED
[version: 1.0.12, 2023-07-13T02:55:04.871Z, pid: 0] > dvc --version - FAILED (7ms)
Command failed with ENOENT: dvc --version
spawn dvc ENOENT
[version: 1.0.12, 2023-07-13T02:55:09.883Z, pid: 3515] > /bin/python -m dvc --version - INITIALIZED
[version: 1.0.12, 2023-07-13T02:55:09.908Z, pid: 3515] > /bin/python -m dvc --version - FAILED with code 1 (35ms)
/bin/python: No module named dvc

[version: 1.0.12, 2023-07-13T02:55:09.918Z, pid: 0] > dvc --version - INITIALIZED
[version: 1.0.12, 2023-07-13T02:55:09.919Z, pid: 0] > dvc --version - FAILED (10ms)
Command failed with ENOENT: dvc --version
spawn dvc ENOENT
[version: 1.0.12, 2023-07-13T02:55:14.931Z, pid: 3518] > /bin/python -m dvc --version - INITIALIZED
[version: 1.0.12, 2023-07-13T02:55:14.945Z, pid: 3518] > /bin/python -m dvc --version - FAILED with code 1 (23ms)
/bin/python: No module named dvc

[version: 1.0.12, 2023-07-13T02:55:14.951Z, pid: 0] > dvc --version - INITIALIZED
[version: 1.0.12, 2023-07-13T02:55:14.952Z, pid: 0] > dvc --version - FAILED (6ms)
Command failed with ENOENT: dvc --version
spawn dvc ENOENT
[version: 1.0.12, 2023-07-13T02:55:19.970Z, pid: 3522] > /bin/python -m dvc --version - INITIALIZED
[version: 1.0.12, 2023-07-13T02:55:19.984Z, pid: 3522] > /bin/python -m dvc --version - FAILED with code 1 (29ms)
/bin/python: No module named dvc

[version: 1.0.12, 2023-07-13T02:55:19.993Z, pid: 0] > dvc --version - INITIALIZED
[version: 1.0.12, 2023-07-13T02:55:19.995Z, pid: 0] > dvc --version - FAILED (10ms)
Command failed with ENOENT: dvc --version
spawn dvc ENOENT
[version: 1.0.12, 2023-07-13T02:55:25.005Z, pid: 3537] > /bin/python -m dvc --version - INITIALIZED
[version: 1.0.12, 2023-07-13T02:55:25.020Z, pid: 3537] > /bin/python -m dvc --version - FAILED with code 1 (22ms)
/bin/python: No module named dvc

[version: 1.0.12, 2023-07-13T02:55:25.028Z, pid: 0] > dvc --version - INITIALIZED
[version: 1.0.12, 2023-07-13T02:55:25.030Z, pid: 0] > dvc --version - FAILED (10ms)
Command failed with ENOENT: dvc --version
spawn dvc ENOENT
[version: 1.0.12, 2023-07-13T02:55:30.040Z, pid: 3539] > /bin/python -m dvc --version - INITIALIZED
[version: 1.0.12, 2023-07-13T02:55:30.054Z, pid: 3539] > /bin/python -m dvc --version - FAILED with code 1 (22ms)
/bin/python: No module named dvc

[version: 1.0.12, 2023-07-13T02:55:30.063Z, pid: 0] > dvc --version - INITIALIZED
[version: 1.0.12, 2023-07-13T02:55:30.064Z, pid: 0] > dvc --version - FAILED (9ms)
Command failed with ENOENT: dvc --version
spawn dvc ENOENT
[version: 1.0.12, 2023-07-13T02:55:35.075Z, pid: 3541] > /bin/python -m dvc --version - INITIALIZED
[version: 1.0.12, 2023-07-13T02:55:35.090Z, pid: 3541] > /bin/python -m dvc --version - FAILED with code 1 (23ms)
/bin/python: No module named dvc

[version: 1.0.12, 2023-07-13T02:55:35.097Z, pid: 0] > dvc --version - INITIALIZED
[version: 1.0.12, 2023-07-13T02:55:35.098Z, pid: 0] > dvc --version - FAILED (7ms)
Command failed with ENOENT: dvc --version
spawn dvc ENOENT
[version: 1.0.12, 2023-07-13T02:55:40.107Z, pid: 3683] > /bin/python -m dvc --version - INITIALIZED
[version: 1.0.12, 2023-07-13T02:55:40.123Z, pid: 3683] > /bin/python -m dvc --version - FAILED with code 1 (23ms)
/bin/python: No module named dvc

[version: 1.0.12, 2023-07-13T02:55:40.128Z, pid: 0] > dvc --version - INITIALIZED
[version: 1.0.12, 2023-07-13T02:55:40.129Z, pid: 0] > dvc --version - FAILED (6ms)
Command failed with ENOENT: dvc --version
spawn dvc ENOENT
